[0.010s] Invoking command in '/home/cofallen/Code/ros2/cp3_topic/topic_practice_ws/build/status_interfaces': CMAKE_PREFIX_PATH=/opt/ros/humble /usr/bin/cmake /home/cofallen/Code/ros2/cp3_topic/topic_practice_ws/src/status_interfaces -DCMAKE_INSTALL_PREFIX=/home/cofallen/Code/ros2/cp3_topic/topic_practice_ws/install/status_interfaces
[0.252s] -- The C compiler identification is GNU 11.4.0
[0.305s] -- The CXX compiler identification is GNU 11.4.0
[0.314s] -- Detecting C compiler ABI info
[0.384s] -- Detecting C compiler ABI info - done
[0.388s] -- Check for working C compiler: /usr/bin/cc - skipped
[0.389s] -- Detecting C compile features
[0.390s] -- Detecting C compile features - done
[0.393s] -- Detecting CXX compiler ABI info
[0.478s] -- Detecting CXX compiler ABI info - done
[0.483s] -- Check for working CXX compiler: /usr/bin/c++ - skipped
[0.484s] -- Detecting CXX compile features
[0.484s] -- Detecting CXX compile features - done
[0.493s] -- Found ament_cmake: 1.3.11 (/opt/ros/humble/share/ament_cmake/cmake)
[0.610s] -- Found Python3: /usr/bin/python3 (found version "3.10.12") found components: Interpreter 
[0.691s] -- Found builtin_interfaces: 1.2.1 (/opt/ros/humble/share/builtin_interfaces/cmake)
[0.733s] -- Found rosidl_generator_c: 3.1.6 (/opt/ros/humble/share/rosidl_generator_c/cmake)
[0.738s] -- Found rosidl_adapter: 3.1.6 (/opt/ros/humble/share/rosidl_adapter/cmake)
[0.746s] -- Found rosidl_generator_cpp: 3.1.6 (/opt/ros/humble/share/rosidl_generator_cpp/cmake)
[0.760s] -- Using all available rosidl_typesupport_c: rosidl_typesupport_fastrtps_c;rosidl_typesupport_introspection_c
[0.776s] -- Using all available rosidl_typesupport_cpp: rosidl_typesupport_fastrtps_cpp;rosidl_typesupport_introspection_cpp
[0.791s] -- Found rosidl_default_generators: 1.2.0 (/opt/ros/humble/share/rosidl_default_generators/cmake)
[0.987s] -- Found ament_cmake_ros: 0.10.0 (/opt/ros/humble/share/ament_cmake_ros/cmake)
[1.225s] -- Using all available rosidl_typesupport_c: rosidl_typesupport_fastrtps_c;rosidl_typesupport_introspection_c
[1.313s] -- Using all available rosidl_typesupport_cpp: rosidl_typesupport_fastrtps_cpp;rosidl_typesupport_introspection_cpp
[1.331s] -- Found PythonInterp: /usr/bin/python3 (found suitable version "3.10.12", minimum required is "3.6") 
[1.333s] -- Found python_cmake_module: 0.10.0 (/opt/ros/humble/share/python_cmake_module/cmake)
[1.362s] -- Found PythonLibs: /usr/lib/x86_64-linux-gnu/libpython3.10.so (found suitable version "3.10.12", minimum required is "3.5") 
[1.362s] -- Using PYTHON_EXECUTABLE: /usr/bin/python3
[1.362s] -- Using PYTHON_INCLUDE_DIRS: /usr/include/python3.10
[1.362s] -- Using PYTHON_LIBRARIES: /usr/lib/x86_64-linux-gnu/libpython3.10.so
[1.379s] -- Found PythonExtra: .so  
[1.405s] -- Found ament_lint_auto: 0.12.12 (/opt/ros/humble/share/ament_lint_auto/cmake)
[1.425s] -- Added test 'lint_cmake' to check CMake code style
[1.427s] -- Added test 'xmllint' to check XML markup files
[1.429s] -- Configuring done
[1.454s] -- Generating done
[1.462s] -- Build files have been written to: /home/cofallen/Code/ros2/cp3_topic/topic_practice_ws/build/status_interfaces
[1.469s] Invoked command in '/home/cofallen/Code/ros2/cp3_topic/topic_practice_ws/build/status_interfaces' returned '0': CMAKE_PREFIX_PATH=/opt/ros/humble /usr/bin/cmake /home/cofallen/Code/ros2/cp3_topic/topic_practice_ws/src/status_interfaces -DCMAKE_INSTALL_PREFIX=/home/cofallen/Code/ros2/cp3_topic/topic_practice_ws/install/status_interfaces
[1.470s] Invoking command in '/home/cofallen/Code/ros2/cp3_topic/topic_practice_ws/build/status_interfaces': CMAKE_PREFIX_PATH=/opt/ros/humble /usr/bin/cmake --build /home/cofallen/Code/ros2/cp3_topic/topic_practice_ws/build/status_interfaces -- -j12 -l12
[1.506s] [  3%] [34m[1mGenerating C code for ROS interfaces[0m
[1.514s] [  6%] [34m[1mGenerating C++ code for ROS interfaces[0m
[1.521s] [  6%] Built target ament_cmake_python_copy_status_interfaces
[1.710s] running egg_info
[1.711s] creating status_interfaces.egg-info
[1.711s] writing status_interfaces.egg-info/PKG-INFO
[1.711s] writing dependency_links to status_interfaces.egg-info/dependency_links.txt
[1.711s] writing top-level names to status_interfaces.egg-info/top_level.txt
[1.711s] writing manifest file 'status_interfaces.egg-info/SOURCES.txt'
[1.713s] reading manifest file 'status_interfaces.egg-info/SOURCES.txt'
[1.713s] writing manifest file 'status_interfaces.egg-info/SOURCES.txt'
[1.741s] [  6%] Built target ament_cmake_python_build_status_interfaces_egg
[1.771s] [  6%] Built target status_interfaces__cpp
[1.774s] [  9%] [32mBuilding C object CMakeFiles/status_interfaces__rosidl_generator_c.dir/rosidl_generator_c/status_interfaces/msg/detail/system_status__functions.c.o[0m
[1.779s] [ 12%] [34m[1mGenerating C++ type support dispatch for ROS interfaces[0m
[1.779s] [ 16%] [34m[1mGenerating C++ introspection for ROS interfaces[0m
[1.779s] [ 19%] [34m[1mGenerating C++ type support for eProsima Fast-RTPS[0m
[1.822s] [ 22%] [32m[1mLinking C shared library libstatus_interfaces__rosidl_generator_c.so[0m
[1.857s] [ 22%] Built target status_interfaces__rosidl_generator_c
[1.866s] [ 29%] [34m[1mGenerating C type support for eProsima Fast-RTPS[0m
[1.866s] [ 29%] [34m[1mGenerating C type support dispatch for ROS interfaces[0m
[1.866s] [ 32%] [34m[1mGenerating C introspection for ROS interfaces[0m
[2.013s] [ 38%] [32mBuilding CXX object CMakeFiles/status_interfaces__rosidl_typesupport_cpp.dir/rosidl_typesupport_cpp/status_interfaces/msg/system_status__type_support.cpp.o[0m
[2.013s] [ 38%] [32mBuilding CXX object CMakeFiles/status_interfaces__rosidl_typesupport_introspection_cpp.dir/rosidl_typesupport_introspection_cpp/status_interfaces/msg/detail/system_status__type_support.cpp.o[0m
[2.034s] [ 41%] [32mBuilding CXX object CMakeFiles/status_interfaces__rosidl_typesupport_fastrtps_cpp.dir/rosidl_typesupport_fastrtps_cpp/status_interfaces/msg/detail/dds_fastrtps/system_status__type_support.cpp.o[0m
[2.107s] [ 45%] [32mBuilding CXX object CMakeFiles/status_interfaces__rosidl_typesupport_c.dir/rosidl_typesupport_c/status_interfaces/msg/system_status__type_support.cpp.o[0m
[2.121s] [ 48%] [32mBuilding C object CMakeFiles/status_interfaces__rosidl_typesupport_introspection_c.dir/rosidl_typesupport_introspection_c/status_interfaces/msg/detail/system_status__type_support.c.o[0m
[2.121s] [ 51%] [32mBuilding CXX object CMakeFiles/status_interfaces__rosidl_typesupport_fastrtps_c.dir/rosidl_typesupport_fastrtps_c/status_interfaces/msg/detail/system_status__type_support_c.cpp.o[0m
[2.133s] [ 54%] [32m[1mLinking CXX shared library libstatus_interfaces__rosidl_typesupport_c.so[0m
[2.155s] [ 58%] [32m[1mLinking C shared library libstatus_interfaces__rosidl_typesupport_introspection_c.so[0m
[2.171s] [ 58%] Built target status_interfaces__rosidl_typesupport_c
[2.184s] [ 58%] Built target status_interfaces__rosidl_typesupport_introspection_c
[2.231s] [ 61%] [32m[1mLinking CXX shared library libstatus_interfaces__rosidl_typesupport_cpp.so[0m
[2.270s] [ 61%] Built target status_interfaces__rosidl_typesupport_cpp
[2.315s] [ 64%] [32m[1mLinking CXX shared library libstatus_interfaces__rosidl_typesupport_introspection_cpp.so[0m
[2.354s] [ 67%] [32m[1mLinking CXX shared library libstatus_interfaces__rosidl_typesupport_fastrtps_cpp.so[0m
[2.370s] [ 67%] Built target status_interfaces__rosidl_typesupport_introspection_cpp
[2.372s] [ 70%] [32m[1mLinking CXX shared library libstatus_interfaces__rosidl_typesupport_fastrtps_c.so[0m
[2.418s] [ 70%] Built target status_interfaces__rosidl_typesupport_fastrtps_cpp
[2.437s] [ 70%] Built target status_interfaces__rosidl_typesupport_fastrtps_c
[2.456s] [ 70%] Built target status_interfaces
[2.475s] [ 74%] [34m[1mGenerating Python code for ROS interfaces[0m
[2.778s] [ 74%] Built target status_interfaces__py
[2.797s] [ 77%] [32mBuilding C object CMakeFiles/status_interfaces__rosidl_generator_py.dir/rosidl_generator_py/status_interfaces/msg/_system_status_s.c.o[0m
[2.927s] [ 80%] [32m[1mLinking C shared library rosidl_generator_py/status_interfaces/libstatus_interfaces__rosidl_generator_py.so[0m
[2.966s] [ 80%] Built target status_interfaces__rosidl_generator_py
[2.982s] [ 90%] [32mBuilding C object CMakeFiles/status_interfaces__rosidl_typesupport_introspection_c__pyext.dir/rosidl_generator_py/status_interfaces/_status_interfaces_s.ep.rosidl_typesupport_introspection_c.c.o[0m
[2.982s] [ 90%] [32mBuilding C object CMakeFiles/status_interfaces__rosidl_typesupport_fastrtps_c__pyext.dir/rosidl_generator_py/status_interfaces/_status_interfaces_s.ep.rosidl_typesupport_fastrtps_c.c.o[0m
[2.982s] [ 90%] [32mBuilding C object CMakeFiles/status_interfaces__rosidl_typesupport_c__pyext.dir/rosidl_generator_py/status_interfaces/_status_interfaces_s.ep.rosidl_typesupport_c.c.o[0m
[3.054s] [ 96%] [32m[1mLinking C shared library rosidl_generator_py/status_interfaces/status_interfaces_s__rosidl_typesupport_fastrtps_c.cpython-310-x86_64-linux-gnu.so[0m
[3.054s] [ 96%] [32m[1mLinking C shared library rosidl_generator_py/status_interfaces/status_interfaces_s__rosidl_typesupport_c.cpython-310-x86_64-linux-gnu.so[0m
[3.055s] [100%] [32m[1mLinking C shared library rosidl_generator_py/status_interfaces/status_interfaces_s__rosidl_typesupport_introspection_c.cpython-310-x86_64-linux-gnu.so[0m
[3.084s] [100%] Built target status_interfaces__rosidl_typesupport_fastrtps_c__pyext
[3.084s] [100%] Built target status_interfaces__rosidl_typesupport_introspection_c__pyext
[3.084s] [100%] Built target status_interfaces__rosidl_typesupport_c__pyext
[3.095s] Invoked command in '/home/cofallen/Code/ros2/cp3_topic/topic_practice_ws/build/status_interfaces' returned '0': CMAKE_PREFIX_PATH=/opt/ros/humble /usr/bin/cmake --build /home/cofallen/Code/ros2/cp3_topic/topic_practice_ws/build/status_interfaces -- -j12 -l12
[3.104s] Invoking command in '/home/cofallen/Code/ros2/cp3_topic/topic_practice_ws/build/status_interfaces': CMAKE_PREFIX_PATH=/opt/ros/humble /usr/bin/cmake --install /home/cofallen/Code/ros2/cp3_topic/topic_practice_ws/build/status_interfaces
[3.111s] -- Install configuration: ""
[3.111s] -- Installing: /home/cofallen/Code/ros2/cp3_topic/topic_practice_ws/install/status_interfaces/share/ament_index/resource_index/rosidl_interfaces/status_interfaces
[3.111s] -- Installing: /home/cofallen/Code/ros2/cp3_topic/topic_practice_ws/install/status_interfaces/include/status_interfaces/status_interfaces
[3.111s] -- Installing: /home/cofallen/Code/ros2/cp3_topic/topic_practice_ws/install/status_interfaces/include/status_interfaces/status_interfaces/msg
[3.111s] -- Installing: /home/cofallen/Code/ros2/cp3_topic/topic_practice_ws/install/status_interfaces/include/status_interfaces/status_interfaces/msg/rosidl_generator_c__visibility_control.h
[3.111s] -- Installing: /home/cofallen/Code/ros2/cp3_topic/topic_practice_ws/install/status_interfaces/include/status_interfaces/status_interfaces/msg/system_status.h
[3.111s] -- Installing: /home/cofallen/Code/ros2/cp3_topic/topic_practice_ws/install/status_interfaces/include/status_interfaces/status_interfaces/msg/detail
[3.112s] -- Installing: /home/cofallen/Code/ros2/cp3_topic/topic_practice_ws/install/status_interfaces/include/status_interfaces/status_interfaces/msg/detail/system_status__type_support.h
[3.112s] -- Installing: /home/cofallen/Code/ros2/cp3_topic/topic_practice_ws/install/status_interfaces/include/status_interfaces/status_interfaces/msg/detail/system_status__struct.h
[3.112s] -- Installing: /home/cofallen/Code/ros2/cp3_topic/topic_practice_ws/install/status_interfaces/include/status_interfaces/status_interfaces/msg/detail/system_status__functions.h
[3.112s] -- Installing: /home/cofallen/Code/ros2/cp3_topic/topic_practice_ws/install/status_interfaces/include/status_interfaces/status_interfaces/msg/detail/system_status__functions.c
[3.112s] -- Installing: /home/cofallen/Code/ros2/cp3_topic/topic_practice_ws/install/status_interfaces/share/status_interfaces/environment/library_path.sh
[3.112s] -- Installing: /home/cofallen/Code/ros2/cp3_topic/topic_practice_ws/install/status_interfaces/share/status_interfaces/environment/library_path.dsv
[3.112s] -- Installing: /home/cofallen/Code/ros2/cp3_topic/topic_practice_ws/install/status_interfaces/lib/libstatus_interfaces__rosidl_generator_c.so
[3.113s] -- Set runtime path of "/home/cofallen/Code/ros2/cp3_topic/topic_practice_ws/install/status_interfaces/lib/libstatus_interfaces__rosidl_generator_c.so" to ""
[3.113s] -- Up-to-date: /home/cofallen/Code/ros2/cp3_topic/topic_practice_ws/install/status_interfaces/include/status_interfaces/status_interfaces
[3.113s] -- Up-to-date: /home/cofallen/Code/ros2/cp3_topic/topic_practice_ws/install/status_interfaces/include/status_interfaces/status_interfaces/msg
[3.113s] -- Installing: /home/cofallen/Code/ros2/cp3_topic/topic_practice_ws/install/status_interfaces/include/status_interfaces/status_interfaces/msg/rosidl_typesupport_fastrtps_c__visibility_control.h
[3.113s] -- Up-to-date: /home/cofallen/Code/ros2/cp3_topic/topic_practice_ws/install/status_interfaces/include/status_interfaces/status_interfaces/msg/detail
[3.113s] -- Installing: /home/cofallen/Code/ros2/cp3_topic/topic_practice_ws/install/status_interfaces/include/status_interfaces/status_interfaces/msg/detail/system_status__rosidl_typesupport_fastrtps_c.h
[3.113s] -- Installing: /home/cofallen/Code/ros2/cp3_topic/topic_practice_ws/install/status_interfaces/lib/libstatus_interfaces__rosidl_typesupport_fastrtps_c.so
[3.113s] -- Set runtime path of "/home/cofallen/Code/ros2/cp3_topic/topic_practice_ws/install/status_interfaces/lib/libstatus_interfaces__rosidl_typesupport_fastrtps_c.so" to ""
[3.113s] -- Up-to-date: /home/cofallen/Code/ros2/cp3_topic/topic_practice_ws/install/status_interfaces/include/status_interfaces/status_interfaces
[3.113s] -- Up-to-date: /home/cofallen/Code/ros2/cp3_topic/topic_practice_ws/install/status_interfaces/include/status_interfaces/status_interfaces/msg
[3.114s] -- Installing: /home/cofallen/Code/ros2/cp3_topic/topic_practice_ws/install/status_interfaces/include/status_interfaces/status_interfaces/msg/system_status.hpp
[3.114s] -- Installing: /home/cofallen/Code/ros2/cp3_topic/topic_practice_ws/install/status_interfaces/include/status_interfaces/status_interfaces/msg/rosidl_generator_cpp__visibility_control.hpp
[3.114s] -- Up-to-date: /home/cofallen/Code/ros2/cp3_topic/topic_practice_ws/install/status_interfaces/include/status_interfaces/status_interfaces/msg/detail
[3.114s] -- Installing: /home/cofallen/Code/ros2/cp3_topic/topic_practice_ws/install/status_interfaces/include/status_interfaces/status_interfaces/msg/detail/system_status__traits.hpp
[3.114s] -- Installing: /home/cofallen/Code/ros2/cp3_topic/topic_practice_ws/install/status_interfaces/include/status_interfaces/status_interfaces/msg/detail/system_status__type_support.hpp
[3.114s] -- Installing: /home/cofallen/Code/ros2/cp3_topic/topic_practice_ws/install/status_interfaces/include/status_interfaces/status_interfaces/msg/detail/system_status__struct.hpp
[3.114s] -- Installing: /home/cofallen/Code/ros2/cp3_topic/topic_practice_ws/install/status_interfaces/include/status_interfaces/status_interfaces/msg/detail/system_status__builder.hpp
[3.114s] -- Up-to-date: /home/cofallen/Code/ros2/cp3_topic/topic_practice_ws/install/status_interfaces/include/status_interfaces/status_interfaces
[3.114s] -- Up-to-date: /home/cofallen/Code/ros2/cp3_topic/topic_practice_ws/install/status_interfaces/include/status_interfaces/status_interfaces/msg
[3.114s] -- Up-to-date: /home/cofallen/Code/ros2/cp3_topic/topic_practice_ws/install/status_interfaces/include/status_interfaces/status_interfaces/msg/detail
[3.114s] -- Installing: /home/cofallen/Code/ros2/cp3_topic/topic_practice_ws/install/status_interfaces/include/status_interfaces/status_interfaces/msg/detail/system_status__rosidl_typesupport_fastrtps_cpp.hpp
[3.114s] -- Installing: /home/cofallen/Code/ros2/cp3_topic/topic_practice_ws/install/status_interfaces/include/status_interfaces/status_interfaces/msg/detail/dds_fastrtps
[3.114s] -- Installing: /home/cofallen/Code/ros2/cp3_topic/topic_practice_ws/install/status_interfaces/include/status_interfaces/status_interfaces/msg/rosidl_typesupport_fastrtps_cpp__visibility_control.h
[3.115s] -- Installing: /home/cofallen/Code/ros2/cp3_topic/topic_practice_ws/install/status_interfaces/lib/libstatus_interfaces__rosidl_typesupport_fastrtps_cpp.so
[3.115s] -- Set runtime path of "/home/cofallen/Code/ros2/cp3_topic/topic_practice_ws/install/status_interfaces/lib/libstatus_interfaces__rosidl_typesupport_fastrtps_cpp.so" to ""
[3.115s] -- Up-to-date: /home/cofallen/Code/ros2/cp3_topic/topic_practice_ws/install/status_interfaces/include/status_interfaces/status_interfaces
[3.115s] -- Up-to-date: /home/cofallen/Code/ros2/cp3_topic/topic_practice_ws/install/status_interfaces/include/status_interfaces/status_interfaces/msg
[3.115s] -- Up-to-date: /home/cofallen/Code/ros2/cp3_topic/topic_practice_ws/install/status_interfaces/include/status_interfaces/status_interfaces/msg/detail
[3.115s] -- Installing: /home/cofallen/Code/ros2/cp3_topic/topic_practice_ws/install/status_interfaces/include/status_interfaces/status_interfaces/msg/detail/system_status__type_support.c
[3.115s] -- Installing: /home/cofallen/Code/ros2/cp3_topic/topic_practice_ws/install/status_interfaces/include/status_interfaces/status_interfaces/msg/detail/system_status__rosidl_typesupport_introspection_c.h
[3.115s] -- Installing: /home/cofallen/Code/ros2/cp3_topic/topic_practice_ws/install/status_interfaces/include/status_interfaces/status_interfaces/msg/rosidl_typesupport_introspection_c__visibility_control.h
[3.115s] -- Installing: /home/cofallen/Code/ros2/cp3_topic/topic_practice_ws/install/status_interfaces/lib/libstatus_interfaces__rosidl_typesupport_introspection_c.so
[3.116s] -- Set runtime path of "/home/cofallen/Code/ros2/cp3_topic/topic_practice_ws/install/status_interfaces/lib/libstatus_interfaces__rosidl_typesupport_introspection_c.so" to ""
[3.116s] -- Installing: /home/cofallen/Code/ros2/cp3_topic/topic_practice_ws/install/status_interfaces/lib/libstatus_interfaces__rosidl_typesupport_c.so
[3.116s] -- Set runtime path of "/home/cofallen/Code/ros2/cp3_topic/topic_practice_ws/install/status_interfaces/lib/libstatus_interfaces__rosidl_typesupport_c.so" to ""
[3.116s] -- Up-to-date: /home/cofallen/Code/ros2/cp3_topic/topic_practice_ws/install/status_interfaces/include/status_interfaces/status_interfaces
[3.116s] -- Up-to-date: /home/cofallen/Code/ros2/cp3_topic/topic_practice_ws/install/status_interfaces/include/status_interfaces/status_interfaces/msg
[3.116s] -- Up-to-date: /home/cofallen/Code/ros2/cp3_topic/topic_practice_ws/install/status_interfaces/include/status_interfaces/status_interfaces/msg/detail
[3.116s] -- Installing: /home/cofallen/Code/ros2/cp3_topic/topic_practice_ws/install/status_interfaces/include/status_interfaces/status_interfaces/msg/detail/system_status__type_support.cpp
[3.116s] -- Installing: /home/cofallen/Code/ros2/cp3_topic/topic_practice_ws/install/status_interfaces/include/status_interfaces/status_interfaces/msg/detail/system_status__rosidl_typesupport_introspection_cpp.hpp
[3.117s] -- Installing: /home/cofallen/Code/ros2/cp3_topic/topic_practice_ws/install/status_interfaces/lib/libstatus_interfaces__rosidl_typesupport_introspection_cpp.so
[3.117s] -- Set runtime path of "/home/cofallen/Code/ros2/cp3_topic/topic_practice_ws/install/status_interfaces/lib/libstatus_interfaces__rosidl_typesupport_introspection_cpp.so" to ""
[3.117s] -- Installing: /home/cofallen/Code/ros2/cp3_topic/topic_practice_ws/install/status_interfaces/lib/libstatus_interfaces__rosidl_typesupport_cpp.so
[3.117s] -- Set runtime path of "/home/cofallen/Code/ros2/cp3_topic/topic_practice_ws/install/status_interfaces/lib/libstatus_interfaces__rosidl_typesupport_cpp.so" to ""
[3.117s] -- Installing: /home/cofallen/Code/ros2/cp3_topic/topic_practice_ws/install/status_interfaces/share/status_interfaces/environment/pythonpath.sh
[3.117s] -- Installing: /home/cofallen/Code/ros2/cp3_topic/topic_practice_ws/install/status_interfaces/share/status_interfaces/environment/pythonpath.dsv
[3.118s] -- Installing: /home/cofallen/Code/ros2/cp3_topic/topic_practice_ws/install/status_interfaces/local/lib/python3.10/dist-packages/status_interfaces-0.0.0-py3.10.egg-info
[3.118s] -- Installing: /home/cofallen/Code/ros2/cp3_topic/topic_practice_ws/install/status_interfaces/local/lib/python3.10/dist-packages/status_interfaces-0.0.0-py3.10.egg-info/SOURCES.txt
[3.118s] -- Installing: /home/cofallen/Code/ros2/cp3_topic/topic_practice_ws/install/status_interfaces/local/lib/python3.10/dist-packages/status_interfaces-0.0.0-py3.10.egg-info/PKG-INFO
[3.118s] -- Installing: /home/cofallen/Code/ros2/cp3_topic/topic_practice_ws/install/status_interfaces/local/lib/python3.10/dist-packages/status_interfaces-0.0.0-py3.10.egg-info/top_level.txt
[3.118s] -- Installing: /home/cofallen/Code/ros2/cp3_topic/topic_practice_ws/install/status_interfaces/local/lib/python3.10/dist-packages/status_interfaces-0.0.0-py3.10.egg-info/dependency_links.txt
[3.118s] -- Installing: /home/cofallen/Code/ros2/cp3_topic/topic_practice_ws/install/status_interfaces/local/lib/python3.10/dist-packages/status_interfaces
[3.118s] -- Installing: /home/cofallen/Code/ros2/cp3_topic/topic_practice_ws/install/status_interfaces/local/lib/python3.10/dist-packages/status_interfaces/libstatus_interfaces__rosidl_generator_py.so
[3.118s] -- Installing: /home/cofallen/Code/ros2/cp3_topic/topic_practice_ws/install/status_interfaces/local/lib/python3.10/dist-packages/status_interfaces/_status_interfaces_s.ep.rosidl_typesupport_c.c
[3.119s] -- Installing: /home/cofallen/Code/ros2/cp3_topic/topic_practice_ws/install/status_interfaces/local/lib/python3.10/dist-packages/status_interfaces/_status_interfaces_s.ep.rosidl_typesupport_fastrtps_c.c
[3.119s] -- Installing: /home/cofallen/Code/ros2/cp3_topic/topic_practice_ws/install/status_interfaces/local/lib/python3.10/dist-packages/status_interfaces/msg
[3.119s] -- Installing: /home/cofallen/Code/ros2/cp3_topic/topic_practice_ws/install/status_interfaces/local/lib/python3.10/dist-packages/status_interfaces/msg/_system_status.py
[3.119s] -- Installing: /home/cofallen/Code/ros2/cp3_topic/topic_practice_ws/install/status_interfaces/local/lib/python3.10/dist-packages/status_interfaces/msg/_system_status_s.c
[3.119s] -- Installing: /home/cofallen/Code/ros2/cp3_topic/topic_practice_ws/install/status_interfaces/local/lib/python3.10/dist-packages/status_interfaces/msg/__init__.py
[3.119s] -- Installing: /home/cofallen/Code/ros2/cp3_topic/topic_practice_ws/install/status_interfaces/local/lib/python3.10/dist-packages/status_interfaces/status_interfaces_s__rosidl_typesupport_c.cpython-310-x86_64-linux-gnu.so
[3.119s] -- Installing: /home/cofallen/Code/ros2/cp3_topic/topic_practice_ws/install/status_interfaces/local/lib/python3.10/dist-packages/status_interfaces/status_interfaces_s__rosidl_typesupport_fastrtps_c.cpython-310-x86_64-linux-gnu.so
[3.119s] -- Installing: /home/cofallen/Code/ros2/cp3_topic/topic_practice_ws/install/status_interfaces/local/lib/python3.10/dist-packages/status_interfaces/status_interfaces_s__rosidl_typesupport_introspection_c.cpython-310-x86_64-linux-gnu.so
[3.119s] -- Installing: /home/cofallen/Code/ros2/cp3_topic/topic_practice_ws/install/status_interfaces/local/lib/python3.10/dist-packages/status_interfaces/_status_interfaces_s.ep.rosidl_typesupport_introspection_c.c
[3.119s] -- Installing: /home/cofallen/Code/ros2/cp3_topic/topic_practice_ws/install/status_interfaces/local/lib/python3.10/dist-packages/status_interfaces/__init__.py
[3.147s] Listing '/home/cofallen/Code/ros2/cp3_topic/topic_practice_ws/install/status_interfaces/local/lib/python3.10/dist-packages/status_interfaces'...
[3.147s] Compiling '/home/cofallen/Code/ros2/cp3_topic/topic_practice_ws/install/status_interfaces/local/lib/python3.10/dist-packages/status_interfaces/__init__.py'...
[3.148s] Listing '/home/cofallen/Code/ros2/cp3_topic/topic_practice_ws/install/status_interfaces/local/lib/python3.10/dist-packages/status_interfaces/msg'...
[3.148s] Compiling '/home/cofallen/Code/ros2/cp3_topic/topic_practice_ws/install/status_interfaces/local/lib/python3.10/dist-packages/status_interfaces/msg/__init__.py'...
[3.148s] Compiling '/home/cofallen/Code/ros2/cp3_topic/topic_practice_ws/install/status_interfaces/local/lib/python3.10/dist-packages/status_interfaces/msg/_system_status.py'...
[3.151s] -- Installing: /home/cofallen/Code/ros2/cp3_topic/topic_practice_ws/install/status_interfaces/local/lib/python3.10/dist-packages/status_interfaces/status_interfaces_s__rosidl_typesupport_fastrtps_c.cpython-310-x86_64-linux-gnu.so
[3.152s] -- Set runtime path of "/home/cofallen/Code/ros2/cp3_topic/topic_practice_ws/install/status_interfaces/local/lib/python3.10/dist-packages/status_interfaces/status_interfaces_s__rosidl_typesupport_fastrtps_c.cpython-310-x86_64-linux-gnu.so" to ""
[3.152s] -- Installing: /home/cofallen/Code/ros2/cp3_topic/topic_practice_ws/install/status_interfaces/local/lib/python3.10/dist-packages/status_interfaces/status_interfaces_s__rosidl_typesupport_introspection_c.cpython-310-x86_64-linux-gnu.so
[3.152s] -- Set runtime path of "/home/cofallen/Code/ros2/cp3_topic/topic_practice_ws/install/status_interfaces/local/lib/python3.10/dist-packages/status_interfaces/status_interfaces_s__rosidl_typesupport_introspection_c.cpython-310-x86_64-linux-gnu.so" to ""
[3.153s] -- Installing: /home/cofallen/Code/ros2/cp3_topic/topic_practice_ws/install/status_interfaces/local/lib/python3.10/dist-packages/status_interfaces/status_interfaces_s__rosidl_typesupport_c.cpython-310-x86_64-linux-gnu.so
[3.153s] -- Set runtime path of "/home/cofallen/Code/ros2/cp3_topic/topic_practice_ws/install/status_interfaces/local/lib/python3.10/dist-packages/status_interfaces/status_interfaces_s__rosidl_typesupport_c.cpython-310-x86_64-linux-gnu.so" to ""
[3.153s] -- Installing: /home/cofallen/Code/ros2/cp3_topic/topic_practice_ws/install/status_interfaces/lib/libstatus_interfaces__rosidl_generator_py.so
[3.153s] -- Set runtime path of "/home/cofallen/Code/ros2/cp3_topic/topic_practice_ws/install/status_interfaces/lib/libstatus_interfaces__rosidl_generator_py.so" to ""
[3.153s] -- Installing: /home/cofallen/Code/ros2/cp3_topic/topic_practice_ws/install/status_interfaces/share/status_interfaces/msg/SystemStatus.idl
[3.153s] -- Installing: /home/cofallen/Code/ros2/cp3_topic/topic_practice_ws/install/status_interfaces/share/status_interfaces/msg/SystemStatus.msg
[3.154s] -- Installing: /home/cofallen/Code/ros2/cp3_topic/topic_practice_ws/install/status_interfaces/share/ament_index/resource_index/package_run_dependencies/status_interfaces
[3.154s] -- Installing: /home/cofallen/Code/ros2/cp3_topic/topic_practice_ws/install/status_interfaces/share/ament_index/resource_index/parent_prefix_path/status_interfaces
[3.154s] -- Installing: /home/cofallen/Code/ros2/cp3_topic/topic_practice_ws/install/status_interfaces/share/status_interfaces/environment/ament_prefix_path.sh
[3.154s] -- Installing: /home/cofallen/Code/ros2/cp3_topic/topic_practice_ws/install/status_interfaces/share/status_interfaces/environment/ament_prefix_path.dsv
[3.154s] -- Installing: /home/cofallen/Code/ros2/cp3_topic/topic_practice_ws/install/status_interfaces/share/status_interfaces/environment/path.sh
[3.154s] -- Installing: /home/cofallen/Code/ros2/cp3_topic/topic_practice_ws/install/status_interfaces/share/status_interfaces/environment/path.dsv
[3.154s] -- Installing: /home/cofallen/Code/ros2/cp3_topic/topic_practice_ws/install/status_interfaces/share/status_interfaces/local_setup.bash
[3.155s] -- Installing: /home/cofallen/Code/ros2/cp3_topic/topic_practice_ws/install/status_interfaces/share/status_interfaces/local_setup.sh
[3.155s] -- Installing: /home/cofallen/Code/ros2/cp3_topic/topic_practice_ws/install/status_interfaces/share/status_interfaces/local_setup.zsh
[3.155s] -- Installing: /home/cofallen/Code/ros2/cp3_topic/topic_practice_ws/install/status_interfaces/share/status_interfaces/local_setup.dsv
[3.155s] -- Installing: /home/cofallen/Code/ros2/cp3_topic/topic_practice_ws/install/status_interfaces/share/status_interfaces/package.dsv
[3.155s] -- Installing: /home/cofallen/Code/ros2/cp3_topic/topic_practice_ws/install/status_interfaces/share/ament_index/resource_index/packages/status_interfaces
[3.155s] -- Installing: /home/cofallen/Code/ros2/cp3_topic/topic_practice_ws/install/status_interfaces/share/status_interfaces/cmake/export_status_interfaces__rosidl_generator_cExport.cmake
[3.155s] -- Installing: /home/cofallen/Code/ros2/cp3_topic/topic_practice_ws/install/status_interfaces/share/status_interfaces/cmake/export_status_interfaces__rosidl_generator_cExport-noconfig.cmake
[3.156s] -- Installing: /home/cofallen/Code/ros2/cp3_topic/topic_practice_ws/install/status_interfaces/share/status_interfaces/cmake/export_status_interfaces__rosidl_typesupport_fastrtps_cExport.cmake
[3.156s] -- Installing: /home/cofallen/Code/ros2/cp3_topic/topic_practice_ws/install/status_interfaces/share/status_interfaces/cmake/export_status_interfaces__rosidl_typesupport_fastrtps_cExport-noconfig.cmake
[3.156s] -- Installing: /home/cofallen/Code/ros2/cp3_topic/topic_practice_ws/install/status_interfaces/share/status_interfaces/cmake/export_status_interfaces__rosidl_generator_cppExport.cmake
[3.156s] -- Installing: /home/cofallen/Code/ros2/cp3_topic/topic_practice_ws/install/status_interfaces/share/status_interfaces/cmake/export_status_interfaces__rosidl_typesupport_fastrtps_cppExport.cmake
[3.156s] -- Installing: /home/cofallen/Code/ros2/cp3_topic/topic_practice_ws/install/status_interfaces/share/status_interfaces/cmake/export_status_interfaces__rosidl_typesupport_fastrtps_cppExport-noconfig.cmake
[3.156s] -- Installing: /home/cofallen/Code/ros2/cp3_topic/topic_practice_ws/install/status_interfaces/share/status_interfaces/cmake/status_interfaces__rosidl_typesupport_introspection_cExport.cmake
[3.156s] -- Installing: /home/cofallen/Code/ros2/cp3_topic/topic_practice_ws/install/status_interfaces/share/status_interfaces/cmake/status_interfaces__rosidl_typesupport_introspection_cExport-noconfig.cmake
[3.156s] -- Installing: /home/cofallen/Code/ros2/cp3_topic/topic_practice_ws/install/status_interfaces/share/status_interfaces/cmake/status_interfaces__rosidl_typesupport_cExport.cmake
[3.156s] -- Installing: /home/cofallen/Code/ros2/cp3_topic/topic_practice_ws/install/status_interfaces/share/status_interfaces/cmake/status_interfaces__rosidl_typesupport_cExport-noconfig.cmake
[3.157s] -- Installing: /home/cofallen/Code/ros2/cp3_topic/topic_practice_ws/install/status_interfaces/share/status_interfaces/cmake/status_interfaces__rosidl_typesupport_introspection_cppExport.cmake
[3.157s] -- Installing: /home/cofallen/Code/ros2/cp3_topic/topic_practice_ws/install/status_interfaces/share/status_interfaces/cmake/status_interfaces__rosidl_typesupport_introspection_cppExport-noconfig.cmake
[3.157s] -- Installing: /home/cofallen/Code/ros2/cp3_topic/topic_practice_ws/install/status_interfaces/share/status_interfaces/cmake/status_interfaces__rosidl_typesupport_cppExport.cmake
[3.157s] -- Installing: /home/cofallen/Code/ros2/cp3_topic/topic_practice_ws/install/status_interfaces/share/status_interfaces/cmake/status_interfaces__rosidl_typesupport_cppExport-noconfig.cmake
[3.157s] -- Installing: /home/cofallen/Code/ros2/cp3_topic/topic_practice_ws/install/status_interfaces/share/status_interfaces/cmake/export_status_interfaces__rosidl_generator_pyExport.cmake
[3.157s] -- Installing: /home/cofallen/Code/ros2/cp3_topic/topic_practice_ws/install/status_interfaces/share/status_interfaces/cmake/export_status_interfaces__rosidl_generator_pyExport-noconfig.cmake
[3.157s] -- Installing: /home/cofallen/Code/ros2/cp3_topic/topic_practice_ws/install/status_interfaces/share/status_interfaces/cmake/rosidl_cmake-extras.cmake
[3.157s] -- Installing: /home/cofallen/Code/ros2/cp3_topic/topic_practice_ws/install/status_interfaces/share/status_interfaces/cmake/ament_cmake_export_dependencies-extras.cmake
[3.158s] -- Installing: /home/cofallen/Code/ros2/cp3_topic/topic_practice_ws/install/status_interfaces/share/status_interfaces/cmake/ament_cmake_export_include_directories-extras.cmake
[3.158s] -- Installing: /home/cofallen/Code/ros2/cp3_topic/topic_practice_ws/install/status_interfaces/share/status_interfaces/cmake/ament_cmake_export_libraries-extras.cmake
[3.158s] -- Installing: /home/cofallen/Code/ros2/cp3_topic/topic_practice_ws/install/status_interfaces/share/status_interfaces/cmake/ament_cmake_export_targets-extras.cmake
[3.158s] -- Installing: /home/cofallen/Code/ros2/cp3_topic/topic_practice_ws/install/status_interfaces/share/status_interfaces/cmake/rosidl_cmake_export_typesupport_targets-extras.cmake
[3.158s] -- Installing: /home/cofallen/Code/ros2/cp3_topic/topic_practice_ws/install/status_interfaces/share/status_interfaces/cmake/rosidl_cmake_export_typesupport_libraries-extras.cmake
[3.158s] -- Installing: /home/cofallen/Code/ros2/cp3_topic/topic_practice_ws/install/status_interfaces/share/status_interfaces/cmake/status_interfacesConfig.cmake
[3.158s] -- Installing: /home/cofallen/Code/ros2/cp3_topic/topic_practice_ws/install/status_interfaces/share/status_interfaces/cmake/status_interfacesConfig-version.cmake
[3.158s] -- Installing: /home/cofallen/Code/ros2/cp3_topic/topic_practice_ws/install/status_interfaces/share/status_interfaces/package.xml
[3.161s] Invoked command in '/home/cofallen/Code/ros2/cp3_topic/topic_practice_ws/build/status_interfaces' returned '0': CMAKE_PREFIX_PATH=/opt/ros/humble /usr/bin/cmake --install /home/cofallen/Code/ros2/cp3_topic/topic_practice_ws/build/status_interfaces
