[0.447s] Invoking command in '/home/cofallen/Code/ros2/cp3_topic/topic_ws/src/demo_python_topic': PYTHONPATH=/home/cofallen/Code/ros2/cp3_topic/topic_ws/build/demo_python_topic/prefix_override:/home/cofallen/.local/lib/python3.10/site-packages/colcon_core/task/python/colcon_distutils_commands:/home/cofallen/Code/ros2/cp3_topic/topic_ws/install/demo_python_topic/lib/python3.10/site-packages:${PYTHONPATH} /usr/bin/python3 -W ignore:setup.py install is deprecated -W ignore:easy_install command is deprecated setup.py egg_info --egg-base ../../build/demo_python_topic build --build-base /home/cofallen/Code/ros2/cp3_topic/topic_ws/build/demo_python_topic/build install --record /home/cofallen/Code/ros2/cp3_topic/topic_ws/build/demo_python_topic/install.log --single-version-externally-managed install_data
[0.609s] running egg_info
[0.609s] writing ../../build/demo_python_topic/demo_python_topic.egg-info/PKG-INFO
[0.610s] writing dependency_links to ../../build/demo_python_topic/demo_python_topic.egg-info/dependency_links.txt
[0.610s] writing entry points to ../../build/demo_python_topic/demo_python_topic.egg-info/entry_points.txt
[0.610s] writing requirements to ../../build/demo_python_topic/demo_python_topic.egg-info/requires.txt
[0.610s] writing top-level names to ../../build/demo_python_topic/demo_python_topic.egg-info/top_level.txt
[0.611s] reading manifest file '../../build/demo_python_topic/demo_python_topic.egg-info/SOURCES.txt'
[0.612s] adding license file 'LICENSE'
[0.612s] writing manifest file '../../build/demo_python_topic/demo_python_topic.egg-info/SOURCES.txt'
[0.612s] running build
[0.613s] running build_py
[0.613s] copying demo_python_topic/novel_pub_node.py -> /home/cofallen/Code/ros2/cp3_topic/topic_ws/build/demo_python_topic/build/lib/demo_python_topic
[0.613s] running install
[0.613s] running install_lib
[0.613s] copying /home/cofallen/Code/ros2/cp3_topic/topic_ws/build/demo_python_topic/build/lib/demo_python_topic/novel_pub_node.py -> /home/cofallen/Code/ros2/cp3_topic/topic_ws/install/demo_python_topic/lib/python3.10/site-packages/demo_python_topic
[0.614s] byte-compiling /home/cofallen/Code/ros2/cp3_topic/topic_ws/install/demo_python_topic/lib/python3.10/site-packages/demo_python_topic/novel_pub_node.py to novel_pub_node.cpython-310.pyc
[0.614s] running install_data
[0.614s] running install_egg_info
[0.616s] removing '/home/cofallen/Code/ros2/cp3_topic/topic_ws/install/demo_python_topic/lib/python3.10/site-packages/demo_python_topic-0.0.0-py3.10.egg-info' (and everything under it)
[0.616s] Copying ../../build/demo_python_topic/demo_python_topic.egg-info to /home/cofallen/Code/ros2/cp3_topic/topic_ws/install/demo_python_topic/lib/python3.10/site-packages/demo_python_topic-0.0.0-py3.10.egg-info
[0.617s] running install_scripts
[0.632s] Installing novel_pub_node script to /home/cofallen/Code/ros2/cp3_topic/topic_ws/install/demo_python_topic/lib/demo_python_topic
[0.632s] writing list of installed files to '/home/cofallen/Code/ros2/cp3_topic/topic_ws/build/demo_python_topic/install.log'
[0.655s] Invoked command in '/home/cofallen/Code/ros2/cp3_topic/topic_ws/src/demo_python_topic' returned '0': PYTHONPATH=/home/cofallen/Code/ros2/cp3_topic/topic_ws/build/demo_python_topic/prefix_override:/home/cofallen/.local/lib/python3.10/site-packages/colcon_core/task/python/colcon_distutils_commands:/home/cofallen/Code/ros2/cp3_topic/topic_ws/install/demo_python_topic/lib/python3.10/site-packages:${PYTHONPATH} /usr/bin/python3 -W ignore:setup.py install is deprecated -W ignore:easy_install command is deprecated setup.py egg_info --egg-base ../../build/demo_python_topic build --build-base /home/cofallen/Code/ros2/cp3_topic/topic_ws/build/demo_python_topic/build install --record /home/cofallen/Code/ros2/cp3_topic/topic_ws/build/demo_python_topic/install.log --single-version-externally-managed install_data
