[0.440s] Invoking command in '/home/cofallen/Code/ros2/cp3_topic/topic_practice_ws/src/status_publisher': PYTHONPATH=/home/cofallen/Code/ros2/cp3_topic/topic_practice_ws/build/status_publisher/prefix_override:/home/cofallen/.local/lib/python3.10/site-packages/colcon_core/task/python/colcon_distutils_commands:/home/cofallen/Code/ros2/cp3_topic/topic_practice_ws/install/status_publisher/lib/python3.10/site-packages:${PYTHONPATH} /usr/bin/python3 -W ignore:setup.py install is deprecated -W ignore:easy_install command is deprecated setup.py egg_info --egg-base ../../build/status_publisher build --build-base /home/cofallen/Code/ros2/cp3_topic/topic_practice_ws/build/status_publisher/build install --record /home/cofallen/Code/ros2/cp3_topic/topic_practice_ws/build/status_publisher/install.log --single-version-externally-managed install_data
[0.607s] running egg_info
[0.608s] writing ../../build/status_publisher/status_publisher.egg-info/PKG-INFO
[0.608s] writing dependency_links to ../../build/status_publisher/status_publisher.egg-info/dependency_links.txt
[0.608s] writing entry points to ../../build/status_publisher/status_publisher.egg-info/entry_points.txt
[0.608s] writing requirements to ../../build/status_publisher/status_publisher.egg-info/requires.txt
[0.608s] writing top-level names to ../../build/status_publisher/status_publisher.egg-info/top_level.txt
[0.609s] reading manifest file '../../build/status_publisher/status_publisher.egg-info/SOURCES.txt'
[0.609s] adding license file 'LICENSE'
[0.610s] writing manifest file '../../build/status_publisher/status_publisher.egg-info/SOURCES.txt'
[0.610s] running build
[0.610s] running build_py
[0.610s] copying status_publisher/sys_status_pub.py -> /home/cofallen/Code/ros2/cp3_topic/topic_practice_ws/build/status_publisher/build/lib/status_publisher
[0.610s] running install
[0.611s] running install_lib
[0.611s] copying /home/cofallen/Code/ros2/cp3_topic/topic_practice_ws/build/status_publisher/build/lib/status_publisher/sys_status_pub.py -> /home/cofallen/Code/ros2/cp3_topic/topic_practice_ws/install/status_publisher/lib/python3.10/site-packages/status_publisher
[0.611s] byte-compiling /home/cofallen/Code/ros2/cp3_topic/topic_practice_ws/install/status_publisher/lib/python3.10/site-packages/status_publisher/sys_status_pub.py to sys_status_pub.cpython-310.pyc
[0.612s]   File "/home/cofallen/Code/ros2/cp3_topic/topic_practice_ws/install/status_publisher/lib/python3.10/site-packages/status_publisher/sys_status_pub.py", line 26
[0.612s]     msg.net_recv = net_io_counters.bytes_recv ? (1024*1024)
[0.612s]                                               ^
[0.612s] SyntaxError: invalid syntax
[0.612s] 
[0.612s] running install_data
[0.612s] running install_egg_info
[0.613s] removing '/home/cofallen/Code/ros2/cp3_topic/topic_practice_ws/install/status_publisher/lib/python3.10/site-packages/status_publisher-0.0.0-py3.10.egg-info' (and everything under it)
[0.613s] Copying ../../build/status_publisher/status_publisher.egg-info to /home/cofallen/Code/ros2/cp3_topic/topic_practice_ws/install/status_publisher/lib/python3.10/site-packages/status_publisher-0.0.0-py3.10.egg-info
[0.614s] running install_scripts
[0.629s] Installing sys_status_pub script to /home/cofallen/Code/ros2/cp3_topic/topic_practice_ws/install/status_publisher/lib/status_publisher
[0.629s] writing list of installed files to '/home/cofallen/Code/ros2/cp3_topic/topic_practice_ws/build/status_publisher/install.log'
[0.653s] Invoked command in '/home/cofallen/Code/ros2/cp3_topic/topic_practice_ws/src/status_publisher' returned '0': PYTHONPATH=/home/cofallen/Code/ros2/cp3_topic/topic_practice_ws/build/status_publisher/prefix_override:/home/cofallen/.local/lib/python3.10/site-packages/colcon_core/task/python/colcon_distutils_commands:/home/cofallen/Code/ros2/cp3_topic/topic_practice_ws/install/status_publisher/lib/python3.10/site-packages:${PYTHONPATH} /usr/bin/python3 -W ignore:setup.py install is deprecated -W ignore:easy_install command is deprecated setup.py egg_info --egg-base ../../build/status_publisher build --build-base /home/cofallen/Code/ros2/cp3_topic/topic_practice_ws/build/status_publisher/build install --record /home/cofallen/Code/ros2/cp3_topic/topic_practice_ws/build/status_publisher/install.log --single-version-externally-managed install_data
