[0.443s] Invoking command in '/home/cofallen/Code/ros2/cp2_node/cp2_ws/src/demo_python_pkg': AMENT_PREFIX_PATH=/home/cofallen/Code/ros2/cp2_node/cp2_ws/install/demo_cpp_pkg:${AMENT_PREFIX_PATH} CMAKE_PREFIX_PATH=/home/cofallen/Code/ros2/cp2_node/cp2_ws/install/demo_cpp_pkg:${CMAKE_PREFIX_PATH} PYTHONPATH=/home/cofallen/Code/ros2/cp2_node/cp2_ws/build/demo_python_pkg/prefix_override:/home/cofallen/.local/lib/python3.10/site-packages/colcon_core/task/python/colcon_distutils_commands:/home/cofallen/Code/ros2/cp2_node/cp2_ws/install/demo_python_pkg/lib/python3.10/site-packages:${PYTHONPATH} /usr/bin/python3 -W ignore:setup.py install is deprecated -W ignore:easy_install command is deprecated setup.py egg_info --egg-base ../../build/demo_python_pkg build --build-base /home/cofallen/Code/ros2/cp2_node/cp2_ws/build/demo_python_pkg/build install --record /home/cofallen/Code/ros2/cp2_node/cp2_ws/build/demo_python_pkg/install.log --single-version-externally-managed install_data
[0.622s] running egg_info
[0.622s] writing ../../build/demo_python_pkg/demo_python_pkg.egg-info/PKG-INFO
[0.622s] writing dependency_links to ../../build/demo_python_pkg/demo_python_pkg.egg-info/dependency_links.txt
[0.622s] writing entry points to ../../build/demo_python_pkg/demo_python_pkg.egg-info/entry_points.txt
[0.623s] writing requirements to ../../build/demo_python_pkg/demo_python_pkg.egg-info/requires.txt
[0.623s] writing top-level names to ../../build/demo_python_pkg/demo_python_pkg.egg-info/top_level.txt
[0.624s] reading manifest file '../../build/demo_python_pkg/demo_python_pkg.egg-info/SOURCES.txt'
[0.624s] adding license file 'LICENSE'
[0.624s] writing manifest file '../../build/demo_python_pkg/demo_python_pkg.egg-info/SOURCES.txt'
[0.625s] running build
[0.625s] running build_py
[0.625s] running install
[0.625s] running install_lib
[0.626s] running install_data
[0.626s] running install_egg_info
[0.627s] removing '/home/cofallen/Code/ros2/cp2_node/cp2_ws/install/demo_python_pkg/lib/python3.10/site-packages/demo_python_pkg-0.0.0-py3.10.egg-info' (and everything under it)
[0.627s] Copying ../../build/demo_python_pkg/demo_python_pkg.egg-info to /home/cofallen/Code/ros2/cp2_node/cp2_ws/install/demo_python_pkg/lib/python3.10/site-packages/demo_python_pkg-0.0.0-py3.10.egg-info
[0.629s] running install_scripts
[0.645s] Installing learn_thread script to /home/cofallen/Code/ros2/cp2_node/cp2_ws/install/demo_python_pkg/lib/demo_python_pkg
[0.645s] Installing person_node script to /home/cofallen/Code/ros2/cp2_node/cp2_ws/install/demo_python_pkg/lib/demo_python_pkg
[0.645s] Installing python_node script to /home/cofallen/Code/ros2/cp2_node/cp2_ws/install/demo_python_pkg/lib/demo_python_pkg
[0.645s] Installing writer_node script to /home/cofallen/Code/ros2/cp2_node/cp2_ws/install/demo_python_pkg/lib/demo_python_pkg
[0.645s] writing list of installed files to '/home/cofallen/Code/ros2/cp2_node/cp2_ws/build/demo_python_pkg/install.log'
[0.672s] Invoked command in '/home/cofallen/Code/ros2/cp2_node/cp2_ws/src/demo_python_pkg' returned '0': AMENT_PREFIX_PATH=/home/cofallen/Code/ros2/cp2_node/cp2_ws/install/demo_cpp_pkg:${AMENT_PREFIX_PATH} CMAKE_PREFIX_PATH=/home/cofallen/Code/ros2/cp2_node/cp2_ws/install/demo_cpp_pkg:${CMAKE_PREFIX_PATH} PYTHONPATH=/home/cofallen/Code/ros2/cp2_node/cp2_ws/build/demo_python_pkg/prefix_override:/home/cofallen/.local/lib/python3.10/site-packages/colcon_core/task/python/colcon_distutils_commands:/home/cofallen/Code/ros2/cp2_node/cp2_ws/install/demo_python_pkg/lib/python3.10/site-packages:${PYTHONPATH} /usr/bin/python3 -W ignore:setup.py install is deprecated -W ignore:easy_install command is deprecated setup.py egg_info --egg-base ../../build/demo_python_pkg build --build-base /home/cofallen/Code/ros2/cp2_node/cp2_ws/build/demo_python_pkg/build install --record /home/cofallen/Code/ros2/cp2_node/cp2_ws/build/demo_python_pkg/install.log --single-version-externally-managed install_data
