[0.090s] DEBUG:colcon:Command line arguments: ['/home/cofallen/.local/bin/colcon', 'build']
[0.090s] DEBUG:colcon:Parsed command line arguments: Namespace(log_base=None, log_level=None, verb_name='build', build_base='build', install_base='install', merge_install=False, symlink_install=False, test_result_base=None, continue_on_error=False, executor='parallel', parallel_workers=12, event_handlers=None, ignore_user_meta=False, metas=['./colcon.meta'], base_paths=['.'], packages_ignore=None, packages_ignore_regex=None, paths=None, packages_up_to=None, packages_up_to_regex=None, packages_above=None, packages_above_and_dependencies=None, packages_above_depth=None, packages_select_by_dep=None, packages_skip_by_dep=None, packages_skip_up_to=None, packages_select_build_failed=False, packages_skip_build_finished=False, packages_select_test_failures=False, packages_skip_test_passed=False, packages_select=None, packages_skip=None, packages_select_regex=None, packages_skip_regex=None, packages_start=None, packages_end=None, cmake_args=None, cmake_target=None, cmake_target_skip_unavailable=False, cmake_clean_cache=False, cmake_clean_first=False, cmake_force_configure=False, ament_cmake_args=None, catkin_cmake_args=None, catkin_skip_building_tests=False, verb_parser=<colcon_defaults.argument_parser.defaults.DefaultArgumentsDecorator object at 0x75999a707850>, verb_extension=<colcon_core.verb.build.BuildVerb object at 0x75999a844b80>, main=<bound method BuildVerb.main of <colcon_core.verb.build.BuildVerb object at 0x75999a844b80>>)
[0.190s] Level 1:colcon.colcon_core.package_discovery:discover_packages(colcon_meta) check parameters
[0.191s] Level 1:colcon.colcon_core.package_discovery:discover_packages(recursive) check parameters
[0.191s] Level 1:colcon.colcon_core.package_discovery:discover_packages(ignore) check parameters
[0.191s] Level 1:colcon.colcon_core.package_discovery:discover_packages(path) check parameters
[0.191s] Level 1:colcon.colcon_core.package_discovery:discover_packages(colcon_meta) discover
[0.191s] Level 1:colcon.colcon_core.package_discovery:discover_packages(recursive) discover
[0.191s] INFO:colcon.colcon_core.package_discovery:Crawling recursively for packages in '/home/cofallen/Code/ros2/cp4_service/cp4_ws'
[0.191s] Level 1:colcon.colcon_core.package_identification:_identify(.) by extensions ['ignore', 'ignore_ament_install']
[0.191s] Level 1:colcon.colcon_core.package_identification:_identify(.) by extension 'ignore'
[0.191s] Level 1:colcon.colcon_core.package_identification:_identify(.) by extension 'ignore_ament_install'
[0.191s] Level 1:colcon.colcon_core.package_identification:_identify(.) by extensions ['colcon_pkg']
[0.191s] Level 1:colcon.colcon_core.package_identification:_identify(.) by extension 'colcon_pkg'
[0.191s] Level 1:colcon.colcon_core.package_identification:_identify(.) by extensions ['colcon_meta']
[0.191s] Level 1:colcon.colcon_core.package_identification:_identify(.) by extension 'colcon_meta'
[0.191s] Level 1:colcon.colcon_core.package_identification:_identify(.) by extensions ['ros']
[0.191s] Level 1:colcon.colcon_core.package_identification:_identify(.) by extension 'ros'
[0.198s] Level 1:colcon.colcon_core.package_identification:_identify(.) by extensions ['cmake', 'python']
[0.199s] Level 1:colcon.colcon_core.package_identification:_identify(.) by extension 'cmake'
[0.199s] Level 1:colcon.colcon_core.package_identification:_identify(.) by extension 'python'
[0.199s] Level 1:colcon.colcon_core.package_identification:_identify(.) by extensions ['python_setup_py']
[0.199s] Level 1:colcon.colcon_core.package_identification:_identify(.) by extension 'python_setup_py'
[0.199s] Level 1:colcon.colcon_core.package_identification:_identify(build) by extensions ['ignore', 'ignore_ament_install']
[0.199s] Level 1:colcon.colcon_core.package_identification:_identify(build) by extension 'ignore'
[0.199s] Level 1:colcon.colcon_core.package_identification:_identify(build) ignored
[0.199s] Level 1:colcon.colcon_core.package_identification:_identify(install) by extensions ['ignore', 'ignore_ament_install']
[0.199s] Level 1:colcon.colcon_core.package_identification:_identify(install) by extension 'ignore'
[0.199s] Level 1:colcon.colcon_core.package_identification:_identify(install) ignored
[0.199s] Level 1:colcon.colcon_core.package_identification:_identify(log) by extensions ['ignore', 'ignore_ament_install']
[0.199s] Level 1:colcon.colcon_core.package_identification:_identify(log) by extension 'ignore'
[0.199s] Level 1:colcon.colcon_core.package_identification:_identify(log) ignored
[0.199s] Level 1:colcon.colcon_core.package_identification:_identify(src) by extensions ['ignore', 'ignore_ament_install']
[0.199s] Level 1:colcon.colcon_core.package_identification:_identify(src) by extension 'ignore'
[0.199s] Level 1:colcon.colcon_core.package_identification:_identify(src) by extension 'ignore_ament_install'
[0.199s] Level 1:colcon.colcon_core.package_identification:_identify(src) by extensions ['colcon_pkg']
[0.199s] Level 1:colcon.colcon_core.package_identification:_identify(src) by extension 'colcon_pkg'
[0.199s] Level 1:colcon.colcon_core.package_identification:_identify(src) by extensions ['colcon_meta']
[0.199s] Level 1:colcon.colcon_core.package_identification:_identify(src) by extension 'colcon_meta'
[0.199s] Level 1:colcon.colcon_core.package_identification:_identify(src) by extensions ['ros']
[0.199s] Level 1:colcon.colcon_core.package_identification:_identify(src) by extension 'ros'
[0.199s] Level 1:colcon.colcon_core.package_identification:_identify(src) by extensions ['cmake', 'python']
[0.199s] Level 1:colcon.colcon_core.package_identification:_identify(src) by extension 'cmake'
[0.200s] Level 1:colcon.colcon_core.package_identification:_identify(src) by extension 'python'
[0.200s] Level 1:colcon.colcon_core.package_identification:_identify(src) by extensions ['python_setup_py']
[0.200s] Level 1:colcon.colcon_core.package_identification:_identify(src) by extension 'python_setup_py'
[0.200s] Level 1:colcon.colcon_core.package_identification:_identify(src/chap4_interface) by extensions ['ignore', 'ignore_ament_install']
[0.200s] Level 1:colcon.colcon_core.package_identification:_identify(src/chap4_interface) by extension 'ignore'
[0.200s] Level 1:colcon.colcon_core.package_identification:_identify(src/chap4_interface) by extension 'ignore_ament_install'
[0.200s] Level 1:colcon.colcon_core.package_identification:_identify(src/chap4_interface) by extensions ['colcon_pkg']
[0.200s] Level 1:colcon.colcon_core.package_identification:_identify(src/chap4_interface) by extension 'colcon_pkg'
[0.200s] Level 1:colcon.colcon_core.package_identification:_identify(src/chap4_interface) by extensions ['colcon_meta']
[0.200s] Level 1:colcon.colcon_core.package_identification:_identify(src/chap4_interface) by extension 'colcon_meta'
[0.200s] Level 1:colcon.colcon_core.package_identification:_identify(src/chap4_interface) by extensions ['ros']
[0.200s] Level 1:colcon.colcon_core.package_identification:_identify(src/chap4_interface) by extension 'ros'
[0.201s] DEBUG:colcon.colcon_core.package_identification:Package 'src/chap4_interface' with type 'ros.ament_cmake' and name 'chap4_interface'
[0.201s] Level 1:colcon.colcon_core.package_discovery:discover_packages(recursive) using defaults
[0.202s] Level 1:colcon.colcon_core.package_discovery:discover_packages(ignore) discover
[0.202s] Level 1:colcon.colcon_core.package_discovery:discover_packages(ignore) using defaults
[0.202s] Level 1:colcon.colcon_core.package_discovery:discover_packages(path) discover
[0.202s] Level 1:colcon.colcon_core.package_discovery:discover_packages(path) using defaults
[0.215s] Level 5:colcon.colcon_core.verb:set package 'chap4_interface' build argument 'cmake_args' from command line to 'None'
[0.215s] Level 5:colcon.colcon_core.verb:set package 'chap4_interface' build argument 'cmake_target' from command line to 'None'
[0.215s] Level 5:colcon.colcon_core.verb:set package 'chap4_interface' build argument 'cmake_target_skip_unavailable' from command line to 'False'
[0.215s] Level 5:colcon.colcon_core.verb:set package 'chap4_interface' build argument 'cmake_clean_cache' from command line to 'False'
[0.215s] Level 5:colcon.colcon_core.verb:set package 'chap4_interface' build argument 'cmake_clean_first' from command line to 'False'
[0.215s] Level 5:colcon.colcon_core.verb:set package 'chap4_interface' build argument 'cmake_force_configure' from command line to 'False'
[0.215s] Level 5:colcon.colcon_core.verb:set package 'chap4_interface' build argument 'ament_cmake_args' from command line to 'None'
[0.215s] Level 5:colcon.colcon_core.verb:set package 'chap4_interface' build argument 'catkin_cmake_args' from command line to 'None'
[0.215s] Level 5:colcon.colcon_core.verb:set package 'chap4_interface' build argument 'catkin_skip_building_tests' from command line to 'False'
[0.215s] DEBUG:colcon.colcon_core.verb:Building package 'chap4_interface' with the following arguments: {'ament_cmake_args': None, 'build_base': '/home/cofallen/Code/ros2/cp4_service/cp4_ws/build/chap4_interface', 'catkin_cmake_args': None, 'catkin_skip_building_tests': False, 'cmake_args': None, 'cmake_clean_cache': False, 'cmake_clean_first': False, 'cmake_force_configure': False, 'cmake_target': None, 'cmake_target_skip_unavailable': False, 'install_base': '/home/cofallen/Code/ros2/cp4_service/cp4_ws/install/chap4_interface', 'merge_install': False, 'path': '/home/cofallen/Code/ros2/cp4_service/cp4_ws/src/chap4_interface', 'symlink_install': False, 'test_result_base': None}
[0.216s] INFO:colcon.colcon_core.executor:Executing jobs using 'parallel' executor
[0.216s] DEBUG:colcon.colcon_parallel_executor.executor.parallel:run_until_complete
[0.216s] INFO:colcon.colcon_ros.task.ament_cmake.build:Building ROS package in '/home/cofallen/Code/ros2/cp4_service/cp4_ws/src/chap4_interface' with build type 'ament_cmake'
[0.217s] INFO:colcon.colcon_cmake.task.cmake.build:Building CMake package in '/home/cofallen/Code/ros2/cp4_service/cp4_ws/src/chap4_interface'
[0.218s] INFO:colcon.colcon_core.plugin_system:Skipping extension 'colcon_core.shell.bat': Not used on non-Windows systems
[0.218s] INFO:colcon.colcon_core.shell:Skip shell extension 'powershell' for command environment: Not usable outside of PowerShell
[0.218s] DEBUG:colcon.colcon_core.shell:Skip shell extension 'dsv' for command environment
[0.226s] DEBUG:colcon.colcon_core.event_handler.log_command:Invoking command in '/home/cofallen/Code/ros2/cp4_service/cp4_ws/build/chap4_interface': CMAKE_PREFIX_PATH=/opt/ros/humble /usr/bin/cmake /home/cofallen/Code/ros2/cp4_service/cp4_ws/src/chap4_interface -DCMAKE_INSTALL_PREFIX=/home/cofallen/Code/ros2/cp4_service/cp4_ws/install/chap4_interface
[0.558s] DEBUG:colcon.colcon_core.event_handler.log_command:Invoked command in '/home/cofallen/Code/ros2/cp4_service/cp4_ws/build/chap4_interface' returned '1': CMAKE_PREFIX_PATH=/opt/ros/humble /usr/bin/cmake /home/cofallen/Code/ros2/cp4_service/cp4_ws/src/chap4_interface -DCMAKE_INSTALL_PREFIX=/home/cofallen/Code/ros2/cp4_service/cp4_ws/install/chap4_interface
[0.569s] Level 1:colcon.colcon_core.environment:create_environment_scripts_only(chap4_interface)
[0.571s] Level 1:colcon.colcon_core.environment:checking '/home/cofallen/Code/ros2/cp4_service/cp4_ws/install/chap4_interface' for CMake module files
[0.571s] Level 1:colcon.colcon_core.environment:checking '/home/cofallen/Code/ros2/cp4_service/cp4_ws/install/chap4_interface' for CMake config files
[0.572s] Level 1:colcon.colcon_core.environment:checking '/home/cofallen/Code/ros2/cp4_service/cp4_ws/install/chap4_interface/bin'
[0.572s] Level 1:colcon.colcon_core.environment:checking '/home/cofallen/Code/ros2/cp4_service/cp4_ws/install/chap4_interface/lib/pkgconfig/chap4_interface.pc'
[0.574s] Level 1:colcon.colcon_core.environment:checking '/home/cofallen/Code/ros2/cp4_service/cp4_ws/install/chap4_interface/lib/python3.10/site-packages'
[0.574s] Level 1:colcon.colcon_core.environment:checking '/home/cofallen/Code/ros2/cp4_service/cp4_ws/install/chap4_interface/bin'
[0.574s] INFO:colcon.colcon_core.shell:Creating package script '/home/cofallen/Code/ros2/cp4_service/cp4_ws/install/chap4_interface/share/chap4_interface/package.ps1'
[0.575s] INFO:colcon.colcon_core.shell:Creating package descriptor '/home/cofallen/Code/ros2/cp4_service/cp4_ws/install/chap4_interface/share/chap4_interface/package.dsv'
[0.576s] INFO:colcon.colcon_core.shell:Creating package script '/home/cofallen/Code/ros2/cp4_service/cp4_ws/install/chap4_interface/share/chap4_interface/package.sh'
[0.576s] INFO:colcon.colcon_core.shell:Creating package script '/home/cofallen/Code/ros2/cp4_service/cp4_ws/install/chap4_interface/share/chap4_interface/package.bash'
[0.576s] INFO:colcon.colcon_core.shell:Creating package script '/home/cofallen/Code/ros2/cp4_service/cp4_ws/install/chap4_interface/share/chap4_interface/package.zsh'
[0.577s] Level 1:colcon.colcon_core.environment:create_file_with_runtime_dependencies(/home/cofallen/Code/ros2/cp4_service/cp4_ws/install/chap4_interface/share/colcon-core/packages/chap4_interface)
[0.587s] DEBUG:colcon.colcon_parallel_executor.executor.parallel:closing loop
[0.587s] DEBUG:colcon.colcon_parallel_executor.executor.parallel:loop closed
[0.587s] DEBUG:colcon.colcon_parallel_executor.executor.parallel:run_until_complete finished with '1'
[0.587s] DEBUG:colcon.colcon_core.event_reactor:joining thread
[0.591s] INFO:colcon.colcon_core.plugin_system:Skipping extension 'colcon_notification.desktop_notification.terminal_notifier': Not used on non-Darwin systems
[0.592s] INFO:colcon.colcon_core.plugin_system:Skipping extension 'colcon_notification.desktop_notification.win32': Not used on non-Windows systems
[0.592s] INFO:colcon.colcon_notification.desktop_notification:Sending desktop notification using 'notify2'
[0.601s] DEBUG:colcon.colcon_core.event_reactor:joined thread
[0.601s] INFO:colcon.colcon_core.shell:Creating prefix script '/home/cofallen/Code/ros2/cp4_service/cp4_ws/install/local_setup.ps1'
[0.603s] INFO:colcon.colcon_core.shell:Creating prefix util module '/home/cofallen/Code/ros2/cp4_service/cp4_ws/install/_local_setup_util_ps1.py'
[0.603s] INFO:colcon.colcon_core.shell:Creating prefix chain script '/home/cofallen/Code/ros2/cp4_service/cp4_ws/install/setup.ps1'
[0.604s] INFO:colcon.colcon_core.shell:Creating prefix script '/home/cofallen/Code/ros2/cp4_service/cp4_ws/install/local_setup.sh'
[0.605s] INFO:colcon.colcon_core.shell:Creating prefix util module '/home/cofallen/Code/ros2/cp4_service/cp4_ws/install/_local_setup_util_sh.py'
[0.605s] INFO:colcon.colcon_core.shell:Creating prefix chain script '/home/cofallen/Code/ros2/cp4_service/cp4_ws/install/setup.sh'
[0.606s] INFO:colcon.colcon_core.shell:Creating prefix script '/home/cofallen/Code/ros2/cp4_service/cp4_ws/install/local_setup.bash'
[0.606s] INFO:colcon.colcon_core.shell:Creating prefix chain script '/home/cofallen/Code/ros2/cp4_service/cp4_ws/install/setup.bash'
[0.607s] INFO:colcon.colcon_core.shell:Creating prefix script '/home/cofallen/Code/ros2/cp4_service/cp4_ws/install/local_setup.zsh'
[0.607s] INFO:colcon.colcon_core.shell:Creating prefix chain script '/home/cofallen/Code/ros2/cp4_service/cp4_ws/install/setup.zsh'
