[0.009s] Invoking command in '/home/cofallen/Code/ros2/cp2_node/cp2_ws/build/demo_cpp_pkg': CMAKE_PREFIX_PATH=${CMAKE_PREFIX_PATH}:/home/cofallen/Code/ros2/cp2_node/cp2_ws/install/demo_python_pkg:/opt/ros/humble /usr/bin/cmake --build /home/cofallen/Code/ros2/cp2_node/cp2_ws/build/demo_cpp_pkg -- -j12 -l12
[0.047s] [35m[1mConsolidate compiler generated dependencies of target learn_lambda[0m
[0.057s] [ 20%] Built target learn_shared_ptr
[0.057s] [ 70%] Built target person_node
[0.057s] [ 70%] [32mBuilding CXX object CMakeFiles/learn_lambda.dir/src/learn_lambda.cpp.o[0m
[0.057s] [ 70%] Built target cpp_node
[0.057s] [ 90%] Built target learn_auto
[0.363s] [100%] [32m[1mLinking CXX executable learn_lambda[0m
[0.449s] [100%] Built target learn_lambda
[0.460s] Invoked command in '/home/cofallen/Code/ros2/cp2_node/cp2_ws/build/demo_cpp_pkg' returned '0': CMAKE_PREFIX_PATH=${CMAKE_PREFIX_PATH}:/home/cofallen/Code/ros2/cp2_node/cp2_ws/install/demo_python_pkg:/opt/ros/humble /usr/bin/cmake --build /home/cofallen/Code/ros2/cp2_node/cp2_ws/build/demo_cpp_pkg -- -j12 -l12
[0.473s] Invoking command in '/home/cofallen/Code/ros2/cp2_node/cp2_ws/build/demo_cpp_pkg': CMAKE_PREFIX_PATH=${CMAKE_PREFIX_PATH}:/home/cofallen/Code/ros2/cp2_node/cp2_ws/install/demo_python_pkg:/opt/ros/humble /usr/bin/cmake --install /home/cofallen/Code/ros2/cp2_node/cp2_ws/build/demo_cpp_pkg
[0.481s] -- Install configuration: ""
[0.482s] -- Up-to-date: /home/cofallen/Code/ros2/cp2_node/cp2_ws/install/demo_cpp_pkg/lib/demo_cpp_pkg/cpp_node
[0.482s] -- Up-to-date: /home/cofallen/Code/ros2/cp2_node/cp2_ws/install/demo_cpp_pkg/lib/demo_cpp_pkg/person_node
[0.482s] -- Up-to-date: /home/cofallen/Code/ros2/cp2_node/cp2_ws/install/demo_cpp_pkg/lib/demo_cpp_pkg/learn_auto
[0.482s] -- Up-to-date: /home/cofallen/Code/ros2/cp2_node/cp2_ws/install/demo_cpp_pkg/lib/demo_cpp_pkg/learn_shared_ptr
[0.483s] -- Installing: /home/cofallen/Code/ros2/cp2_node/cp2_ws/install/demo_cpp_pkg/lib/demo_cpp_pkg/learn_lambda
[0.483s] -- Set runtime path of "/home/cofallen/Code/ros2/cp2_node/cp2_ws/install/demo_cpp_pkg/lib/demo_cpp_pkg/learn_lambda" to ""
[0.483s] -- Up-to-date: /home/cofallen/Code/ros2/cp2_node/cp2_ws/install/demo_cpp_pkg/share/ament_index/resource_index/package_run_dependencies/demo_cpp_pkg
[0.483s] -- Up-to-date: /home/cofallen/Code/ros2/cp2_node/cp2_ws/install/demo_cpp_pkg/share/ament_index/resource_index/parent_prefix_path/demo_cpp_pkg
[0.484s] -- Up-to-date: /home/cofallen/Code/ros2/cp2_node/cp2_ws/install/demo_cpp_pkg/share/demo_cpp_pkg/environment/ament_prefix_path.sh
[0.484s] -- Up-to-date: /home/cofallen/Code/ros2/cp2_node/cp2_ws/install/demo_cpp_pkg/share/demo_cpp_pkg/environment/ament_prefix_path.dsv
[0.484s] -- Up-to-date: /home/cofallen/Code/ros2/cp2_node/cp2_ws/install/demo_cpp_pkg/share/demo_cpp_pkg/environment/path.sh
[0.484s] -- Up-to-date: /home/cofallen/Code/ros2/cp2_node/cp2_ws/install/demo_cpp_pkg/share/demo_cpp_pkg/environment/path.dsv
[0.484s] -- Up-to-date: /home/cofallen/Code/ros2/cp2_node/cp2_ws/install/demo_cpp_pkg/share/demo_cpp_pkg/local_setup.bash
[0.484s] -- Up-to-date: /home/cofallen/Code/ros2/cp2_node/cp2_ws/install/demo_cpp_pkg/share/demo_cpp_pkg/local_setup.sh
[0.484s] -- Up-to-date: /home/cofallen/Code/ros2/cp2_node/cp2_ws/install/demo_cpp_pkg/share/demo_cpp_pkg/local_setup.zsh
[0.484s] -- Up-to-date: /home/cofallen/Code/ros2/cp2_node/cp2_ws/install/demo_cpp_pkg/share/demo_cpp_pkg/local_setup.dsv
[0.484s] -- Up-to-date: /home/cofallen/Code/ros2/cp2_node/cp2_ws/install/demo_cpp_pkg/share/demo_cpp_pkg/package.dsv
[0.484s] -- Up-to-date: /home/cofallen/Code/ros2/cp2_node/cp2_ws/install/demo_cpp_pkg/share/ament_index/resource_index/packages/demo_cpp_pkg
[0.484s] -- Up-to-date: /home/cofallen/Code/ros2/cp2_node/cp2_ws/install/demo_cpp_pkg/share/demo_cpp_pkg/cmake/demo_cpp_pkgConfig.cmake
[0.484s] -- Up-to-date: /home/cofallen/Code/ros2/cp2_node/cp2_ws/install/demo_cpp_pkg/share/demo_cpp_pkg/cmake/demo_cpp_pkgConfig-version.cmake
[0.484s] -- Up-to-date: /home/cofallen/Code/ros2/cp2_node/cp2_ws/install/demo_cpp_pkg/share/demo_cpp_pkg/package.xml
[0.491s] Invoked command in '/home/cofallen/Code/ros2/cp2_node/cp2_ws/build/demo_cpp_pkg' returned '0': CMAKE_PREFIX_PATH=${CMAKE_PREFIX_PATH}:/home/cofallen/Code/ros2/cp2_node/cp2_ws/install/demo_python_pkg:/opt/ros/humble /usr/bin/cmake --install /home/cofallen/Code/ros2/cp2_node/cp2_ws/build/demo_cpp_pkg
