[0.477s] Invoking command in '/home/cofallen/Code/ros2/cp4_service/cp4_ws/src/demo_python_service': AMENT_PREFIX_PATH=/home/cofallen/Code/ros2/cp4_service/cp4_ws/install/chap4_interface:${AMENT_PREFIX_PATH} CMAKE_PREFIX_PATH=/home/cofallen/Code/ros2/cp4_service/cp4_ws/install/chap4_interface LD_LIBRARY_PATH=/home/cofallen/Code/ros2/cp4_service/cp4_ws/install/chap4_interface/lib:${LD_LIBRARY_PATH} PYTHONPATH=/home/cofallen/Code/ros2/cp4_service/cp4_ws/build/demo_python_service/prefix_override:/home/cofallen/.local/lib/python3.10/site-packages/colcon_core/task/python/colcon_distutils_commands:/home/cofallen/Code/ros2/cp4_service/cp4_ws/install/demo_python_service/lib/python3.10/site-packages:/home/cofallen/Code/ros2/cp4_service/cp4_ws/install/chap4_interface/local/lib/python3.10/dist-packages:${PYTHONPATH} /usr/bin/python3 -W ignore:setup.py install is deprecated -W ignore:easy_install command is deprecated setup.py egg_info --egg-base ../../build/demo_python_service build --build-base /home/cofallen/Code/ros2/cp4_service/cp4_ws/build/demo_python_service/build install --record /home/cofallen/Code/ros2/cp4_service/cp4_ws/build/demo_python_service/install.log --single-version-externally-managed install_data
[0.640s] running egg_info
[0.641s] creating ../../build/demo_python_service/demo_python_service.egg-info
[0.641s] writing ../../build/demo_python_service/demo_python_service.egg-info/PKG-INFO
[0.641s] writing dependency_links to ../../build/demo_python_service/demo_python_service.egg-info/dependency_links.txt
[0.641s] writing entry points to ../../build/demo_python_service/demo_python_service.egg-info/entry_points.txt
[0.641s] writing requirements to ../../build/demo_python_service/demo_python_service.egg-info/requires.txt
[0.641s] writing top-level names to ../../build/demo_python_service/demo_python_service.egg-info/top_level.txt
[0.642s] writing manifest file '../../build/demo_python_service/demo_python_service.egg-info/SOURCES.txt'
[0.642s] reading manifest file '../../build/demo_python_service/demo_python_service.egg-info/SOURCES.txt'
[0.642s] adding license file 'LICENSE'
[0.643s] writing manifest file '../../build/demo_python_service/demo_python_service.egg-info/SOURCES.txt'
[0.643s] running build
[0.643s] running build_py
[0.643s] creating /home/cofallen/Code/ros2/cp4_service/cp4_ws/build/demo_python_service/build
[0.643s] creating /home/cofallen/Code/ros2/cp4_service/cp4_ws/build/demo_python_service/build/lib
[0.643s] creating /home/cofallen/Code/ros2/cp4_service/cp4_ws/build/demo_python_service/build/lib/demo_python_service
[0.643s] copying demo_python_service/__init__.py -> /home/cofallen/Code/ros2/cp4_service/cp4_ws/build/demo_python_service/build/lib/demo_python_service
[0.643s] running install
[0.643s] running install_lib
[0.644s] creating /home/cofallen/Code/ros2/cp4_service/cp4_ws/install/demo_python_service/lib/python3.10/site-packages/demo_python_service
[0.644s] copying /home/cofallen/Code/ros2/cp4_service/cp4_ws/build/demo_python_service/build/lib/demo_python_service/__init__.py -> /home/cofallen/Code/ros2/cp4_service/cp4_ws/install/demo_python_service/lib/python3.10/site-packages/demo_python_service
[0.644s] byte-compiling /home/cofallen/Code/ros2/cp4_service/cp4_ws/install/demo_python_service/lib/python3.10/site-packages/demo_python_service/__init__.py to __init__.cpython-310.pyc
[0.645s] running install_data
[0.645s] creating /home/cofallen/Code/ros2/cp4_service/cp4_ws/install/demo_python_service/share/ament_index
[0.645s] creating /home/cofallen/Code/ros2/cp4_service/cp4_ws/install/demo_python_service/share/ament_index/resource_index
[0.645s] creating /home/cofallen/Code/ros2/cp4_service/cp4_ws/install/demo_python_service/share/ament_index/resource_index/packages
[0.645s] copying resource/demo_python_service -> /home/cofallen/Code/ros2/cp4_service/cp4_ws/install/demo_python_service/share/ament_index/resource_index/packages
[0.645s] copying package.xml -> /home/cofallen/Code/ros2/cp4_service/cp4_ws/install/demo_python_service/share/demo_python_service
[0.645s] creating /home/cofallen/Code/ros2/cp4_service/cp4_ws/install/demo_python_service/share/demo_python_service/resource
[0.645s] copying resource/default.jpeg -> /home/cofallen/Code/ros2/cp4_service/cp4_ws/install/demo_python_service/share/demo_python_service/resource
[0.645s] running install_egg_info
[0.647s] Copying ../../build/demo_python_service/demo_python_service.egg-info to /home/cofallen/Code/ros2/cp4_service/cp4_ws/install/demo_python_service/lib/python3.10/site-packages/demo_python_service-0.0.0-py3.10.egg-info
[0.647s] running install_scripts
[0.662s] writing list of installed files to '/home/cofallen/Code/ros2/cp4_service/cp4_ws/build/demo_python_service/install.log'
[0.681s] Invoked command in '/home/cofallen/Code/ros2/cp4_service/cp4_ws/src/demo_python_service' returned '0': AMENT_PREFIX_PATH=/home/cofallen/Code/ros2/cp4_service/cp4_ws/install/chap4_interface:${AMENT_PREFIX_PATH} CMAKE_PREFIX_PATH=/home/cofallen/Code/ros2/cp4_service/cp4_ws/install/chap4_interface LD_LIBRARY_PATH=/home/cofallen/Code/ros2/cp4_service/cp4_ws/install/chap4_interface/lib:${LD_LIBRARY_PATH} PYTHONPATH=/home/cofallen/Code/ros2/cp4_service/cp4_ws/build/demo_python_service/prefix_override:/home/cofallen/.local/lib/python3.10/site-packages/colcon_core/task/python/colcon_distutils_commands:/home/cofallen/Code/ros2/cp4_service/cp4_ws/install/demo_python_service/lib/python3.10/site-packages:/home/cofallen/Code/ros2/cp4_service/cp4_ws/install/chap4_interface/local/lib/python3.10/dist-packages:${PYTHONPATH} /usr/bin/python3 -W ignore:setup.py install is deprecated -W ignore:easy_install command is deprecated setup.py egg_info --egg-base ../../build/demo_python_service build --build-base /home/cofallen/Code/ros2/cp4_service/cp4_ws/build/demo_python_service/build install --record /home/cofallen/Code/ros2/cp4_service/cp4_ws/build/demo_python_service/install.log --single-version-externally-managed install_data
