[0.139s] DEBUG:colcon:Command line arguments: ['/home/cofallen/.local/bin/colcon', 'build']
[0.139s] DEBUG:colcon:Parsed command line arguments: Namespace(log_base=None, log_level=None, verb_name='build', build_base='build', install_base='install', merge_install=False, symlink_install=False, test_result_base=None, continue_on_error=False, executor='parallel', parallel_workers=12, event_handlers=None, ignore_user_meta=False, metas=['./colcon.meta'], base_paths=['.'], packages_ignore=None, packages_ignore_regex=None, paths=None, packages_up_to=None, packages_up_to_regex=None, packages_above=None, packages_above_and_dependencies=None, packages_above_depth=None, packages_select_by_dep=None, packages_skip_by_dep=None, packages_skip_up_to=None, packages_select_build_failed=False, packages_skip_build_finished=False, packages_select_test_failures=False, packages_skip_test_passed=False, packages_select=None, packages_skip=None, packages_select_regex=None, packages_skip_regex=None, packages_start=None, packages_end=None, cmake_args=None, cmake_target=None, cmake_target_skip_unavailable=False, cmake_clean_cache=False, cmake_clean_first=False, cmake_force_configure=False, ament_cmake_args=None, catkin_cmake_args=None, catkin_skip_building_tests=False, verb_parser=<colcon_defaults.argument_parser.defaults.DefaultArgumentsDecorator object at 0x77644ad1bbb0>, verb_extension=<colcon_core.verb.build.BuildVerb object at 0x77644ae61000>, main=<bound method BuildVerb.main of <colcon_core.verb.build.BuildVerb object at 0x77644ae61000>>)
[0.242s] Level 1:colcon.colcon_core.package_discovery:discover_packages(colcon_meta) check parameters
[0.243s] Level 1:colcon.colcon_core.package_discovery:discover_packages(recursive) check parameters
[0.243s] Level 1:colcon.colcon_core.package_discovery:discover_packages(ignore) check parameters
[0.243s] Level 1:colcon.colcon_core.package_discovery:discover_packages(path) check parameters
[0.243s] Level 1:colcon.colcon_core.package_discovery:discover_packages(colcon_meta) discover
[0.243s] Level 1:colcon.colcon_core.package_discovery:discover_packages(recursive) discover
[0.243s] INFO:colcon.colcon_core.package_discovery:Crawling recursively for packages in '/home/cofallen/Code/ros2/cp2_node/node'
[0.243s] Level 1:colcon.colcon_core.package_identification:_identify(.) by extensions ['ignore', 'ignore_ament_install']
[0.243s] Level 1:colcon.colcon_core.package_identification:_identify(.) by extension 'ignore'
[0.243s] Level 1:colcon.colcon_core.package_identification:_identify(.) by extension 'ignore_ament_install'
[0.243s] Level 1:colcon.colcon_core.package_identification:_identify(.) by extensions ['colcon_pkg']
[0.243s] Level 1:colcon.colcon_core.package_identification:_identify(.) by extension 'colcon_pkg'
[0.243s] Level 1:colcon.colcon_core.package_identification:_identify(.) by extensions ['colcon_meta']
[0.243s] Level 1:colcon.colcon_core.package_identification:_identify(.) by extension 'colcon_meta'
[0.243s] Level 1:colcon.colcon_core.package_identification:_identify(.) by extensions ['ros']
[0.243s] Level 1:colcon.colcon_core.package_identification:_identify(.) by extension 'ros'
[0.250s] Level 1:colcon.colcon_core.package_identification:_identify(.) by extensions ['cmake', 'python']
[0.251s] Level 1:colcon.colcon_core.package_identification:_identify(.) by extension 'cmake'
[0.251s] Level 1:colcon.colcon_core.package_identification:_identify(.) by extension 'python'
[0.251s] Level 1:colcon.colcon_core.package_identification:_identify(.) by extensions ['python_setup_py']
[0.251s] Level 1:colcon.colcon_core.package_identification:_identify(.) by extension 'python_setup_py'
[0.251s] Level 1:colcon.colcon_core.package_identification:_identify(build) by extensions ['ignore', 'ignore_ament_install']
[0.251s] Level 1:colcon.colcon_core.package_identification:_identify(build) by extension 'ignore'
[0.251s] Level 1:colcon.colcon_core.package_identification:_identify(build) ignored
[0.251s] Level 1:colcon.colcon_core.package_identification:_identify(cmake) by extensions ['ignore', 'ignore_ament_install']
[0.251s] Level 1:colcon.colcon_core.package_identification:_identify(cmake) by extension 'ignore'
[0.251s] Level 1:colcon.colcon_core.package_identification:_identify(cmake) by extension 'ignore_ament_install'
[0.251s] Level 1:colcon.colcon_core.package_identification:_identify(cmake) by extensions ['colcon_pkg']
[0.251s] Level 1:colcon.colcon_core.package_identification:_identify(cmake) by extension 'colcon_pkg'
[0.251s] Level 1:colcon.colcon_core.package_identification:_identify(cmake) by extensions ['colcon_meta']
[0.251s] Level 1:colcon.colcon_core.package_identification:_identify(cmake) by extension 'colcon_meta'
[0.251s] Level 1:colcon.colcon_core.package_identification:_identify(cmake) by extensions ['ros']
[0.251s] Level 1:colcon.colcon_core.package_identification:_identify(cmake) by extension 'ros'
[0.251s] Level 1:colcon.colcon_core.package_identification:_identify(cmake) by extensions ['cmake', 'python']
[0.251s] Level 1:colcon.colcon_core.package_identification:_identify(cmake) by extension 'cmake'
[0.251s] Level 1:colcon.colcon_core.package_identification:_identify(cmake) by extension 'python'
[0.251s] Level 1:colcon.colcon_core.package_identification:_identify(cmake) by extensions ['python_setup_py']
[0.251s] Level 1:colcon.colcon_core.package_identification:_identify(cmake) by extension 'python_setup_py'
[0.251s] Level 1:colcon.colcon_core.package_identification:_identify(cmake/CMakeFiles) by extensions ['ignore', 'ignore_ament_install']
[0.251s] Level 1:colcon.colcon_core.package_identification:_identify(cmake/CMakeFiles) by extension 'ignore'
[0.251s] Level 1:colcon.colcon_core.package_identification:_identify(cmake/CMakeFiles) by extension 'ignore_ament_install'
[0.251s] Level 1:colcon.colcon_core.package_identification:_identify(cmake/CMakeFiles) by extensions ['colcon_pkg']
[0.252s] Level 1:colcon.colcon_core.package_identification:_identify(cmake/CMakeFiles) by extension 'colcon_pkg'
[0.252s] Level 1:colcon.colcon_core.package_identification:_identify(cmake/CMakeFiles) by extensions ['colcon_meta']
[0.252s] Level 1:colcon.colcon_core.package_identification:_identify(cmake/CMakeFiles) by extension 'colcon_meta'
[0.252s] Level 1:colcon.colcon_core.package_identification:_identify(cmake/CMakeFiles) by extensions ['ros']
[0.252s] Level 1:colcon.colcon_core.package_identification:_identify(cmake/CMakeFiles) by extension 'ros'
[0.252s] Level 1:colcon.colcon_core.package_identification:_identify(cmake/CMakeFiles) by extensions ['cmake', 'python']
[0.252s] Level 1:colcon.colcon_core.package_identification:_identify(cmake/CMakeFiles) by extension 'cmake'
[0.252s] Level 1:colcon.colcon_core.package_identification:_identify(cmake/CMakeFiles) by extension 'python'
[0.252s] Level 1:colcon.colcon_core.package_identification:_identify(cmake/CMakeFiles) by extensions ['python_setup_py']
[0.252s] Level 1:colcon.colcon_core.package_identification:_identify(cmake/CMakeFiles) by extension 'python_setup_py'
[0.252s] Level 1:colcon.colcon_core.package_identification:_identify(cmake/CMakeFiles/3.22.1) by extensions ['ignore', 'ignore_ament_install']
[0.252s] Level 1:colcon.colcon_core.package_identification:_identify(cmake/CMakeFiles/3.22.1) by extension 'ignore'
[0.252s] Level 1:colcon.colcon_core.package_identification:_identify(cmake/CMakeFiles/3.22.1) by extension 'ignore_ament_install'
[0.252s] Level 1:colcon.colcon_core.package_identification:_identify(cmake/CMakeFiles/3.22.1) by extensions ['colcon_pkg']
[0.252s] Level 1:colcon.colcon_core.package_identification:_identify(cmake/CMakeFiles/3.22.1) by extension 'colcon_pkg'
[0.252s] Level 1:colcon.colcon_core.package_identification:_identify(cmake/CMakeFiles/3.22.1) by extensions ['colcon_meta']
[0.252s] Level 1:colcon.colcon_core.package_identification:_identify(cmake/CMakeFiles/3.22.1) by extension 'colcon_meta'
[0.252s] Level 1:colcon.colcon_core.package_identification:_identify(cmake/CMakeFiles/3.22.1) by extensions ['ros']
[0.252s] Level 1:colcon.colcon_core.package_identification:_identify(cmake/CMakeFiles/3.22.1) by extension 'ros'
[0.252s] Level 1:colcon.colcon_core.package_identification:_identify(cmake/CMakeFiles/3.22.1) by extensions ['cmake', 'python']
[0.252s] Level 1:colcon.colcon_core.package_identification:_identify(cmake/CMakeFiles/3.22.1) by extension 'cmake'
[0.252s] Level 1:colcon.colcon_core.package_identification:_identify(cmake/CMakeFiles/3.22.1) by extension 'python'
[0.252s] Level 1:colcon.colcon_core.package_identification:_identify(cmake/CMakeFiles/3.22.1) by extensions ['python_setup_py']
[0.252s] Level 1:colcon.colcon_core.package_identification:_identify(cmake/CMakeFiles/3.22.1) by extension 'python_setup_py'
[0.252s] Level 1:colcon.colcon_core.package_identification:_identify(cmake/CMakeFiles/3.22.1/CompilerIdC) by extensions ['ignore', 'ignore_ament_install']
[0.252s] Level 1:colcon.colcon_core.package_identification:_identify(cmake/CMakeFiles/3.22.1/CompilerIdC) by extension 'ignore'
[0.252s] Level 1:colcon.colcon_core.package_identification:_identify(cmake/CMakeFiles/3.22.1/CompilerIdC) by extension 'ignore_ament_install'
[0.252s] Level 1:colcon.colcon_core.package_identification:_identify(cmake/CMakeFiles/3.22.1/CompilerIdC) by extensions ['colcon_pkg']
[0.252s] Level 1:colcon.colcon_core.package_identification:_identify(cmake/CMakeFiles/3.22.1/CompilerIdC) by extension 'colcon_pkg'
[0.252s] Level 1:colcon.colcon_core.package_identification:_identify(cmake/CMakeFiles/3.22.1/CompilerIdC) by extensions ['colcon_meta']
[0.252s] Level 1:colcon.colcon_core.package_identification:_identify(cmake/CMakeFiles/3.22.1/CompilerIdC) by extension 'colcon_meta'
[0.252s] Level 1:colcon.colcon_core.package_identification:_identify(cmake/CMakeFiles/3.22.1/CompilerIdC) by extensions ['ros']
[0.253s] Level 1:colcon.colcon_core.package_identification:_identify(cmake/CMakeFiles/3.22.1/CompilerIdC) by extension 'ros'
[0.253s] Level 1:colcon.colcon_core.package_identification:_identify(cmake/CMakeFiles/3.22.1/CompilerIdC) by extensions ['cmake', 'python']
[0.253s] Level 1:colcon.colcon_core.package_identification:_identify(cmake/CMakeFiles/3.22.1/CompilerIdC) by extension 'cmake'
[0.253s] Level 1:colcon.colcon_core.package_identification:_identify(cmake/CMakeFiles/3.22.1/CompilerIdC) by extension 'python'
[0.253s] Level 1:colcon.colcon_core.package_identification:_identify(cmake/CMakeFiles/3.22.1/CompilerIdC) by extensions ['python_setup_py']
[0.253s] Level 1:colcon.colcon_core.package_identification:_identify(cmake/CMakeFiles/3.22.1/CompilerIdC) by extension 'python_setup_py'
[0.253s] Level 1:colcon.colcon_core.package_identification:_identify(cmake/CMakeFiles/3.22.1/CompilerIdC/tmp) by extensions ['ignore', 'ignore_ament_install']
[0.253s] Level 1:colcon.colcon_core.package_identification:_identify(cmake/CMakeFiles/3.22.1/CompilerIdC/tmp) by extension 'ignore'
[0.253s] Level 1:colcon.colcon_core.package_identification:_identify(cmake/CMakeFiles/3.22.1/CompilerIdC/tmp) by extension 'ignore_ament_install'
[0.253s] Level 1:colcon.colcon_core.package_identification:_identify(cmake/CMakeFiles/3.22.1/CompilerIdC/tmp) by extensions ['colcon_pkg']
[0.253s] Level 1:colcon.colcon_core.package_identification:_identify(cmake/CMakeFiles/3.22.1/CompilerIdC/tmp) by extension 'colcon_pkg'
[0.253s] Level 1:colcon.colcon_core.package_identification:_identify(cmake/CMakeFiles/3.22.1/CompilerIdC/tmp) by extensions ['colcon_meta']
[0.253s] Level 1:colcon.colcon_core.package_identification:_identify(cmake/CMakeFiles/3.22.1/CompilerIdC/tmp) by extension 'colcon_meta'
[0.253s] Level 1:colcon.colcon_core.package_identification:_identify(cmake/CMakeFiles/3.22.1/CompilerIdC/tmp) by extensions ['ros']
[0.253s] Level 1:colcon.colcon_core.package_identification:_identify(cmake/CMakeFiles/3.22.1/CompilerIdC/tmp) by extension 'ros'
[0.253s] Level 1:colcon.colcon_core.package_identification:_identify(cmake/CMakeFiles/3.22.1/CompilerIdC/tmp) by extensions ['cmake', 'python']
[0.253s] Level 1:colcon.colcon_core.package_identification:_identify(cmake/CMakeFiles/3.22.1/CompilerIdC/tmp) by extension 'cmake'
[0.253s] Level 1:colcon.colcon_core.package_identification:_identify(cmake/CMakeFiles/3.22.1/CompilerIdC/tmp) by extension 'python'
[0.253s] Level 1:colcon.colcon_core.package_identification:_identify(cmake/CMakeFiles/3.22.1/CompilerIdC/tmp) by extensions ['python_setup_py']
[0.253s] Level 1:colcon.colcon_core.package_identification:_identify(cmake/CMakeFiles/3.22.1/CompilerIdC/tmp) by extension 'python_setup_py'
[0.253s] Level 1:colcon.colcon_core.package_identification:_identify(cmake/CMakeFiles/3.22.1/CompilerIdCXX) by extensions ['ignore', 'ignore_ament_install']
[0.253s] Level 1:colcon.colcon_core.package_identification:_identify(cmake/CMakeFiles/3.22.1/CompilerIdCXX) by extension 'ignore'
[0.253s] Level 1:colcon.colcon_core.package_identification:_identify(cmake/CMakeFiles/3.22.1/CompilerIdCXX) by extension 'ignore_ament_install'
[0.253s] Level 1:colcon.colcon_core.package_identification:_identify(cmake/CMakeFiles/3.22.1/CompilerIdCXX) by extensions ['colcon_pkg']
[0.253s] Level 1:colcon.colcon_core.package_identification:_identify(cmake/CMakeFiles/3.22.1/CompilerIdCXX) by extension 'colcon_pkg'
[0.253s] Level 1:colcon.colcon_core.package_identification:_identify(cmake/CMakeFiles/3.22.1/CompilerIdCXX) by extensions ['colcon_meta']
[0.253s] Level 1:colcon.colcon_core.package_identification:_identify(cmake/CMakeFiles/3.22.1/CompilerIdCXX) by extension 'colcon_meta'
[0.253s] Level 1:colcon.colcon_core.package_identification:_identify(cmake/CMakeFiles/3.22.1/CompilerIdCXX) by extensions ['ros']
[0.253s] Level 1:colcon.colcon_core.package_identification:_identify(cmake/CMakeFiles/3.22.1/CompilerIdCXX) by extension 'ros'
[0.253s] Level 1:colcon.colcon_core.package_identification:_identify(cmake/CMakeFiles/3.22.1/CompilerIdCXX) by extensions ['cmake', 'python']
[0.253s] Level 1:colcon.colcon_core.package_identification:_identify(cmake/CMakeFiles/3.22.1/CompilerIdCXX) by extension 'cmake'
[0.254s] Level 1:colcon.colcon_core.package_identification:_identify(cmake/CMakeFiles/3.22.1/CompilerIdCXX) by extension 'python'
[0.254s] Level 1:colcon.colcon_core.package_identification:_identify(cmake/CMakeFiles/3.22.1/CompilerIdCXX) by extensions ['python_setup_py']
[0.254s] Level 1:colcon.colcon_core.package_identification:_identify(cmake/CMakeFiles/3.22.1/CompilerIdCXX) by extension 'python_setup_py'
[0.254s] Level 1:colcon.colcon_core.package_identification:_identify(cmake/CMakeFiles/3.22.1/CompilerIdCXX/tmp) by extensions ['ignore', 'ignore_ament_install']
[0.254s] Level 1:colcon.colcon_core.package_identification:_identify(cmake/CMakeFiles/3.22.1/CompilerIdCXX/tmp) by extension 'ignore'
[0.254s] Level 1:colcon.colcon_core.package_identification:_identify(cmake/CMakeFiles/3.22.1/CompilerIdCXX/tmp) by extension 'ignore_ament_install'
[0.254s] Level 1:colcon.colcon_core.package_identification:_identify(cmake/CMakeFiles/3.22.1/CompilerIdCXX/tmp) by extensions ['colcon_pkg']
[0.254s] Level 1:colcon.colcon_core.package_identification:_identify(cmake/CMakeFiles/3.22.1/CompilerIdCXX/tmp) by extension 'colcon_pkg'
[0.254s] Level 1:colcon.colcon_core.package_identification:_identify(cmake/CMakeFiles/3.22.1/CompilerIdCXX/tmp) by extensions ['colcon_meta']
[0.254s] Level 1:colcon.colcon_core.package_identification:_identify(cmake/CMakeFiles/3.22.1/CompilerIdCXX/tmp) by extension 'colcon_meta'
[0.254s] Level 1:colcon.colcon_core.package_identification:_identify(cmake/CMakeFiles/3.22.1/CompilerIdCXX/tmp) by extensions ['ros']
[0.254s] Level 1:colcon.colcon_core.package_identification:_identify(cmake/CMakeFiles/3.22.1/CompilerIdCXX/tmp) by extension 'ros'
[0.254s] Level 1:colcon.colcon_core.package_identification:_identify(cmake/CMakeFiles/3.22.1/CompilerIdCXX/tmp) by extensions ['cmake', 'python']
[0.254s] Level 1:colcon.colcon_core.package_identification:_identify(cmake/CMakeFiles/3.22.1/CompilerIdCXX/tmp) by extension 'cmake'
[0.254s] Level 1:colcon.colcon_core.package_identification:_identify(cmake/CMakeFiles/3.22.1/CompilerIdCXX/tmp) by extension 'python'
[0.254s] Level 1:colcon.colcon_core.package_identification:_identify(cmake/CMakeFiles/3.22.1/CompilerIdCXX/tmp) by extensions ['python_setup_py']
[0.254s] Level 1:colcon.colcon_core.package_identification:_identify(cmake/CMakeFiles/3.22.1/CompilerIdCXX/tmp) by extension 'python_setup_py'
[0.254s] Level 1:colcon.colcon_core.package_identification:_identify(cmake/CMakeFiles/CMakeTmp) by extensions ['ignore', 'ignore_ament_install']
[0.254s] Level 1:colcon.colcon_core.package_identification:_identify(cmake/CMakeFiles/CMakeTmp) by extension 'ignore'
[0.254s] Level 1:colcon.colcon_core.package_identification:_identify(cmake/CMakeFiles/CMakeTmp) by extension 'ignore_ament_install'
[0.254s] Level 1:colcon.colcon_core.package_identification:_identify(cmake/CMakeFiles/CMakeTmp) by extensions ['colcon_pkg']
[0.254s] Level 1:colcon.colcon_core.package_identification:_identify(cmake/CMakeFiles/CMakeTmp) by extension 'colcon_pkg'
[0.254s] Level 1:colcon.colcon_core.package_identification:_identify(cmake/CMakeFiles/CMakeTmp) by extensions ['colcon_meta']
[0.254s] Level 1:colcon.colcon_core.package_identification:_identify(cmake/CMakeFiles/CMakeTmp) by extension 'colcon_meta'
[0.254s] Level 1:colcon.colcon_core.package_identification:_identify(cmake/CMakeFiles/CMakeTmp) by extensions ['ros']
[0.254s] Level 1:colcon.colcon_core.package_identification:_identify(cmake/CMakeFiles/CMakeTmp) by extension 'ros'
[0.254s] Level 1:colcon.colcon_core.package_identification:_identify(cmake/CMakeFiles/CMakeTmp) by extensions ['cmake', 'python']
[0.254s] Level 1:colcon.colcon_core.package_identification:_identify(cmake/CMakeFiles/CMakeTmp) by extension 'cmake'
[0.254s] Level 1:colcon.colcon_core.package_identification:_identify(cmake/CMakeFiles/CMakeTmp) by extension 'python'
[0.254s] Level 1:colcon.colcon_core.package_identification:_identify(cmake/CMakeFiles/CMakeTmp) by extensions ['python_setup_py']
[0.254s] Level 1:colcon.colcon_core.package_identification:_identify(cmake/CMakeFiles/CMakeTmp) by extension 'python_setup_py'
[0.254s] Level 1:colcon.colcon_core.package_identification:_identify(cmake/CMakeFiles/ros2_node.dir) by extensions ['ignore', 'ignore_ament_install']
[0.255s] Level 1:colcon.colcon_core.package_identification:_identify(cmake/CMakeFiles/ros2_node.dir) by extension 'ignore'
[0.255s] Level 1:colcon.colcon_core.package_identification:_identify(cmake/CMakeFiles/ros2_node.dir) by extension 'ignore_ament_install'
[0.255s] Level 1:colcon.colcon_core.package_identification:_identify(cmake/CMakeFiles/ros2_node.dir) by extensions ['colcon_pkg']
[0.255s] Level 1:colcon.colcon_core.package_identification:_identify(cmake/CMakeFiles/ros2_node.dir) by extension 'colcon_pkg'
[0.255s] Level 1:colcon.colcon_core.package_identification:_identify(cmake/CMakeFiles/ros2_node.dir) by extensions ['colcon_meta']
[0.255s] Level 1:colcon.colcon_core.package_identification:_identify(cmake/CMakeFiles/ros2_node.dir) by extension 'colcon_meta'
[0.255s] Level 1:colcon.colcon_core.package_identification:_identify(cmake/CMakeFiles/ros2_node.dir) by extensions ['ros']
[0.255s] Level 1:colcon.colcon_core.package_identification:_identify(cmake/CMakeFiles/ros2_node.dir) by extension 'ros'
[0.255s] Level 1:colcon.colcon_core.package_identification:_identify(cmake/CMakeFiles/ros2_node.dir) by extensions ['cmake', 'python']
[0.255s] Level 1:colcon.colcon_core.package_identification:_identify(cmake/CMakeFiles/ros2_node.dir) by extension 'cmake'
[0.255s] Level 1:colcon.colcon_core.package_identification:_identify(cmake/CMakeFiles/ros2_node.dir) by extension 'python'
[0.255s] Level 1:colcon.colcon_core.package_identification:_identify(cmake/CMakeFiles/ros2_node.dir) by extensions ['python_setup_py']
[0.255s] Level 1:colcon.colcon_core.package_identification:_identify(cmake/CMakeFiles/ros2_node.dir) by extension 'python_setup_py'
[0.255s] Level 1:colcon.colcon_core.package_identification:_identify(cmake/CMakeFiles/ros2_node_uninstall.dir) by extensions ['ignore', 'ignore_ament_install']
[0.255s] Level 1:colcon.colcon_core.package_identification:_identify(cmake/CMakeFiles/ros2_node_uninstall.dir) by extension 'ignore'
[0.255s] Level 1:colcon.colcon_core.package_identification:_identify(cmake/CMakeFiles/ros2_node_uninstall.dir) by extension 'ignore_ament_install'
[0.255s] Level 1:colcon.colcon_core.package_identification:_identify(cmake/CMakeFiles/ros2_node_uninstall.dir) by extensions ['colcon_pkg']
[0.255s] Level 1:colcon.colcon_core.package_identification:_identify(cmake/CMakeFiles/ros2_node_uninstall.dir) by extension 'colcon_pkg'
[0.255s] Level 1:colcon.colcon_core.package_identification:_identify(cmake/CMakeFiles/ros2_node_uninstall.dir) by extensions ['colcon_meta']
[0.255s] Level 1:colcon.colcon_core.package_identification:_identify(cmake/CMakeFiles/ros2_node_uninstall.dir) by extension 'colcon_meta'
[0.255s] Level 1:colcon.colcon_core.package_identification:_identify(cmake/CMakeFiles/ros2_node_uninstall.dir) by extensions ['ros']
[0.255s] Level 1:colcon.colcon_core.package_identification:_identify(cmake/CMakeFiles/ros2_node_uninstall.dir) by extension 'ros'
[0.255s] Level 1:colcon.colcon_core.package_identification:_identify(cmake/CMakeFiles/ros2_node_uninstall.dir) by extensions ['cmake', 'python']
[0.255s] Level 1:colcon.colcon_core.package_identification:_identify(cmake/CMakeFiles/ros2_node_uninstall.dir) by extension 'cmake'
[0.255s] Level 1:colcon.colcon_core.package_identification:_identify(cmake/CMakeFiles/ros2_node_uninstall.dir) by extension 'python'
[0.255s] Level 1:colcon.colcon_core.package_identification:_identify(cmake/CMakeFiles/ros2_node_uninstall.dir) by extensions ['python_setup_py']
[0.255s] Level 1:colcon.colcon_core.package_identification:_identify(cmake/CMakeFiles/ros2_node_uninstall.dir) by extension 'python_setup_py'
[0.255s] Level 1:colcon.colcon_core.package_identification:_identify(cmake/CMakeFiles/uninstall.dir) by extensions ['ignore', 'ignore_ament_install']
[0.255s] Level 1:colcon.colcon_core.package_identification:_identify(cmake/CMakeFiles/uninstall.dir) by extension 'ignore'
[0.255s] Level 1:colcon.colcon_core.package_identification:_identify(cmake/CMakeFiles/uninstall.dir) by extension 'ignore_ament_install'
[0.255s] Level 1:colcon.colcon_core.package_identification:_identify(cmake/CMakeFiles/uninstall.dir) by extensions ['colcon_pkg']
[0.256s] Level 1:colcon.colcon_core.package_identification:_identify(cmake/CMakeFiles/uninstall.dir) by extension 'colcon_pkg'
[0.256s] Level 1:colcon.colcon_core.package_identification:_identify(cmake/CMakeFiles/uninstall.dir) by extensions ['colcon_meta']
[0.256s] Level 1:colcon.colcon_core.package_identification:_identify(cmake/CMakeFiles/uninstall.dir) by extension 'colcon_meta'
[0.256s] Level 1:colcon.colcon_core.package_identification:_identify(cmake/CMakeFiles/uninstall.dir) by extensions ['ros']
[0.256s] Level 1:colcon.colcon_core.package_identification:_identify(cmake/CMakeFiles/uninstall.dir) by extension 'ros'
[0.256s] Level 1:colcon.colcon_core.package_identification:_identify(cmake/CMakeFiles/uninstall.dir) by extensions ['cmake', 'python']
[0.256s] Level 1:colcon.colcon_core.package_identification:_identify(cmake/CMakeFiles/uninstall.dir) by extension 'cmake'
[0.256s] Level 1:colcon.colcon_core.package_identification:_identify(cmake/CMakeFiles/uninstall.dir) by extension 'python'
[0.256s] Level 1:colcon.colcon_core.package_identification:_identify(cmake/CMakeFiles/uninstall.dir) by extensions ['python_setup_py']
[0.256s] Level 1:colcon.colcon_core.package_identification:_identify(cmake/CMakeFiles/uninstall.dir) by extension 'python_setup_py'
[0.256s] Level 1:colcon.colcon_core.package_identification:_identify(cmake/ament_cmake_core) by extensions ['ignore', 'ignore_ament_install']
[0.256s] Level 1:colcon.colcon_core.package_identification:_identify(cmake/ament_cmake_core) by extension 'ignore'
[0.256s] Level 1:colcon.colcon_core.package_identification:_identify(cmake/ament_cmake_core) by extension 'ignore_ament_install'
[0.256s] Level 1:colcon.colcon_core.package_identification:_identify(cmake/ament_cmake_core) by extensions ['colcon_pkg']
[0.256s] Level 1:colcon.colcon_core.package_identification:_identify(cmake/ament_cmake_core) by extension 'colcon_pkg'
[0.256s] Level 1:colcon.colcon_core.package_identification:_identify(cmake/ament_cmake_core) by extensions ['colcon_meta']
[0.256s] Level 1:colcon.colcon_core.package_identification:_identify(cmake/ament_cmake_core) by extension 'colcon_meta'
[0.256s] Level 1:colcon.colcon_core.package_identification:_identify(cmake/ament_cmake_core) by extensions ['ros']
[0.256s] Level 1:colcon.colcon_core.package_identification:_identify(cmake/ament_cmake_core) by extension 'ros'
[0.256s] Level 1:colcon.colcon_core.package_identification:_identify(cmake/ament_cmake_core) by extensions ['cmake', 'python']
[0.256s] Level 1:colcon.colcon_core.package_identification:_identify(cmake/ament_cmake_core) by extension 'cmake'
[0.256s] Level 1:colcon.colcon_core.package_identification:_identify(cmake/ament_cmake_core) by extension 'python'
[0.256s] Level 1:colcon.colcon_core.package_identification:_identify(cmake/ament_cmake_core) by extensions ['python_setup_py']
[0.256s] Level 1:colcon.colcon_core.package_identification:_identify(cmake/ament_cmake_core) by extension 'python_setup_py'
[0.256s] Level 1:colcon.colcon_core.package_identification:_identify(cmake/ament_cmake_core/stamps) by extensions ['ignore', 'ignore_ament_install']
[0.256s] Level 1:colcon.colcon_core.package_identification:_identify(cmake/ament_cmake_core/stamps) by extension 'ignore'
[0.256s] Level 1:colcon.colcon_core.package_identification:_identify(cmake/ament_cmake_core/stamps) by extension 'ignore_ament_install'
[0.256s] Level 1:colcon.colcon_core.package_identification:_identify(cmake/ament_cmake_core/stamps) by extensions ['colcon_pkg']
[0.256s] Level 1:colcon.colcon_core.package_identification:_identify(cmake/ament_cmake_core/stamps) by extension 'colcon_pkg'
[0.256s] Level 1:colcon.colcon_core.package_identification:_identify(cmake/ament_cmake_core/stamps) by extensions ['colcon_meta']
[0.256s] Level 1:colcon.colcon_core.package_identification:_identify(cmake/ament_cmake_core/stamps) by extension 'colcon_meta'
[0.256s] Level 1:colcon.colcon_core.package_identification:_identify(cmake/ament_cmake_core/stamps) by extensions ['ros']
[0.256s] Level 1:colcon.colcon_core.package_identification:_identify(cmake/ament_cmake_core/stamps) by extension 'ros'
[0.257s] Level 1:colcon.colcon_core.package_identification:_identify(cmake/ament_cmake_core/stamps) by extensions ['cmake', 'python']
[0.257s] Level 1:colcon.colcon_core.package_identification:_identify(cmake/ament_cmake_core/stamps) by extension 'cmake'
[0.257s] Level 1:colcon.colcon_core.package_identification:_identify(cmake/ament_cmake_core/stamps) by extension 'python'
[0.257s] Level 1:colcon.colcon_core.package_identification:_identify(cmake/ament_cmake_core/stamps) by extensions ['python_setup_py']
[0.257s] Level 1:colcon.colcon_core.package_identification:_identify(cmake/ament_cmake_core/stamps) by extension 'python_setup_py'
[0.257s] Level 1:colcon.colcon_core.package_identification:_identify(cmake/ament_cmake_package_templates) by extensions ['ignore', 'ignore_ament_install']
[0.257s] Level 1:colcon.colcon_core.package_identification:_identify(cmake/ament_cmake_package_templates) by extension 'ignore'
[0.257s] Level 1:colcon.colcon_core.package_identification:_identify(cmake/ament_cmake_package_templates) by extension 'ignore_ament_install'
[0.257s] Level 1:colcon.colcon_core.package_identification:_identify(cmake/ament_cmake_package_templates) by extensions ['colcon_pkg']
[0.257s] Level 1:colcon.colcon_core.package_identification:_identify(cmake/ament_cmake_package_templates) by extension 'colcon_pkg'
[0.257s] Level 1:colcon.colcon_core.package_identification:_identify(cmake/ament_cmake_package_templates) by extensions ['colcon_meta']
[0.257s] Level 1:colcon.colcon_core.package_identification:_identify(cmake/ament_cmake_package_templates) by extension 'colcon_meta'
[0.257s] Level 1:colcon.colcon_core.package_identification:_identify(cmake/ament_cmake_package_templates) by extensions ['ros']
[0.257s] Level 1:colcon.colcon_core.package_identification:_identify(cmake/ament_cmake_package_templates) by extension 'ros'
[0.257s] Level 1:colcon.colcon_core.package_identification:_identify(cmake/ament_cmake_package_templates) by extensions ['cmake', 'python']
[0.257s] Level 1:colcon.colcon_core.package_identification:_identify(cmake/ament_cmake_package_templates) by extension 'cmake'
[0.257s] Level 1:colcon.colcon_core.package_identification:_identify(cmake/ament_cmake_package_templates) by extension 'python'
[0.257s] Level 1:colcon.colcon_core.package_identification:_identify(cmake/ament_cmake_package_templates) by extensions ['python_setup_py']
[0.257s] Level 1:colcon.colcon_core.package_identification:_identify(cmake/ament_cmake_package_templates) by extension 'python_setup_py'
[0.257s] Level 1:colcon.colcon_core.package_identification:_identify(cmake/ament_cmake_uninstall_target) by extensions ['ignore', 'ignore_ament_install']
[0.257s] Level 1:colcon.colcon_core.package_identification:_identify(cmake/ament_cmake_uninstall_target) by extension 'ignore'
[0.257s] Level 1:colcon.colcon_core.package_identification:_identify(cmake/ament_cmake_uninstall_target) by extension 'ignore_ament_install'
[0.257s] Level 1:colcon.colcon_core.package_identification:_identify(cmake/ament_cmake_uninstall_target) by extensions ['colcon_pkg']
[0.257s] Level 1:colcon.colcon_core.package_identification:_identify(cmake/ament_cmake_uninstall_target) by extension 'colcon_pkg'
[0.257s] Level 1:colcon.colcon_core.package_identification:_identify(cmake/ament_cmake_uninstall_target) by extensions ['colcon_meta']
[0.257s] Level 1:colcon.colcon_core.package_identification:_identify(cmake/ament_cmake_uninstall_target) by extension 'colcon_meta'
[0.257s] Level 1:colcon.colcon_core.package_identification:_identify(cmake/ament_cmake_uninstall_target) by extensions ['ros']
[0.257s] Level 1:colcon.colcon_core.package_identification:_identify(cmake/ament_cmake_uninstall_target) by extension 'ros'
[0.257s] Level 1:colcon.colcon_core.package_identification:_identify(cmake/ament_cmake_uninstall_target) by extensions ['cmake', 'python']
[0.257s] Level 1:colcon.colcon_core.package_identification:_identify(cmake/ament_cmake_uninstall_target) by extension 'cmake'
[0.257s] Level 1:colcon.colcon_core.package_identification:_identify(cmake/ament_cmake_uninstall_target) by extension 'python'
[0.257s] Level 1:colcon.colcon_core.package_identification:_identify(cmake/ament_cmake_uninstall_target) by extensions ['python_setup_py']
[0.257s] Level 1:colcon.colcon_core.package_identification:_identify(cmake/ament_cmake_uninstall_target) by extension 'python_setup_py'
[0.258s] Level 1:colcon.colcon_core.package_identification:_identify(demo_cpp_pkg) by extensions ['ignore', 'ignore_ament_install']
[0.258s] Level 1:colcon.colcon_core.package_identification:_identify(demo_cpp_pkg) by extension 'ignore'
[0.258s] Level 1:colcon.colcon_core.package_identification:_identify(demo_cpp_pkg) by extension 'ignore_ament_install'
[0.258s] Level 1:colcon.colcon_core.package_identification:_identify(demo_cpp_pkg) by extensions ['colcon_pkg']
[0.258s] Level 1:colcon.colcon_core.package_identification:_identify(demo_cpp_pkg) by extension 'colcon_pkg'
[0.258s] Level 1:colcon.colcon_core.package_identification:_identify(demo_cpp_pkg) by extensions ['colcon_meta']
[0.258s] Level 1:colcon.colcon_core.package_identification:_identify(demo_cpp_pkg) by extension 'colcon_meta'
[0.258s] Level 1:colcon.colcon_core.package_identification:_identify(demo_cpp_pkg) by extensions ['ros']
[0.258s] Level 1:colcon.colcon_core.package_identification:_identify(demo_cpp_pkg) by extension 'ros'
[0.259s] DEBUG:colcon.colcon_core.package_identification:Package 'demo_cpp_pkg' with type 'ros.ament_cmake' and name 'demo_cpp_pkg'
[0.259s] Level 1:colcon.colcon_core.package_identification:_identify(install) by extensions ['ignore', 'ignore_ament_install']
[0.259s] Level 1:colcon.colcon_core.package_identification:_identify(install) by extension 'ignore'
[0.259s] Level 1:colcon.colcon_core.package_identification:_identify(install) ignored
[0.259s] Level 1:colcon.colcon_core.package_identification:_identify(log) by extensions ['ignore', 'ignore_ament_install']
[0.260s] Level 1:colcon.colcon_core.package_identification:_identify(log) by extension 'ignore'
[0.260s] Level 1:colcon.colcon_core.package_identification:_identify(log) ignored
[0.260s] Level 1:colcon.colcon_core.package_discovery:discover_packages(recursive) using defaults
[0.260s] Level 1:colcon.colcon_core.package_discovery:discover_packages(ignore) discover
[0.260s] Level 1:colcon.colcon_core.package_discovery:discover_packages(ignore) using defaults
[0.260s] Level 1:colcon.colcon_core.package_discovery:discover_packages(path) discover
[0.260s] Level 1:colcon.colcon_core.package_discovery:discover_packages(path) using defaults
[0.273s] Level 5:colcon.colcon_core.verb:set package 'demo_cpp_pkg' build argument 'cmake_args' from command line to 'None'
[0.273s] Level 5:colcon.colcon_core.verb:set package 'demo_cpp_pkg' build argument 'cmake_target' from command line to 'None'
[0.274s] Level 5:colcon.colcon_core.verb:set package 'demo_cpp_pkg' build argument 'cmake_target_skip_unavailable' from command line to 'False'
[0.274s] Level 5:colcon.colcon_core.verb:set package 'demo_cpp_pkg' build argument 'cmake_clean_cache' from command line to 'False'
[0.274s] Level 5:colcon.colcon_core.verb:set package 'demo_cpp_pkg' build argument 'cmake_clean_first' from command line to 'False'
[0.274s] Level 5:colcon.colcon_core.verb:set package 'demo_cpp_pkg' build argument 'cmake_force_configure' from command line to 'False'
[0.274s] Level 5:colcon.colcon_core.verb:set package 'demo_cpp_pkg' build argument 'ament_cmake_args' from command line to 'None'
[0.274s] Level 5:colcon.colcon_core.verb:set package 'demo_cpp_pkg' build argument 'catkin_cmake_args' from command line to 'None'
[0.274s] Level 5:colcon.colcon_core.verb:set package 'demo_cpp_pkg' build argument 'catkin_skip_building_tests' from command line to 'False'
[0.274s] DEBUG:colcon.colcon_core.verb:Building package 'demo_cpp_pkg' with the following arguments: {'ament_cmake_args': None, 'build_base': '/home/cofallen/Code/ros2/cp2_node/node/build/demo_cpp_pkg', 'catkin_cmake_args': None, 'catkin_skip_building_tests': False, 'cmake_args': None, 'cmake_clean_cache': False, 'cmake_clean_first': False, 'cmake_force_configure': False, 'cmake_target': None, 'cmake_target_skip_unavailable': False, 'install_base': '/home/cofallen/Code/ros2/cp2_node/node/install/demo_cpp_pkg', 'merge_install': False, 'path': '/home/cofallen/Code/ros2/cp2_node/node/demo_cpp_pkg', 'symlink_install': False, 'test_result_base': None}
[0.274s] INFO:colcon.colcon_core.executor:Executing jobs using 'parallel' executor
[0.275s] DEBUG:colcon.colcon_parallel_executor.executor.parallel:run_until_complete
[0.275s] INFO:colcon.colcon_ros.task.ament_cmake.build:Building ROS package in '/home/cofallen/Code/ros2/cp2_node/node/demo_cpp_pkg' with build type 'ament_cmake'
[0.275s] INFO:colcon.colcon_cmake.task.cmake.build:Building CMake package in '/home/cofallen/Code/ros2/cp2_node/node/demo_cpp_pkg'
[0.276s] INFO:colcon.colcon_core.plugin_system:Skipping extension 'colcon_core.shell.bat': Not used on non-Windows systems
[0.276s] INFO:colcon.colcon_core.shell:Skip shell extension 'powershell' for command environment: Not usable outside of PowerShell
[0.276s] DEBUG:colcon.colcon_core.shell:Skip shell extension 'dsv' for command environment
[0.285s] DEBUG:colcon.colcon_core.event_handler.log_command:Invoking command in '/home/cofallen/Code/ros2/cp2_node/node/build/demo_cpp_pkg': CMAKE_PREFIX_PATH=${CMAKE_PREFIX_PATH}:/home/cofallen/Code/ros2/cp2_node/py/install/demo_python_pkg:/opt/ros/humble /usr/bin/cmake --build /home/cofallen/Code/ros2/cp2_node/node/build/demo_cpp_pkg -- -j12 -l12
[0.650s] DEBUG:colcon.colcon_core.event_handler.log_command:Invoked command in '/home/cofallen/Code/ros2/cp2_node/node/build/demo_cpp_pkg' returned '2': CMAKE_PREFIX_PATH=${CMAKE_PREFIX_PATH}:/home/cofallen/Code/ros2/cp2_node/py/install/demo_python_pkg:/opt/ros/humble /usr/bin/cmake --build /home/cofallen/Code/ros2/cp2_node/node/build/demo_cpp_pkg -- -j12 -l12
[0.650s] Level 1:colcon.colcon_core.environment:create_environment_scripts_only(demo_cpp_pkg)
[0.652s] Level 1:colcon.colcon_core.environment:checking '/home/cofallen/Code/ros2/cp2_node/node/install/demo_cpp_pkg' for CMake module files
[0.652s] Level 1:colcon.colcon_core.environment:checking '/home/cofallen/Code/ros2/cp2_node/node/install/demo_cpp_pkg' for CMake config files
[0.652s] Level 1:colcon.colcon_core.shell:create_environment_hook('demo_cpp_pkg', 'cmake_prefix_path')
[0.653s] INFO:colcon.colcon_core.shell:Creating environment hook '/home/cofallen/Code/ros2/cp2_node/node/install/demo_cpp_pkg/share/demo_cpp_pkg/hook/cmake_prefix_path.ps1'
[0.653s] INFO:colcon.colcon_core.shell:Creating environment descriptor '/home/cofallen/Code/ros2/cp2_node/node/install/demo_cpp_pkg/share/demo_cpp_pkg/hook/cmake_prefix_path.dsv'
[0.653s] INFO:colcon.colcon_core.shell:Creating environment hook '/home/cofallen/Code/ros2/cp2_node/node/install/demo_cpp_pkg/share/demo_cpp_pkg/hook/cmake_prefix_path.sh'
[0.654s] Level 1:colcon.colcon_core.environment:checking '/home/cofallen/Code/ros2/cp2_node/node/install/demo_cpp_pkg/bin'
[0.654s] Level 1:colcon.colcon_core.environment:checking '/home/cofallen/Code/ros2/cp2_node/node/install/demo_cpp_pkg/lib/pkgconfig/demo_cpp_pkg.pc'
[0.655s] Level 1:colcon.colcon_core.environment:checking '/home/cofallen/Code/ros2/cp2_node/node/install/demo_cpp_pkg/lib/python3.10/site-packages'
[0.656s] Level 1:colcon.colcon_core.environment:checking '/home/cofallen/Code/ros2/cp2_node/node/install/demo_cpp_pkg/bin'
[0.656s] INFO:colcon.colcon_core.shell:Creating package script '/home/cofallen/Code/ros2/cp2_node/node/install/demo_cpp_pkg/share/demo_cpp_pkg/package.ps1'
[0.656s] INFO:colcon.colcon_core.shell:Creating package descriptor '/home/cofallen/Code/ros2/cp2_node/node/install/demo_cpp_pkg/share/demo_cpp_pkg/package.dsv'
[0.657s] INFO:colcon.colcon_core.shell:Creating package script '/home/cofallen/Code/ros2/cp2_node/node/install/demo_cpp_pkg/share/demo_cpp_pkg/package.sh'
[0.657s] INFO:colcon.colcon_core.shell:Creating package script '/home/cofallen/Code/ros2/cp2_node/node/install/demo_cpp_pkg/share/demo_cpp_pkg/package.bash'
[0.658s] INFO:colcon.colcon_core.shell:Creating package script '/home/cofallen/Code/ros2/cp2_node/node/install/demo_cpp_pkg/share/demo_cpp_pkg/package.zsh'
[0.658s] Level 1:colcon.colcon_core.environment:create_file_with_runtime_dependencies(/home/cofallen/Code/ros2/cp2_node/node/install/demo_cpp_pkg/share/colcon-core/packages/demo_cpp_pkg)
[0.668s] DEBUG:colcon.colcon_parallel_executor.executor.parallel:closing loop
[0.669s] DEBUG:colcon.colcon_parallel_executor.executor.parallel:loop closed
[0.669s] DEBUG:colcon.colcon_parallel_executor.executor.parallel:run_until_complete finished with '2'
[0.669s] DEBUG:colcon.colcon_core.event_reactor:joining thread
[0.674s] INFO:colcon.colcon_core.plugin_system:Skipping extension 'colcon_notification.desktop_notification.terminal_notifier': Not used on non-Darwin systems
[0.674s] INFO:colcon.colcon_core.plugin_system:Skipping extension 'colcon_notification.desktop_notification.win32': Not used on non-Windows systems
[0.674s] INFO:colcon.colcon_notification.desktop_notification:Sending desktop notification using 'notify2'
[0.682s] DEBUG:colcon.colcon_core.event_reactor:joined thread
[0.682s] INFO:colcon.colcon_core.shell:Creating prefix script '/home/cofallen/Code/ros2/cp2_node/node/install/local_setup.ps1'
[0.683s] INFO:colcon.colcon_core.shell:Creating prefix util module '/home/cofallen/Code/ros2/cp2_node/node/install/_local_setup_util_ps1.py'
[0.684s] INFO:colcon.colcon_core.shell:Creating prefix chain script '/home/cofallen/Code/ros2/cp2_node/node/install/setup.ps1'
[0.684s] INFO:colcon.colcon_core.shell:Creating prefix script '/home/cofallen/Code/ros2/cp2_node/node/install/local_setup.sh'
[0.685s] INFO:colcon.colcon_core.shell:Creating prefix util module '/home/cofallen/Code/ros2/cp2_node/node/install/_local_setup_util_sh.py'
[0.685s] INFO:colcon.colcon_core.shell:Creating prefix chain script '/home/cofallen/Code/ros2/cp2_node/node/install/setup.sh'
[0.686s] INFO:colcon.colcon_core.shell:Creating prefix script '/home/cofallen/Code/ros2/cp2_node/node/install/local_setup.bash'
[0.686s] INFO:colcon.colcon_core.shell:Creating prefix chain script '/home/cofallen/Code/ros2/cp2_node/node/install/setup.bash'
[0.687s] INFO:colcon.colcon_core.shell:Creating prefix script '/home/cofallen/Code/ros2/cp2_node/node/install/local_setup.zsh'
[0.687s] INFO:colcon.colcon_core.shell:Creating prefix chain script '/home/cofallen/Code/ros2/cp2_node/node/install/setup.zsh'
