[0.124s] DEBUG:colcon:Command line arguments: ['/home/cofallen/.local/bin/colcon', 'build']
[0.124s] DEBUG:colcon:Parsed command line arguments: Namespace(log_base=None, log_level=None, verb_name='build', build_base='build', install_base='install', merge_install=False, symlink_install=False, test_result_base=None, continue_on_error=False, executor='parallel', parallel_workers=12, event_handlers=None, ignore_user_meta=False, metas=['./colcon.meta'], base_paths=['.'], packages_ignore=None, packages_ignore_regex=None, paths=None, packages_up_to=None, packages_up_to_regex=None, packages_above=None, packages_above_and_dependencies=None, packages_above_depth=None, packages_select_by_dep=None, packages_skip_by_dep=None, packages_skip_up_to=None, packages_select_build_failed=False, packages_skip_build_finished=False, packages_select_test_failures=False, packages_skip_test_passed=False, packages_select=None, packages_skip=None, packages_select_regex=None, packages_skip_regex=None, packages_start=None, packages_end=None, cmake_args=None, cmake_target=None, cmake_target_skip_unavailable=False, cmake_clean_cache=False, cmake_clean_first=False, cmake_force_configure=False, ament_cmake_args=None, catkin_cmake_args=None, catkin_skip_building_tests=False, verb_parser=<colcon_defaults.argument_parser.defaults.DefaultArgumentsDecorator object at 0x7577b92fbbb0>, verb_extension=<colcon_core.verb.build.BuildVerb object at 0x7577b943d000>, main=<bound method BuildVerb.main of <colcon_core.verb.build.BuildVerb object at 0x7577b943d000>>)
[0.233s] Level 1:colcon.colcon_core.package_discovery:discover_packages(colcon_meta) check parameters
[0.233s] Level 1:colcon.colcon_core.package_discovery:discover_packages(recursive) check parameters
[0.233s] Level 1:colcon.colcon_core.package_discovery:discover_packages(ignore) check parameters
[0.233s] Level 1:colcon.colcon_core.package_discovery:discover_packages(path) check parameters
[0.233s] Level 1:colcon.colcon_core.package_discovery:discover_packages(colcon_meta) discover
[0.233s] Level 1:colcon.colcon_core.package_discovery:discover_packages(recursive) discover
[0.233s] INFO:colcon.colcon_core.package_discovery:Crawling recursively for packages in '/home/cofallen/Code/ros2/cp2_node/node'
[0.233s] Level 1:colcon.colcon_core.package_identification:_identify(.) by extensions ['ignore', 'ignore_ament_install']
[0.233s] Level 1:colcon.colcon_core.package_identification:_identify(.) by extension 'ignore'
[0.233s] Level 1:colcon.colcon_core.package_identification:_identify(.) by extension 'ignore_ament_install'
[0.233s] Level 1:colcon.colcon_core.package_identification:_identify(.) by extensions ['colcon_pkg']
[0.233s] Level 1:colcon.colcon_core.package_identification:_identify(.) by extension 'colcon_pkg'
[0.233s] Level 1:colcon.colcon_core.package_identification:_identify(.) by extensions ['colcon_meta']
[0.233s] Level 1:colcon.colcon_core.package_identification:_identify(.) by extension 'colcon_meta'
[0.234s] Level 1:colcon.colcon_core.package_identification:_identify(.) by extensions ['ros']
[0.234s] Level 1:colcon.colcon_core.package_identification:_identify(.) by extension 'ros'
[0.241s] Level 1:colcon.colcon_core.package_identification:_identify(.) by extensions ['cmake', 'python']
[0.241s] Level 1:colcon.colcon_core.package_identification:_identify(.) by extension 'cmake'
[0.241s] Level 1:colcon.colcon_core.package_identification:_identify(.) by extension 'python'
[0.241s] Level 1:colcon.colcon_core.package_identification:_identify(.) by extensions ['python_setup_py']
[0.241s] Level 1:colcon.colcon_core.package_identification:_identify(.) by extension 'python_setup_py'
[0.241s] Level 1:colcon.colcon_core.package_identification:_identify(build) by extensions ['ignore', 'ignore_ament_install']
[0.241s] Level 1:colcon.colcon_core.package_identification:_identify(build) by extension 'ignore'
[0.241s] Level 1:colcon.colcon_core.package_identification:_identify(build) ignored
[0.241s] Level 1:colcon.colcon_core.package_identification:_identify(cmake) by extensions ['ignore', 'ignore_ament_install']
[0.241s] Level 1:colcon.colcon_core.package_identification:_identify(cmake) by extension 'ignore'
[0.241s] Level 1:colcon.colcon_core.package_identification:_identify(cmake) by extension 'ignore_ament_install'
[0.241s] Level 1:colcon.colcon_core.package_identification:_identify(cmake) by extensions ['colcon_pkg']
[0.241s] Level 1:colcon.colcon_core.package_identification:_identify(cmake) by extension 'colcon_pkg'
[0.241s] Level 1:colcon.colcon_core.package_identification:_identify(cmake) by extensions ['colcon_meta']
[0.241s] Level 1:colcon.colcon_core.package_identification:_identify(cmake) by extension 'colcon_meta'
[0.242s] Level 1:colcon.colcon_core.package_identification:_identify(cmake) by extensions ['ros']
[0.242s] Level 1:colcon.colcon_core.package_identification:_identify(cmake) by extension 'ros'
[0.242s] Level 1:colcon.colcon_core.package_identification:_identify(cmake) by extensions ['cmake', 'python']
[0.242s] Level 1:colcon.colcon_core.package_identification:_identify(cmake) by extension 'cmake'
[0.242s] Level 1:colcon.colcon_core.package_identification:_identify(cmake) by extension 'python'
[0.242s] Level 1:colcon.colcon_core.package_identification:_identify(cmake) by extensions ['python_setup_py']
[0.242s] Level 1:colcon.colcon_core.package_identification:_identify(cmake) by extension 'python_setup_py'
[0.242s] Level 1:colcon.colcon_core.package_identification:_identify(cmake/CMakeFiles) by extensions ['ignore', 'ignore_ament_install']
[0.242s] Level 1:colcon.colcon_core.package_identification:_identify(cmake/CMakeFiles) by extension 'ignore'
[0.242s] Level 1:colcon.colcon_core.package_identification:_identify(cmake/CMakeFiles) by extension 'ignore_ament_install'
[0.242s] Level 1:colcon.colcon_core.package_identification:_identify(cmake/CMakeFiles) by extensions ['colcon_pkg']
[0.242s] Level 1:colcon.colcon_core.package_identification:_identify(cmake/CMakeFiles) by extension 'colcon_pkg'
[0.242s] Level 1:colcon.colcon_core.package_identification:_identify(cmake/CMakeFiles) by extensions ['colcon_meta']
[0.242s] Level 1:colcon.colcon_core.package_identification:_identify(cmake/CMakeFiles) by extension 'colcon_meta'
[0.242s] Level 1:colcon.colcon_core.package_identification:_identify(cmake/CMakeFiles) by extensions ['ros']
[0.242s] Level 1:colcon.colcon_core.package_identification:_identify(cmake/CMakeFiles) by extension 'ros'
[0.242s] Level 1:colcon.colcon_core.package_identification:_identify(cmake/CMakeFiles) by extensions ['cmake', 'python']
[0.242s] Level 1:colcon.colcon_core.package_identification:_identify(cmake/CMakeFiles) by extension 'cmake'
[0.242s] Level 1:colcon.colcon_core.package_identification:_identify(cmake/CMakeFiles) by extension 'python'
[0.242s] Level 1:colcon.colcon_core.package_identification:_identify(cmake/CMakeFiles) by extensions ['python_setup_py']
[0.242s] Level 1:colcon.colcon_core.package_identification:_identify(cmake/CMakeFiles) by extension 'python_setup_py'
[0.242s] Level 1:colcon.colcon_core.package_identification:_identify(cmake/CMakeFiles/3.22.1) by extensions ['ignore', 'ignore_ament_install']
[0.242s] Level 1:colcon.colcon_core.package_identification:_identify(cmake/CMakeFiles/3.22.1) by extension 'ignore'
[0.242s] Level 1:colcon.colcon_core.package_identification:_identify(cmake/CMakeFiles/3.22.1) by extension 'ignore_ament_install'
[0.242s] Level 1:colcon.colcon_core.package_identification:_identify(cmake/CMakeFiles/3.22.1) by extensions ['colcon_pkg']
[0.242s] Level 1:colcon.colcon_core.package_identification:_identify(cmake/CMakeFiles/3.22.1) by extension 'colcon_pkg'
[0.242s] Level 1:colcon.colcon_core.package_identification:_identify(cmake/CMakeFiles/3.22.1) by extensions ['colcon_meta']
[0.242s] Level 1:colcon.colcon_core.package_identification:_identify(cmake/CMakeFiles/3.22.1) by extension 'colcon_meta'
[0.243s] Level 1:colcon.colcon_core.package_identification:_identify(cmake/CMakeFiles/3.22.1) by extensions ['ros']
[0.243s] Level 1:colcon.colcon_core.package_identification:_identify(cmake/CMakeFiles/3.22.1) by extension 'ros'
[0.243s] Level 1:colcon.colcon_core.package_identification:_identify(cmake/CMakeFiles/3.22.1) by extensions ['cmake', 'python']
[0.243s] Level 1:colcon.colcon_core.package_identification:_identify(cmake/CMakeFiles/3.22.1) by extension 'cmake'
[0.243s] Level 1:colcon.colcon_core.package_identification:_identify(cmake/CMakeFiles/3.22.1) by extension 'python'
[0.243s] Level 1:colcon.colcon_core.package_identification:_identify(cmake/CMakeFiles/3.22.1) by extensions ['python_setup_py']
[0.243s] Level 1:colcon.colcon_core.package_identification:_identify(cmake/CMakeFiles/3.22.1) by extension 'python_setup_py'
[0.243s] Level 1:colcon.colcon_core.package_identification:_identify(cmake/CMakeFiles/3.22.1/CompilerIdC) by extensions ['ignore', 'ignore_ament_install']
[0.243s] Level 1:colcon.colcon_core.package_identification:_identify(cmake/CMakeFiles/3.22.1/CompilerIdC) by extension 'ignore'
[0.243s] Level 1:colcon.colcon_core.package_identification:_identify(cmake/CMakeFiles/3.22.1/CompilerIdC) by extension 'ignore_ament_install'
[0.243s] Level 1:colcon.colcon_core.package_identification:_identify(cmake/CMakeFiles/3.22.1/CompilerIdC) by extensions ['colcon_pkg']
[0.243s] Level 1:colcon.colcon_core.package_identification:_identify(cmake/CMakeFiles/3.22.1/CompilerIdC) by extension 'colcon_pkg'
[0.243s] Level 1:colcon.colcon_core.package_identification:_identify(cmake/CMakeFiles/3.22.1/CompilerIdC) by extensions ['colcon_meta']
[0.243s] Level 1:colcon.colcon_core.package_identification:_identify(cmake/CMakeFiles/3.22.1/CompilerIdC) by extension 'colcon_meta'
[0.243s] Level 1:colcon.colcon_core.package_identification:_identify(cmake/CMakeFiles/3.22.1/CompilerIdC) by extensions ['ros']
[0.243s] Level 1:colcon.colcon_core.package_identification:_identify(cmake/CMakeFiles/3.22.1/CompilerIdC) by extension 'ros'
[0.243s] Level 1:colcon.colcon_core.package_identification:_identify(cmake/CMakeFiles/3.22.1/CompilerIdC) by extensions ['cmake', 'python']
[0.243s] Level 1:colcon.colcon_core.package_identification:_identify(cmake/CMakeFiles/3.22.1/CompilerIdC) by extension 'cmake'
[0.243s] Level 1:colcon.colcon_core.package_identification:_identify(cmake/CMakeFiles/3.22.1/CompilerIdC) by extension 'python'
[0.243s] Level 1:colcon.colcon_core.package_identification:_identify(cmake/CMakeFiles/3.22.1/CompilerIdC) by extensions ['python_setup_py']
[0.243s] Level 1:colcon.colcon_core.package_identification:_identify(cmake/CMakeFiles/3.22.1/CompilerIdC) by extension 'python_setup_py'
[0.243s] Level 1:colcon.colcon_core.package_identification:_identify(cmake/CMakeFiles/3.22.1/CompilerIdC/tmp) by extensions ['ignore', 'ignore_ament_install']
[0.243s] Level 1:colcon.colcon_core.package_identification:_identify(cmake/CMakeFiles/3.22.1/CompilerIdC/tmp) by extension 'ignore'
[0.243s] Level 1:colcon.colcon_core.package_identification:_identify(cmake/CMakeFiles/3.22.1/CompilerIdC/tmp) by extension 'ignore_ament_install'
[0.243s] Level 1:colcon.colcon_core.package_identification:_identify(cmake/CMakeFiles/3.22.1/CompilerIdC/tmp) by extensions ['colcon_pkg']
[0.243s] Level 1:colcon.colcon_core.package_identification:_identify(cmake/CMakeFiles/3.22.1/CompilerIdC/tmp) by extension 'colcon_pkg'
[0.243s] Level 1:colcon.colcon_core.package_identification:_identify(cmake/CMakeFiles/3.22.1/CompilerIdC/tmp) by extensions ['colcon_meta']
[0.243s] Level 1:colcon.colcon_core.package_identification:_identify(cmake/CMakeFiles/3.22.1/CompilerIdC/tmp) by extension 'colcon_meta'
[0.243s] Level 1:colcon.colcon_core.package_identification:_identify(cmake/CMakeFiles/3.22.1/CompilerIdC/tmp) by extensions ['ros']
[0.244s] Level 1:colcon.colcon_core.package_identification:_identify(cmake/CMakeFiles/3.22.1/CompilerIdC/tmp) by extension 'ros'
[0.244s] Level 1:colcon.colcon_core.package_identification:_identify(cmake/CMakeFiles/3.22.1/CompilerIdC/tmp) by extensions ['cmake', 'python']
[0.244s] Level 1:colcon.colcon_core.package_identification:_identify(cmake/CMakeFiles/3.22.1/CompilerIdC/tmp) by extension 'cmake'
[0.244s] Level 1:colcon.colcon_core.package_identification:_identify(cmake/CMakeFiles/3.22.1/CompilerIdC/tmp) by extension 'python'
[0.244s] Level 1:colcon.colcon_core.package_identification:_identify(cmake/CMakeFiles/3.22.1/CompilerIdC/tmp) by extensions ['python_setup_py']
[0.244s] Level 1:colcon.colcon_core.package_identification:_identify(cmake/CMakeFiles/3.22.1/CompilerIdC/tmp) by extension 'python_setup_py'
[0.244s] Level 1:colcon.colcon_core.package_identification:_identify(cmake/CMakeFiles/3.22.1/CompilerIdCXX) by extensions ['ignore', 'ignore_ament_install']
[0.244s] Level 1:colcon.colcon_core.package_identification:_identify(cmake/CMakeFiles/3.22.1/CompilerIdCXX) by extension 'ignore'
[0.244s] Level 1:colcon.colcon_core.package_identification:_identify(cmake/CMakeFiles/3.22.1/CompilerIdCXX) by extension 'ignore_ament_install'
[0.244s] Level 1:colcon.colcon_core.package_identification:_identify(cmake/CMakeFiles/3.22.1/CompilerIdCXX) by extensions ['colcon_pkg']
[0.244s] Level 1:colcon.colcon_core.package_identification:_identify(cmake/CMakeFiles/3.22.1/CompilerIdCXX) by extension 'colcon_pkg'
[0.244s] Level 1:colcon.colcon_core.package_identification:_identify(cmake/CMakeFiles/3.22.1/CompilerIdCXX) by extensions ['colcon_meta']
[0.244s] Level 1:colcon.colcon_core.package_identification:_identify(cmake/CMakeFiles/3.22.1/CompilerIdCXX) by extension 'colcon_meta'
[0.244s] Level 1:colcon.colcon_core.package_identification:_identify(cmake/CMakeFiles/3.22.1/CompilerIdCXX) by extensions ['ros']
[0.244s] Level 1:colcon.colcon_core.package_identification:_identify(cmake/CMakeFiles/3.22.1/CompilerIdCXX) by extension 'ros'
[0.244s] Level 1:colcon.colcon_core.package_identification:_identify(cmake/CMakeFiles/3.22.1/CompilerIdCXX) by extensions ['cmake', 'python']
[0.244s] Level 1:colcon.colcon_core.package_identification:_identify(cmake/CMakeFiles/3.22.1/CompilerIdCXX) by extension 'cmake'
[0.244s] Level 1:colcon.colcon_core.package_identification:_identify(cmake/CMakeFiles/3.22.1/CompilerIdCXX) by extension 'python'
[0.244s] Level 1:colcon.colcon_core.package_identification:_identify(cmake/CMakeFiles/3.22.1/CompilerIdCXX) by extensions ['python_setup_py']
[0.244s] Level 1:colcon.colcon_core.package_identification:_identify(cmake/CMakeFiles/3.22.1/CompilerIdCXX) by extension 'python_setup_py'
[0.244s] Level 1:colcon.colcon_core.package_identification:_identify(cmake/CMakeFiles/3.22.1/CompilerIdCXX/tmp) by extensions ['ignore', 'ignore_ament_install']
[0.244s] Level 1:colcon.colcon_core.package_identification:_identify(cmake/CMakeFiles/3.22.1/CompilerIdCXX/tmp) by extension 'ignore'
[0.244s] Level 1:colcon.colcon_core.package_identification:_identify(cmake/CMakeFiles/3.22.1/CompilerIdCXX/tmp) by extension 'ignore_ament_install'
[0.244s] Level 1:colcon.colcon_core.package_identification:_identify(cmake/CMakeFiles/3.22.1/CompilerIdCXX/tmp) by extensions ['colcon_pkg']
[0.244s] Level 1:colcon.colcon_core.package_identification:_identify(cmake/CMakeFiles/3.22.1/CompilerIdCXX/tmp) by extension 'colcon_pkg'
[0.244s] Level 1:colcon.colcon_core.package_identification:_identify(cmake/CMakeFiles/3.22.1/CompilerIdCXX/tmp) by extensions ['colcon_meta']
[0.244s] Level 1:colcon.colcon_core.package_identification:_identify(cmake/CMakeFiles/3.22.1/CompilerIdCXX/tmp) by extension 'colcon_meta'
[0.244s] Level 1:colcon.colcon_core.package_identification:_identify(cmake/CMakeFiles/3.22.1/CompilerIdCXX/tmp) by extensions ['ros']
[0.244s] Level 1:colcon.colcon_core.package_identification:_identify(cmake/CMakeFiles/3.22.1/CompilerIdCXX/tmp) by extension 'ros'
[0.245s] Level 1:colcon.colcon_core.package_identification:_identify(cmake/CMakeFiles/3.22.1/CompilerIdCXX/tmp) by extensions ['cmake', 'python']
[0.245s] Level 1:colcon.colcon_core.package_identification:_identify(cmake/CMakeFiles/3.22.1/CompilerIdCXX/tmp) by extension 'cmake'
[0.245s] Level 1:colcon.colcon_core.package_identification:_identify(cmake/CMakeFiles/3.22.1/CompilerIdCXX/tmp) by extension 'python'
[0.245s] Level 1:colcon.colcon_core.package_identification:_identify(cmake/CMakeFiles/3.22.1/CompilerIdCXX/tmp) by extensions ['python_setup_py']
[0.245s] Level 1:colcon.colcon_core.package_identification:_identify(cmake/CMakeFiles/3.22.1/CompilerIdCXX/tmp) by extension 'python_setup_py'
[0.245s] Level 1:colcon.colcon_core.package_identification:_identify(cmake/CMakeFiles/CMakeTmp) by extensions ['ignore', 'ignore_ament_install']
[0.245s] Level 1:colcon.colcon_core.package_identification:_identify(cmake/CMakeFiles/CMakeTmp) by extension 'ignore'
[0.245s] Level 1:colcon.colcon_core.package_identification:_identify(cmake/CMakeFiles/CMakeTmp) by extension 'ignore_ament_install'
[0.245s] Level 1:colcon.colcon_core.package_identification:_identify(cmake/CMakeFiles/CMakeTmp) by extensions ['colcon_pkg']
[0.245s] Level 1:colcon.colcon_core.package_identification:_identify(cmake/CMakeFiles/CMakeTmp) by extension 'colcon_pkg'
[0.245s] Level 1:colcon.colcon_core.package_identification:_identify(cmake/CMakeFiles/CMakeTmp) by extensions ['colcon_meta']
[0.245s] Level 1:colcon.colcon_core.package_identification:_identify(cmake/CMakeFiles/CMakeTmp) by extension 'colcon_meta'
[0.245s] Level 1:colcon.colcon_core.package_identification:_identify(cmake/CMakeFiles/CMakeTmp) by extensions ['ros']
[0.245s] Level 1:colcon.colcon_core.package_identification:_identify(cmake/CMakeFiles/CMakeTmp) by extension 'ros'
[0.245s] Level 1:colcon.colcon_core.package_identification:_identify(cmake/CMakeFiles/CMakeTmp) by extensions ['cmake', 'python']
[0.245s] Level 1:colcon.colcon_core.package_identification:_identify(cmake/CMakeFiles/CMakeTmp) by extension 'cmake'
[0.245s] Level 1:colcon.colcon_core.package_identification:_identify(cmake/CMakeFiles/CMakeTmp) by extension 'python'
[0.245s] Level 1:colcon.colcon_core.package_identification:_identify(cmake/CMakeFiles/CMakeTmp) by extensions ['python_setup_py']
[0.245s] Level 1:colcon.colcon_core.package_identification:_identify(cmake/CMakeFiles/CMakeTmp) by extension 'python_setup_py'
[0.245s] Level 1:colcon.colcon_core.package_identification:_identify(cmake/CMakeFiles/ros2_node.dir) by extensions ['ignore', 'ignore_ament_install']
[0.245s] Level 1:colcon.colcon_core.package_identification:_identify(cmake/CMakeFiles/ros2_node.dir) by extension 'ignore'
[0.245s] Level 1:colcon.colcon_core.package_identification:_identify(cmake/CMakeFiles/ros2_node.dir) by extension 'ignore_ament_install'
[0.245s] Level 1:colcon.colcon_core.package_identification:_identify(cmake/CMakeFiles/ros2_node.dir) by extensions ['colcon_pkg']
[0.245s] Level 1:colcon.colcon_core.package_identification:_identify(cmake/CMakeFiles/ros2_node.dir) by extension 'colcon_pkg'
[0.245s] Level 1:colcon.colcon_core.package_identification:_identify(cmake/CMakeFiles/ros2_node.dir) by extensions ['colcon_meta']
[0.245s] Level 1:colcon.colcon_core.package_identification:_identify(cmake/CMakeFiles/ros2_node.dir) by extension 'colcon_meta'
[0.245s] Level 1:colcon.colcon_core.package_identification:_identify(cmake/CMakeFiles/ros2_node.dir) by extensions ['ros']
[0.245s] Level 1:colcon.colcon_core.package_identification:_identify(cmake/CMakeFiles/ros2_node.dir) by extension 'ros'
[0.245s] Level 1:colcon.colcon_core.package_identification:_identify(cmake/CMakeFiles/ros2_node.dir) by extensions ['cmake', 'python']
[0.246s] Level 1:colcon.colcon_core.package_identification:_identify(cmake/CMakeFiles/ros2_node.dir) by extension 'cmake'
[0.246s] Level 1:colcon.colcon_core.package_identification:_identify(cmake/CMakeFiles/ros2_node.dir) by extension 'python'
[0.246s] Level 1:colcon.colcon_core.package_identification:_identify(cmake/CMakeFiles/ros2_node.dir) by extensions ['python_setup_py']
[0.246s] Level 1:colcon.colcon_core.package_identification:_identify(cmake/CMakeFiles/ros2_node.dir) by extension 'python_setup_py'
[0.246s] Level 1:colcon.colcon_core.package_identification:_identify(cmake/CMakeFiles/ros2_node_uninstall.dir) by extensions ['ignore', 'ignore_ament_install']
[0.246s] Level 1:colcon.colcon_core.package_identification:_identify(cmake/CMakeFiles/ros2_node_uninstall.dir) by extension 'ignore'
[0.246s] Level 1:colcon.colcon_core.package_identification:_identify(cmake/CMakeFiles/ros2_node_uninstall.dir) by extension 'ignore_ament_install'
[0.246s] Level 1:colcon.colcon_core.package_identification:_identify(cmake/CMakeFiles/ros2_node_uninstall.dir) by extensions ['colcon_pkg']
[0.246s] Level 1:colcon.colcon_core.package_identification:_identify(cmake/CMakeFiles/ros2_node_uninstall.dir) by extension 'colcon_pkg'
[0.246s] Level 1:colcon.colcon_core.package_identification:_identify(cmake/CMakeFiles/ros2_node_uninstall.dir) by extensions ['colcon_meta']
[0.246s] Level 1:colcon.colcon_core.package_identification:_identify(cmake/CMakeFiles/ros2_node_uninstall.dir) by extension 'colcon_meta'
[0.246s] Level 1:colcon.colcon_core.package_identification:_identify(cmake/CMakeFiles/ros2_node_uninstall.dir) by extensions ['ros']
[0.246s] Level 1:colcon.colcon_core.package_identification:_identify(cmake/CMakeFiles/ros2_node_uninstall.dir) by extension 'ros'
[0.246s] Level 1:colcon.colcon_core.package_identification:_identify(cmake/CMakeFiles/ros2_node_uninstall.dir) by extensions ['cmake', 'python']
[0.246s] Level 1:colcon.colcon_core.package_identification:_identify(cmake/CMakeFiles/ros2_node_uninstall.dir) by extension 'cmake'
[0.246s] Level 1:colcon.colcon_core.package_identification:_identify(cmake/CMakeFiles/ros2_node_uninstall.dir) by extension 'python'
[0.246s] Level 1:colcon.colcon_core.package_identification:_identify(cmake/CMakeFiles/ros2_node_uninstall.dir) by extensions ['python_setup_py']
[0.246s] Level 1:colcon.colcon_core.package_identification:_identify(cmake/CMakeFiles/ros2_node_uninstall.dir) by extension 'python_setup_py'
[0.246s] Level 1:colcon.colcon_core.package_identification:_identify(cmake/CMakeFiles/uninstall.dir) by extensions ['ignore', 'ignore_ament_install']
[0.246s] Level 1:colcon.colcon_core.package_identification:_identify(cmake/CMakeFiles/uninstall.dir) by extension 'ignore'
[0.246s] Level 1:colcon.colcon_core.package_identification:_identify(cmake/CMakeFiles/uninstall.dir) by extension 'ignore_ament_install'
[0.246s] Level 1:colcon.colcon_core.package_identification:_identify(cmake/CMakeFiles/uninstall.dir) by extensions ['colcon_pkg']
[0.246s] Level 1:colcon.colcon_core.package_identification:_identify(cmake/CMakeFiles/uninstall.dir) by extension 'colcon_pkg'
[0.246s] Level 1:colcon.colcon_core.package_identification:_identify(cmake/CMakeFiles/uninstall.dir) by extensions ['colcon_meta']
[0.246s] Level 1:colcon.colcon_core.package_identification:_identify(cmake/CMakeFiles/uninstall.dir) by extension 'colcon_meta'
[0.246s] Level 1:colcon.colcon_core.package_identification:_identify(cmake/CMakeFiles/uninstall.dir) by extensions ['ros']
[0.246s] Level 1:colcon.colcon_core.package_identification:_identify(cmake/CMakeFiles/uninstall.dir) by extension 'ros'
[0.246s] Level 1:colcon.colcon_core.package_identification:_identify(cmake/CMakeFiles/uninstall.dir) by extensions ['cmake', 'python']
[0.246s] Level 1:colcon.colcon_core.package_identification:_identify(cmake/CMakeFiles/uninstall.dir) by extension 'cmake'
[0.246s] Level 1:colcon.colcon_core.package_identification:_identify(cmake/CMakeFiles/uninstall.dir) by extension 'python'
[0.247s] Level 1:colcon.colcon_core.package_identification:_identify(cmake/CMakeFiles/uninstall.dir) by extensions ['python_setup_py']
[0.247s] Level 1:colcon.colcon_core.package_identification:_identify(cmake/CMakeFiles/uninstall.dir) by extension 'python_setup_py'
[0.247s] Level 1:colcon.colcon_core.package_identification:_identify(cmake/ament_cmake_core) by extensions ['ignore', 'ignore_ament_install']
[0.247s] Level 1:colcon.colcon_core.package_identification:_identify(cmake/ament_cmake_core) by extension 'ignore'
[0.247s] Level 1:colcon.colcon_core.package_identification:_identify(cmake/ament_cmake_core) by extension 'ignore_ament_install'
[0.247s] Level 1:colcon.colcon_core.package_identification:_identify(cmake/ament_cmake_core) by extensions ['colcon_pkg']
[0.247s] Level 1:colcon.colcon_core.package_identification:_identify(cmake/ament_cmake_core) by extension 'colcon_pkg'
[0.247s] Level 1:colcon.colcon_core.package_identification:_identify(cmake/ament_cmake_core) by extensions ['colcon_meta']
[0.247s] Level 1:colcon.colcon_core.package_identification:_identify(cmake/ament_cmake_core) by extension 'colcon_meta'
[0.247s] Level 1:colcon.colcon_core.package_identification:_identify(cmake/ament_cmake_core) by extensions ['ros']
[0.247s] Level 1:colcon.colcon_core.package_identification:_identify(cmake/ament_cmake_core) by extension 'ros'
[0.247s] Level 1:colcon.colcon_core.package_identification:_identify(cmake/ament_cmake_core) by extensions ['cmake', 'python']
[0.247s] Level 1:colcon.colcon_core.package_identification:_identify(cmake/ament_cmake_core) by extension 'cmake'
[0.247s] Level 1:colcon.colcon_core.package_identification:_identify(cmake/ament_cmake_core) by extension 'python'
[0.247s] Level 1:colcon.colcon_core.package_identification:_identify(cmake/ament_cmake_core) by extensions ['python_setup_py']
[0.247s] Level 1:colcon.colcon_core.package_identification:_identify(cmake/ament_cmake_core) by extension 'python_setup_py'
[0.247s] Level 1:colcon.colcon_core.package_identification:_identify(cmake/ament_cmake_core/stamps) by extensions ['ignore', 'ignore_ament_install']
[0.247s] Level 1:colcon.colcon_core.package_identification:_identify(cmake/ament_cmake_core/stamps) by extension 'ignore'
[0.247s] Level 1:colcon.colcon_core.package_identification:_identify(cmake/ament_cmake_core/stamps) by extension 'ignore_ament_install'
[0.247s] Level 1:colcon.colcon_core.package_identification:_identify(cmake/ament_cmake_core/stamps) by extensions ['colcon_pkg']
[0.247s] Level 1:colcon.colcon_core.package_identification:_identify(cmake/ament_cmake_core/stamps) by extension 'colcon_pkg'
[0.247s] Level 1:colcon.colcon_core.package_identification:_identify(cmake/ament_cmake_core/stamps) by extensions ['colcon_meta']
[0.247s] Level 1:colcon.colcon_core.package_identification:_identify(cmake/ament_cmake_core/stamps) by extension 'colcon_meta'
[0.247s] Level 1:colcon.colcon_core.package_identification:_identify(cmake/ament_cmake_core/stamps) by extensions ['ros']
[0.247s] Level 1:colcon.colcon_core.package_identification:_identify(cmake/ament_cmake_core/stamps) by extension 'ros'
[0.247s] Level 1:colcon.colcon_core.package_identification:_identify(cmake/ament_cmake_core/stamps) by extensions ['cmake', 'python']
[0.247s] Level 1:colcon.colcon_core.package_identification:_identify(cmake/ament_cmake_core/stamps) by extension 'cmake'
[0.247s] Level 1:colcon.colcon_core.package_identification:_identify(cmake/ament_cmake_core/stamps) by extension 'python'
[0.248s] Level 1:colcon.colcon_core.package_identification:_identify(cmake/ament_cmake_core/stamps) by extensions ['python_setup_py']
[0.248s] Level 1:colcon.colcon_core.package_identification:_identify(cmake/ament_cmake_core/stamps) by extension 'python_setup_py'
[0.248s] Level 1:colcon.colcon_core.package_identification:_identify(cmake/ament_cmake_package_templates) by extensions ['ignore', 'ignore_ament_install']
[0.248s] Level 1:colcon.colcon_core.package_identification:_identify(cmake/ament_cmake_package_templates) by extension 'ignore'
[0.248s] Level 1:colcon.colcon_core.package_identification:_identify(cmake/ament_cmake_package_templates) by extension 'ignore_ament_install'
[0.248s] Level 1:colcon.colcon_core.package_identification:_identify(cmake/ament_cmake_package_templates) by extensions ['colcon_pkg']
[0.248s] Level 1:colcon.colcon_core.package_identification:_identify(cmake/ament_cmake_package_templates) by extension 'colcon_pkg'
[0.248s] Level 1:colcon.colcon_core.package_identification:_identify(cmake/ament_cmake_package_templates) by extensions ['colcon_meta']
[0.248s] Level 1:colcon.colcon_core.package_identification:_identify(cmake/ament_cmake_package_templates) by extension 'colcon_meta'
[0.248s] Level 1:colcon.colcon_core.package_identification:_identify(cmake/ament_cmake_package_templates) by extensions ['ros']
[0.248s] Level 1:colcon.colcon_core.package_identification:_identify(cmake/ament_cmake_package_templates) by extension 'ros'
[0.248s] Level 1:colcon.colcon_core.package_identification:_identify(cmake/ament_cmake_package_templates) by extensions ['cmake', 'python']
[0.248s] Level 1:colcon.colcon_core.package_identification:_identify(cmake/ament_cmake_package_templates) by extension 'cmake'
[0.248s] Level 1:colcon.colcon_core.package_identification:_identify(cmake/ament_cmake_package_templates) by extension 'python'
[0.248s] Level 1:colcon.colcon_core.package_identification:_identify(cmake/ament_cmake_package_templates) by extensions ['python_setup_py']
[0.248s] Level 1:colcon.colcon_core.package_identification:_identify(cmake/ament_cmake_package_templates) by extension 'python_setup_py'
[0.248s] Level 1:colcon.colcon_core.package_identification:_identify(cmake/ament_cmake_uninstall_target) by extensions ['ignore', 'ignore_ament_install']
[0.248s] Level 1:colcon.colcon_core.package_identification:_identify(cmake/ament_cmake_uninstall_target) by extension 'ignore'
[0.248s] Level 1:colcon.colcon_core.package_identification:_identify(cmake/ament_cmake_uninstall_target) by extension 'ignore_ament_install'
[0.248s] Level 1:colcon.colcon_core.package_identification:_identify(cmake/ament_cmake_uninstall_target) by extensions ['colcon_pkg']
[0.248s] Level 1:colcon.colcon_core.package_identification:_identify(cmake/ament_cmake_uninstall_target) by extension 'colcon_pkg'
[0.248s] Level 1:colcon.colcon_core.package_identification:_identify(cmake/ament_cmake_uninstall_target) by extensions ['colcon_meta']
[0.248s] Level 1:colcon.colcon_core.package_identification:_identify(cmake/ament_cmake_uninstall_target) by extension 'colcon_meta'
[0.248s] Level 1:colcon.colcon_core.package_identification:_identify(cmake/ament_cmake_uninstall_target) by extensions ['ros']
[0.248s] Level 1:colcon.colcon_core.package_identification:_identify(cmake/ament_cmake_uninstall_target) by extension 'ros'
[0.248s] Level 1:colcon.colcon_core.package_identification:_identify(cmake/ament_cmake_uninstall_target) by extensions ['cmake', 'python']
[0.248s] Level 1:colcon.colcon_core.package_identification:_identify(cmake/ament_cmake_uninstall_target) by extension 'cmake'
[0.248s] Level 1:colcon.colcon_core.package_identification:_identify(cmake/ament_cmake_uninstall_target) by extension 'python'
[0.248s] Level 1:colcon.colcon_core.package_identification:_identify(cmake/ament_cmake_uninstall_target) by extensions ['python_setup_py']
[0.248s] Level 1:colcon.colcon_core.package_identification:_identify(cmake/ament_cmake_uninstall_target) by extension 'python_setup_py'
[0.249s] Level 1:colcon.colcon_core.package_identification:_identify(demo_cpp_pkg) by extensions ['ignore', 'ignore_ament_install']
[0.249s] Level 1:colcon.colcon_core.package_identification:_identify(demo_cpp_pkg) by extension 'ignore'
[0.249s] Level 1:colcon.colcon_core.package_identification:_identify(demo_cpp_pkg) by extension 'ignore_ament_install'
[0.249s] Level 1:colcon.colcon_core.package_identification:_identify(demo_cpp_pkg) by extensions ['colcon_pkg']
[0.249s] Level 1:colcon.colcon_core.package_identification:_identify(demo_cpp_pkg) by extension 'colcon_pkg'
[0.249s] Level 1:colcon.colcon_core.package_identification:_identify(demo_cpp_pkg) by extensions ['colcon_meta']
[0.249s] Level 1:colcon.colcon_core.package_identification:_identify(demo_cpp_pkg) by extension 'colcon_meta'
[0.249s] Level 1:colcon.colcon_core.package_identification:_identify(demo_cpp_pkg) by extensions ['ros']
[0.249s] Level 1:colcon.colcon_core.package_identification:_identify(demo_cpp_pkg) by extension 'ros'
[0.250s] DEBUG:colcon.colcon_core.package_identification:Package 'demo_cpp_pkg' with type 'ros.ament_cmake' and name 'demo_cpp_pkg'
[0.250s] Level 1:colcon.colcon_core.package_identification:_identify(install) by extensions ['ignore', 'ignore_ament_install']
[0.250s] Level 1:colcon.colcon_core.package_identification:_identify(install) by extension 'ignore'
[0.250s] Level 1:colcon.colcon_core.package_identification:_identify(install) ignored
[0.251s] Level 1:colcon.colcon_core.package_identification:_identify(log) by extensions ['ignore', 'ignore_ament_install']
[0.251s] Level 1:colcon.colcon_core.package_identification:_identify(log) by extension 'ignore'
[0.251s] Level 1:colcon.colcon_core.package_identification:_identify(log) ignored
[0.251s] Level 1:colcon.colcon_core.package_discovery:discover_packages(recursive) using defaults
[0.251s] Level 1:colcon.colcon_core.package_discovery:discover_packages(ignore) discover
[0.251s] Level 1:colcon.colcon_core.package_discovery:discover_packages(ignore) using defaults
[0.251s] Level 1:colcon.colcon_core.package_discovery:discover_packages(path) discover
[0.251s] Level 1:colcon.colcon_core.package_discovery:discover_packages(path) using defaults
[0.272s] Level 5:colcon.colcon_core.verb:set package 'demo_cpp_pkg' build argument 'cmake_args' from command line to 'None'
[0.272s] Level 5:colcon.colcon_core.verb:set package 'demo_cpp_pkg' build argument 'cmake_target' from command line to 'None'
[0.272s] Level 5:colcon.colcon_core.verb:set package 'demo_cpp_pkg' build argument 'cmake_target_skip_unavailable' from command line to 'False'
[0.272s] Level 5:colcon.colcon_core.verb:set package 'demo_cpp_pkg' build argument 'cmake_clean_cache' from command line to 'False'
[0.272s] Level 5:colcon.colcon_core.verb:set package 'demo_cpp_pkg' build argument 'cmake_clean_first' from command line to 'False'
[0.272s] Level 5:colcon.colcon_core.verb:set package 'demo_cpp_pkg' build argument 'cmake_force_configure' from command line to 'False'
[0.272s] Level 5:colcon.colcon_core.verb:set package 'demo_cpp_pkg' build argument 'ament_cmake_args' from command line to 'None'
[0.272s] Level 5:colcon.colcon_core.verb:set package 'demo_cpp_pkg' build argument 'catkin_cmake_args' from command line to 'None'
[0.272s] Level 5:colcon.colcon_core.verb:set package 'demo_cpp_pkg' build argument 'catkin_skip_building_tests' from command line to 'False'
[0.272s] DEBUG:colcon.colcon_core.verb:Building package 'demo_cpp_pkg' with the following arguments: {'ament_cmake_args': None, 'build_base': '/home/cofallen/Code/ros2/cp2_node/node/build/demo_cpp_pkg', 'catkin_cmake_args': None, 'catkin_skip_building_tests': False, 'cmake_args': None, 'cmake_clean_cache': False, 'cmake_clean_first': False, 'cmake_force_configure': False, 'cmake_target': None, 'cmake_target_skip_unavailable': False, 'install_base': '/home/cofallen/Code/ros2/cp2_node/node/install/demo_cpp_pkg', 'merge_install': False, 'path': '/home/cofallen/Code/ros2/cp2_node/node/demo_cpp_pkg', 'symlink_install': False, 'test_result_base': None}
[0.272s] INFO:colcon.colcon_core.executor:Executing jobs using 'parallel' executor
[0.273s] DEBUG:colcon.colcon_parallel_executor.executor.parallel:run_until_complete
[0.273s] INFO:colcon.colcon_ros.task.ament_cmake.build:Building ROS package in '/home/cofallen/Code/ros2/cp2_node/node/demo_cpp_pkg' with build type 'ament_cmake'
[0.274s] INFO:colcon.colcon_cmake.task.cmake.build:Building CMake package in '/home/cofallen/Code/ros2/cp2_node/node/demo_cpp_pkg'
[0.276s] INFO:colcon.colcon_core.plugin_system:Skipping extension 'colcon_core.shell.bat': Not used on non-Windows systems
[0.276s] INFO:colcon.colcon_core.shell:Skip shell extension 'powershell' for command environment: Not usable outside of PowerShell
[0.276s] DEBUG:colcon.colcon_core.shell:Skip shell extension 'dsv' for command environment
[0.286s] DEBUG:colcon.colcon_core.event_handler.log_command:Invoking command in '/home/cofallen/Code/ros2/cp2_node/node/build/demo_cpp_pkg': CMAKE_PREFIX_PATH=/home/cofallen/Code/ros2/cp2_node/py/install/demo_python_pkg:/opt/ros/humble /usr/bin/cmake /home/cofallen/Code/ros2/cp2_node/node/demo_cpp_pkg -DCMAKE_INSTALL_PREFIX=/home/cofallen/Code/ros2/cp2_node/node/install/demo_cpp_pkg
[1.216s] DEBUG:colcon.colcon_core.event_handler.log_command:Invoked command in '/home/cofallen/Code/ros2/cp2_node/node/build/demo_cpp_pkg' returned '0': CMAKE_PREFIX_PATH=/home/cofallen/Code/ros2/cp2_node/py/install/demo_python_pkg:/opt/ros/humble /usr/bin/cmake /home/cofallen/Code/ros2/cp2_node/node/demo_cpp_pkg -DCMAKE_INSTALL_PREFIX=/home/cofallen/Code/ros2/cp2_node/node/install/demo_cpp_pkg
[1.218s] DEBUG:colcon.colcon_core.event_handler.log_command:Invoking command in '/home/cofallen/Code/ros2/cp2_node/node/build/demo_cpp_pkg': CMAKE_PREFIX_PATH=/home/cofallen/Code/ros2/cp2_node/py/install/demo_python_pkg:/opt/ros/humble /usr/bin/cmake --build /home/cofallen/Code/ros2/cp2_node/node/build/demo_cpp_pkg -- -j12 -l12
[3.422s] DEBUG:colcon.colcon_core.event_handler.log_command:Invoked command in '/home/cofallen/Code/ros2/cp2_node/node/build/demo_cpp_pkg' returned '0': CMAKE_PREFIX_PATH=/home/cofallen/Code/ros2/cp2_node/py/install/demo_python_pkg:/opt/ros/humble /usr/bin/cmake --build /home/cofallen/Code/ros2/cp2_node/node/build/demo_cpp_pkg -- -j12 -l12
[3.431s] DEBUG:colcon.colcon_core.event_handler.log_command:Invoking command in '/home/cofallen/Code/ros2/cp2_node/node/build/demo_cpp_pkg': CMAKE_PREFIX_PATH=/home/cofallen/Code/ros2/cp2_node/py/install/demo_python_pkg:/opt/ros/humble /usr/bin/cmake --install /home/cofallen/Code/ros2/cp2_node/node/build/demo_cpp_pkg
[3.442s] Level 1:colcon.colcon_core.environment:create_environment_scripts_only(demo_cpp_pkg)
[3.442s] DEBUG:colcon.colcon_core.event_handler.log_command:Invoked command in '/home/cofallen/Code/ros2/cp2_node/node/build/demo_cpp_pkg' returned '0': CMAKE_PREFIX_PATH=/home/cofallen/Code/ros2/cp2_node/py/install/demo_python_pkg:/opt/ros/humble /usr/bin/cmake --install /home/cofallen/Code/ros2/cp2_node/node/build/demo_cpp_pkg
[3.445s] Level 1:colcon.colcon_core.environment:checking '/home/cofallen/Code/ros2/cp2_node/node/install/demo_cpp_pkg' for CMake module files
[3.445s] Level 1:colcon.colcon_core.environment:checking '/home/cofallen/Code/ros2/cp2_node/node/install/demo_cpp_pkg' for CMake config files
[3.446s] Level 1:colcon.colcon_core.shell:create_environment_hook('demo_cpp_pkg', 'cmake_prefix_path')
[3.446s] INFO:colcon.colcon_core.shell:Creating environment hook '/home/cofallen/Code/ros2/cp2_node/node/install/demo_cpp_pkg/share/demo_cpp_pkg/hook/cmake_prefix_path.ps1'
[3.446s] INFO:colcon.colcon_core.shell:Creating environment descriptor '/home/cofallen/Code/ros2/cp2_node/node/install/demo_cpp_pkg/share/demo_cpp_pkg/hook/cmake_prefix_path.dsv'
[3.447s] INFO:colcon.colcon_core.shell:Creating environment hook '/home/cofallen/Code/ros2/cp2_node/node/install/demo_cpp_pkg/share/demo_cpp_pkg/hook/cmake_prefix_path.sh'
[3.447s] Level 1:colcon.colcon_core.environment:checking '/home/cofallen/Code/ros2/cp2_node/node/install/demo_cpp_pkg/bin'
[3.447s] Level 1:colcon.colcon_core.environment:checking '/home/cofallen/Code/ros2/cp2_node/node/install/demo_cpp_pkg/lib/pkgconfig/demo_cpp_pkg.pc'
[3.449s] Level 1:colcon.colcon_core.environment:checking '/home/cofallen/Code/ros2/cp2_node/node/install/demo_cpp_pkg/lib/python3.10/site-packages'
[3.449s] Level 1:colcon.colcon_core.environment:checking '/home/cofallen/Code/ros2/cp2_node/node/install/demo_cpp_pkg/bin'
[3.449s] INFO:colcon.colcon_core.shell:Creating package script '/home/cofallen/Code/ros2/cp2_node/node/install/demo_cpp_pkg/share/demo_cpp_pkg/package.ps1'
[3.450s] INFO:colcon.colcon_core.shell:Creating package descriptor '/home/cofallen/Code/ros2/cp2_node/node/install/demo_cpp_pkg/share/demo_cpp_pkg/package.dsv'
[3.450s] INFO:colcon.colcon_core.shell:Creating package script '/home/cofallen/Code/ros2/cp2_node/node/install/demo_cpp_pkg/share/demo_cpp_pkg/package.sh'
[3.451s] INFO:colcon.colcon_core.shell:Creating package script '/home/cofallen/Code/ros2/cp2_node/node/install/demo_cpp_pkg/share/demo_cpp_pkg/package.bash'
[3.451s] INFO:colcon.colcon_core.shell:Creating package script '/home/cofallen/Code/ros2/cp2_node/node/install/demo_cpp_pkg/share/demo_cpp_pkg/package.zsh'
[3.452s] Level 1:colcon.colcon_core.environment:create_file_with_runtime_dependencies(/home/cofallen/Code/ros2/cp2_node/node/install/demo_cpp_pkg/share/colcon-core/packages/demo_cpp_pkg)
[3.452s] Level 1:colcon.colcon_core.environment:create_environment_scripts_only(demo_cpp_pkg)
[3.452s] Level 1:colcon.colcon_core.environment:checking '/home/cofallen/Code/ros2/cp2_node/node/install/demo_cpp_pkg' for CMake module files
[3.453s] Level 1:colcon.colcon_core.environment:checking '/home/cofallen/Code/ros2/cp2_node/node/install/demo_cpp_pkg' for CMake config files
[3.453s] Level 1:colcon.colcon_core.shell:create_environment_hook('demo_cpp_pkg', 'cmake_prefix_path')
[3.453s] INFO:colcon.colcon_core.shell:Creating environment hook '/home/cofallen/Code/ros2/cp2_node/node/install/demo_cpp_pkg/share/demo_cpp_pkg/hook/cmake_prefix_path.ps1'
[3.453s] INFO:colcon.colcon_core.shell:Creating environment descriptor '/home/cofallen/Code/ros2/cp2_node/node/install/demo_cpp_pkg/share/demo_cpp_pkg/hook/cmake_prefix_path.dsv'
[3.454s] INFO:colcon.colcon_core.shell:Creating environment hook '/home/cofallen/Code/ros2/cp2_node/node/install/demo_cpp_pkg/share/demo_cpp_pkg/hook/cmake_prefix_path.sh'
[3.454s] Level 1:colcon.colcon_core.environment:checking '/home/cofallen/Code/ros2/cp2_node/node/install/demo_cpp_pkg/bin'
[3.454s] Level 1:colcon.colcon_core.environment:checking '/home/cofallen/Code/ros2/cp2_node/node/install/demo_cpp_pkg/lib/pkgconfig/demo_cpp_pkg.pc'
[3.454s] Level 1:colcon.colcon_core.environment:checking '/home/cofallen/Code/ros2/cp2_node/node/install/demo_cpp_pkg/lib/python3.10/site-packages'
[3.454s] Level 1:colcon.colcon_core.environment:checking '/home/cofallen/Code/ros2/cp2_node/node/install/demo_cpp_pkg/bin'
[3.454s] INFO:colcon.colcon_core.shell:Creating package script '/home/cofallen/Code/ros2/cp2_node/node/install/demo_cpp_pkg/share/demo_cpp_pkg/package.ps1'
[3.455s] INFO:colcon.colcon_core.shell:Creating package descriptor '/home/cofallen/Code/ros2/cp2_node/node/install/demo_cpp_pkg/share/demo_cpp_pkg/package.dsv'
[3.455s] INFO:colcon.colcon_core.shell:Creating package script '/home/cofallen/Code/ros2/cp2_node/node/install/demo_cpp_pkg/share/demo_cpp_pkg/package.sh'
[3.455s] INFO:colcon.colcon_core.shell:Creating package script '/home/cofallen/Code/ros2/cp2_node/node/install/demo_cpp_pkg/share/demo_cpp_pkg/package.bash'
[3.456s] INFO:colcon.colcon_core.shell:Creating package script '/home/cofallen/Code/ros2/cp2_node/node/install/demo_cpp_pkg/share/demo_cpp_pkg/package.zsh'
[3.456s] Level 1:colcon.colcon_core.environment:create_file_with_runtime_dependencies(/home/cofallen/Code/ros2/cp2_node/node/install/demo_cpp_pkg/share/colcon-core/packages/demo_cpp_pkg)
[3.456s] DEBUG:colcon.colcon_parallel_executor.executor.parallel:closing loop
[3.456s] DEBUG:colcon.colcon_parallel_executor.executor.parallel:loop closed
[3.456s] DEBUG:colcon.colcon_parallel_executor.executor.parallel:run_until_complete finished with '0'
[3.456s] DEBUG:colcon.colcon_core.event_reactor:joining thread
[3.463s] INFO:colcon.colcon_core.plugin_system:Skipping extension 'colcon_notification.desktop_notification.terminal_notifier': Not used on non-Darwin systems
[3.464s] INFO:colcon.colcon_core.plugin_system:Skipping extension 'colcon_notification.desktop_notification.win32': Not used on non-Windows systems
[3.464s] INFO:colcon.colcon_notification.desktop_notification:Sending desktop notification using 'notify2'
[3.474s] DEBUG:colcon.colcon_core.event_reactor:joined thread
[3.474s] INFO:colcon.colcon_core.shell:Creating prefix script '/home/cofallen/Code/ros2/cp2_node/node/install/local_setup.ps1'
[3.475s] INFO:colcon.colcon_core.shell:Creating prefix util module '/home/cofallen/Code/ros2/cp2_node/node/install/_local_setup_util_ps1.py'
[3.476s] INFO:colcon.colcon_core.shell:Creating prefix chain script '/home/cofallen/Code/ros2/cp2_node/node/install/setup.ps1'
[3.477s] INFO:colcon.colcon_core.shell:Creating prefix script '/home/cofallen/Code/ros2/cp2_node/node/install/local_setup.sh'
[3.478s] INFO:colcon.colcon_core.shell:Creating prefix util module '/home/cofallen/Code/ros2/cp2_node/node/install/_local_setup_util_sh.py'
[3.478s] INFO:colcon.colcon_core.shell:Creating prefix chain script '/home/cofallen/Code/ros2/cp2_node/node/install/setup.sh'
[3.479s] INFO:colcon.colcon_core.shell:Creating prefix script '/home/cofallen/Code/ros2/cp2_node/node/install/local_setup.bash'
[3.479s] INFO:colcon.colcon_core.shell:Creating prefix chain script '/home/cofallen/Code/ros2/cp2_node/node/install/setup.bash'
[3.480s] INFO:colcon.colcon_core.shell:Creating prefix script '/home/cofallen/Code/ros2/cp2_node/node/install/local_setup.zsh'
[3.480s] INFO:colcon.colcon_core.shell:Creating prefix chain script '/home/cofallen/Code/ros2/cp2_node/node/install/setup.zsh'
