[0.095s] DEBUG:colcon:Command line arguments: ['/home/cofallen/.local/bin/colcon', 'build']
[0.095s] DEBUG:colcon:Parsed command line arguments: Namespace(log_base=None, log_level=None, verb_name='build', build_base='build', install_base='install', merge_install=False, symlink_install=False, test_result_base=None, continue_on_error=False, executor='parallel', parallel_workers=12, event_handlers=None, ignore_user_meta=False, metas=['./colcon.meta'], base_paths=['.'], packages_ignore=None, packages_ignore_regex=None, paths=None, packages_up_to=None, packages_up_to_regex=None, packages_above=None, packages_above_and_dependencies=None, packages_above_depth=None, packages_select_by_dep=None, packages_skip_by_dep=None, packages_skip_up_to=None, packages_select_build_failed=False, packages_skip_build_finished=False, packages_select_test_failures=False, packages_skip_test_passed=False, packages_select=None, packages_skip=None, packages_select_regex=None, packages_skip_regex=None, packages_start=None, packages_end=None, cmake_args=None, cmake_target=None, cmake_target_skip_unavailable=False, cmake_clean_cache=False, cmake_clean_first=False, cmake_force_configure=False, ament_cmake_args=None, catkin_cmake_args=None, catkin_skip_building_tests=False, verb_parser=<colcon_defaults.argument_parser.defaults.DefaultArgumentsDecorator object at 0x7a1327203d90>, verb_extension=<colcon_core.verb.build.BuildVerb object at 0x7a13273491e0>, main=<bound method BuildVerb.main of <colcon_core.verb.build.BuildVerb object at 0x7a13273491e0>>)
[0.195s] Level 1:colcon.colcon_core.package_discovery:discover_packages(colcon_meta) check parameters
[0.195s] Level 1:colcon.colcon_core.package_discovery:discover_packages(recursive) check parameters
[0.196s] Level 1:colcon.colcon_core.package_discovery:discover_packages(ignore) check parameters
[0.196s] Level 1:colcon.colcon_core.package_discovery:discover_packages(path) check parameters
[0.196s] Level 1:colcon.colcon_core.package_discovery:discover_packages(colcon_meta) discover
[0.196s] Level 1:colcon.colcon_core.package_discovery:discover_packages(recursive) discover
[0.196s] INFO:colcon.colcon_core.package_discovery:Crawling recursively for packages in '/home/cofallen/Code/ros2/cp3_topic/topic_practice_ws'
[0.196s] Level 1:colcon.colcon_core.package_identification:_identify(.) by extensions ['ignore', 'ignore_ament_install']
[0.196s] Level 1:colcon.colcon_core.package_identification:_identify(.) by extension 'ignore'
[0.196s] Level 1:colcon.colcon_core.package_identification:_identify(.) by extension 'ignore_ament_install'
[0.196s] Level 1:colcon.colcon_core.package_identification:_identify(.) by extensions ['colcon_pkg']
[0.196s] Level 1:colcon.colcon_core.package_identification:_identify(.) by extension 'colcon_pkg'
[0.196s] Level 1:colcon.colcon_core.package_identification:_identify(.) by extensions ['colcon_meta']
[0.196s] Level 1:colcon.colcon_core.package_identification:_identify(.) by extension 'colcon_meta'
[0.196s] Level 1:colcon.colcon_core.package_identification:_identify(.) by extensions ['ros']
[0.196s] Level 1:colcon.colcon_core.package_identification:_identify(.) by extension 'ros'
[0.203s] Level 1:colcon.colcon_core.package_identification:_identify(.) by extensions ['cmake', 'python']
[0.203s] Level 1:colcon.colcon_core.package_identification:_identify(.) by extension 'cmake'
[0.203s] Level 1:colcon.colcon_core.package_identification:_identify(.) by extension 'python'
[0.203s] Level 1:colcon.colcon_core.package_identification:_identify(.) by extensions ['python_setup_py']
[0.203s] Level 1:colcon.colcon_core.package_identification:_identify(.) by extension 'python_setup_py'
[0.203s] Level 1:colcon.colcon_core.package_identification:_identify(build) by extensions ['ignore', 'ignore_ament_install']
[0.203s] Level 1:colcon.colcon_core.package_identification:_identify(build) by extension 'ignore'
[0.203s] Level 1:colcon.colcon_core.package_identification:_identify(build) ignored
[0.203s] Level 1:colcon.colcon_core.package_identification:_identify(install) by extensions ['ignore', 'ignore_ament_install']
[0.204s] Level 1:colcon.colcon_core.package_identification:_identify(install) by extension 'ignore'
[0.204s] Level 1:colcon.colcon_core.package_identification:_identify(install) ignored
[0.204s] Level 1:colcon.colcon_core.package_identification:_identify(log) by extensions ['ignore', 'ignore_ament_install']
[0.204s] Level 1:colcon.colcon_core.package_identification:_identify(log) by extension 'ignore'
[0.204s] Level 1:colcon.colcon_core.package_identification:_identify(log) ignored
[0.204s] Level 1:colcon.colcon_core.package_identification:_identify(src) by extensions ['ignore', 'ignore_ament_install']
[0.204s] Level 1:colcon.colcon_core.package_identification:_identify(src) by extension 'ignore'
[0.204s] Level 1:colcon.colcon_core.package_identification:_identify(src) by extension 'ignore_ament_install'
[0.204s] Level 1:colcon.colcon_core.package_identification:_identify(src) by extensions ['colcon_pkg']
[0.204s] Level 1:colcon.colcon_core.package_identification:_identify(src) by extension 'colcon_pkg'
[0.204s] Level 1:colcon.colcon_core.package_identification:_identify(src) by extensions ['colcon_meta']
[0.204s] Level 1:colcon.colcon_core.package_identification:_identify(src) by extension 'colcon_meta'
[0.204s] Level 1:colcon.colcon_core.package_identification:_identify(src) by extensions ['ros']
[0.204s] Level 1:colcon.colcon_core.package_identification:_identify(src) by extension 'ros'
[0.204s] Level 1:colcon.colcon_core.package_identification:_identify(src) by extensions ['cmake', 'python']
[0.204s] Level 1:colcon.colcon_core.package_identification:_identify(src) by extension 'cmake'
[0.204s] Level 1:colcon.colcon_core.package_identification:_identify(src) by extension 'python'
[0.204s] Level 1:colcon.colcon_core.package_identification:_identify(src) by extensions ['python_setup_py']
[0.204s] Level 1:colcon.colcon_core.package_identification:_identify(src) by extension 'python_setup_py'
[0.204s] Level 1:colcon.colcon_core.package_identification:_identify(src/status_interfaces) by extensions ['ignore', 'ignore_ament_install']
[0.204s] Level 1:colcon.colcon_core.package_identification:_identify(src/status_interfaces) by extension 'ignore'
[0.204s] Level 1:colcon.colcon_core.package_identification:_identify(src/status_interfaces) by extension 'ignore_ament_install'
[0.204s] Level 1:colcon.colcon_core.package_identification:_identify(src/status_interfaces) by extensions ['colcon_pkg']
[0.204s] Level 1:colcon.colcon_core.package_identification:_identify(src/status_interfaces) by extension 'colcon_pkg'
[0.204s] Level 1:colcon.colcon_core.package_identification:_identify(src/status_interfaces) by extensions ['colcon_meta']
[0.204s] Level 1:colcon.colcon_core.package_identification:_identify(src/status_interfaces) by extension 'colcon_meta'
[0.205s] Level 1:colcon.colcon_core.package_identification:_identify(src/status_interfaces) by extensions ['ros']
[0.205s] Level 1:colcon.colcon_core.package_identification:_identify(src/status_interfaces) by extension 'ros'
[0.206s] DEBUG:colcon.colcon_core.package_identification:Package 'src/status_interfaces' with type 'ros.ament_cmake' and name 'status_interfaces'
[0.206s] Level 1:colcon.colcon_core.package_identification:_identify(src/status_publisher) by extensions ['ignore', 'ignore_ament_install']
[0.206s] Level 1:colcon.colcon_core.package_identification:_identify(src/status_publisher) by extension 'ignore'
[0.206s] Level 1:colcon.colcon_core.package_identification:_identify(src/status_publisher) by extension 'ignore_ament_install'
[0.206s] Level 1:colcon.colcon_core.package_identification:_identify(src/status_publisher) by extensions ['colcon_pkg']
[0.206s] Level 1:colcon.colcon_core.package_identification:_identify(src/status_publisher) by extension 'colcon_pkg'
[0.206s] Level 1:colcon.colcon_core.package_identification:_identify(src/status_publisher) by extensions ['colcon_meta']
[0.206s] Level 1:colcon.colcon_core.package_identification:_identify(src/status_publisher) by extension 'colcon_meta'
[0.206s] Level 1:colcon.colcon_core.package_identification:_identify(src/status_publisher) by extensions ['ros']
[0.206s] Level 1:colcon.colcon_core.package_identification:_identify(src/status_publisher) by extension 'ros'
[0.207s] DEBUG:colcon.colcon_core.package_identification:Package 'src/status_publisher' with type 'ros.ament_python' and name 'status_publisher'
[0.207s] Level 1:colcon.colcon_core.package_discovery:discover_packages(recursive) using defaults
[0.208s] Level 1:colcon.colcon_core.package_discovery:discover_packages(ignore) discover
[0.208s] Level 1:colcon.colcon_core.package_discovery:discover_packages(ignore) using defaults
[0.208s] Level 1:colcon.colcon_core.package_discovery:discover_packages(path) discover
[0.208s] Level 1:colcon.colcon_core.package_discovery:discover_packages(path) using defaults
[0.221s] Level 5:colcon.colcon_core.verb:set package 'status_interfaces' build argument 'cmake_args' from command line to 'None'
[0.221s] Level 5:colcon.colcon_core.verb:set package 'status_interfaces' build argument 'cmake_target' from command line to 'None'
[0.221s] Level 5:colcon.colcon_core.verb:set package 'status_interfaces' build argument 'cmake_target_skip_unavailable' from command line to 'False'
[0.221s] Level 5:colcon.colcon_core.verb:set package 'status_interfaces' build argument 'cmake_clean_cache' from command line to 'False'
[0.221s] Level 5:colcon.colcon_core.verb:set package 'status_interfaces' build argument 'cmake_clean_first' from command line to 'False'
[0.221s] Level 5:colcon.colcon_core.verb:set package 'status_interfaces' build argument 'cmake_force_configure' from command line to 'False'
[0.221s] Level 5:colcon.colcon_core.verb:set package 'status_interfaces' build argument 'ament_cmake_args' from command line to 'None'
[0.221s] Level 5:colcon.colcon_core.verb:set package 'status_interfaces' build argument 'catkin_cmake_args' from command line to 'None'
[0.221s] Level 5:colcon.colcon_core.verb:set package 'status_interfaces' build argument 'catkin_skip_building_tests' from command line to 'False'
[0.221s] DEBUG:colcon.colcon_core.verb:Building package 'status_interfaces' with the following arguments: {'ament_cmake_args': None, 'build_base': '/home/cofallen/Code/ros2/cp3_topic/topic_practice_ws/build/status_interfaces', 'catkin_cmake_args': None, 'catkin_skip_building_tests': False, 'cmake_args': None, 'cmake_clean_cache': False, 'cmake_clean_first': False, 'cmake_force_configure': False, 'cmake_target': None, 'cmake_target_skip_unavailable': False, 'install_base': '/home/cofallen/Code/ros2/cp3_topic/topic_practice_ws/install/status_interfaces', 'merge_install': False, 'path': '/home/cofallen/Code/ros2/cp3_topic/topic_practice_ws/src/status_interfaces', 'symlink_install': False, 'test_result_base': None}
[0.222s] Level 5:colcon.colcon_core.verb:set package 'status_publisher' build argument 'cmake_args' from command line to 'None'
[0.222s] Level 5:colcon.colcon_core.verb:set package 'status_publisher' build argument 'cmake_target' from command line to 'None'
[0.222s] Level 5:colcon.colcon_core.verb:set package 'status_publisher' build argument 'cmake_target_skip_unavailable' from command line to 'False'
[0.222s] Level 5:colcon.colcon_core.verb:set package 'status_publisher' build argument 'cmake_clean_cache' from command line to 'False'
[0.222s] Level 5:colcon.colcon_core.verb:set package 'status_publisher' build argument 'cmake_clean_first' from command line to 'False'
[0.222s] Level 5:colcon.colcon_core.verb:set package 'status_publisher' build argument 'cmake_force_configure' from command line to 'False'
[0.222s] Level 5:colcon.colcon_core.verb:set package 'status_publisher' build argument 'ament_cmake_args' from command line to 'None'
[0.222s] Level 5:colcon.colcon_core.verb:set package 'status_publisher' build argument 'catkin_cmake_args' from command line to 'None'
[0.222s] Level 5:colcon.colcon_core.verb:set package 'status_publisher' build argument 'catkin_skip_building_tests' from command line to 'False'
[0.222s] DEBUG:colcon.colcon_core.verb:Building package 'status_publisher' with the following arguments: {'ament_cmake_args': None, 'build_base': '/home/cofallen/Code/ros2/cp3_topic/topic_practice_ws/build/status_publisher', 'catkin_cmake_args': None, 'catkin_skip_building_tests': False, 'cmake_args': None, 'cmake_clean_cache': False, 'cmake_clean_first': False, 'cmake_force_configure': False, 'cmake_target': None, 'cmake_target_skip_unavailable': False, 'install_base': '/home/cofallen/Code/ros2/cp3_topic/topic_practice_ws/install/status_publisher', 'merge_install': False, 'path': '/home/cofallen/Code/ros2/cp3_topic/topic_practice_ws/src/status_publisher', 'symlink_install': False, 'test_result_base': None}
[0.222s] INFO:colcon.colcon_core.executor:Executing jobs using 'parallel' executor
[0.223s] DEBUG:colcon.colcon_parallel_executor.executor.parallel:run_until_complete
[0.223s] INFO:colcon.colcon_ros.task.ament_cmake.build:Building ROS package in '/home/cofallen/Code/ros2/cp3_topic/topic_practice_ws/src/status_interfaces' with build type 'ament_cmake'
[0.223s] INFO:colcon.colcon_cmake.task.cmake.build:Building CMake package in '/home/cofallen/Code/ros2/cp3_topic/topic_practice_ws/src/status_interfaces'
[0.224s] INFO:colcon.colcon_core.plugin_system:Skipping extension 'colcon_core.shell.bat': Not used on non-Windows systems
[0.224s] INFO:colcon.colcon_core.shell:Skip shell extension 'powershell' for command environment: Not usable outside of PowerShell
[0.224s] DEBUG:colcon.colcon_core.shell:Skip shell extension 'dsv' for command environment
[0.234s] DEBUG:colcon.colcon_core.event_handler.log_command:Invoking command in '/home/cofallen/Code/ros2/cp3_topic/topic_practice_ws/build/status_interfaces': CMAKE_PREFIX_PATH=${CMAKE_PREFIX_PATH}:/home/cofallen/Code/ros2/cp3_topic/topic_practice_ws/install/status_publisher:/opt/ros/humble /usr/bin/cmake --build /home/cofallen/Code/ros2/cp3_topic/topic_practice_ws/build/status_interfaces -- -j12 -l12
[0.498s] DEBUG:colcon.colcon_core.event_handler.log_command:Invoked command in '/home/cofallen/Code/ros2/cp3_topic/topic_practice_ws/build/status_interfaces' returned '0': CMAKE_PREFIX_PATH=${CMAKE_PREFIX_PATH}:/home/cofallen/Code/ros2/cp3_topic/topic_practice_ws/install/status_publisher:/opt/ros/humble /usr/bin/cmake --build /home/cofallen/Code/ros2/cp3_topic/topic_practice_ws/build/status_interfaces -- -j12 -l12
[0.507s] DEBUG:colcon.colcon_core.event_handler.log_command:Invoking command in '/home/cofallen/Code/ros2/cp3_topic/topic_practice_ws/build/status_interfaces': CMAKE_PREFIX_PATH=${CMAKE_PREFIX_PATH}:/home/cofallen/Code/ros2/cp3_topic/topic_practice_ws/install/status_publisher:/opt/ros/humble /usr/bin/cmake --install /home/cofallen/Code/ros2/cp3_topic/topic_practice_ws/build/status_interfaces
[0.550s] Level 1:colcon.colcon_core.environment:create_environment_scripts_only(status_interfaces)
[0.550s] DEBUG:colcon.colcon_core.event_handler.log_command:Invoked command in '/home/cofallen/Code/ros2/cp3_topic/topic_practice_ws/build/status_interfaces' returned '0': CMAKE_PREFIX_PATH=${CMAKE_PREFIX_PATH}:/home/cofallen/Code/ros2/cp3_topic/topic_practice_ws/install/status_publisher:/opt/ros/humble /usr/bin/cmake --install /home/cofallen/Code/ros2/cp3_topic/topic_practice_ws/build/status_interfaces
[0.552s] Level 1:colcon.colcon_core.environment:checking '/home/cofallen/Code/ros2/cp3_topic/topic_practice_ws/install/status_interfaces' for CMake module files
[0.552s] Level 1:colcon.colcon_core.environment:checking '/home/cofallen/Code/ros2/cp3_topic/topic_practice_ws/install/status_interfaces' for CMake config files
[0.553s] Level 1:colcon.colcon_core.shell:create_environment_hook('status_interfaces', 'cmake_prefix_path')
[0.553s] INFO:colcon.colcon_core.shell:Creating environment hook '/home/cofallen/Code/ros2/cp3_topic/topic_practice_ws/install/status_interfaces/share/status_interfaces/hook/cmake_prefix_path.ps1'
[0.553s] INFO:colcon.colcon_core.shell:Creating environment descriptor '/home/cofallen/Code/ros2/cp3_topic/topic_practice_ws/install/status_interfaces/share/status_interfaces/hook/cmake_prefix_path.dsv'
[0.553s] INFO:colcon.colcon_core.shell:Creating environment hook '/home/cofallen/Code/ros2/cp3_topic/topic_practice_ws/install/status_interfaces/share/status_interfaces/hook/cmake_prefix_path.sh'
[0.554s] Level 1:colcon.colcon_core.environment:checking '/home/cofallen/Code/ros2/cp3_topic/topic_practice_ws/install/status_interfaces/lib'
[0.554s] Level 1:colcon.colcon_core.shell:create_environment_hook('status_interfaces', 'ld_library_path_lib')
[0.554s] INFO:colcon.colcon_core.shell:Creating environment hook '/home/cofallen/Code/ros2/cp3_topic/topic_practice_ws/install/status_interfaces/share/status_interfaces/hook/ld_library_path_lib.ps1'
[0.555s] INFO:colcon.colcon_core.shell:Creating environment descriptor '/home/cofallen/Code/ros2/cp3_topic/topic_practice_ws/install/status_interfaces/share/status_interfaces/hook/ld_library_path_lib.dsv'
[0.555s] INFO:colcon.colcon_core.shell:Creating environment hook '/home/cofallen/Code/ros2/cp3_topic/topic_practice_ws/install/status_interfaces/share/status_interfaces/hook/ld_library_path_lib.sh'
[0.555s] Level 1:colcon.colcon_core.environment:checking '/home/cofallen/Code/ros2/cp3_topic/topic_practice_ws/install/status_interfaces/bin'
[0.555s] Level 1:colcon.colcon_core.environment:checking '/home/cofallen/Code/ros2/cp3_topic/topic_practice_ws/install/status_interfaces/lib/pkgconfig/status_interfaces.pc'
[0.557s] Level 1:colcon.colcon_core.environment:checking '/home/cofallen/Code/ros2/cp3_topic/topic_practice_ws/install/status_interfaces/lib/python3.10/site-packages'
[0.557s] Level 1:colcon.colcon_core.environment:checking '/home/cofallen/Code/ros2/cp3_topic/topic_practice_ws/install/status_interfaces/bin'
[0.557s] INFO:colcon.colcon_core.shell:Creating package script '/home/cofallen/Code/ros2/cp3_topic/topic_practice_ws/install/status_interfaces/share/status_interfaces/package.ps1'
[0.557s] INFO:colcon.colcon_core.shell:Creating package descriptor '/home/cofallen/Code/ros2/cp3_topic/topic_practice_ws/install/status_interfaces/share/status_interfaces/package.dsv'
[0.558s] INFO:colcon.colcon_core.shell:Creating package script '/home/cofallen/Code/ros2/cp3_topic/topic_practice_ws/install/status_interfaces/share/status_interfaces/package.sh'
[0.558s] INFO:colcon.colcon_core.shell:Creating package script '/home/cofallen/Code/ros2/cp3_topic/topic_practice_ws/install/status_interfaces/share/status_interfaces/package.bash'
[0.559s] INFO:colcon.colcon_core.shell:Creating package script '/home/cofallen/Code/ros2/cp3_topic/topic_practice_ws/install/status_interfaces/share/status_interfaces/package.zsh'
[0.559s] Level 1:colcon.colcon_core.environment:create_file_with_runtime_dependencies(/home/cofallen/Code/ros2/cp3_topic/topic_practice_ws/install/status_interfaces/share/colcon-core/packages/status_interfaces)
[0.560s] Level 1:colcon.colcon_core.environment:create_environment_scripts_only(status_interfaces)
[0.560s] Level 1:colcon.colcon_core.environment:checking '/home/cofallen/Code/ros2/cp3_topic/topic_practice_ws/install/status_interfaces' for CMake module files
[0.560s] Level 1:colcon.colcon_core.environment:checking '/home/cofallen/Code/ros2/cp3_topic/topic_practice_ws/install/status_interfaces' for CMake config files
[0.561s] Level 1:colcon.colcon_core.shell:create_environment_hook('status_interfaces', 'cmake_prefix_path')
[0.561s] INFO:colcon.colcon_core.shell:Creating environment hook '/home/cofallen/Code/ros2/cp3_topic/topic_practice_ws/install/status_interfaces/share/status_interfaces/hook/cmake_prefix_path.ps1'
[0.561s] INFO:colcon.colcon_core.shell:Creating environment descriptor '/home/cofallen/Code/ros2/cp3_topic/topic_practice_ws/install/status_interfaces/share/status_interfaces/hook/cmake_prefix_path.dsv'
[0.561s] INFO:colcon.colcon_core.shell:Creating environment hook '/home/cofallen/Code/ros2/cp3_topic/topic_practice_ws/install/status_interfaces/share/status_interfaces/hook/cmake_prefix_path.sh'
[0.562s] Level 1:colcon.colcon_core.environment:checking '/home/cofallen/Code/ros2/cp3_topic/topic_practice_ws/install/status_interfaces/lib'
[0.562s] Level 1:colcon.colcon_core.shell:create_environment_hook('status_interfaces', 'ld_library_path_lib')
[0.562s] INFO:colcon.colcon_core.shell:Creating environment hook '/home/cofallen/Code/ros2/cp3_topic/topic_practice_ws/install/status_interfaces/share/status_interfaces/hook/ld_library_path_lib.ps1'
[0.562s] INFO:colcon.colcon_core.shell:Creating environment descriptor '/home/cofallen/Code/ros2/cp3_topic/topic_practice_ws/install/status_interfaces/share/status_interfaces/hook/ld_library_path_lib.dsv'
[0.562s] INFO:colcon.colcon_core.shell:Creating environment hook '/home/cofallen/Code/ros2/cp3_topic/topic_practice_ws/install/status_interfaces/share/status_interfaces/hook/ld_library_path_lib.sh'
[0.563s] Level 1:colcon.colcon_core.environment:checking '/home/cofallen/Code/ros2/cp3_topic/topic_practice_ws/install/status_interfaces/bin'
[0.563s] Level 1:colcon.colcon_core.environment:checking '/home/cofallen/Code/ros2/cp3_topic/topic_practice_ws/install/status_interfaces/lib/pkgconfig/status_interfaces.pc'
[0.563s] Level 1:colcon.colcon_core.environment:checking '/home/cofallen/Code/ros2/cp3_topic/topic_practice_ws/install/status_interfaces/lib/python3.10/site-packages'
[0.563s] Level 1:colcon.colcon_core.environment:checking '/home/cofallen/Code/ros2/cp3_topic/topic_practice_ws/install/status_interfaces/bin'
[0.563s] INFO:colcon.colcon_core.shell:Creating package script '/home/cofallen/Code/ros2/cp3_topic/topic_practice_ws/install/status_interfaces/share/status_interfaces/package.ps1'
[0.563s] INFO:colcon.colcon_core.shell:Creating package descriptor '/home/cofallen/Code/ros2/cp3_topic/topic_practice_ws/install/status_interfaces/share/status_interfaces/package.dsv'
[0.564s] INFO:colcon.colcon_core.shell:Creating package script '/home/cofallen/Code/ros2/cp3_topic/topic_practice_ws/install/status_interfaces/share/status_interfaces/package.sh'
[0.564s] INFO:colcon.colcon_core.shell:Creating package script '/home/cofallen/Code/ros2/cp3_topic/topic_practice_ws/install/status_interfaces/share/status_interfaces/package.bash'
[0.564s] INFO:colcon.colcon_core.shell:Creating package script '/home/cofallen/Code/ros2/cp3_topic/topic_practice_ws/install/status_interfaces/share/status_interfaces/package.zsh'
[0.565s] Level 1:colcon.colcon_core.environment:create_file_with_runtime_dependencies(/home/cofallen/Code/ros2/cp3_topic/topic_practice_ws/install/status_interfaces/share/colcon-core/packages/status_interfaces)
[0.565s] INFO:colcon.colcon_ros.task.ament_python.build:Building ROS package in '/home/cofallen/Code/ros2/cp3_topic/topic_practice_ws/src/status_publisher' with build type 'ament_python'
[0.565s] Level 1:colcon.colcon_core.shell:create_environment_hook('status_publisher', 'ament_prefix_path')
[0.565s] INFO:colcon.colcon_core.shell:Creating environment hook '/home/cofallen/Code/ros2/cp3_topic/topic_practice_ws/install/status_publisher/share/status_publisher/hook/ament_prefix_path.ps1'
[0.566s] INFO:colcon.colcon_core.shell:Creating environment descriptor '/home/cofallen/Code/ros2/cp3_topic/topic_practice_ws/install/status_publisher/share/status_publisher/hook/ament_prefix_path.dsv'
[0.566s] INFO:colcon.colcon_core.shell:Creating environment hook '/home/cofallen/Code/ros2/cp3_topic/topic_practice_ws/install/status_publisher/share/status_publisher/hook/ament_prefix_path.sh'
[0.566s] INFO:colcon.colcon_core.shell:Skip shell extension 'powershell' for command environment: Not usable outside of PowerShell
[0.566s] DEBUG:colcon.colcon_core.shell:Skip shell extension 'dsv' for command environment
[0.752s] INFO:colcon.colcon_core.task.python.build:Building Python package in '/home/cofallen/Code/ros2/cp3_topic/topic_practice_ws/src/status_publisher'
[0.752s] INFO:colcon.colcon_core.shell:Skip shell extension 'powershell' for command environment: Not usable outside of PowerShell
[0.753s] DEBUG:colcon.colcon_core.shell:Skip shell extension 'dsv' for command environment
[1.004s] DEBUG:colcon.colcon_core.event_handler.log_command:Invoking command in '/home/cofallen/Code/ros2/cp3_topic/topic_practice_ws/src/status_publisher': PYTHONPATH=/home/cofallen/Code/ros2/cp3_topic/topic_practice_ws/build/status_publisher/prefix_override:/home/cofallen/.local/lib/python3.10/site-packages/colcon_core/task/python/colcon_distutils_commands:/home/cofallen/Code/ros2/cp3_topic/topic_practice_ws/install/status_publisher/lib/python3.10/site-packages:${PYTHONPATH} /usr/bin/python3 -W ignore:setup.py install is deprecated -W ignore:easy_install command is deprecated setup.py egg_info --egg-base ../../build/status_publisher build --build-base /home/cofallen/Code/ros2/cp3_topic/topic_practice_ws/build/status_publisher/build install --record /home/cofallen/Code/ros2/cp3_topic/topic_practice_ws/build/status_publisher/install.log --single-version-externally-managed install_data
[1.211s] Level 1:colcon.colcon_core.environment:checking '/home/cofallen/Code/ros2/cp3_topic/topic_practice_ws/install/status_publisher' for CMake module files
[1.212s] DEBUG:colcon.colcon_core.event_handler.log_command:Invoked command in '/home/cofallen/Code/ros2/cp3_topic/topic_practice_ws/src/status_publisher' returned '0': PYTHONPATH=/home/cofallen/Code/ros2/cp3_topic/topic_practice_ws/build/status_publisher/prefix_override:/home/cofallen/.local/lib/python3.10/site-packages/colcon_core/task/python/colcon_distutils_commands:/home/cofallen/Code/ros2/cp3_topic/topic_practice_ws/install/status_publisher/lib/python3.10/site-packages:${PYTHONPATH} /usr/bin/python3 -W ignore:setup.py install is deprecated -W ignore:easy_install command is deprecated setup.py egg_info --egg-base ../../build/status_publisher build --build-base /home/cofallen/Code/ros2/cp3_topic/topic_practice_ws/build/status_publisher/build install --record /home/cofallen/Code/ros2/cp3_topic/topic_practice_ws/build/status_publisher/install.log --single-version-externally-managed install_data
[1.212s] Level 1:colcon.colcon_core.environment:checking '/home/cofallen/Code/ros2/cp3_topic/topic_practice_ws/install/status_publisher' for CMake config files
[1.212s] Level 1:colcon.colcon_core.environment:checking '/home/cofallen/Code/ros2/cp3_topic/topic_practice_ws/install/status_publisher/lib'
[1.212s] Level 1:colcon.colcon_core.environment:checking '/home/cofallen/Code/ros2/cp3_topic/topic_practice_ws/install/status_publisher/bin'
[1.212s] Level 1:colcon.colcon_core.environment:checking '/home/cofallen/Code/ros2/cp3_topic/topic_practice_ws/install/status_publisher/lib/pkgconfig/status_publisher.pc'
[1.213s] Level 1:colcon.colcon_core.environment:checking '/home/cofallen/Code/ros2/cp3_topic/topic_practice_ws/install/status_publisher/lib/python3.10/site-packages'
[1.213s] Level 1:colcon.colcon_core.shell:create_environment_hook('status_publisher', 'pythonpath')
[1.213s] INFO:colcon.colcon_core.shell:Creating environment hook '/home/cofallen/Code/ros2/cp3_topic/topic_practice_ws/install/status_publisher/share/status_publisher/hook/pythonpath.ps1'
[1.213s] INFO:colcon.colcon_core.shell:Creating environment descriptor '/home/cofallen/Code/ros2/cp3_topic/topic_practice_ws/install/status_publisher/share/status_publisher/hook/pythonpath.dsv'
[1.213s] INFO:colcon.colcon_core.shell:Creating environment hook '/home/cofallen/Code/ros2/cp3_topic/topic_practice_ws/install/status_publisher/share/status_publisher/hook/pythonpath.sh'
[1.214s] Level 1:colcon.colcon_core.environment:checking '/home/cofallen/Code/ros2/cp3_topic/topic_practice_ws/install/status_publisher/bin'
[1.214s] Level 1:colcon.colcon_core.environment:create_environment_scripts_only(status_publisher)
[1.214s] INFO:colcon.colcon_core.shell:Creating package script '/home/cofallen/Code/ros2/cp3_topic/topic_practice_ws/install/status_publisher/share/status_publisher/package.ps1'
[1.214s] INFO:colcon.colcon_core.shell:Creating package descriptor '/home/cofallen/Code/ros2/cp3_topic/topic_practice_ws/install/status_publisher/share/status_publisher/package.dsv'
[1.215s] INFO:colcon.colcon_core.shell:Creating package script '/home/cofallen/Code/ros2/cp3_topic/topic_practice_ws/install/status_publisher/share/status_publisher/package.sh'
[1.215s] INFO:colcon.colcon_core.shell:Creating package script '/home/cofallen/Code/ros2/cp3_topic/topic_practice_ws/install/status_publisher/share/status_publisher/package.bash'
[1.215s] INFO:colcon.colcon_core.shell:Creating package script '/home/cofallen/Code/ros2/cp3_topic/topic_practice_ws/install/status_publisher/share/status_publisher/package.zsh'
[1.216s] Level 1:colcon.colcon_core.environment:create_file_with_runtime_dependencies(/home/cofallen/Code/ros2/cp3_topic/topic_practice_ws/install/status_publisher/share/colcon-core/packages/status_publisher)
[1.216s] DEBUG:colcon.colcon_parallel_executor.executor.parallel:closing loop
[1.216s] DEBUG:colcon.colcon_parallel_executor.executor.parallel:loop closed
[1.216s] DEBUG:colcon.colcon_parallel_executor.executor.parallel:run_until_complete finished with '0'
[1.216s] DEBUG:colcon.colcon_core.event_reactor:joining thread
[1.220s] INFO:colcon.colcon_core.plugin_system:Skipping extension 'colcon_notification.desktop_notification.terminal_notifier': Not used on non-Darwin systems
[1.220s] INFO:colcon.colcon_core.plugin_system:Skipping extension 'colcon_notification.desktop_notification.win32': Not used on non-Windows systems
[1.220s] INFO:colcon.colcon_notification.desktop_notification:Sending desktop notification using 'notify2'
[1.230s] DEBUG:colcon.colcon_core.event_reactor:joined thread
[1.231s] INFO:colcon.colcon_core.shell:Creating prefix script '/home/cofallen/Code/ros2/cp3_topic/topic_practice_ws/install/local_setup.ps1'
[1.232s] INFO:colcon.colcon_core.shell:Creating prefix util module '/home/cofallen/Code/ros2/cp3_topic/topic_practice_ws/install/_local_setup_util_ps1.py'
[1.233s] INFO:colcon.colcon_core.shell:Creating prefix chain script '/home/cofallen/Code/ros2/cp3_topic/topic_practice_ws/install/setup.ps1'
[1.233s] INFO:colcon.colcon_core.shell:Creating prefix script '/home/cofallen/Code/ros2/cp3_topic/topic_practice_ws/install/local_setup.sh'
[1.234s] INFO:colcon.colcon_core.shell:Creating prefix util module '/home/cofallen/Code/ros2/cp3_topic/topic_practice_ws/install/_local_setup_util_sh.py'
[1.234s] INFO:colcon.colcon_core.shell:Creating prefix chain script '/home/cofallen/Code/ros2/cp3_topic/topic_practice_ws/install/setup.sh'
[1.235s] INFO:colcon.colcon_core.shell:Creating prefix script '/home/cofallen/Code/ros2/cp3_topic/topic_practice_ws/install/local_setup.bash'
[1.235s] INFO:colcon.colcon_core.shell:Creating prefix chain script '/home/cofallen/Code/ros2/cp3_topic/topic_practice_ws/install/setup.bash'
[1.236s] INFO:colcon.colcon_core.shell:Creating prefix script '/home/cofallen/Code/ros2/cp3_topic/topic_practice_ws/install/local_setup.zsh'
[1.236s] INFO:colcon.colcon_core.shell:Creating prefix chain script '/home/cofallen/Code/ros2/cp3_topic/topic_practice_ws/install/setup.zsh'
