[0.009s] Invoking command in '/home/cofallen/Code/ros2/cp4_service/cp4_ws/build/chap4_interface': CMAKE_PREFIX_PATH=/opt/ros/humble /usr/bin/cmake /home/cofallen/Code/ros2/cp4_service/cp4_ws/src/chap4_interface -DCMAKE_INSTALL_PREFIX=/home/cofallen/Code/ros2/cp4_service/cp4_ws/install/chap4_interface
[0.019s] -- Found ament_cmake: 1.3.11 (/opt/ros/humble/share/ament_cmake/cmake)
[0.117s] -- Found sensor_msgs: 4.8.0 (/opt/ros/humble/share/sensor_msgs/cmake)
[0.135s] -- Found rosidl_generator_c: 3.1.6 (/opt/ros/humble/share/rosidl_generator_c/cmake)
[0.136s] -- Found rosidl_adapter: 3.1.6 (/opt/ros/humble/share/rosidl_adapter/cmake)
[0.140s] -- Found rosidl_generator_cpp: 3.1.6 (/opt/ros/humble/share/rosidl_generator_cpp/cmake)
[0.146s] -- Using all available rosidl_typesupport_c: rosidl_typesupport_fastrtps_c;rosidl_typesupport_introspection_c
[0.155s] -- Using all available rosidl_typesupport_cpp: rosidl_typesupport_fastrtps_cpp;rosidl_typesupport_introspection_cpp
[0.190s] -- Found rosidl_default_generators: 1.2.0 (/opt/ros/humble/share/rosidl_default_generators/cmake)
[0.335s] [31mCMake Error at /opt/ros/humble/share/rosidl_cmake/cmake/rosidl_generate_interfaces.cmake:229 (message):
[0.335s]   Packages installing interfaces must include
[0.335s]   '<member_of_group>rosidl_interface_packages</member_of_group>' in their
[0.335s]   package.xml
[0.335s] Call Stack (most recent call first):
[0.336s]   CMakeLists.txt:13 (rosidl_generate_interfaces)
[0.336s] 
[0.336s] [0m
[0.336s] -- Configuring incomplete, errors occurred!
[0.336s] See also "/home/cofallen/Code/ros2/cp4_service/cp4_ws/build/chap4_interface/CMakeFiles/CMakeOutput.log".
[0.341s] Invoked command in '/home/cofallen/Code/ros2/cp4_service/cp4_ws/build/chap4_interface' returned '1': CMAKE_PREFIX_PATH=/opt/ros/humble /usr/bin/cmake /home/cofallen/Code/ros2/cp4_service/cp4_ws/src/chap4_interface -DCMAKE_INSTALL_PREFIX=/home/cofallen/Code/ros2/cp4_service/cp4_ws/install/chap4_interface
