[0.013s] Invoking command in '/home/cofallen/Code/ros2/cp3_topic/topic_ws/build/demo_cpp_topic': CMAKE_PREFIX_PATH=${CMAKE_PREFIX_PATH}:/home/cofallen/Code/ros2/cp3_topic/topic_ws/install/demo_python_topic:/opt/ros/humble /usr/bin/cmake --build /home/cofallen/Code/ros2/cp3_topic/topic_ws/build/demo_cpp_topic -- -j12 -l12
[0.035s] -- Found ament_cmake: 1.3.11 (/opt/ros/humble/share/ament_cmake/cmake)
[0.130s] -- Found rclcpp: 16.0.12 (/opt/ros/humble/share/rclcpp/cmake)
[0.150s] -- Found rosidl_generator_c: 3.1.6 (/opt/ros/humble/share/rosidl_generator_c/cmake)
[0.151s] -- Found rosidl_adapter: 3.1.6 (/opt/ros/humble/share/rosidl_adapter/cmake)
[0.155s] -- Found rosidl_generator_cpp: 3.1.6 (/opt/ros/humble/share/rosidl_generator_cpp/cmake)
[0.161s] -- Using all available rosidl_typesupport_c: rosidl_typesupport_fastrtps_c;rosidl_typesupport_introspection_c
[0.170s] -- Using all available rosidl_typesupport_cpp: rosidl_typesupport_fastrtps_cpp;rosidl_typesupport_introspection_cpp
[0.192s] -- Found rmw_implementation_cmake: 6.1.2 (/opt/ros/humble/share/rmw_implementation_cmake/cmake)
[0.192s] -- Found rmw_fastrtps_cpp: 6.2.7 (/opt/ros/humble/share/rmw_fastrtps_cpp/cmake)
[0.284s] -- Using RMW implementation 'rmw_fastrtps_cpp' as default
[0.316s] -- Found geometry_msgs: 4.8.0 (/opt/ros/humble/share/geometry_msgs/cmake)
[0.323s] -- Found turtlesim: 1.4.2 (/opt/ros/humble/share/turtlesim/cmake)
[0.349s] -- Found ament_lint_auto: 0.12.12 (/opt/ros/humble/share/ament_lint_auto/cmake)
[0.410s] -- Added test 'cppcheck' to perform static code analysis on C / C++ code
[0.410s] -- Configured cppcheck include dirs: 
[0.410s] -- Configured cppcheck exclude dirs and/or files: 
[0.411s] -- Added test 'lint_cmake' to check CMake code style
[0.412s] -- Added test 'uncrustify' to check C / C++ code style
[0.412s] -- Configured uncrustify additional arguments: 
[0.412s] -- Added test 'xmllint' to check XML markup files
[0.413s] -- Configuring done
[0.426s] -- Generating done
[0.431s] -- Build files have been written to: /home/cofallen/Code/ros2/cp3_topic/topic_ws/build/demo_cpp_topic
[0.458s] [35m[1mConsolidate compiler generated dependencies of target turtle_circle[0m
[0.467s] [ 25%] [32mBuilding CXX object CMakeFiles/turtle_control.dir/src/turtle_control.cpp.o[0m
[0.473s] [ 50%] [32mBuilding CXX object CMakeFiles/turtle_circle.dir/src/turtle_circle.cpp.o[0m
[3.760s] [ 75%] [32m[1mLinking CXX executable turtle_circle[0m
[3.950s] [ 75%] Built target turtle_circle
[6.831s] [100%] [32m[1mLinking CXX executable turtle_control[0m
[7.130s] [100%] Built target turtle_control
[7.141s] Invoked command in '/home/cofallen/Code/ros2/cp3_topic/topic_ws/build/demo_cpp_topic' returned '0': CMAKE_PREFIX_PATH=${CMAKE_PREFIX_PATH}:/home/cofallen/Code/ros2/cp3_topic/topic_ws/install/demo_python_topic:/opt/ros/humble /usr/bin/cmake --build /home/cofallen/Code/ros2/cp3_topic/topic_ws/build/demo_cpp_topic -- -j12 -l12
[7.150s] Invoking command in '/home/cofallen/Code/ros2/cp3_topic/topic_ws/build/demo_cpp_topic': CMAKE_PREFIX_PATH=${CMAKE_PREFIX_PATH}:/home/cofallen/Code/ros2/cp3_topic/topic_ws/install/demo_python_topic:/opt/ros/humble /usr/bin/cmake --install /home/cofallen/Code/ros2/cp3_topic/topic_ws/build/demo_cpp_topic
[7.155s] -- Install configuration: ""
[7.155s] -- Installing: /home/cofallen/Code/ros2/cp3_topic/topic_ws/install/demo_cpp_topic/lib/demo_cpp_topic/turtle_circle
[7.157s] -- Set runtime path of "/home/cofallen/Code/ros2/cp3_topic/topic_ws/install/demo_cpp_topic/lib/demo_cpp_topic/turtle_circle" to ""
[7.157s] -- Installing: /home/cofallen/Code/ros2/cp3_topic/topic_ws/install/demo_cpp_topic/lib/demo_cpp_topic/turtle_control
[7.160s] -- Set runtime path of "/home/cofallen/Code/ros2/cp3_topic/topic_ws/install/demo_cpp_topic/lib/demo_cpp_topic/turtle_control" to ""
[7.160s] -- Up-to-date: /home/cofallen/Code/ros2/cp3_topic/topic_ws/install/demo_cpp_topic/share/ament_index/resource_index/package_run_dependencies/demo_cpp_topic
[7.160s] -- Installing: /home/cofallen/Code/ros2/cp3_topic/topic_ws/install/demo_cpp_topic/share/ament_index/resource_index/parent_prefix_path/demo_cpp_topic
[7.160s] -- Up-to-date: /home/cofallen/Code/ros2/cp3_topic/topic_ws/install/demo_cpp_topic/share/demo_cpp_topic/environment/ament_prefix_path.sh
[7.160s] -- Installing: /home/cofallen/Code/ros2/cp3_topic/topic_ws/install/demo_cpp_topic/share/demo_cpp_topic/environment/ament_prefix_path.dsv
[7.161s] -- Up-to-date: /home/cofallen/Code/ros2/cp3_topic/topic_ws/install/demo_cpp_topic/share/demo_cpp_topic/environment/path.sh
[7.161s] -- Installing: /home/cofallen/Code/ros2/cp3_topic/topic_ws/install/demo_cpp_topic/share/demo_cpp_topic/environment/path.dsv
[7.161s] -- Up-to-date: /home/cofallen/Code/ros2/cp3_topic/topic_ws/install/demo_cpp_topic/share/demo_cpp_topic/local_setup.bash
[7.161s] -- Up-to-date: /home/cofallen/Code/ros2/cp3_topic/topic_ws/install/demo_cpp_topic/share/demo_cpp_topic/local_setup.sh
[7.161s] -- Up-to-date: /home/cofallen/Code/ros2/cp3_topic/topic_ws/install/demo_cpp_topic/share/demo_cpp_topic/local_setup.zsh
[7.161s] -- Installing: /home/cofallen/Code/ros2/cp3_topic/topic_ws/install/demo_cpp_topic/share/demo_cpp_topic/local_setup.dsv
[7.161s] -- Installing: /home/cofallen/Code/ros2/cp3_topic/topic_ws/install/demo_cpp_topic/share/demo_cpp_topic/package.dsv
[7.161s] -- Up-to-date: /home/cofallen/Code/ros2/cp3_topic/topic_ws/install/demo_cpp_topic/share/ament_index/resource_index/packages/demo_cpp_topic
[7.161s] -- Up-to-date: /home/cofallen/Code/ros2/cp3_topic/topic_ws/install/demo_cpp_topic/share/demo_cpp_topic/cmake/demo_cpp_topicConfig.cmake
[7.161s] -- Up-to-date: /home/cofallen/Code/ros2/cp3_topic/topic_ws/install/demo_cpp_topic/share/demo_cpp_topic/cmake/demo_cpp_topicConfig-version.cmake
[7.161s] -- Up-to-date: /home/cofallen/Code/ros2/cp3_topic/topic_ws/install/demo_cpp_topic/share/demo_cpp_topic/package.xml
[7.163s] Invoked command in '/home/cofallen/Code/ros2/cp3_topic/topic_ws/build/demo_cpp_topic' returned '0': CMAKE_PREFIX_PATH=${CMAKE_PREFIX_PATH}:/home/cofallen/Code/ros2/cp3_topic/topic_ws/install/demo_python_topic:/opt/ros/humble /usr/bin/cmake --install /home/cofallen/Code/ros2/cp3_topic/topic_ws/build/demo_cpp_topic
