[0.012s] Invoking command in '/home/cofallen/Code/ros2/cp3_topic/topic_ws/build/demo_cpp_topic': CMAKE_PREFIX_PATH=${CMAKE_PREFIX_PATH}:/home/cofallen/Code/ros2/cp3_topic/topic_ws/install/demo_python_topic:/opt/ros/humble /usr/bin/cmake --build /home/cofallen/Code/ros2/cp3_topic/topic_ws/build/demo_cpp_topic -- -j12 -l12
[0.054s] [35m[1mConsolidate compiler generated dependencies of target turtle_control[0m
[0.066s] [ 50%] Built target turtle_circle
[0.070s] [ 75%] [32mBuilding CXX object CMakeFiles/turtle_control.dir/src/turtle_control.cpp.o[0m
[0.270s] [01m[K/home/cofallen/Code/ros2/cp3_topic/topic_ws/src/demo_cpp_topic/src/turtle_control.cpp:130:12:[m[K [01;35m[Kwarning: [m[Kextra tokens at end of #else directive [[01;35m[K]8;;https://gcc.gnu.org/onlinedocs/gcc/Warning-Options.html#index-Wendif-labels-Wendif-labels]8;;[m[K]
[0.270s]   130 |     #else  [01;35m[KDEBUG_CLASS[m[K
[0.270s]       |            [01;35m[K^~~~~~~~~~~[m[K
[6.397s] [100%] [32m[1mLinking CXX executable turtle_control[0m
[6.716s] [100%] Built target turtle_control
[6.729s] Invoked command in '/home/cofallen/Code/ros2/cp3_topic/topic_ws/build/demo_cpp_topic' returned '0': CMAKE_PREFIX_PATH=${CMAKE_PREFIX_PATH}:/home/cofallen/Code/ros2/cp3_topic/topic_ws/install/demo_python_topic:/opt/ros/humble /usr/bin/cmake --build /home/cofallen/Code/ros2/cp3_topic/topic_ws/build/demo_cpp_topic -- -j12 -l12
[6.740s] Invoking command in '/home/cofallen/Code/ros2/cp3_topic/topic_ws/build/demo_cpp_topic': CMAKE_PREFIX_PATH=${CMAKE_PREFIX_PATH}:/home/cofallen/Code/ros2/cp3_topic/topic_ws/install/demo_python_topic:/opt/ros/humble /usr/bin/cmake --install /home/cofallen/Code/ros2/cp3_topic/topic_ws/build/demo_cpp_topic
[6.747s] -- Install configuration: ""
[6.747s] -- Up-to-date: /home/cofallen/Code/ros2/cp3_topic/topic_ws/install/demo_cpp_topic/lib/demo_cpp_topic/turtle_circle
[6.747s] -- Installing: /home/cofallen/Code/ros2/cp3_topic/topic_ws/install/demo_cpp_topic/lib/demo_cpp_topic/turtle_control
[6.751s] -- Set runtime path of "/home/cofallen/Code/ros2/cp3_topic/topic_ws/install/demo_cpp_topic/lib/demo_cpp_topic/turtle_control" to ""
[6.751s] -- Up-to-date: /home/cofallen/Code/ros2/cp3_topic/topic_ws/install/demo_cpp_topic/share/ament_index/resource_index/package_run_dependencies/demo_cpp_topic
[6.751s] -- Up-to-date: /home/cofallen/Code/ros2/cp3_topic/topic_ws/install/demo_cpp_topic/share/ament_index/resource_index/parent_prefix_path/demo_cpp_topic
[6.752s] -- Up-to-date: /home/cofallen/Code/ros2/cp3_topic/topic_ws/install/demo_cpp_topic/share/demo_cpp_topic/environment/ament_prefix_path.sh
[6.752s] -- Up-to-date: /home/cofallen/Code/ros2/cp3_topic/topic_ws/install/demo_cpp_topic/share/demo_cpp_topic/environment/ament_prefix_path.dsv
[6.752s] -- Up-to-date: /home/cofallen/Code/ros2/cp3_topic/topic_ws/install/demo_cpp_topic/share/demo_cpp_topic/environment/path.sh
[6.752s] -- Up-to-date: /home/cofallen/Code/ros2/cp3_topic/topic_ws/install/demo_cpp_topic/share/demo_cpp_topic/environment/path.dsv
[6.752s] -- Up-to-date: /home/cofallen/Code/ros2/cp3_topic/topic_ws/install/demo_cpp_topic/share/demo_cpp_topic/local_setup.bash
[6.752s] -- Up-to-date: /home/cofallen/Code/ros2/cp3_topic/topic_ws/install/demo_cpp_topic/share/demo_cpp_topic/local_setup.sh
[6.752s] -- Up-to-date: /home/cofallen/Code/ros2/cp3_topic/topic_ws/install/demo_cpp_topic/share/demo_cpp_topic/local_setup.zsh
[6.752s] -- Up-to-date: /home/cofallen/Code/ros2/cp3_topic/topic_ws/install/demo_cpp_topic/share/demo_cpp_topic/local_setup.dsv
[6.752s] -- Installing: /home/cofallen/Code/ros2/cp3_topic/topic_ws/install/demo_cpp_topic/share/demo_cpp_topic/package.dsv
[6.753s] -- Up-to-date: /home/cofallen/Code/ros2/cp3_topic/topic_ws/install/demo_cpp_topic/share/ament_index/resource_index/packages/demo_cpp_topic
[6.753s] -- Up-to-date: /home/cofallen/Code/ros2/cp3_topic/topic_ws/install/demo_cpp_topic/share/demo_cpp_topic/cmake/demo_cpp_topicConfig.cmake
[6.753s] -- Up-to-date: /home/cofallen/Code/ros2/cp3_topic/topic_ws/install/demo_cpp_topic/share/demo_cpp_topic/cmake/demo_cpp_topicConfig-version.cmake
[6.753s] -- Up-to-date: /home/cofallen/Code/ros2/cp3_topic/topic_ws/install/demo_cpp_topic/share/demo_cpp_topic/package.xml
[6.754s] Invoked command in '/home/cofallen/Code/ros2/cp3_topic/topic_ws/build/demo_cpp_topic' returned '0': CMAKE_PREFIX_PATH=${CMAKE_PREFIX_PATH}:/home/cofallen/Code/ros2/cp3_topic/topic_ws/install/demo_python_topic:/opt/ros/humble /usr/bin/cmake --install /home/cofallen/Code/ros2/cp3_topic/topic_ws/build/demo_cpp_topic
