[0.090s] DEBUG:colcon:Command line arguments: ['/home/cofallen/.local/bin/colcon', 'build']
[0.090s] DEBUG:colcon:Parsed command line arguments: Namespace(log_base=None, log_level=None, verb_name='build', build_base='build', install_base='install', merge_install=False, symlink_install=False, test_result_base=None, continue_on_error=False, executor='parallel', parallel_workers=12, event_handlers=None, ignore_user_meta=False, metas=['./colcon.meta'], base_paths=['.'], packages_ignore=None, packages_ignore_regex=None, paths=None, packages_up_to=None, packages_up_to_regex=None, packages_above=None, packages_above_and_dependencies=None, packages_above_depth=None, packages_select_by_dep=None, packages_skip_by_dep=None, packages_skip_up_to=None, packages_select_build_failed=False, packages_skip_build_finished=False, packages_select_test_failures=False, packages_skip_test_passed=False, packages_select=None, packages_skip=None, packages_select_regex=None, packages_skip_regex=None, packages_start=None, packages_end=None, cmake_args=None, cmake_target=None, cmake_target_skip_unavailable=False, cmake_clean_cache=False, cmake_clean_first=False, cmake_force_configure=False, ament_cmake_args=None, catkin_cmake_args=None, catkin_skip_building_tests=False, verb_parser=<colcon_defaults.argument_parser.defaults.DefaultArgumentsDecorator object at 0x72f64d8e7850>, verb_extension=<colcon_core.verb.build.BuildVerb object at 0x72f64da24b80>, main=<bound method BuildVerb.main of <colcon_core.verb.build.BuildVerb object at 0x72f64da24b80>>)
[0.193s] Level 1:colcon.colcon_core.package_discovery:discover_packages(colcon_meta) check parameters
[0.193s] Level 1:colcon.colcon_core.package_discovery:discover_packages(recursive) check parameters
[0.193s] Level 1:colcon.colcon_core.package_discovery:discover_packages(ignore) check parameters
[0.193s] Level 1:colcon.colcon_core.package_discovery:discover_packages(path) check parameters
[0.193s] Level 1:colcon.colcon_core.package_discovery:discover_packages(colcon_meta) discover
[0.193s] Level 1:colcon.colcon_core.package_discovery:discover_packages(recursive) discover
[0.193s] INFO:colcon.colcon_core.package_discovery:Crawling recursively for packages in '/home/cofallen/Code/ros2/cp4_service/cp4_ws'
[0.193s] Level 1:colcon.colcon_core.package_identification:_identify(.) by extensions ['ignore', 'ignore_ament_install']
[0.193s] Level 1:colcon.colcon_core.package_identification:_identify(.) by extension 'ignore'
[0.193s] Level 1:colcon.colcon_core.package_identification:_identify(.) by extension 'ignore_ament_install'
[0.193s] Level 1:colcon.colcon_core.package_identification:_identify(.) by extensions ['colcon_pkg']
[0.193s] Level 1:colcon.colcon_core.package_identification:_identify(.) by extension 'colcon_pkg'
[0.193s] Level 1:colcon.colcon_core.package_identification:_identify(.) by extensions ['colcon_meta']
[0.194s] Level 1:colcon.colcon_core.package_identification:_identify(.) by extension 'colcon_meta'
[0.194s] Level 1:colcon.colcon_core.package_identification:_identify(.) by extensions ['ros']
[0.194s] Level 1:colcon.colcon_core.package_identification:_identify(.) by extension 'ros'
[0.202s] Level 1:colcon.colcon_core.package_identification:_identify(.) by extensions ['cmake', 'python']
[0.202s] Level 1:colcon.colcon_core.package_identification:_identify(.) by extension 'cmake'
[0.202s] Level 1:colcon.colcon_core.package_identification:_identify(.) by extension 'python'
[0.202s] Level 1:colcon.colcon_core.package_identification:_identify(.) by extensions ['python_setup_py']
[0.202s] Level 1:colcon.colcon_core.package_identification:_identify(.) by extension 'python_setup_py'
[0.202s] Level 1:colcon.colcon_core.package_identification:_identify(build) by extensions ['ignore', 'ignore_ament_install']
[0.202s] Level 1:colcon.colcon_core.package_identification:_identify(build) by extension 'ignore'
[0.202s] Level 1:colcon.colcon_core.package_identification:_identify(build) ignored
[0.202s] Level 1:colcon.colcon_core.package_identification:_identify(install) by extensions ['ignore', 'ignore_ament_install']
[0.202s] Level 1:colcon.colcon_core.package_identification:_identify(install) by extension 'ignore'
[0.202s] Level 1:colcon.colcon_core.package_identification:_identify(install) ignored
[0.202s] Level 1:colcon.colcon_core.package_identification:_identify(log) by extensions ['ignore', 'ignore_ament_install']
[0.202s] Level 1:colcon.colcon_core.package_identification:_identify(log) by extension 'ignore'
[0.202s] Level 1:colcon.colcon_core.package_identification:_identify(log) ignored
[0.202s] Level 1:colcon.colcon_core.package_identification:_identify(src) by extensions ['ignore', 'ignore_ament_install']
[0.202s] Level 1:colcon.colcon_core.package_identification:_identify(src) by extension 'ignore'
[0.202s] Level 1:colcon.colcon_core.package_identification:_identify(src) by extension 'ignore_ament_install'
[0.202s] Level 1:colcon.colcon_core.package_identification:_identify(src) by extensions ['colcon_pkg']
[0.203s] Level 1:colcon.colcon_core.package_identification:_identify(src) by extension 'colcon_pkg'
[0.203s] Level 1:colcon.colcon_core.package_identification:_identify(src) by extensions ['colcon_meta']
[0.203s] Level 1:colcon.colcon_core.package_identification:_identify(src) by extension 'colcon_meta'
[0.203s] Level 1:colcon.colcon_core.package_identification:_identify(src) by extensions ['ros']
[0.203s] Level 1:colcon.colcon_core.package_identification:_identify(src) by extension 'ros'
[0.203s] Level 1:colcon.colcon_core.package_identification:_identify(src) by extensions ['cmake', 'python']
[0.203s] Level 1:colcon.colcon_core.package_identification:_identify(src) by extension 'cmake'
[0.203s] Level 1:colcon.colcon_core.package_identification:_identify(src) by extension 'python'
[0.203s] Level 1:colcon.colcon_core.package_identification:_identify(src) by extensions ['python_setup_py']
[0.203s] Level 1:colcon.colcon_core.package_identification:_identify(src) by extension 'python_setup_py'
[0.203s] Level 1:colcon.colcon_core.package_identification:_identify(src/chap4_interface) by extensions ['ignore', 'ignore_ament_install']
[0.203s] Level 1:colcon.colcon_core.package_identification:_identify(src/chap4_interface) by extension 'ignore'
[0.203s] Level 1:colcon.colcon_core.package_identification:_identify(src/chap4_interface) by extension 'ignore_ament_install'
[0.203s] Level 1:colcon.colcon_core.package_identification:_identify(src/chap4_interface) by extensions ['colcon_pkg']
[0.203s] Level 1:colcon.colcon_core.package_identification:_identify(src/chap4_interface) by extension 'colcon_pkg'
[0.203s] Level 1:colcon.colcon_core.package_identification:_identify(src/chap4_interface) by extensions ['colcon_meta']
[0.203s] Level 1:colcon.colcon_core.package_identification:_identify(src/chap4_interface) by extension 'colcon_meta'
[0.203s] Level 1:colcon.colcon_core.package_identification:_identify(src/chap4_interface) by extensions ['ros']
[0.203s] Level 1:colcon.colcon_core.package_identification:_identify(src/chap4_interface) by extension 'ros'
[0.205s] DEBUG:colcon.colcon_core.package_identification:Package 'src/chap4_interface' with type 'ros.ament_cmake' and name 'chap4_interface'
[0.205s] Level 1:colcon.colcon_core.package_discovery:discover_packages(recursive) using defaults
[0.205s] Level 1:colcon.colcon_core.package_discovery:discover_packages(ignore) discover
[0.205s] Level 1:colcon.colcon_core.package_discovery:discover_packages(ignore) using defaults
[0.205s] Level 1:colcon.colcon_core.package_discovery:discover_packages(path) discover
[0.205s] Level 1:colcon.colcon_core.package_discovery:discover_packages(path) using defaults
[0.219s] Level 5:colcon.colcon_core.verb:set package 'chap4_interface' build argument 'cmake_args' from command line to 'None'
[0.219s] Level 5:colcon.colcon_core.verb:set package 'chap4_interface' build argument 'cmake_target' from command line to 'None'
[0.219s] Level 5:colcon.colcon_core.verb:set package 'chap4_interface' build argument 'cmake_target_skip_unavailable' from command line to 'False'
[0.219s] Level 5:colcon.colcon_core.verb:set package 'chap4_interface' build argument 'cmake_clean_cache' from command line to 'False'
[0.219s] Level 5:colcon.colcon_core.verb:set package 'chap4_interface' build argument 'cmake_clean_first' from command line to 'False'
[0.219s] Level 5:colcon.colcon_core.verb:set package 'chap4_interface' build argument 'cmake_force_configure' from command line to 'False'
[0.220s] Level 5:colcon.colcon_core.verb:set package 'chap4_interface' build argument 'ament_cmake_args' from command line to 'None'
[0.220s] Level 5:colcon.colcon_core.verb:set package 'chap4_interface' build argument 'catkin_cmake_args' from command line to 'None'
[0.220s] Level 5:colcon.colcon_core.verb:set package 'chap4_interface' build argument 'catkin_skip_building_tests' from command line to 'False'
[0.220s] DEBUG:colcon.colcon_core.verb:Building package 'chap4_interface' with the following arguments: {'ament_cmake_args': None, 'build_base': '/home/cofallen/Code/ros2/cp4_service/cp4_ws/build/chap4_interface', 'catkin_cmake_args': None, 'catkin_skip_building_tests': False, 'cmake_args': None, 'cmake_clean_cache': False, 'cmake_clean_first': False, 'cmake_force_configure': False, 'cmake_target': None, 'cmake_target_skip_unavailable': False, 'install_base': '/home/cofallen/Code/ros2/cp4_service/cp4_ws/install/chap4_interface', 'merge_install': False, 'path': '/home/cofallen/Code/ros2/cp4_service/cp4_ws/src/chap4_interface', 'symlink_install': False, 'test_result_base': None}
[0.220s] INFO:colcon.colcon_core.executor:Executing jobs using 'parallel' executor
[0.221s] DEBUG:colcon.colcon_parallel_executor.executor.parallel:run_until_complete
[0.221s] INFO:colcon.colcon_ros.task.ament_cmake.build:Building ROS package in '/home/cofallen/Code/ros2/cp4_service/cp4_ws/src/chap4_interface' with build type 'ament_cmake'
[0.221s] INFO:colcon.colcon_cmake.task.cmake.build:Building CMake package in '/home/cofallen/Code/ros2/cp4_service/cp4_ws/src/chap4_interface'
[0.222s] INFO:colcon.colcon_core.plugin_system:Skipping extension 'colcon_core.shell.bat': Not used on non-Windows systems
[0.222s] INFO:colcon.colcon_core.shell:Skip shell extension 'powershell' for command environment: Not usable outside of PowerShell
[0.222s] DEBUG:colcon.colcon_core.shell:Skip shell extension 'dsv' for command environment
[0.230s] DEBUG:colcon.colcon_core.event_handler.log_command:Invoking command in '/home/cofallen/Code/ros2/cp4_service/cp4_ws/build/chap4_interface': CMAKE_PREFIX_PATH=/opt/ros/humble /usr/bin/cmake /home/cofallen/Code/ros2/cp4_service/cp4_ws/src/chap4_interface -DCMAKE_INSTALL_PREFIX=/home/cofallen/Code/ros2/cp4_service/cp4_ws/install/chap4_interface
[1.285s] DEBUG:colcon.colcon_core.event_handler.log_command:Invoked command in '/home/cofallen/Code/ros2/cp4_service/cp4_ws/build/chap4_interface' returned '0': CMAKE_PREFIX_PATH=/opt/ros/humble /usr/bin/cmake /home/cofallen/Code/ros2/cp4_service/cp4_ws/src/chap4_interface -DCMAKE_INSTALL_PREFIX=/home/cofallen/Code/ros2/cp4_service/cp4_ws/install/chap4_interface
[1.286s] DEBUG:colcon.colcon_core.event_handler.log_command:Invoking command in '/home/cofallen/Code/ros2/cp4_service/cp4_ws/build/chap4_interface': CMAKE_PREFIX_PATH=/opt/ros/humble /usr/bin/cmake --build /home/cofallen/Code/ros2/cp4_service/cp4_ws/build/chap4_interface -- -j12 -l12
[2.886s] DEBUG:colcon.colcon_core.event_handler.log_command:Invoked command in '/home/cofallen/Code/ros2/cp4_service/cp4_ws/build/chap4_interface' returned '0': CMAKE_PREFIX_PATH=/opt/ros/humble /usr/bin/cmake --build /home/cofallen/Code/ros2/cp4_service/cp4_ws/build/chap4_interface -- -j12 -l12
[2.896s] DEBUG:colcon.colcon_core.event_handler.log_command:Invoking command in '/home/cofallen/Code/ros2/cp4_service/cp4_ws/build/chap4_interface': CMAKE_PREFIX_PATH=/opt/ros/humble /usr/bin/cmake --install /home/cofallen/Code/ros2/cp4_service/cp4_ws/build/chap4_interface
[2.955s] Level 1:colcon.colcon_core.environment:create_environment_scripts_only(chap4_interface)
[2.955s] DEBUG:colcon.colcon_core.event_handler.log_command:Invoked command in '/home/cofallen/Code/ros2/cp4_service/cp4_ws/build/chap4_interface' returned '0': CMAKE_PREFIX_PATH=/opt/ros/humble /usr/bin/cmake --install /home/cofallen/Code/ros2/cp4_service/cp4_ws/build/chap4_interface
[2.957s] Level 1:colcon.colcon_core.environment:checking '/home/cofallen/Code/ros2/cp4_service/cp4_ws/install/chap4_interface' for CMake module files
[2.957s] Level 1:colcon.colcon_core.environment:checking '/home/cofallen/Code/ros2/cp4_service/cp4_ws/install/chap4_interface' for CMake config files
[2.957s] Level 1:colcon.colcon_core.shell:create_environment_hook('chap4_interface', 'cmake_prefix_path')
[2.958s] INFO:colcon.colcon_core.shell:Creating environment hook '/home/cofallen/Code/ros2/cp4_service/cp4_ws/install/chap4_interface/share/chap4_interface/hook/cmake_prefix_path.ps1'
[2.958s] INFO:colcon.colcon_core.shell:Creating environment descriptor '/home/cofallen/Code/ros2/cp4_service/cp4_ws/install/chap4_interface/share/chap4_interface/hook/cmake_prefix_path.dsv'
[2.959s] INFO:colcon.colcon_core.shell:Creating environment hook '/home/cofallen/Code/ros2/cp4_service/cp4_ws/install/chap4_interface/share/chap4_interface/hook/cmake_prefix_path.sh'
[2.959s] Level 1:colcon.colcon_core.environment:checking '/home/cofallen/Code/ros2/cp4_service/cp4_ws/install/chap4_interface/lib'
[2.960s] Level 1:colcon.colcon_core.shell:create_environment_hook('chap4_interface', 'ld_library_path_lib')
[2.960s] INFO:colcon.colcon_core.shell:Creating environment hook '/home/cofallen/Code/ros2/cp4_service/cp4_ws/install/chap4_interface/share/chap4_interface/hook/ld_library_path_lib.ps1'
[2.960s] INFO:colcon.colcon_core.shell:Creating environment descriptor '/home/cofallen/Code/ros2/cp4_service/cp4_ws/install/chap4_interface/share/chap4_interface/hook/ld_library_path_lib.dsv'
[2.960s] INFO:colcon.colcon_core.shell:Creating environment hook '/home/cofallen/Code/ros2/cp4_service/cp4_ws/install/chap4_interface/share/chap4_interface/hook/ld_library_path_lib.sh'
[2.960s] Level 1:colcon.colcon_core.environment:checking '/home/cofallen/Code/ros2/cp4_service/cp4_ws/install/chap4_interface/bin'
[2.960s] Level 1:colcon.colcon_core.environment:checking '/home/cofallen/Code/ros2/cp4_service/cp4_ws/install/chap4_interface/lib/pkgconfig/chap4_interface.pc'
[2.962s] Level 1:colcon.colcon_core.environment:checking '/home/cofallen/Code/ros2/cp4_service/cp4_ws/install/chap4_interface/lib/python3.10/site-packages'
[2.962s] Level 1:colcon.colcon_core.environment:checking '/home/cofallen/Code/ros2/cp4_service/cp4_ws/install/chap4_interface/bin'
[2.962s] INFO:colcon.colcon_core.shell:Creating package script '/home/cofallen/Code/ros2/cp4_service/cp4_ws/install/chap4_interface/share/chap4_interface/package.ps1'
[2.963s] INFO:colcon.colcon_core.shell:Creating package descriptor '/home/cofallen/Code/ros2/cp4_service/cp4_ws/install/chap4_interface/share/chap4_interface/package.dsv'
[2.963s] INFO:colcon.colcon_core.shell:Creating package script '/home/cofallen/Code/ros2/cp4_service/cp4_ws/install/chap4_interface/share/chap4_interface/package.sh'
[2.963s] INFO:colcon.colcon_core.shell:Creating package script '/home/cofallen/Code/ros2/cp4_service/cp4_ws/install/chap4_interface/share/chap4_interface/package.bash'
[2.964s] INFO:colcon.colcon_core.shell:Creating package script '/home/cofallen/Code/ros2/cp4_service/cp4_ws/install/chap4_interface/share/chap4_interface/package.zsh'
[2.964s] Level 1:colcon.colcon_core.environment:create_file_with_runtime_dependencies(/home/cofallen/Code/ros2/cp4_service/cp4_ws/install/chap4_interface/share/colcon-core/packages/chap4_interface)
[2.965s] Level 1:colcon.colcon_core.environment:create_environment_scripts_only(chap4_interface)
[2.965s] Level 1:colcon.colcon_core.environment:checking '/home/cofallen/Code/ros2/cp4_service/cp4_ws/install/chap4_interface' for CMake module files
[2.965s] Level 1:colcon.colcon_core.environment:checking '/home/cofallen/Code/ros2/cp4_service/cp4_ws/install/chap4_interface' for CMake config files
[2.966s] Level 1:colcon.colcon_core.shell:create_environment_hook('chap4_interface', 'cmake_prefix_path')
[2.966s] INFO:colcon.colcon_core.shell:Creating environment hook '/home/cofallen/Code/ros2/cp4_service/cp4_ws/install/chap4_interface/share/chap4_interface/hook/cmake_prefix_path.ps1'
[2.966s] INFO:colcon.colcon_core.shell:Creating environment descriptor '/home/cofallen/Code/ros2/cp4_service/cp4_ws/install/chap4_interface/share/chap4_interface/hook/cmake_prefix_path.dsv'
[2.966s] INFO:colcon.colcon_core.shell:Creating environment hook '/home/cofallen/Code/ros2/cp4_service/cp4_ws/install/chap4_interface/share/chap4_interface/hook/cmake_prefix_path.sh'
[2.967s] Level 1:colcon.colcon_core.environment:checking '/home/cofallen/Code/ros2/cp4_service/cp4_ws/install/chap4_interface/lib'
[2.967s] Level 1:colcon.colcon_core.shell:create_environment_hook('chap4_interface', 'ld_library_path_lib')
[2.967s] INFO:colcon.colcon_core.shell:Creating environment hook '/home/cofallen/Code/ros2/cp4_service/cp4_ws/install/chap4_interface/share/chap4_interface/hook/ld_library_path_lib.ps1'
[2.967s] INFO:colcon.colcon_core.shell:Creating environment descriptor '/home/cofallen/Code/ros2/cp4_service/cp4_ws/install/chap4_interface/share/chap4_interface/hook/ld_library_path_lib.dsv'
[2.967s] INFO:colcon.colcon_core.shell:Creating environment hook '/home/cofallen/Code/ros2/cp4_service/cp4_ws/install/chap4_interface/share/chap4_interface/hook/ld_library_path_lib.sh'
[2.968s] Level 1:colcon.colcon_core.environment:checking '/home/cofallen/Code/ros2/cp4_service/cp4_ws/install/chap4_interface/bin'
[2.968s] Level 1:colcon.colcon_core.environment:checking '/home/cofallen/Code/ros2/cp4_service/cp4_ws/install/chap4_interface/lib/pkgconfig/chap4_interface.pc'
[2.968s] Level 1:colcon.colcon_core.environment:checking '/home/cofallen/Code/ros2/cp4_service/cp4_ws/install/chap4_interface/lib/python3.10/site-packages'
[2.968s] Level 1:colcon.colcon_core.environment:checking '/home/cofallen/Code/ros2/cp4_service/cp4_ws/install/chap4_interface/bin'
[2.968s] INFO:colcon.colcon_core.shell:Creating package script '/home/cofallen/Code/ros2/cp4_service/cp4_ws/install/chap4_interface/share/chap4_interface/package.ps1'
[2.969s] INFO:colcon.colcon_core.shell:Creating package descriptor '/home/cofallen/Code/ros2/cp4_service/cp4_ws/install/chap4_interface/share/chap4_interface/package.dsv'
[2.969s] INFO:colcon.colcon_core.shell:Creating package script '/home/cofallen/Code/ros2/cp4_service/cp4_ws/install/chap4_interface/share/chap4_interface/package.sh'
[2.969s] INFO:colcon.colcon_core.shell:Creating package script '/home/cofallen/Code/ros2/cp4_service/cp4_ws/install/chap4_interface/share/chap4_interface/package.bash'
[2.970s] INFO:colcon.colcon_core.shell:Creating package script '/home/cofallen/Code/ros2/cp4_service/cp4_ws/install/chap4_interface/share/chap4_interface/package.zsh'
[2.970s] Level 1:colcon.colcon_core.environment:create_file_with_runtime_dependencies(/home/cofallen/Code/ros2/cp4_service/cp4_ws/install/chap4_interface/share/colcon-core/packages/chap4_interface)
[2.970s] DEBUG:colcon.colcon_parallel_executor.executor.parallel:closing loop
[2.970s] DEBUG:colcon.colcon_parallel_executor.executor.parallel:loop closed
[2.970s] DEBUG:colcon.colcon_parallel_executor.executor.parallel:run_until_complete finished with '0'
[2.970s] DEBUG:colcon.colcon_core.event_reactor:joining thread
[2.974s] INFO:colcon.colcon_core.plugin_system:Skipping extension 'colcon_notification.desktop_notification.terminal_notifier': Not used on non-Darwin systems
[2.974s] INFO:colcon.colcon_core.plugin_system:Skipping extension 'colcon_notification.desktop_notification.win32': Not used on non-Windows systems
[2.974s] INFO:colcon.colcon_notification.desktop_notification:Sending desktop notification using 'notify2'
[2.984s] DEBUG:colcon.colcon_core.event_reactor:joined thread
[2.984s] INFO:colcon.colcon_core.shell:Creating prefix script '/home/cofallen/Code/ros2/cp4_service/cp4_ws/install/local_setup.ps1'
[2.985s] INFO:colcon.colcon_core.shell:Creating prefix util module '/home/cofallen/Code/ros2/cp4_service/cp4_ws/install/_local_setup_util_ps1.py'
[2.986s] INFO:colcon.colcon_core.shell:Creating prefix chain script '/home/cofallen/Code/ros2/cp4_service/cp4_ws/install/setup.ps1'
[2.987s] INFO:colcon.colcon_core.shell:Creating prefix script '/home/cofallen/Code/ros2/cp4_service/cp4_ws/install/local_setup.sh'
[2.987s] INFO:colcon.colcon_core.shell:Creating prefix util module '/home/cofallen/Code/ros2/cp4_service/cp4_ws/install/_local_setup_util_sh.py'
[2.988s] INFO:colcon.colcon_core.shell:Creating prefix chain script '/home/cofallen/Code/ros2/cp4_service/cp4_ws/install/setup.sh'
[2.988s] INFO:colcon.colcon_core.shell:Creating prefix script '/home/cofallen/Code/ros2/cp4_service/cp4_ws/install/local_setup.bash'
[2.989s] INFO:colcon.colcon_core.shell:Creating prefix chain script '/home/cofallen/Code/ros2/cp4_service/cp4_ws/install/setup.bash'
[2.989s] INFO:colcon.colcon_core.shell:Creating prefix script '/home/cofallen/Code/ros2/cp4_service/cp4_ws/install/local_setup.zsh'
[2.990s] INFO:colcon.colcon_core.shell:Creating prefix chain script '/home/cofallen/Code/ros2/cp4_service/cp4_ws/install/setup.zsh'
