[0.012s] Invoking command in '/home/cofallen/Code/ros2/cp2_node/node/build/demo_cpp_pkg': CMAKE_PREFIX_PATH=/home/cofallen/Code/ros2/cp2_node/py/install/demo_python_pkg:/opt/ros/humble /usr/bin/cmake /home/cofallen/Code/ros2/cp2_node/node/demo_cpp_pkg -DCMAKE_INSTALL_PREFIX=/home/cofallen/Code/ros2/cp2_node/node/install/demo_cpp_pkg
[0.059s] -- The C compiler identification is GNU 11.4.0
[0.110s] -- The CXX compiler identification is GNU 11.4.0
[0.117s] -- Detecting C compiler ABI info
[0.180s] -- Detecting C compiler ABI info - done
[0.185s] -- Check for working C compiler: /usr/bin/cc - skipped
[0.185s] -- Detecting C compile features
[0.185s] -- Detecting C compile features - done
[0.187s] -- Detecting CXX compiler ABI info
[0.259s] -- Detecting CXX compiler ABI info - done
[0.264s] -- Check for working CXX compiler: /usr/bin/c++ - skipped
[0.264s] -- Detecting CXX compile features
[0.264s] -- Detecting CXX compile features - done
[0.266s] -- Found ament_cmake: 1.3.11 (/opt/ros/humble/share/ament_cmake/cmake)
[0.382s] -- Found Python3: /usr/bin/python3 (found version "3.10.12") found components: Interpreter 
[0.452s] -- Found rclcpp: 16.0.12 (/opt/ros/humble/share/rclcpp/cmake)
[0.480s] -- Found rosidl_generator_c: 3.1.6 (/opt/ros/humble/share/rosidl_generator_c/cmake)
[0.483s] -- Found rosidl_adapter: 3.1.6 (/opt/ros/humble/share/rosidl_adapter/cmake)
[0.488s] -- Found rosidl_generator_cpp: 3.1.6 (/opt/ros/humble/share/rosidl_generator_cpp/cmake)
[0.496s] -- Using all available rosidl_typesupport_c: rosidl_typesupport_fastrtps_c;rosidl_typesupport_introspection_c
[0.507s] -- Using all available rosidl_typesupport_cpp: rosidl_typesupport_fastrtps_cpp;rosidl_typesupport_introspection_cpp
[0.536s] -- Found rmw_implementation_cmake: 6.1.2 (/opt/ros/humble/share/rmw_implementation_cmake/cmake)
[0.538s] -- Found rmw_fastrtps_cpp: 6.2.7 (/opt/ros/humble/share/rmw_fastrtps_cpp/cmake)
[0.620s] -- Found OpenSSL: /usr/lib/x86_64-linux-gnu/libcrypto.so (found version "3.0.2")  
[0.643s] -- Found FastRTPS: /opt/ros/humble/include  
[0.678s] -- Using RMW implementation 'rmw_fastrtps_cpp' as default
[0.684s] -- Looking for pthread.h
[0.752s] -- Looking for pthread.h - found
[0.752s] -- Performing Test CMAKE_HAVE_LIBC_PTHREAD
[0.820s] -- Performing Test CMAKE_HAVE_LIBC_PTHREAD - Success
[0.821s] -- Found Threads: TRUE  
[0.856s] -- Found ament_lint_auto: 0.12.12 (/opt/ros/humble/share/ament_lint_auto/cmake)
[0.915s] -- Added test 'cppcheck' to perform static code analysis on C / C++ code
[0.915s] -- Configured cppcheck include dirs: 
[0.915s] -- Configured cppcheck exclude dirs and/or files: 
[0.917s] -- Added test 'lint_cmake' to check CMake code style
[0.922s] -- Added test 'uncrustify' to check C / C++ code style
[0.922s] -- Configured uncrustify additional arguments: 
[0.923s] -- Added test 'xmllint' to check XML markup files
[0.924s] -- Configuring done
[0.931s] -- Generating done
[0.934s] -- Build files have been written to: /home/cofallen/Code/ros2/cp2_node/node/build/demo_cpp_pkg
[0.942s] Invoked command in '/home/cofallen/Code/ros2/cp2_node/node/build/demo_cpp_pkg' returned '0': CMAKE_PREFIX_PATH=/home/cofallen/Code/ros2/cp2_node/py/install/demo_python_pkg:/opt/ros/humble /usr/bin/cmake /home/cofallen/Code/ros2/cp2_node/node/demo_cpp_pkg -DCMAKE_INSTALL_PREFIX=/home/cofallen/Code/ros2/cp2_node/node/install/demo_cpp_pkg
[0.944s] Invoking command in '/home/cofallen/Code/ros2/cp2_node/node/build/demo_cpp_pkg': CMAKE_PREFIX_PATH=/home/cofallen/Code/ros2/cp2_node/py/install/demo_python_pkg:/opt/ros/humble /usr/bin/cmake --build /home/cofallen/Code/ros2/cp2_node/node/build/demo_cpp_pkg -- -j12 -l12
[0.989s] [ 50%] [32mBuilding CXX object CMakeFiles/cpp_node.dir/src/cpp_node.cpp.o[0m
[3.048s] [100%] [32m[1mLinking CXX executable cpp_node[0m
[3.138s] [100%] Built target cpp_node
[3.148s] Invoked command in '/home/cofallen/Code/ros2/cp2_node/node/build/demo_cpp_pkg' returned '0': CMAKE_PREFIX_PATH=/home/cofallen/Code/ros2/cp2_node/py/install/demo_python_pkg:/opt/ros/humble /usr/bin/cmake --build /home/cofallen/Code/ros2/cp2_node/node/build/demo_cpp_pkg -- -j12 -l12
[3.157s] Invoking command in '/home/cofallen/Code/ros2/cp2_node/node/build/demo_cpp_pkg': CMAKE_PREFIX_PATH=/home/cofallen/Code/ros2/cp2_node/py/install/demo_python_pkg:/opt/ros/humble /usr/bin/cmake --install /home/cofallen/Code/ros2/cp2_node/node/build/demo_cpp_pkg
[3.164s] -- Install configuration: ""
[3.164s] -- Installing: /home/cofallen/Code/ros2/cp2_node/node/install/demo_cpp_pkg/share/ament_index/resource_index/package_run_dependencies/demo_cpp_pkg
[3.165s] -- Installing: /home/cofallen/Code/ros2/cp2_node/node/install/demo_cpp_pkg/share/ament_index/resource_index/parent_prefix_path/demo_cpp_pkg
[3.165s] -- Installing: /home/cofallen/Code/ros2/cp2_node/node/install/demo_cpp_pkg/share/demo_cpp_pkg/environment/ament_prefix_path.sh
[3.165s] -- Installing: /home/cofallen/Code/ros2/cp2_node/node/install/demo_cpp_pkg/share/demo_cpp_pkg/environment/ament_prefix_path.dsv
[3.165s] -- Installing: /home/cofallen/Code/ros2/cp2_node/node/install/demo_cpp_pkg/share/demo_cpp_pkg/environment/path.sh
[3.165s] -- Installing: /home/cofallen/Code/ros2/cp2_node/node/install/demo_cpp_pkg/share/demo_cpp_pkg/environment/path.dsv
[3.165s] -- Installing: /home/cofallen/Code/ros2/cp2_node/node/install/demo_cpp_pkg/share/demo_cpp_pkg/local_setup.bash
[3.165s] -- Installing: /home/cofallen/Code/ros2/cp2_node/node/install/demo_cpp_pkg/share/demo_cpp_pkg/local_setup.sh
[3.165s] -- Installing: /home/cofallen/Code/ros2/cp2_node/node/install/demo_cpp_pkg/share/demo_cpp_pkg/local_setup.zsh
[3.166s] -- Installing: /home/cofallen/Code/ros2/cp2_node/node/install/demo_cpp_pkg/share/demo_cpp_pkg/local_setup.dsv
[3.166s] -- Installing: /home/cofallen/Code/ros2/cp2_node/node/install/demo_cpp_pkg/share/demo_cpp_pkg/package.dsv
[3.166s] -- Installing: /home/cofallen/Code/ros2/cp2_node/node/install/demo_cpp_pkg/share/ament_index/resource_index/packages/demo_cpp_pkg
[3.166s] -- Installing: /home/cofallen/Code/ros2/cp2_node/node/install/demo_cpp_pkg/share/demo_cpp_pkg/cmake/demo_cpp_pkgConfig.cmake
[3.166s] -- Installing: /home/cofallen/Code/ros2/cp2_node/node/install/demo_cpp_pkg/share/demo_cpp_pkg/cmake/demo_cpp_pkgConfig-version.cmake
[3.166s] -- Installing: /home/cofallen/Code/ros2/cp2_node/node/install/demo_cpp_pkg/share/demo_cpp_pkg/package.xml
[3.168s] Invoked command in '/home/cofallen/Code/ros2/cp2_node/node/build/demo_cpp_pkg' returned '0': CMAKE_PREFIX_PATH=/home/cofallen/Code/ros2/cp2_node/py/install/demo_python_pkg:/opt/ros/humble /usr/bin/cmake --install /home/cofallen/Code/ros2/cp2_node/node/build/demo_cpp_pkg
