[0.013s] Invoking command in '/home/cofallen/Code/ros2/cp3_topic/topic_ws/build/demo_cpp_topic': CMAKE_PREFIX_PATH=${CMAKE_PREFIX_PATH}:/home/cofallen/Code/ros2/cp3_topic/topic_ws/install/demo_python_topic:/opt/ros/humble /usr/bin/cmake --build /home/cofallen/Code/ros2/cp3_topic/topic_ws/build/demo_cpp_topic -- -j12 -l12
[0.051s] [35m[1mConsolidate compiler generated dependencies of target turtle_control[0m
[0.062s] [ 50%] Built target turtle_circle
[0.067s] [ 75%] [32mBuilding CXX object CMakeFiles/turtle_control.dir/src/turtle_control.cpp.o[0m
[6.364s] [100%] [32m[1mLinking CXX executable turtle_control[0m
[6.657s] [100%] Built target turtle_control
[6.671s] Invoked command in '/home/cofallen/Code/ros2/cp3_topic/topic_ws/build/demo_cpp_topic' returned '0': CMAKE_PREFIX_PATH=${CMAKE_PREFIX_PATH}:/home/cofallen/Code/ros2/cp3_topic/topic_ws/install/demo_python_topic:/opt/ros/humble /usr/bin/cmake --build /home/cofallen/Code/ros2/cp3_topic/topic_ws/build/demo_cpp_topic -- -j12 -l12
[6.681s] Invoking command in '/home/cofallen/Code/ros2/cp3_topic/topic_ws/build/demo_cpp_topic': CMAKE_PREFIX_PATH=${CMAKE_PREFIX_PATH}:/home/cofallen/Code/ros2/cp3_topic/topic_ws/install/demo_python_topic:/opt/ros/humble /usr/bin/cmake --install /home/cofallen/Code/ros2/cp3_topic/topic_ws/build/demo_cpp_topic
[6.688s] -- Install configuration: ""
[6.688s] -- Up-to-date: /home/cofallen/Code/ros2/cp3_topic/topic_ws/install/demo_cpp_topic/lib/demo_cpp_topic/turtle_circle
[6.688s] -- Installing: /home/cofallen/Code/ros2/cp3_topic/topic_ws/install/demo_cpp_topic/lib/demo_cpp_topic/turtle_control
[6.692s] -- Set runtime path of "/home/cofallen/Code/ros2/cp3_topic/topic_ws/install/demo_cpp_topic/lib/demo_cpp_topic/turtle_control" to ""
[6.692s] -- Up-to-date: /home/cofallen/Code/ros2/cp3_topic/topic_ws/install/demo_cpp_topic/share/ament_index/resource_index/package_run_dependencies/demo_cpp_topic
[6.692s] -- Up-to-date: /home/cofallen/Code/ros2/cp3_topic/topic_ws/install/demo_cpp_topic/share/ament_index/resource_index/parent_prefix_path/demo_cpp_topic
[6.692s] -- Up-to-date: /home/cofallen/Code/ros2/cp3_topic/topic_ws/install/demo_cpp_topic/share/demo_cpp_topic/environment/ament_prefix_path.sh
[6.693s] -- Up-to-date: /home/cofallen/Code/ros2/cp3_topic/topic_ws/install/demo_cpp_topic/share/demo_cpp_topic/environment/ament_prefix_path.dsv
[6.693s] -- Up-to-date: /home/cofallen/Code/ros2/cp3_topic/topic_ws/install/demo_cpp_topic/share/demo_cpp_topic/environment/path.sh
[6.693s] -- Up-to-date: /home/cofallen/Code/ros2/cp3_topic/topic_ws/install/demo_cpp_topic/share/demo_cpp_topic/environment/path.dsv
[6.693s] -- Up-to-date: /home/cofallen/Code/ros2/cp3_topic/topic_ws/install/demo_cpp_topic/share/demo_cpp_topic/local_setup.bash
[6.693s] -- Up-to-date: /home/cofallen/Code/ros2/cp3_topic/topic_ws/install/demo_cpp_topic/share/demo_cpp_topic/local_setup.sh
[6.693s] -- Up-to-date: /home/cofallen/Code/ros2/cp3_topic/topic_ws/install/demo_cpp_topic/share/demo_cpp_topic/local_setup.zsh
[6.693s] -- Up-to-date: /home/cofallen/Code/ros2/cp3_topic/topic_ws/install/demo_cpp_topic/share/demo_cpp_topic/local_setup.dsv
[6.693s] -- Installing: /home/cofallen/Code/ros2/cp3_topic/topic_ws/install/demo_cpp_topic/share/demo_cpp_topic/package.dsv
[6.693s] -- Up-to-date: /home/cofallen/Code/ros2/cp3_topic/topic_ws/install/demo_cpp_topic/share/ament_index/resource_index/packages/demo_cpp_topic
[6.693s] -- Up-to-date: /home/cofallen/Code/ros2/cp3_topic/topic_ws/install/demo_cpp_topic/share/demo_cpp_topic/cmake/demo_cpp_topicConfig.cmake
[6.694s] -- Up-to-date: /home/cofallen/Code/ros2/cp3_topic/topic_ws/install/demo_cpp_topic/share/demo_cpp_topic/cmake/demo_cpp_topicConfig-version.cmake
[6.694s] -- Up-to-date: /home/cofallen/Code/ros2/cp3_topic/topic_ws/install/demo_cpp_topic/share/demo_cpp_topic/package.xml
[6.695s] Invoked command in '/home/cofallen/Code/ros2/cp3_topic/topic_ws/build/demo_cpp_topic' returned '0': CMAKE_PREFIX_PATH=${CMAKE_PREFIX_PATH}:/home/cofallen/Code/ros2/cp3_topic/topic_ws/install/demo_python_topic:/opt/ros/humble /usr/bin/cmake --install /home/cofallen/Code/ros2/cp3_topic/topic_ws/build/demo_cpp_topic
