[0.013s] Invoking command in '/home/cofallen/Code/ros2/cp4_service/cp4_ws/build/chap4_interface': CMAKE_PREFIX_PATH=/opt/ros/humble /usr/bin/cmake /home/cofallen/Code/ros2/cp4_service/cp4_ws/src/chap4_interface -DCMAKE_INSTALL_PREFIX=/home/cofallen/Code/ros2/cp4_service/cp4_ws/install/chap4_interface
[0.167s] -- The C compiler identification is GNU 11.4.0
[0.280s] -- The CXX compiler identification is GNU 11.4.0
[0.290s] -- Detecting C compiler ABI info
[0.363s] -- Detecting C compiler ABI info - done
[0.369s] -- Check for working C compiler: /usr/bin/cc - skipped
[0.369s] -- Detecting C compile features
[0.370s] -- Detecting C compile features - done
[0.373s] -- Detecting CXX compiler ABI info
[0.448s] -- Detecting CXX compiler ABI info - done
[0.454s] -- Check for working CXX compiler: /usr/bin/c++ - skipped
[0.455s] -- Detecting CXX compile features
[0.455s] -- Detecting CXX compile features - done
[0.463s] -- Found ament_cmake: 1.3.11 (/opt/ros/humble/share/ament_cmake/cmake)
[0.590s] -- Found Python3: /usr/bin/python3 (found version "3.10.12") found components: Interpreter 
[0.671s] -- Found sensor_msgs: 4.8.0 (/opt/ros/humble/share/sensor_msgs/cmake)
[0.707s] -- Found rosidl_generator_c: 3.1.6 (/opt/ros/humble/share/rosidl_generator_c/cmake)
[0.712s] -- Found rosidl_adapter: 3.1.6 (/opt/ros/humble/share/rosidl_adapter/cmake)
[0.720s] -- Found rosidl_generator_cpp: 3.1.6 (/opt/ros/humble/share/rosidl_generator_cpp/cmake)
[0.733s] -- Using all available rosidl_typesupport_c: rosidl_typesupport_fastrtps_c;rosidl_typesupport_introspection_c
[0.747s] -- Using all available rosidl_typesupport_cpp: rosidl_typesupport_fastrtps_cpp;rosidl_typesupport_introspection_cpp
[0.799s] -- Found rosidl_default_generators: 1.2.0 (/opt/ros/humble/share/rosidl_default_generators/cmake)
[0.807s] [31mCMake Error at /opt/ros/humble/share/rosidl_cmake/cmake/rosidl_generate_interfaces.cmake:93 (message):
[0.807s]   rosidl_generate_interfaces() the passed file 'srv/FaceDetecor.srv' doesn't
[0.807s]   exist relative to the CMAKE_CURRENT_SOURCE_DIR
[0.807s]   '/home/cofallen/Code/ros2/cp4_service/cp4_ws/src/chap4_interface'
[0.807s] Call Stack (most recent call first):
[0.807s]   CMakeLists.txt:13 (rosidl_generate_interfaces)
[0.807s] 
[0.807s] [0m
[0.807s] -- Configuring incomplete, errors occurred!
[0.808s] See also "/home/cofallen/Code/ros2/cp4_service/cp4_ws/build/chap4_interface/CMakeFiles/CMakeOutput.log".
[0.813s] Invoked command in '/home/cofallen/Code/ros2/cp4_service/cp4_ws/build/chap4_interface' returned '1': CMAKE_PREFIX_PATH=/opt/ros/humble /usr/bin/cmake /home/cofallen/Code/ros2/cp4_service/cp4_ws/src/chap4_interface -DCMAKE_INSTALL_PREFIX=/home/cofallen/Code/ros2/cp4_service/cp4_ws/install/chap4_interface
