[0.491s] Invoking command in '/home/cofallen/Code/ros2/cp2_node/cp2_ws/src/demo_python_pkg': PYTHONPATH=/home/cofallen/Code/ros2/cp2_node/cp2_ws/build/demo_python_pkg/prefix_override:/home/cofallen/.local/lib/python3.10/site-packages/colcon_core/task/python/colcon_distutils_commands:/home/cofallen/Code/ros2/cp2_node/cp2_ws/install/demo_python_pkg/lib/python3.10/site-packages:${PYTHONPATH} /usr/bin/python3 -W ignore:setup.py install is deprecated -W ignore:easy_install command is deprecated setup.py egg_info --egg-base ../../build/demo_python_pkg build --build-base /home/cofallen/Code/ros2/cp2_node/cp2_ws/build/demo_python_pkg/build install --record /home/cofallen/Code/ros2/cp2_node/cp2_ws/build/demo_python_pkg/install.log --single-version-externally-managed install_data
[0.660s] running egg_info
[0.660s] creating ../../build/demo_python_pkg/demo_python_pkg.egg-info
[0.660s] writing ../../build/demo_python_pkg/demo_python_pkg.egg-info/PKG-INFO
[0.660s] writing dependency_links to ../../build/demo_python_pkg/demo_python_pkg.egg-info/dependency_links.txt
[0.661s] writing entry points to ../../build/demo_python_pkg/demo_python_pkg.egg-info/entry_points.txt
[0.661s] writing requirements to ../../build/demo_python_pkg/demo_python_pkg.egg-info/requires.txt
[0.661s] writing top-level names to ../../build/demo_python_pkg/demo_python_pkg.egg-info/top_level.txt
[0.661s] writing manifest file '../../build/demo_python_pkg/demo_python_pkg.egg-info/SOURCES.txt'
[0.662s] reading manifest file '../../build/demo_python_pkg/demo_python_pkg.egg-info/SOURCES.txt'
[0.662s] adding license file 'LICENSE'
[0.662s] writing manifest file '../../build/demo_python_pkg/demo_python_pkg.egg-info/SOURCES.txt'
[0.662s] running build
[0.662s] running build_py
[0.662s] creating /home/cofallen/Code/ros2/cp2_node/cp2_ws/build/demo_python_pkg/build
[0.663s] creating /home/cofallen/Code/ros2/cp2_node/cp2_ws/build/demo_python_pkg/build/lib
[0.663s] creating /home/cofallen/Code/ros2/cp2_node/cp2_ws/build/demo_python_pkg/build/lib/demo_python_pkg
[0.663s] copying demo_python_pkg/python_node.py -> /home/cofallen/Code/ros2/cp2_node/cp2_ws/build/demo_python_pkg/build/lib/demo_python_pkg
[0.663s] copying demo_python_pkg/__init__.py -> /home/cofallen/Code/ros2/cp2_node/cp2_ws/build/demo_python_pkg/build/lib/demo_python_pkg
[0.663s] running install
[0.663s] running install_lib
[0.664s] creating /home/cofallen/Code/ros2/cp2_node/cp2_ws/install/demo_python_pkg/lib/python3.10/site-packages/demo_python_pkg
[0.664s] copying /home/cofallen/Code/ros2/cp2_node/cp2_ws/build/demo_python_pkg/build/lib/demo_python_pkg/python_node.py -> /home/cofallen/Code/ros2/cp2_node/cp2_ws/install/demo_python_pkg/lib/python3.10/site-packages/demo_python_pkg
[0.664s] copying /home/cofallen/Code/ros2/cp2_node/cp2_ws/build/demo_python_pkg/build/lib/demo_python_pkg/__init__.py -> /home/cofallen/Code/ros2/cp2_node/cp2_ws/install/demo_python_pkg/lib/python3.10/site-packages/demo_python_pkg
[0.664s] byte-compiling /home/cofallen/Code/ros2/cp2_node/cp2_ws/install/demo_python_pkg/lib/python3.10/site-packages/demo_python_pkg/python_node.py to python_node.cpython-310.pyc
[0.664s] byte-compiling /home/cofallen/Code/ros2/cp2_node/cp2_ws/install/demo_python_pkg/lib/python3.10/site-packages/demo_python_pkg/__init__.py to __init__.cpython-310.pyc
[0.664s] running install_data
[0.665s] creating /home/cofallen/Code/ros2/cp2_node/cp2_ws/install/demo_python_pkg/share/ament_index
[0.665s] creating /home/cofallen/Code/ros2/cp2_node/cp2_ws/install/demo_python_pkg/share/ament_index/resource_index
[0.665s] creating /home/cofallen/Code/ros2/cp2_node/cp2_ws/install/demo_python_pkg/share/ament_index/resource_index/packages
[0.665s] copying resource/demo_python_pkg -> /home/cofallen/Code/ros2/cp2_node/cp2_ws/install/demo_python_pkg/share/ament_index/resource_index/packages
[0.665s] copying package.xml -> /home/cofallen/Code/ros2/cp2_node/cp2_ws/install/demo_python_pkg/share/demo_python_pkg
[0.665s] running install_egg_info
[0.666s] Copying ../../build/demo_python_pkg/demo_python_pkg.egg-info to /home/cofallen/Code/ros2/cp2_node/cp2_ws/install/demo_python_pkg/lib/python3.10/site-packages/demo_python_pkg-0.0.0-py3.10.egg-info
[0.667s] running install_scripts
[0.683s] Installing python_node script to /home/cofallen/Code/ros2/cp2_node/cp2_ws/install/demo_python_pkg/lib/demo_python_pkg
[0.683s] writing list of installed files to '/home/cofallen/Code/ros2/cp2_node/cp2_ws/build/demo_python_pkg/install.log'
[0.706s] Invoked command in '/home/cofallen/Code/ros2/cp2_node/cp2_ws/src/demo_python_pkg' returned '0': PYTHONPATH=/home/cofallen/Code/ros2/cp2_node/cp2_ws/build/demo_python_pkg/prefix_override:/home/cofallen/.local/lib/python3.10/site-packages/colcon_core/task/python/colcon_distutils_commands:/home/cofallen/Code/ros2/cp2_node/cp2_ws/install/demo_python_pkg/lib/python3.10/site-packages:${PYTHONPATH} /usr/bin/python3 -W ignore:setup.py install is deprecated -W ignore:easy_install command is deprecated setup.py egg_info --egg-base ../../build/demo_python_pkg build --build-base /home/cofallen/Code/ros2/cp2_node/cp2_ws/build/demo_python_pkg/build install --record /home/cofallen/Code/ros2/cp2_node/cp2_ws/build/demo_python_pkg/install.log --single-version-externally-managed install_data
