[0.013s] Invoking command in '/home/cofallen/Code/ros2/cp3_topic/topic_practice_ws/build/status_interfaces': CMAKE_PREFIX_PATH=${CMAKE_PREFIX_PATH}:/opt/ros/humble /usr/bin/cmake --build /home/cofallen/Code/ros2/cp3_topic/topic_practice_ws/build/status_interfaces -- -j12 -l12
[0.065s] -- Found ament_cmake: 1.3.11 (/opt/ros/humble/share/ament_cmake/cmake)
[0.176s] -- Found builtin_interfaces: 1.2.1 (/opt/ros/humble/share/builtin_interfaces/cmake)
[0.203s] -- Found rosidl_generator_c: 3.1.6 (/opt/ros/humble/share/rosidl_generator_c/cmake)
[0.206s] -- Found rosidl_adapter: 3.1.6 (/opt/ros/humble/share/rosidl_adapter/cmake)
[0.211s] -- Found rosidl_generator_cpp: 3.1.6 (/opt/ros/humble/share/rosidl_generator_cpp/cmake)
[0.220s] -- Using all available rosidl_typesupport_c: rosidl_typesupport_fastrtps_c;rosidl_typesupport_introspection_c
[0.231s] -- Using all available rosidl_typesupport_cpp: rosidl_typesupport_fastrtps_cpp;rosidl_typesupport_introspection_cpp
[0.240s] -- Found rosidl_default_generators: 1.2.0 (/opt/ros/humble/share/rosidl_default_generators/cmake)
[0.431s] -- Found ament_cmake_ros: 0.10.0 (/opt/ros/humble/share/ament_cmake_ros/cmake)
[0.661s] -- Using all available rosidl_typesupport_c: rosidl_typesupport_fastrtps_c;rosidl_typesupport_introspection_c
[0.750s] -- Using all available rosidl_typesupport_cpp: rosidl_typesupport_fastrtps_cpp;rosidl_typesupport_introspection_cpp
[0.771s] -- Found python_cmake_module: 0.10.0 (/opt/ros/humble/share/python_cmake_module/cmake)
[0.789s] -- Using PYTHON_EXECUTABLE: /usr/bin/python3
[0.789s] -- Using PYTHON_INCLUDE_DIRS: /usr/include/python3.10
[0.789s] -- Using PYTHON_LIBRARIES: /usr/lib/x86_64-linux-gnu/libpython3.10.so
[0.798s] -- Found ament_lint_auto: 0.12.12 (/opt/ros/humble/share/ament_lint_auto/cmake)
[0.812s] -- Added test 'lint_cmake' to check CMake code style
[0.812s] -- Added test 'xmllint' to check XML markup files
[0.813s] -- Configuring done
[0.839s] -- Generating done
[0.848s] -- Build files have been written to: /home/cofallen/Code/ros2/cp3_topic/topic_practice_ws/build/status_interfaces
[0.870s] [  3%] [34m[1mGenerating C code for ROS interfaces[0m
[0.878s] [  6%] [34m[1mGenerating C++ code for ROS interfaces[0m
[0.887s] [  6%] Built target ament_cmake_python_copy_status_interfaces
[1.064s] running egg_info
[1.065s] writing status_interfaces.egg-info/PKG-INFO
[1.065s] writing dependency_links to status_interfaces.egg-info/dependency_links.txt
[1.065s] writing top-level names to status_interfaces.egg-info/top_level.txt
[1.067s] reading manifest file 'status_interfaces.egg-info/SOURCES.txt'
[1.067s] writing manifest file 'status_interfaces.egg-info/SOURCES.txt'
[1.098s] [  6%] Built target ament_cmake_python_build_status_interfaces_egg
[1.098s] [35m[1mConsolidate compiler generated dependencies of target status_interfaces__rosidl_generator_c[0m
[1.105s] [  6%] Built target status_interfaces__cpp
[1.107s] [  9%] [32mBuilding C object CMakeFiles/status_interfaces__rosidl_generator_c.dir/rosidl_generator_c/status_interfaces/msg/detail/system_status__functions.c.o[0m
[1.113s] [ 16%] [34m[1mGenerating C++ type support dispatch for ROS interfaces[0m
[1.113s] [ 16%] [34m[1mGenerating C++ introspection for ROS interfaces[0m
[1.113s] [ 19%] [34m[1mGenerating C++ type support for eProsima Fast-RTPS[0m
[1.151s] [ 22%] [32m[1mLinking C shared library libstatus_interfaces__rosidl_generator_c.so[0m
[1.183s] [ 22%] Built target status_interfaces__rosidl_generator_c
[1.192s] [ 25%] [34m[1mGenerating C introspection for ROS interfaces[0m
[1.192s] [ 29%] [34m[1mGenerating C type support dispatch for ROS interfaces[0m
[1.192s] [ 32%] [34m[1mGenerating C type support for eProsima Fast-RTPS[0m
[1.326s] [35m[1mConsolidate compiler generated dependencies of target status_interfaces__rosidl_typesupport_cpp[0m
[1.339s] [35m[1mConsolidate compiler generated dependencies of target status_interfaces__rosidl_typesupport_introspection_cpp[0m
[1.339s] [ 35%] [32mBuilding CXX object CMakeFiles/status_interfaces__rosidl_typesupport_cpp.dir/rosidl_typesupport_cpp/status_interfaces/msg/system_status__type_support.cpp.o[0m
[1.351s] [ 38%] [32mBuilding CXX object CMakeFiles/status_interfaces__rosidl_typesupport_introspection_cpp.dir/rosidl_typesupport_introspection_cpp/status_interfaces/msg/detail/system_status__type_support.cpp.o[0m
[1.357s] [35m[1mConsolidate compiler generated dependencies of target status_interfaces__rosidl_typesupport_fastrtps_cpp[0m
[1.369s] [ 41%] [32mBuilding CXX object CMakeFiles/status_interfaces__rosidl_typesupport_fastrtps_cpp.dir/rosidl_typesupport_fastrtps_cpp/status_interfaces/msg/detail/dds_fastrtps/system_status__type_support.cpp.o[0m
[1.428s] [35m[1mConsolidate compiler generated dependencies of target status_interfaces__rosidl_typesupport_c[0m
[1.431s] [35m[1mConsolidate compiler generated dependencies of target status_interfaces__rosidl_typesupport_fastrtps_c[0m
[1.436s] [35m[1mConsolidate compiler generated dependencies of target status_interfaces__rosidl_typesupport_introspection_c[0m
[1.437s] [ 45%] [32mBuilding CXX object CMakeFiles/status_interfaces__rosidl_typesupport_c.dir/rosidl_typesupport_c/status_interfaces/msg/system_status__type_support.cpp.o[0m
[1.445s] [ 48%] [32mBuilding CXX object CMakeFiles/status_interfaces__rosidl_typesupport_fastrtps_c.dir/rosidl_typesupport_fastrtps_c/status_interfaces/msg/detail/system_status__type_support_c.cpp.o[0m
[1.446s] [ 51%] [32mBuilding C object CMakeFiles/status_interfaces__rosidl_typesupport_introspection_c.dir/rosidl_typesupport_introspection_c/status_interfaces/msg/detail/system_status__type_support.c.o[0m
[1.466s] [ 54%] [32m[1mLinking CXX shared library libstatus_interfaces__rosidl_typesupport_c.so[0m
[1.480s] [ 58%] [32m[1mLinking C shared library libstatus_interfaces__rosidl_typesupport_introspection_c.so[0m
[1.504s] [ 58%] Built target status_interfaces__rosidl_typesupport_c
[1.511s] [ 58%] Built target status_interfaces__rosidl_typesupport_introspection_c
[1.557s] [ 61%] [32m[1mLinking CXX shared library libstatus_interfaces__rosidl_typesupport_cpp.so[0m
[1.598s] [ 61%] Built target status_interfaces__rosidl_typesupport_cpp
[1.640s] [ 64%] [32m[1mLinking CXX shared library libstatus_interfaces__rosidl_typesupport_introspection_cpp.so[0m
[1.671s] [ 67%] [32m[1mLinking CXX shared library libstatus_interfaces__rosidl_typesupport_fastrtps_cpp.so[0m
[1.696s] [ 67%] Built target status_interfaces__rosidl_typesupport_introspection_cpp
[1.702s] [ 70%] [32m[1mLinking CXX shared library libstatus_interfaces__rosidl_typesupport_fastrtps_c.so[0m
[1.741s] [ 70%] Built target status_interfaces__rosidl_typesupport_fastrtps_cpp
[1.774s] [ 70%] Built target status_interfaces__rosidl_typesupport_fastrtps_c
[1.792s] [ 70%] Built target status_interfaces
[1.813s] [ 74%] [34m[1mGenerating Python code for ROS interfaces[0m
[2.117s] [ 74%] Built target status_interfaces__py
[2.127s] [35m[1mConsolidate compiler generated dependencies of target status_interfaces__rosidl_generator_py[0m
[2.140s] [ 77%] [32mBuilding C object CMakeFiles/status_interfaces__rosidl_generator_py.dir/rosidl_generator_py/status_interfaces/msg/_system_status_s.c.o[0m
[2.217s] [ 80%] [32m[1mLinking C shared library rosidl_generator_py/status_interfaces/libstatus_interfaces__rosidl_generator_py.so[0m
[2.253s] [ 80%] Built target status_interfaces__rosidl_generator_py
[2.262s] [35m[1mConsolidate compiler generated dependencies of target status_interfaces__rosidl_typesupport_introspection_c__pyext[0m
[2.262s] [35m[1mConsolidate compiler generated dependencies of target status_interfaces__rosidl_typesupport_fastrtps_c__pyext[0m
[2.262s] [35m[1mConsolidate compiler generated dependencies of target status_interfaces__rosidl_typesupport_c__pyext[0m
[2.273s] [ 90%] [32mBuilding C object CMakeFiles/status_interfaces__rosidl_typesupport_fastrtps_c__pyext.dir/rosidl_generator_py/status_interfaces/_status_interfaces_s.ep.rosidl_typesupport_fastrtps_c.c.o[0m
[2.273s] [ 90%] [32mBuilding C object CMakeFiles/status_interfaces__rosidl_typesupport_introspection_c__pyext.dir/rosidl_generator_py/status_interfaces/_status_interfaces_s.ep.rosidl_typesupport_introspection_c.c.o[0m
[2.273s] [ 90%] [32mBuilding C object CMakeFiles/status_interfaces__rosidl_typesupport_c__pyext.dir/rosidl_generator_py/status_interfaces/_status_interfaces_s.ep.rosidl_typesupport_c.c.o[0m
[2.352s] [ 93%] [32m[1mLinking C shared library rosidl_generator_py/status_interfaces/status_interfaces_s__rosidl_typesupport_c.cpython-310-x86_64-linux-gnu.so[0m
[2.352s] [ 96%] [32m[1mLinking C shared library rosidl_generator_py/status_interfaces/status_interfaces_s__rosidl_typesupport_introspection_c.cpython-310-x86_64-linux-gnu.so[0m
[2.357s] [100%] [32m[1mLinking C shared library rosidl_generator_py/status_interfaces/status_interfaces_s__rosidl_typesupport_fastrtps_c.cpython-310-x86_64-linux-gnu.so[0m
[2.384s] [100%] Built target status_interfaces__rosidl_typesupport_c__pyext
[2.384s] [100%] Built target status_interfaces__rosidl_typesupport_introspection_c__pyext
[2.392s] [100%] Built target status_interfaces__rosidl_typesupport_fastrtps_c__pyext
[2.404s] Invoked command in '/home/cofallen/Code/ros2/cp3_topic/topic_practice_ws/build/status_interfaces' returned '0': CMAKE_PREFIX_PATH=${CMAKE_PREFIX_PATH}:/opt/ros/humble /usr/bin/cmake --build /home/cofallen/Code/ros2/cp3_topic/topic_practice_ws/build/status_interfaces -- -j12 -l12
[2.413s] Invoking command in '/home/cofallen/Code/ros2/cp3_topic/topic_practice_ws/build/status_interfaces': CMAKE_PREFIX_PATH=${CMAKE_PREFIX_PATH}:/opt/ros/humble /usr/bin/cmake --install /home/cofallen/Code/ros2/cp3_topic/topic_practice_ws/build/status_interfaces
[2.420s] -- Install configuration: ""
[2.420s] -- Up-to-date: /home/cofallen/Code/ros2/cp3_topic/topic_practice_ws/install/status_interfaces/share/ament_index/resource_index/rosidl_interfaces/status_interfaces
[2.420s] -- Up-to-date: /home/cofallen/Code/ros2/cp3_topic/topic_practice_ws/install/status_interfaces/include/status_interfaces/status_interfaces
[2.420s] -- Up-to-date: /home/cofallen/Code/ros2/cp3_topic/topic_practice_ws/install/status_interfaces/include/status_interfaces/status_interfaces/msg
[2.420s] -- Up-to-date: /home/cofallen/Code/ros2/cp3_topic/topic_practice_ws/install/status_interfaces/include/status_interfaces/status_interfaces/msg/rosidl_generator_c__visibility_control.h
[2.420s] -- Installing: /home/cofallen/Code/ros2/cp3_topic/topic_practice_ws/install/status_interfaces/include/status_interfaces/status_interfaces/msg/system_status.h
[2.420s] -- Up-to-date: /home/cofallen/Code/ros2/cp3_topic/topic_practice_ws/install/status_interfaces/include/status_interfaces/status_interfaces/msg/detail
[2.420s] -- Installing: /home/cofallen/Code/ros2/cp3_topic/topic_practice_ws/install/status_interfaces/include/status_interfaces/status_interfaces/msg/detail/system_status__type_support.h
[2.420s] -- Installing: /home/cofallen/Code/ros2/cp3_topic/topic_practice_ws/install/status_interfaces/include/status_interfaces/status_interfaces/msg/detail/system_status__struct.h
[2.420s] -- Installing: /home/cofallen/Code/ros2/cp3_topic/topic_practice_ws/install/status_interfaces/include/status_interfaces/status_interfaces/msg/detail/system_status__functions.h
[2.420s] -- Installing: /home/cofallen/Code/ros2/cp3_topic/topic_practice_ws/install/status_interfaces/include/status_interfaces/status_interfaces/msg/detail/system_status__functions.c
[2.420s] -- Up-to-date: /home/cofallen/Code/ros2/cp3_topic/topic_practice_ws/install/status_interfaces/share/status_interfaces/environment/library_path.sh
[2.421s] -- Installing: /home/cofallen/Code/ros2/cp3_topic/topic_practice_ws/install/status_interfaces/share/status_interfaces/environment/library_path.dsv
[2.421s] -- Installing: /home/cofallen/Code/ros2/cp3_topic/topic_practice_ws/install/status_interfaces/lib/libstatus_interfaces__rosidl_generator_c.so
[2.421s] -- Set runtime path of "/home/cofallen/Code/ros2/cp3_topic/topic_practice_ws/install/status_interfaces/lib/libstatus_interfaces__rosidl_generator_c.so" to ""
[2.421s] -- Up-to-date: /home/cofallen/Code/ros2/cp3_topic/topic_practice_ws/install/status_interfaces/include/status_interfaces/status_interfaces
[2.421s] -- Up-to-date: /home/cofallen/Code/ros2/cp3_topic/topic_practice_ws/install/status_interfaces/include/status_interfaces/status_interfaces/msg
[2.421s] -- Up-to-date: /home/cofallen/Code/ros2/cp3_topic/topic_practice_ws/install/status_interfaces/include/status_interfaces/status_interfaces/msg/rosidl_typesupport_fastrtps_c__visibility_control.h
[2.421s] -- Up-to-date: /home/cofallen/Code/ros2/cp3_topic/topic_practice_ws/install/status_interfaces/include/status_interfaces/status_interfaces/msg/detail
[2.421s] -- Installing: /home/cofallen/Code/ros2/cp3_topic/topic_practice_ws/install/status_interfaces/include/status_interfaces/status_interfaces/msg/detail/system_status__rosidl_typesupport_fastrtps_c.h
[2.421s] -- Installing: /home/cofallen/Code/ros2/cp3_topic/topic_practice_ws/install/status_interfaces/lib/libstatus_interfaces__rosidl_typesupport_fastrtps_c.so
[2.422s] -- Set runtime path of "/home/cofallen/Code/ros2/cp3_topic/topic_practice_ws/install/status_interfaces/lib/libstatus_interfaces__rosidl_typesupport_fastrtps_c.so" to ""
[2.422s] -- Up-to-date: /home/cofallen/Code/ros2/cp3_topic/topic_practice_ws/install/status_interfaces/include/status_interfaces/status_interfaces
[2.422s] -- Up-to-date: /home/cofallen/Code/ros2/cp3_topic/topic_practice_ws/install/status_interfaces/include/status_interfaces/status_interfaces/msg
[2.422s] -- Installing: /home/cofallen/Code/ros2/cp3_topic/topic_practice_ws/install/status_interfaces/include/status_interfaces/status_interfaces/msg/system_status.hpp
[2.422s] -- Up-to-date: /home/cofallen/Code/ros2/cp3_topic/topic_practice_ws/install/status_interfaces/include/status_interfaces/status_interfaces/msg/rosidl_generator_cpp__visibility_control.hpp
[2.422s] -- Up-to-date: /home/cofallen/Code/ros2/cp3_topic/topic_practice_ws/install/status_interfaces/include/status_interfaces/status_interfaces/msg/detail
[2.422s] -- Installing: /home/cofallen/Code/ros2/cp3_topic/topic_practice_ws/install/status_interfaces/include/status_interfaces/status_interfaces/msg/detail/system_status__traits.hpp
[2.422s] -- Installing: /home/cofallen/Code/ros2/cp3_topic/topic_practice_ws/install/status_interfaces/include/status_interfaces/status_interfaces/msg/detail/system_status__type_support.hpp
[2.422s] -- Installing: /home/cofallen/Code/ros2/cp3_topic/topic_practice_ws/install/status_interfaces/include/status_interfaces/status_interfaces/msg/detail/system_status__struct.hpp
[2.422s] -- Installing: /home/cofallen/Code/ros2/cp3_topic/topic_practice_ws/install/status_interfaces/include/status_interfaces/status_interfaces/msg/detail/system_status__builder.hpp
[2.423s] -- Up-to-date: /home/cofallen/Code/ros2/cp3_topic/topic_practice_ws/install/status_interfaces/include/status_interfaces/status_interfaces
[2.423s] -- Up-to-date: /home/cofallen/Code/ros2/cp3_topic/topic_practice_ws/install/status_interfaces/include/status_interfaces/status_interfaces/msg
[2.423s] -- Up-to-date: /home/cofallen/Code/ros2/cp3_topic/topic_practice_ws/install/status_interfaces/include/status_interfaces/status_interfaces/msg/detail
[2.423s] -- Installing: /home/cofallen/Code/ros2/cp3_topic/topic_practice_ws/install/status_interfaces/include/status_interfaces/status_interfaces/msg/detail/system_status__rosidl_typesupport_fastrtps_cpp.hpp
[2.423s] -- Up-to-date: /home/cofallen/Code/ros2/cp3_topic/topic_practice_ws/install/status_interfaces/include/status_interfaces/status_interfaces/msg/detail/dds_fastrtps
[2.423s] -- Up-to-date: /home/cofallen/Code/ros2/cp3_topic/topic_practice_ws/install/status_interfaces/include/status_interfaces/status_interfaces/msg/rosidl_typesupport_fastrtps_cpp__visibility_control.h
[2.423s] -- Installing: /home/cofallen/Code/ros2/cp3_topic/topic_practice_ws/install/status_interfaces/lib/libstatus_interfaces__rosidl_typesupport_fastrtps_cpp.so
[2.423s] -- Set runtime path of "/home/cofallen/Code/ros2/cp3_topic/topic_practice_ws/install/status_interfaces/lib/libstatus_interfaces__rosidl_typesupport_fastrtps_cpp.so" to ""
[2.423s] -- Up-to-date: /home/cofallen/Code/ros2/cp3_topic/topic_practice_ws/install/status_interfaces/include/status_interfaces/status_interfaces
[2.424s] -- Up-to-date: /home/cofallen/Code/ros2/cp3_topic/topic_practice_ws/install/status_interfaces/include/status_interfaces/status_interfaces/msg
[2.424s] -- Up-to-date: /home/cofallen/Code/ros2/cp3_topic/topic_practice_ws/install/status_interfaces/include/status_interfaces/status_interfaces/msg/detail
[2.424s] -- Installing: /home/cofallen/Code/ros2/cp3_topic/topic_practice_ws/install/status_interfaces/include/status_interfaces/status_interfaces/msg/detail/system_status__type_support.c
[2.424s] -- Installing: /home/cofallen/Code/ros2/cp3_topic/topic_practice_ws/install/status_interfaces/include/status_interfaces/status_interfaces/msg/detail/system_status__rosidl_typesupport_introspection_c.h
[2.424s] -- Up-to-date: /home/cofallen/Code/ros2/cp3_topic/topic_practice_ws/install/status_interfaces/include/status_interfaces/status_interfaces/msg/rosidl_typesupport_introspection_c__visibility_control.h
[2.424s] -- Installing: /home/cofallen/Code/ros2/cp3_topic/topic_practice_ws/install/status_interfaces/lib/libstatus_interfaces__rosidl_typesupport_introspection_c.so
[2.424s] -- Set runtime path of "/home/cofallen/Code/ros2/cp3_topic/topic_practice_ws/install/status_interfaces/lib/libstatus_interfaces__rosidl_typesupport_introspection_c.so" to ""
[2.424s] -- Installing: /home/cofallen/Code/ros2/cp3_topic/topic_practice_ws/install/status_interfaces/lib/libstatus_interfaces__rosidl_typesupport_c.so
[2.425s] -- Set runtime path of "/home/cofallen/Code/ros2/cp3_topic/topic_practice_ws/install/status_interfaces/lib/libstatus_interfaces__rosidl_typesupport_c.so" to ""
[2.425s] -- Up-to-date: /home/cofallen/Code/ros2/cp3_topic/topic_practice_ws/install/status_interfaces/include/status_interfaces/status_interfaces
[2.425s] -- Up-to-date: /home/cofallen/Code/ros2/cp3_topic/topic_practice_ws/install/status_interfaces/include/status_interfaces/status_interfaces/msg
[2.425s] -- Up-to-date: /home/cofallen/Code/ros2/cp3_topic/topic_practice_ws/install/status_interfaces/include/status_interfaces/status_interfaces/msg/detail
[2.425s] -- Installing: /home/cofallen/Code/ros2/cp3_topic/topic_practice_ws/install/status_interfaces/include/status_interfaces/status_interfaces/msg/detail/system_status__type_support.cpp
[2.425s] -- Installing: /home/cofallen/Code/ros2/cp3_topic/topic_practice_ws/install/status_interfaces/include/status_interfaces/status_interfaces/msg/detail/system_status__rosidl_typesupport_introspection_cpp.hpp
[2.425s] -- Installing: /home/cofallen/Code/ros2/cp3_topic/topic_practice_ws/install/status_interfaces/lib/libstatus_interfaces__rosidl_typesupport_introspection_cpp.so
[2.425s] -- Set runtime path of "/home/cofallen/Code/ros2/cp3_topic/topic_practice_ws/install/status_interfaces/lib/libstatus_interfaces__rosidl_typesupport_introspection_cpp.so" to ""
[2.426s] -- Installing: /home/cofallen/Code/ros2/cp3_topic/topic_practice_ws/install/status_interfaces/lib/libstatus_interfaces__rosidl_typesupport_cpp.so
[2.426s] -- Set runtime path of "/home/cofallen/Code/ros2/cp3_topic/topic_practice_ws/install/status_interfaces/lib/libstatus_interfaces__rosidl_typesupport_cpp.so" to ""
[2.426s] -- Up-to-date: /home/cofallen/Code/ros2/cp3_topic/topic_practice_ws/install/status_interfaces/share/status_interfaces/environment/pythonpath.sh
[2.426s] -- Installing: /home/cofallen/Code/ros2/cp3_topic/topic_practice_ws/install/status_interfaces/share/status_interfaces/environment/pythonpath.dsv
[2.426s] -- Up-to-date: /home/cofallen/Code/ros2/cp3_topic/topic_practice_ws/install/status_interfaces/local/lib/python3.10/dist-packages/status_interfaces-0.0.0-py3.10.egg-info
[2.426s] -- Installing: /home/cofallen/Code/ros2/cp3_topic/topic_practice_ws/install/status_interfaces/local/lib/python3.10/dist-packages/status_interfaces-0.0.0-py3.10.egg-info/SOURCES.txt
[2.426s] -- Installing: /home/cofallen/Code/ros2/cp3_topic/topic_practice_ws/install/status_interfaces/local/lib/python3.10/dist-packages/status_interfaces-0.0.0-py3.10.egg-info/PKG-INFO
[2.426s] -- Installing: /home/cofallen/Code/ros2/cp3_topic/topic_practice_ws/install/status_interfaces/local/lib/python3.10/dist-packages/status_interfaces-0.0.0-py3.10.egg-info/top_level.txt
[2.427s] -- Installing: /home/cofallen/Code/ros2/cp3_topic/topic_practice_ws/install/status_interfaces/local/lib/python3.10/dist-packages/status_interfaces-0.0.0-py3.10.egg-info/dependency_links.txt
[2.427s] -- Up-to-date: /home/cofallen/Code/ros2/cp3_topic/topic_practice_ws/install/status_interfaces/local/lib/python3.10/dist-packages/status_interfaces
[2.427s] -- Installing: /home/cofallen/Code/ros2/cp3_topic/topic_practice_ws/install/status_interfaces/local/lib/python3.10/dist-packages/status_interfaces/libstatus_interfaces__rosidl_generator_py.so
[2.427s] -- Installing: /home/cofallen/Code/ros2/cp3_topic/topic_practice_ws/install/status_interfaces/local/lib/python3.10/dist-packages/status_interfaces/_status_interfaces_s.ep.rosidl_typesupport_c.c
[2.427s] -- Installing: /home/cofallen/Code/ros2/cp3_topic/topic_practice_ws/install/status_interfaces/local/lib/python3.10/dist-packages/status_interfaces/_status_interfaces_s.ep.rosidl_typesupport_fastrtps_c.c
[2.427s] -- Up-to-date: /home/cofallen/Code/ros2/cp3_topic/topic_practice_ws/install/status_interfaces/local/lib/python3.10/dist-packages/status_interfaces/msg
[2.427s] -- Installing: /home/cofallen/Code/ros2/cp3_topic/topic_practice_ws/install/status_interfaces/local/lib/python3.10/dist-packages/status_interfaces/msg/_system_status.py
[2.427s] -- Installing: /home/cofallen/Code/ros2/cp3_topic/topic_practice_ws/install/status_interfaces/local/lib/python3.10/dist-packages/status_interfaces/msg/_system_status_s.c
[2.427s] -- Installing: /home/cofallen/Code/ros2/cp3_topic/topic_practice_ws/install/status_interfaces/local/lib/python3.10/dist-packages/status_interfaces/msg/__init__.py
[2.427s] -- Installing: /home/cofallen/Code/ros2/cp3_topic/topic_practice_ws/install/status_interfaces/local/lib/python3.10/dist-packages/status_interfaces/status_interfaces_s__rosidl_typesupport_c.cpython-310-x86_64-linux-gnu.so
[2.428s] -- Installing: /home/cofallen/Code/ros2/cp3_topic/topic_practice_ws/install/status_interfaces/local/lib/python3.10/dist-packages/status_interfaces/status_interfaces_s__rosidl_typesupport_fastrtps_c.cpython-310-x86_64-linux-gnu.so
[2.428s] -- Installing: /home/cofallen/Code/ros2/cp3_topic/topic_practice_ws/install/status_interfaces/local/lib/python3.10/dist-packages/status_interfaces/status_interfaces_s__rosidl_typesupport_introspection_c.cpython-310-x86_64-linux-gnu.so
[2.428s] -- Installing: /home/cofallen/Code/ros2/cp3_topic/topic_practice_ws/install/status_interfaces/local/lib/python3.10/dist-packages/status_interfaces/_status_interfaces_s.ep.rosidl_typesupport_introspection_c.c
[2.428s] -- Installing: /home/cofallen/Code/ros2/cp3_topic/topic_practice_ws/install/status_interfaces/local/lib/python3.10/dist-packages/status_interfaces/__init__.py
[2.457s] Listing '/home/cofallen/Code/ros2/cp3_topic/topic_practice_ws/install/status_interfaces/local/lib/python3.10/dist-packages/status_interfaces'...
[2.457s] Compiling '/home/cofallen/Code/ros2/cp3_topic/topic_practice_ws/install/status_interfaces/local/lib/python3.10/dist-packages/status_interfaces/__init__.py'...
[2.457s] Listing '/home/cofallen/Code/ros2/cp3_topic/topic_practice_ws/install/status_interfaces/local/lib/python3.10/dist-packages/status_interfaces/msg'...
[2.457s] Compiling '/home/cofallen/Code/ros2/cp3_topic/topic_practice_ws/install/status_interfaces/local/lib/python3.10/dist-packages/status_interfaces/msg/__init__.py'...
[2.457s] Compiling '/home/cofallen/Code/ros2/cp3_topic/topic_practice_ws/install/status_interfaces/local/lib/python3.10/dist-packages/status_interfaces/msg/_system_status.py'...
[2.460s] -- Installing: /home/cofallen/Code/ros2/cp3_topic/topic_practice_ws/install/status_interfaces/local/lib/python3.10/dist-packages/status_interfaces/status_interfaces_s__rosidl_typesupport_fastrtps_c.cpython-310-x86_64-linux-gnu.so
[2.461s] -- Set runtime path of "/home/cofallen/Code/ros2/cp3_topic/topic_practice_ws/install/status_interfaces/local/lib/python3.10/dist-packages/status_interfaces/status_interfaces_s__rosidl_typesupport_fastrtps_c.cpython-310-x86_64-linux-gnu.so" to ""
[2.461s] -- Installing: /home/cofallen/Code/ros2/cp3_topic/topic_practice_ws/install/status_interfaces/local/lib/python3.10/dist-packages/status_interfaces/status_interfaces_s__rosidl_typesupport_introspection_c.cpython-310-x86_64-linux-gnu.so
[2.461s] -- Set runtime path of "/home/cofallen/Code/ros2/cp3_topic/topic_practice_ws/install/status_interfaces/local/lib/python3.10/dist-packages/status_interfaces/status_interfaces_s__rosidl_typesupport_introspection_c.cpython-310-x86_64-linux-gnu.so" to ""
[2.462s] -- Installing: /home/cofallen/Code/ros2/cp3_topic/topic_practice_ws/install/status_interfaces/local/lib/python3.10/dist-packages/status_interfaces/status_interfaces_s__rosidl_typesupport_c.cpython-310-x86_64-linux-gnu.so
[2.462s] -- Set runtime path of "/home/cofallen/Code/ros2/cp3_topic/topic_practice_ws/install/status_interfaces/local/lib/python3.10/dist-packages/status_interfaces/status_interfaces_s__rosidl_typesupport_c.cpython-310-x86_64-linux-gnu.so" to ""
[2.462s] -- Installing: /home/cofallen/Code/ros2/cp3_topic/topic_practice_ws/install/status_interfaces/lib/libstatus_interfaces__rosidl_generator_py.so
[2.463s] -- Set runtime path of "/home/cofallen/Code/ros2/cp3_topic/topic_practice_ws/install/status_interfaces/lib/libstatus_interfaces__rosidl_generator_py.so" to ""
[2.463s] -- Installing: /home/cofallen/Code/ros2/cp3_topic/topic_practice_ws/install/status_interfaces/share/status_interfaces/msg/SystemStatus.idl
[2.463s] -- Installing: /home/cofallen/Code/ros2/cp3_topic/topic_practice_ws/install/status_interfaces/share/status_interfaces/msg/SystemStatus.msg
[2.463s] -- Up-to-date: /home/cofallen/Code/ros2/cp3_topic/topic_practice_ws/install/status_interfaces/share/ament_index/resource_index/package_run_dependencies/status_interfaces
[2.463s] -- Installing: /home/cofallen/Code/ros2/cp3_topic/topic_practice_ws/install/status_interfaces/share/ament_index/resource_index/parent_prefix_path/status_interfaces
[2.463s] -- Up-to-date: /home/cofallen/Code/ros2/cp3_topic/topic_practice_ws/install/status_interfaces/share/status_interfaces/environment/ament_prefix_path.sh
[2.463s] -- Installing: /home/cofallen/Code/ros2/cp3_topic/topic_practice_ws/install/status_interfaces/share/status_interfaces/environment/ament_prefix_path.dsv
[2.464s] -- Up-to-date: /home/cofallen/Code/ros2/cp3_topic/topic_practice_ws/install/status_interfaces/share/status_interfaces/environment/path.sh
[2.464s] -- Installing: /home/cofallen/Code/ros2/cp3_topic/topic_practice_ws/install/status_interfaces/share/status_interfaces/environment/path.dsv
[2.464s] -- Up-to-date: /home/cofallen/Code/ros2/cp3_topic/topic_practice_ws/install/status_interfaces/share/status_interfaces/local_setup.bash
[2.464s] -- Up-to-date: /home/cofallen/Code/ros2/cp3_topic/topic_practice_ws/install/status_interfaces/share/status_interfaces/local_setup.sh
[2.464s] -- Up-to-date: /home/cofallen/Code/ros2/cp3_topic/topic_practice_ws/install/status_interfaces/share/status_interfaces/local_setup.zsh
[2.464s] -- Installing: /home/cofallen/Code/ros2/cp3_topic/topic_practice_ws/install/status_interfaces/share/status_interfaces/local_setup.dsv
[2.464s] -- Installing: /home/cofallen/Code/ros2/cp3_topic/topic_practice_ws/install/status_interfaces/share/status_interfaces/package.dsv
[2.464s] -- Up-to-date: /home/cofallen/Code/ros2/cp3_topic/topic_practice_ws/install/status_interfaces/share/ament_index/resource_index/packages/status_interfaces
[2.464s] -- Up-to-date: /home/cofallen/Code/ros2/cp3_topic/topic_practice_ws/install/status_interfaces/share/status_interfaces/cmake/export_status_interfaces__rosidl_generator_cExport.cmake
[2.464s] -- Up-to-date: /home/cofallen/Code/ros2/cp3_topic/topic_practice_ws/install/status_interfaces/share/status_interfaces/cmake/export_status_interfaces__rosidl_generator_cExport-noconfig.cmake
[2.465s] -- Up-to-date: /home/cofallen/Code/ros2/cp3_topic/topic_practice_ws/install/status_interfaces/share/status_interfaces/cmake/export_status_interfaces__rosidl_typesupport_fastrtps_cExport.cmake
[2.465s] -- Up-to-date: /home/cofallen/Code/ros2/cp3_topic/topic_practice_ws/install/status_interfaces/share/status_interfaces/cmake/export_status_interfaces__rosidl_typesupport_fastrtps_cExport-noconfig.cmake
[2.465s] -- Up-to-date: /home/cofallen/Code/ros2/cp3_topic/topic_practice_ws/install/status_interfaces/share/status_interfaces/cmake/export_status_interfaces__rosidl_generator_cppExport.cmake
[2.465s] -- Up-to-date: /home/cofallen/Code/ros2/cp3_topic/topic_practice_ws/install/status_interfaces/share/status_interfaces/cmake/export_status_interfaces__rosidl_typesupport_fastrtps_cppExport.cmake
[2.465s] -- Up-to-date: /home/cofallen/Code/ros2/cp3_topic/topic_practice_ws/install/status_interfaces/share/status_interfaces/cmake/export_status_interfaces__rosidl_typesupport_fastrtps_cppExport-noconfig.cmake
[2.465s] -- Up-to-date: /home/cofallen/Code/ros2/cp3_topic/topic_practice_ws/install/status_interfaces/share/status_interfaces/cmake/status_interfaces__rosidl_typesupport_introspection_cExport.cmake
[2.465s] -- Up-to-date: /home/cofallen/Code/ros2/cp3_topic/topic_practice_ws/install/status_interfaces/share/status_interfaces/cmake/status_interfaces__rosidl_typesupport_introspection_cExport-noconfig.cmake
[2.465s] -- Up-to-date: /home/cofallen/Code/ros2/cp3_topic/topic_practice_ws/install/status_interfaces/share/status_interfaces/cmake/status_interfaces__rosidl_typesupport_cExport.cmake
[2.465s] -- Up-to-date: /home/cofallen/Code/ros2/cp3_topic/topic_practice_ws/install/status_interfaces/share/status_interfaces/cmake/status_interfaces__rosidl_typesupport_cExport-noconfig.cmake
[2.465s] -- Up-to-date: /home/cofallen/Code/ros2/cp3_topic/topic_practice_ws/install/status_interfaces/share/status_interfaces/cmake/status_interfaces__rosidl_typesupport_introspection_cppExport.cmake
[2.465s] -- Up-to-date: /home/cofallen/Code/ros2/cp3_topic/topic_practice_ws/install/status_interfaces/share/status_interfaces/cmake/status_interfaces__rosidl_typesupport_introspection_cppExport-noconfig.cmake
[2.465s] -- Up-to-date: /home/cofallen/Code/ros2/cp3_topic/topic_practice_ws/install/status_interfaces/share/status_interfaces/cmake/status_interfaces__rosidl_typesupport_cppExport.cmake
[2.465s] -- Up-to-date: /home/cofallen/Code/ros2/cp3_topic/topic_practice_ws/install/status_interfaces/share/status_interfaces/cmake/status_interfaces__rosidl_typesupport_cppExport-noconfig.cmake
[2.465s] -- Up-to-date: /home/cofallen/Code/ros2/cp3_topic/topic_practice_ws/install/status_interfaces/share/status_interfaces/cmake/export_status_interfaces__rosidl_generator_pyExport.cmake
[2.466s] -- Up-to-date: /home/cofallen/Code/ros2/cp3_topic/topic_practice_ws/install/status_interfaces/share/status_interfaces/cmake/export_status_interfaces__rosidl_generator_pyExport-noconfig.cmake
[2.466s] -- Up-to-date: /home/cofallen/Code/ros2/cp3_topic/topic_practice_ws/install/status_interfaces/share/status_interfaces/cmake/rosidl_cmake-extras.cmake
[2.466s] -- Up-to-date: /home/cofallen/Code/ros2/cp3_topic/topic_practice_ws/install/status_interfaces/share/status_interfaces/cmake/ament_cmake_export_dependencies-extras.cmake
[2.466s] -- Up-to-date: /home/cofallen/Code/ros2/cp3_topic/topic_practice_ws/install/status_interfaces/share/status_interfaces/cmake/ament_cmake_export_include_directories-extras.cmake
[2.466s] -- Up-to-date: /home/cofallen/Code/ros2/cp3_topic/topic_practice_ws/install/status_interfaces/share/status_interfaces/cmake/ament_cmake_export_libraries-extras.cmake
[2.466s] -- Up-to-date: /home/cofallen/Code/ros2/cp3_topic/topic_practice_ws/install/status_interfaces/share/status_interfaces/cmake/ament_cmake_export_targets-extras.cmake
[2.466s] -- Up-to-date: /home/cofallen/Code/ros2/cp3_topic/topic_practice_ws/install/status_interfaces/share/status_interfaces/cmake/rosidl_cmake_export_typesupport_targets-extras.cmake
[2.466s] -- Up-to-date: /home/cofallen/Code/ros2/cp3_topic/topic_practice_ws/install/status_interfaces/share/status_interfaces/cmake/rosidl_cmake_export_typesupport_libraries-extras.cmake
[2.466s] -- Up-to-date: /home/cofallen/Code/ros2/cp3_topic/topic_practice_ws/install/status_interfaces/share/status_interfaces/cmake/status_interfacesConfig.cmake
[2.466s] -- Up-to-date: /home/cofallen/Code/ros2/cp3_topic/topic_practice_ws/install/status_interfaces/share/status_interfaces/cmake/status_interfacesConfig-version.cmake
[2.466s] -- Up-to-date: /home/cofallen/Code/ros2/cp3_topic/topic_practice_ws/install/status_interfaces/share/status_interfaces/package.xml
[2.469s] Invoked command in '/home/cofallen/Code/ros2/cp3_topic/topic_practice_ws/build/status_interfaces' returned '0': CMAKE_PREFIX_PATH=${CMAKE_PREFIX_PATH}:/opt/ros/humble /usr/bin/cmake --install /home/cofallen/Code/ros2/cp3_topic/topic_practice_ws/build/status_interfaces
