[0.007s] Invoking command in '/home/cofallen/Code/ros2/cp3_topic/topic_practice_ws/build/status_display': CMAKE_PREFIX_PATH=${CMAKE_PREFIX_PATH}:/home/cofallen/Code/ros2/cp3_topic/topic_practice_ws/install/status_publisher:/opt/ros/humble /usr/bin/cmake /home/cofallen/Code/ros2/cp3_topic/topic_practice_ws/src/status_display -DCMAKE_INSTALL_PREFIX=/home/cofallen/Code/ros2/cp3_topic/topic_practice_ws/install/status_display
[0.060s] -- The C compiler identification is GNU 11.4.0
[0.109s] -- The CXX compiler identification is GNU 11.4.0
[0.115s] -- Detecting C compiler ABI info
[0.182s] -- Detecting C compiler ABI info - done
[0.187s] -- Check for working C compiler: /usr/bin/cc - skipped
[0.187s] -- Detecting C compile features
[0.188s] -- Detecting C compile features - done
[0.190s] -- Detecting CXX compiler ABI info
[0.260s] -- Detecting CXX compiler ABI info - done
[0.265s] -- Check for working CXX compiler: /usr/bin/c++ - skipped
[0.265s] -- Detecting CXX compile features
[0.265s] -- Detecting CXX compile features - done
[0.268s] -- Found ament_cmake: 1.3.11 (/opt/ros/humble/share/ament_cmake/cmake)
[0.387s] -- Found Python3: /usr/bin/python3 (found version "3.10.12") found components: Interpreter 
[0.458s] -- Found rclcpp: 16.0.12 (/opt/ros/humble/share/rclcpp/cmake)
[0.491s] -- Found rosidl_generator_c: 3.1.6 (/opt/ros/humble/share/rosidl_generator_c/cmake)
[0.494s] -- Found rosidl_adapter: 3.1.6 (/opt/ros/humble/share/rosidl_adapter/cmake)
[0.500s] -- Found rosidl_generator_cpp: 3.1.6 (/opt/ros/humble/share/rosidl_generator_cpp/cmake)
[0.509s] -- Using all available rosidl_typesupport_c: rosidl_typesupport_fastrtps_c;rosidl_typesupport_introspection_c
[0.521s] -- Using all available rosidl_typesupport_cpp: rosidl_typesupport_fastrtps_cpp;rosidl_typesupport_introspection_cpp
[0.560s] -- Found rmw_implementation_cmake: 6.1.2 (/opt/ros/humble/share/rmw_implementation_cmake/cmake)
[0.563s] -- Found rmw_fastrtps_cpp: 6.2.7 (/opt/ros/humble/share/rmw_fastrtps_cpp/cmake)
[0.662s] -- Found OpenSSL: /usr/lib/x86_64-linux-gnu/libcrypto.so (found version "3.0.2")  
[0.687s] -- Found FastRTPS: /opt/ros/humble/include  
[0.724s] -- Using RMW implementation 'rmw_fastrtps_cpp' as default
[0.735s] -- Looking for pthread.h
[0.804s] -- Looking for pthread.h - found
[0.804s] -- Performing Test CMAKE_HAVE_LIBC_PTHREAD
[0.871s] -- Performing Test CMAKE_HAVE_LIBC_PTHREAD - Success
[0.871s] -- Found Threads: TRUE  
[0.918s] -- Found status_interfaces: 0.0.0 (/home/cofallen/Code/ros2/cp3_topic/topic_practice_ws/install/status_interfaces/share/status_interfaces/cmake)
[0.947s] -- Found ament_lint_auto: 0.12.12 (/opt/ros/humble/share/ament_lint_auto/cmake)
[1.003s] -- Added test 'cppcheck' to perform static code analysis on C / C++ code
[1.003s] -- Configured cppcheck include dirs: 
[1.003s] -- Configured cppcheck exclude dirs and/or files: 
[1.003s] -- Added test 'lint_cmake' to check CMake code style
[1.004s] -- Added test 'uncrustify' to check C / C++ code style
[1.004s] -- Configured uncrustify additional arguments: 
[1.005s] -- Added test 'xmllint' to check XML markup files
[1.006s] -- Configuring done
[1.008s] [31mCMake Error at CMakeLists.txt:14 (add_executable):
[1.008s]   Target "hello_qt" links to target "Qt5::widgets" but the target was not
[1.008s]   found.  Perhaps a find_package() call is missing for an IMPORTED target, or
[1.008s]   an ALIAS target is missing?
[1.009s] 
[1.009s] [0m
[1.011s] -- Generating done
[1.012s] [0mCMake Generate step failed.  Build files cannot be regenerated correctly.[0m
[1.020s] Invoked command in '/home/cofallen/Code/ros2/cp3_topic/topic_practice_ws/build/status_display' returned '1': CMAKE_PREFIX_PATH=${CMAKE_PREFIX_PATH}:/home/cofallen/Code/ros2/cp3_topic/topic_practice_ws/install/status_publisher:/opt/ros/humble /usr/bin/cmake /home/cofallen/Code/ros2/cp3_topic/topic_practice_ws/src/status_display -DCMAKE_INSTALL_PREFIX=/home/cofallen/Code/ros2/cp3_topic/topic_practice_ws/install/status_display
