[0.009s] Invoking command in '/home/cofallen/Code/ros2/cp2_node/cp2_ws/build/demo_cpp_pkg': CMAKE_PREFIX_PATH=${CMAKE_PREFIX_PATH}:/home/cofallen/Code/ros2/cp2_node/cp2_ws/install/demo_python_pkg:/opt/ros/humble /usr/bin/cmake --build /home/cofallen/Code/ros2/cp2_node/cp2_ws/build/demo_cpp_pkg -- -j12 -l12
[0.029s] -- Found ament_cmake: 1.3.11 (/opt/ros/humble/share/ament_cmake/cmake)
[0.123s] -- Found rclcpp: 16.0.12 (/opt/ros/humble/share/rclcpp/cmake)
[0.146s] -- Found rosidl_generator_c: 3.1.6 (/opt/ros/humble/share/rosidl_generator_c/cmake)
[0.148s] -- Found rosidl_adapter: 3.1.6 (/opt/ros/humble/share/rosidl_adapter/cmake)
[0.151s] -- Found rosidl_generator_cpp: 3.1.6 (/opt/ros/humble/share/rosidl_generator_cpp/cmake)
[0.159s] -- Using all available rosidl_typesupport_c: rosidl_typesupport_fastrtps_c;rosidl_typesupport_introspection_c
[0.168s] -- Using all available rosidl_typesupport_cpp: rosidl_typesupport_fastrtps_cpp;rosidl_typesupport_introspection_cpp
[0.193s] -- Found rmw_implementation_cmake: 6.1.2 (/opt/ros/humble/share/rmw_implementation_cmake/cmake)
[0.194s] -- Found rmw_fastrtps_cpp: 6.2.7 (/opt/ros/humble/share/rmw_fastrtps_cpp/cmake)
[0.279s] -- Using RMW implementation 'rmw_fastrtps_cpp' as default
[0.311s] -- Found ament_lint_auto: 0.12.12 (/opt/ros/humble/share/ament_lint_auto/cmake)
[0.365s] -- Added test 'cppcheck' to perform static code analysis on C / C++ code
[0.365s] -- Configured cppcheck include dirs: 
[0.365s] -- Configured cppcheck exclude dirs and/or files: 
[0.367s] -- Added test 'lint_cmake' to check CMake code style
[0.372s] -- Added test 'uncrustify' to check C / C++ code style
[0.372s] -- Configured uncrustify additional arguments: 
[0.373s] -- Added test 'xmllint' to check XML markup files
[0.374s] -- Configuring done
[0.386s] -- Generating done
[0.391s] -- Build files have been written to: /home/cofallen/Code/ros2/cp2_node/cp2_ws/build/demo_cpp_pkg
[0.414s] [35m[1mConsolidate compiler generated dependencies of target person_node[0m
[0.414s] [35m[1mConsolidate compiler generated dependencies of target learn_auto[0m
[0.414s] [35m[1mConsolidate compiler generated dependencies of target cpp_node[0m
[0.423s] [ 12%] [32mBuilding CXX object CMakeFiles/learn_shared_ptr.dir/src/learn_shared_ptr.cpp.o[0m
[0.430s] [ 87%] Built target person_node
[0.430s] [ 87%] Built target learn_auto
[0.431s] [ 87%] Built target cpp_node
[0.724s] [100%] [32m[1mLinking CXX executable learn_shared_ptr[0m
[0.805s] [100%] Built target learn_shared_ptr
[0.816s] Invoked command in '/home/cofallen/Code/ros2/cp2_node/cp2_ws/build/demo_cpp_pkg' returned '0': CMAKE_PREFIX_PATH=${CMAKE_PREFIX_PATH}:/home/cofallen/Code/ros2/cp2_node/cp2_ws/install/demo_python_pkg:/opt/ros/humble /usr/bin/cmake --build /home/cofallen/Code/ros2/cp2_node/cp2_ws/build/demo_cpp_pkg -- -j12 -l12
[0.826s] Invoking command in '/home/cofallen/Code/ros2/cp2_node/cp2_ws/build/demo_cpp_pkg': CMAKE_PREFIX_PATH=${CMAKE_PREFIX_PATH}:/home/cofallen/Code/ros2/cp2_node/cp2_ws/install/demo_python_pkg:/opt/ros/humble /usr/bin/cmake --install /home/cofallen/Code/ros2/cp2_node/cp2_ws/build/demo_cpp_pkg
[0.832s] -- Install configuration: ""
[0.832s] -- Up-to-date: /home/cofallen/Code/ros2/cp2_node/cp2_ws/install/demo_cpp_pkg/lib/demo_cpp_pkg/cpp_node
[0.832s] -- Up-to-date: /home/cofallen/Code/ros2/cp2_node/cp2_ws/install/demo_cpp_pkg/lib/demo_cpp_pkg/person_node
[0.833s] -- Up-to-date: /home/cofallen/Code/ros2/cp2_node/cp2_ws/install/demo_cpp_pkg/lib/demo_cpp_pkg/learn_auto
[0.833s] -- Installing: /home/cofallen/Code/ros2/cp2_node/cp2_ws/install/demo_cpp_pkg/lib/demo_cpp_pkg/learn_shared_ptr
[0.833s] -- Set runtime path of "/home/cofallen/Code/ros2/cp2_node/cp2_ws/install/demo_cpp_pkg/lib/demo_cpp_pkg/learn_shared_ptr" to ""
[0.833s] -- Up-to-date: /home/cofallen/Code/ros2/cp2_node/cp2_ws/install/demo_cpp_pkg/share/ament_index/resource_index/package_run_dependencies/demo_cpp_pkg
[0.833s] -- Up-to-date: /home/cofallen/Code/ros2/cp2_node/cp2_ws/install/demo_cpp_pkg/share/ament_index/resource_index/parent_prefix_path/demo_cpp_pkg
[0.833s] -- Up-to-date: /home/cofallen/Code/ros2/cp2_node/cp2_ws/install/demo_cpp_pkg/share/demo_cpp_pkg/environment/ament_prefix_path.sh
[0.833s] -- Installing: /home/cofallen/Code/ros2/cp2_node/cp2_ws/install/demo_cpp_pkg/share/demo_cpp_pkg/environment/ament_prefix_path.dsv
[0.833s] -- Up-to-date: /home/cofallen/Code/ros2/cp2_node/cp2_ws/install/demo_cpp_pkg/share/demo_cpp_pkg/environment/path.sh
[0.833s] -- Installing: /home/cofallen/Code/ros2/cp2_node/cp2_ws/install/demo_cpp_pkg/share/demo_cpp_pkg/environment/path.dsv
[0.834s] -- Up-to-date: /home/cofallen/Code/ros2/cp2_node/cp2_ws/install/demo_cpp_pkg/share/demo_cpp_pkg/local_setup.bash
[0.834s] -- Up-to-date: /home/cofallen/Code/ros2/cp2_node/cp2_ws/install/demo_cpp_pkg/share/demo_cpp_pkg/local_setup.sh
[0.834s] -- Up-to-date: /home/cofallen/Code/ros2/cp2_node/cp2_ws/install/demo_cpp_pkg/share/demo_cpp_pkg/local_setup.zsh
[0.834s] -- Installing: /home/cofallen/Code/ros2/cp2_node/cp2_ws/install/demo_cpp_pkg/share/demo_cpp_pkg/local_setup.dsv
[0.834s] -- Installing: /home/cofallen/Code/ros2/cp2_node/cp2_ws/install/demo_cpp_pkg/share/demo_cpp_pkg/package.dsv
[0.834s] -- Up-to-date: /home/cofallen/Code/ros2/cp2_node/cp2_ws/install/demo_cpp_pkg/share/ament_index/resource_index/packages/demo_cpp_pkg
[0.834s] -- Up-to-date: /home/cofallen/Code/ros2/cp2_node/cp2_ws/install/demo_cpp_pkg/share/demo_cpp_pkg/cmake/demo_cpp_pkgConfig.cmake
[0.834s] -- Up-to-date: /home/cofallen/Code/ros2/cp2_node/cp2_ws/install/demo_cpp_pkg/share/demo_cpp_pkg/cmake/demo_cpp_pkgConfig-version.cmake
[0.834s] -- Up-to-date: /home/cofallen/Code/ros2/cp2_node/cp2_ws/install/demo_cpp_pkg/share/demo_cpp_pkg/package.xml
[0.836s] Invoked command in '/home/cofallen/Code/ros2/cp2_node/cp2_ws/build/demo_cpp_pkg' returned '0': CMAKE_PREFIX_PATH=${CMAKE_PREFIX_PATH}:/home/cofallen/Code/ros2/cp2_node/cp2_ws/install/demo_python_pkg:/opt/ros/humble /usr/bin/cmake --install /home/cofallen/Code/ros2/cp2_node/cp2_ws/build/demo_cpp_pkg
