[0.011s] Invoking command in '/home/cofallen/Code/ros2/cp2_node/cp2_ws/build/demo_cpp_pkg': CMAKE_PREFIX_PATH=${CMAKE_PREFIX_PATH}:/home/cofallen/Code/ros2/cp2_node/cp2_ws/src/install/demo_python_pkg:/opt/ros/humble /usr/bin/cmake --build /home/cofallen/Code/ros2/cp2_node/cp2_ws/build/demo_cpp_pkg -- -j12 -l12
[0.035s] -- Found ament_cmake: 1.3.11 (/opt/ros/humble/share/ament_cmake/cmake)
[0.132s] -- Found rclcpp: 16.0.12 (/opt/ros/humble/share/rclcpp/cmake)
[0.154s] -- Found rosidl_generator_c: 3.1.6 (/opt/ros/humble/share/rosidl_generator_c/cmake)
[0.155s] -- Found rosidl_adapter: 3.1.6 (/opt/ros/humble/share/rosidl_adapter/cmake)
[0.160s] -- Found rosidl_generator_cpp: 3.1.6 (/opt/ros/humble/share/rosidl_generator_cpp/cmake)
[0.166s] -- Using all available rosidl_typesupport_c: rosidl_typesupport_fastrtps_c;rosidl_typesupport_introspection_c
[0.175s] -- Using all available rosidl_typesupport_cpp: rosidl_typesupport_fastrtps_cpp;rosidl_typesupport_introspection_cpp
[0.198s] -- Found rmw_implementation_cmake: 6.1.2 (/opt/ros/humble/share/rmw_implementation_cmake/cmake)
[0.199s] -- Found rmw_fastrtps_cpp: 6.2.7 (/opt/ros/humble/share/rmw_fastrtps_cpp/cmake)
[0.286s] -- Using RMW implementation 'rmw_fastrtps_cpp' as default
[0.322s] -- Found ament_lint_auto: 0.12.12 (/opt/ros/humble/share/ament_lint_auto/cmake)
[0.387s] -- Added test 'cppcheck' to perform static code analysis on C / C++ code
[0.387s] -- Configured cppcheck include dirs: /home/cofallen/Code/ros2/cp2_node/cp2_ws/src/demo_cpp_pkg/include
[0.387s] -- Configured cppcheck exclude dirs and/or files: 
[0.388s] -- Added test 'flake8' to check Python code syntax and style conventions
[0.391s] -- Added test 'lint_cmake' to check CMake code style
[0.393s] -- Added test 'pep257' to check Python code against some of the docstring style conventions in PEP 257
[0.404s] -- Added test 'uncrustify' to check C / C++ code style
[0.404s] -- Configured uncrustify additional arguments: 
[0.405s] -- Added test 'xmllint' to check XML markup files
[0.406s] -- Configuring done
[0.427s] -- Generating done
[0.433s] -- Build files have been written to: /home/cofallen/Code/ros2/cp2_node/cp2_ws/build/demo_cpp_pkg
[0.459s] [35m[1mConsolidate compiler generated dependencies of target learn_functional[0m
[0.459s] [35m[1mConsolidate compiler generated dependencies of target learn_shared_ptr[0m
[0.461s] [35m[1mConsolidate compiler generated dependencies of target learn_lambda[0m
[0.461s] [35m[1mConsolidate compiler generated dependencies of target learn_auto[0m
[0.461s] [35m[1mConsolidate compiler generated dependencies of target person_node[0m
[0.461s] [35m[1mConsolidate compiler generated dependencies of target cpp_node[0m
[0.470s] [ 14%] [32mBuilding CXX object CMakeFiles/learn_functional.dir/src/learn_functional.cpp.o[0m
[0.470s] [ 14%] [32mBuilding CXX object CMakeFiles/learn_thread.dir/src/learn_thread.cpp.o[0m
[0.470s] [ 21%] [32mBuilding CXX object CMakeFiles/learn_shared_ptr.dir/src/learn_shared_ptr.cpp.o[0m
[0.471s] [ 28%] [32mBuilding CXX object CMakeFiles/learn_lambda.dir/src/learn_lambda.cpp.o[0m
[0.479s] [ 35%] [32mBuilding CXX object CMakeFiles/learn_auto.dir/src/learn_auto.cpp.o[0m
[0.480s] [ 50%] [32mBuilding CXX object CMakeFiles/cpp_node.dir/src/cpp_node.cpp.o[0m
[0.480s] [ 50%] [32mBuilding CXX object CMakeFiles/person_node.dir/src/person_node.cpp.o[0m
[0.864s] [ 57%] [32m[1mLinking CXX executable learn_shared_ptr[0m
[0.890s] [ 64%] [32m[1mLinking CXX executable learn_lambda[0m
[0.993s] [ 64%] Built target learn_shared_ptr
[0.995s] [ 71%] [32m[1mLinking CXX executable learn_functional[0m
[1.013s] [ 71%] Built target learn_lambda
[1.086s] [ 71%] Built target learn_functional
[3.101s] [ 78%] [32m[1mLinking CXX executable person_node[0m
[3.106s] [ 85%] [32m[1mLinking CXX executable learn_auto[0m
[3.181s] [ 92%] [32m[1mLinking CXX executable cpp_node[0m
[3.207s] [ 92%] Built target learn_auto
[3.207s] [ 92%] Built target person_node
[3.284s] [ 92%] Built target cpp_node
[4.644s] [100%] [32m[1mLinking CXX executable learn_thread[0m
[4.791s] [100%] Built target learn_thread
[4.802s] Invoked command in '/home/cofallen/Code/ros2/cp2_node/cp2_ws/build/demo_cpp_pkg' returned '0': CMAKE_PREFIX_PATH=${CMAKE_PREFIX_PATH}:/home/cofallen/Code/ros2/cp2_node/cp2_ws/src/install/demo_python_pkg:/opt/ros/humble /usr/bin/cmake --build /home/cofallen/Code/ros2/cp2_node/cp2_ws/build/demo_cpp_pkg -- -j12 -l12
[4.811s] Invoking command in '/home/cofallen/Code/ros2/cp2_node/cp2_ws/build/demo_cpp_pkg': CMAKE_PREFIX_PATH=${CMAKE_PREFIX_PATH}:/home/cofallen/Code/ros2/cp2_node/cp2_ws/src/install/demo_python_pkg:/opt/ros/humble /usr/bin/cmake --install /home/cofallen/Code/ros2/cp2_node/cp2_ws/build/demo_cpp_pkg
[4.818s] -- Install configuration: ""
[4.818s] -- Installing: /home/cofallen/Code/ros2/cp2_node/cp2_ws/install/demo_cpp_pkg/lib/demo_cpp_pkg/person_node
[4.819s] -- Set runtime path of "/home/cofallen/Code/ros2/cp2_node/cp2_ws/install/demo_cpp_pkg/lib/demo_cpp_pkg/person_node" to ""
[4.819s] -- Installing: /home/cofallen/Code/ros2/cp2_node/cp2_ws/install/demo_cpp_pkg/lib/demo_cpp_pkg/learn_auto
[4.820s] -- Set runtime path of "/home/cofallen/Code/ros2/cp2_node/cp2_ws/install/demo_cpp_pkg/lib/demo_cpp_pkg/learn_auto" to ""
[4.820s] -- Installing: /home/cofallen/Code/ros2/cp2_node/cp2_ws/install/demo_cpp_pkg/lib/demo_cpp_pkg/learn_shared_ptr
[4.821s] -- Set runtime path of "/home/cofallen/Code/ros2/cp2_node/cp2_ws/install/demo_cpp_pkg/lib/demo_cpp_pkg/learn_shared_ptr" to ""
[4.821s] -- Installing: /home/cofallen/Code/ros2/cp2_node/cp2_ws/install/demo_cpp_pkg/lib/demo_cpp_pkg/learn_lambda
[4.821s] -- Set runtime path of "/home/cofallen/Code/ros2/cp2_node/cp2_ws/install/demo_cpp_pkg/lib/demo_cpp_pkg/learn_lambda" to ""
[4.822s] -- Installing: /home/cofallen/Code/ros2/cp2_node/cp2_ws/install/demo_cpp_pkg/lib/demo_cpp_pkg/learn_functional
[4.822s] -- Installing: /home/cofallen/Code/ros2/cp2_node/cp2_ws/install/demo_cpp_pkg/lib/demo_cpp_pkg/learn_thread
[4.824s] -- Up-to-date: /home/cofallen/Code/ros2/cp2_node/cp2_ws/install/demo_cpp_pkg/share/ament_index/resource_index/package_run_dependencies/demo_cpp_pkg
[4.825s] -- Installing: /home/cofallen/Code/ros2/cp2_node/cp2_ws/install/demo_cpp_pkg/share/ament_index/resource_index/parent_prefix_path/demo_cpp_pkg
[4.825s] -- Up-to-date: /home/cofallen/Code/ros2/cp2_node/cp2_ws/install/demo_cpp_pkg/share/demo_cpp_pkg/environment/ament_prefix_path.sh
[4.825s] -- Installing: /home/cofallen/Code/ros2/cp2_node/cp2_ws/install/demo_cpp_pkg/share/demo_cpp_pkg/environment/ament_prefix_path.dsv
[4.825s] -- Up-to-date: /home/cofallen/Code/ros2/cp2_node/cp2_ws/install/demo_cpp_pkg/share/demo_cpp_pkg/environment/path.sh
[4.825s] -- Installing: /home/cofallen/Code/ros2/cp2_node/cp2_ws/install/demo_cpp_pkg/share/demo_cpp_pkg/environment/path.dsv
[4.825s] -- Up-to-date: /home/cofallen/Code/ros2/cp2_node/cp2_ws/install/demo_cpp_pkg/share/demo_cpp_pkg/local_setup.bash
[4.825s] -- Up-to-date: /home/cofallen/Code/ros2/cp2_node/cp2_ws/install/demo_cpp_pkg/share/demo_cpp_pkg/local_setup.sh
[4.825s] -- Up-to-date: /home/cofallen/Code/ros2/cp2_node/cp2_ws/install/demo_cpp_pkg/share/demo_cpp_pkg/local_setup.zsh
[4.825s] -- Installing: /home/cofallen/Code/ros2/cp2_node/cp2_ws/install/demo_cpp_pkg/share/demo_cpp_pkg/local_setup.dsv
[4.826s] -- Installing: /home/cofallen/Code/ros2/cp2_node/cp2_ws/install/demo_cpp_pkg/share/demo_cpp_pkg/package.dsv
[4.826s] -- Up-to-date: /home/cofallen/Code/ros2/cp2_node/cp2_ws/install/demo_cpp_pkg/share/ament_index/resource_index/packages/demo_cpp_pkg
[4.826s] -- Up-to-date: /home/cofallen/Code/ros2/cp2_node/cp2_ws/install/demo_cpp_pkg/share/demo_cpp_pkg/cmake/demo_cpp_pkgConfig.cmake
[4.826s] -- Up-to-date: /home/cofallen/Code/ros2/cp2_node/cp2_ws/install/demo_cpp_pkg/share/demo_cpp_pkg/cmake/demo_cpp_pkgConfig-version.cmake
[4.826s] -- Up-to-date: /home/cofallen/Code/ros2/cp2_node/cp2_ws/install/demo_cpp_pkg/share/demo_cpp_pkg/package.xml
[4.828s] Invoked command in '/home/cofallen/Code/ros2/cp2_node/cp2_ws/build/demo_cpp_pkg' returned '0': CMAKE_PREFIX_PATH=${CMAKE_PREFIX_PATH}:/home/cofallen/Code/ros2/cp2_node/cp2_ws/src/install/demo_python_pkg:/opt/ros/humble /usr/bin/cmake --install /home/cofallen/Code/ros2/cp2_node/cp2_ws/build/demo_cpp_pkg
