[0.009s] Invoking command in '/home/cofallen/Code/ros2/cp3_topic/topic_practice_ws/build/status_display': CMAKE_PREFIX_PATH=/home/cofallen/Code/ros2/cp3_topic/topic_practice_ws/install/status_interfaces:/home/cofallen/Code/ros2/cp3_topic/topic_practice_ws/install/status_display:/home/cofallen/Code/ros2/cp3_topic/topic_practice_ws/install/status_publisher:/opt/ros/humble /usr/bin/cmake --build /home/cofallen/Code/ros2/cp3_topic/topic_practice_ws/build/status_display -- -j12 -l12
[0.036s] -- Found ament_cmake: 1.3.11 (/opt/ros/humble/share/ament_cmake/cmake)
[0.150s] -- Found rclcpp: 16.0.12 (/opt/ros/humble/share/rclcpp/cmake)
[0.185s] -- Found rosidl_generator_c: 3.1.6 (/opt/ros/humble/share/rosidl_generator_c/cmake)
[0.188s] -- Found rosidl_adapter: 3.1.6 (/opt/ros/humble/share/rosidl_adapter/cmake)
[0.196s] -- Found rosidl_generator_cpp: 3.1.6 (/opt/ros/humble/share/rosidl_generator_cpp/cmake)
[0.206s] -- Using all available rosidl_typesupport_c: rosidl_typesupport_fastrtps_c;rosidl_typesupport_introspection_c
[0.218s] -- Using all available rosidl_typesupport_cpp: rosidl_typesupport_fastrtps_cpp;rosidl_typesupport_introspection_cpp
[0.253s] -- Found rmw_implementation_cmake: 6.1.2 (/opt/ros/humble/share/rmw_implementation_cmake/cmake)
[0.255s] -- Found rmw_fastrtps_cpp: 6.2.7 (/opt/ros/humble/share/rmw_fastrtps_cpp/cmake)
[0.353s] -- Using RMW implementation 'rmw_fastrtps_cpp' as default
[0.398s] -- Found status_interfaces: 0.0.0 (/home/cofallen/Code/ros2/cp3_topic/topic_practice_ws/install/status_interfaces/share/status_interfaces/cmake)
[0.419s] -- Found ament_lint_auto: 0.12.12 (/opt/ros/humble/share/ament_lint_auto/cmake)
[0.476s] -- Added test 'cppcheck' to perform static code analysis on C / C++ code
[0.476s] -- Configured cppcheck include dirs: 
[0.476s] -- Configured cppcheck exclude dirs and/or files: 
[0.476s] -- Added test 'lint_cmake' to check CMake code style
[0.477s] -- Added test 'uncrustify' to check C / C++ code style
[0.477s] -- Configured uncrustify additional arguments: 
[0.478s] -- Added test 'xmllint' to check XML markup files
[0.479s] -- Configuring done
[0.492s] -- Generating done
[0.495s] -- Build files have been written to: /home/cofallen/Code/ros2/cp3_topic/topic_practice_ws/build/status_display
[0.520s] [35m[1mConsolidate compiler generated dependencies of target hello_qt[0m
[0.529s] [ 25%] [32mBuilding CXX object CMakeFiles/sys_status_display.dir/src/sys_status_display.cpp.o[0m
[0.533s] [ 75%] Built target hello_qt
[7.701s] [100%] [32m[1mLinking CXX executable sys_status_display[0m
[8.631s] [100%] Built target sys_status_display
[8.641s] Invoked command in '/home/cofallen/Code/ros2/cp3_topic/topic_practice_ws/build/status_display' returned '0': CMAKE_PREFIX_PATH=/home/cofallen/Code/ros2/cp3_topic/topic_practice_ws/install/status_interfaces:/home/cofallen/Code/ros2/cp3_topic/topic_practice_ws/install/status_display:/home/cofallen/Code/ros2/cp3_topic/topic_practice_ws/install/status_publisher:/opt/ros/humble /usr/bin/cmake --build /home/cofallen/Code/ros2/cp3_topic/topic_practice_ws/build/status_display -- -j12 -l12
[8.643s] Invoking command in '/home/cofallen/Code/ros2/cp3_topic/topic_practice_ws/build/status_display': CMAKE_PREFIX_PATH=/home/cofallen/Code/ros2/cp3_topic/topic_practice_ws/install/status_interfaces:/home/cofallen/Code/ros2/cp3_topic/topic_practice_ws/install/status_display:/home/cofallen/Code/ros2/cp3_topic/topic_practice_ws/install/status_publisher:/opt/ros/humble /usr/bin/cmake --install /home/cofallen/Code/ros2/cp3_topic/topic_practice_ws/build/status_display
[8.651s] -- Install configuration: ""
[8.651s] -- Up-to-date: /home/cofallen/Code/ros2/cp3_topic/topic_practice_ws/install/status_display/lib/status_display/hello_qt
[8.651s] -- Installing: /home/cofallen/Code/ros2/cp3_topic/topic_practice_ws/install/status_display/lib/status_display/sys_status_display
[8.654s] -- Set runtime path of "/home/cofallen/Code/ros2/cp3_topic/topic_practice_ws/install/status_display/lib/status_display/sys_status_display" to ""
[8.655s] -- Up-to-date: /home/cofallen/Code/ros2/cp3_topic/topic_practice_ws/install/status_display/share/ament_index/resource_index/package_run_dependencies/status_display
[8.655s] -- Installing: /home/cofallen/Code/ros2/cp3_topic/topic_practice_ws/install/status_display/share/ament_index/resource_index/parent_prefix_path/status_display
[8.655s] -- Up-to-date: /home/cofallen/Code/ros2/cp3_topic/topic_practice_ws/install/status_display/share/status_display/environment/ament_prefix_path.sh
[8.655s] -- Installing: /home/cofallen/Code/ros2/cp3_topic/topic_practice_ws/install/status_display/share/status_display/environment/ament_prefix_path.dsv
[8.655s] -- Up-to-date: /home/cofallen/Code/ros2/cp3_topic/topic_practice_ws/install/status_display/share/status_display/environment/path.sh
[8.655s] -- Installing: /home/cofallen/Code/ros2/cp3_topic/topic_practice_ws/install/status_display/share/status_display/environment/path.dsv
[8.656s] -- Up-to-date: /home/cofallen/Code/ros2/cp3_topic/topic_practice_ws/install/status_display/share/status_display/local_setup.bash
[8.656s] -- Up-to-date: /home/cofallen/Code/ros2/cp3_topic/topic_practice_ws/install/status_display/share/status_display/local_setup.sh
[8.656s] -- Up-to-date: /home/cofallen/Code/ros2/cp3_topic/topic_practice_ws/install/status_display/share/status_display/local_setup.zsh
[8.656s] -- Installing: /home/cofallen/Code/ros2/cp3_topic/topic_practice_ws/install/status_display/share/status_display/local_setup.dsv
[8.656s] -- Installing: /home/cofallen/Code/ros2/cp3_topic/topic_practice_ws/install/status_display/share/status_display/package.dsv
[8.656s] -- Up-to-date: /home/cofallen/Code/ros2/cp3_topic/topic_practice_ws/install/status_display/share/ament_index/resource_index/packages/status_display
[8.656s] -- Up-to-date: /home/cofallen/Code/ros2/cp3_topic/topic_practice_ws/install/status_display/share/status_display/cmake/status_displayConfig.cmake
[8.656s] -- Up-to-date: /home/cofallen/Code/ros2/cp3_topic/topic_practice_ws/install/status_display/share/status_display/cmake/status_displayConfig-version.cmake
[8.656s] -- Up-to-date: /home/cofallen/Code/ros2/cp3_topic/topic_practice_ws/install/status_display/share/status_display/package.xml
[8.658s] Invoked command in '/home/cofallen/Code/ros2/cp3_topic/topic_practice_ws/build/status_display' returned '0': CMAKE_PREFIX_PATH=/home/cofallen/Code/ros2/cp3_topic/topic_practice_ws/install/status_interfaces:/home/cofallen/Code/ros2/cp3_topic/topic_practice_ws/install/status_display:/home/cofallen/Code/ros2/cp3_topic/topic_practice_ws/install/status_publisher:/opt/ros/humble /usr/bin/cmake --install /home/cofallen/Code/ros2/cp3_topic/topic_practice_ws/build/status_display
