[0.139s] DEBUG:colcon:Command line arguments: ['/home/cofallen/.local/bin/colcon', 'build']
[0.139s] DEBUG:colcon:Parsed command line arguments: Namespace(log_base=None, log_level=None, verb_name='build', build_base='build', install_base='install', merge_install=False, symlink_install=False, test_result_base=None, continue_on_error=False, executor='parallel', parallel_workers=12, event_handlers=None, ignore_user_meta=False, metas=['./colcon.meta'], base_paths=['.'], packages_ignore=None, packages_ignore_regex=None, paths=None, packages_up_to=None, packages_up_to_regex=None, packages_above=None, packages_above_and_dependencies=None, packages_above_depth=None, packages_select_by_dep=None, packages_skip_by_dep=None, packages_skip_up_to=None, packages_select_build_failed=False, packages_skip_build_finished=False, packages_select_test_failures=False, packages_skip_test_passed=False, packages_select=None, packages_skip=None, packages_select_regex=None, packages_skip_regex=None, packages_start=None, packages_end=None, cmake_args=None, cmake_target=None, cmake_target_skip_unavailable=False, cmake_clean_cache=False, cmake_clean_first=False, cmake_force_configure=False, ament_cmake_args=None, catkin_cmake_args=None, catkin_skip_building_tests=False, verb_parser=<colcon_defaults.argument_parser.defaults.DefaultArgumentsDecorator object at 0x727362c07be0>, verb_extension=<colcon_core.verb.build.BuildVerb object at 0x727362d4d030>, main=<bound method BuildVerb.main of <colcon_core.verb.build.BuildVerb object at 0x727362d4d030>>)
[0.283s] Level 1:colcon.colcon_core.package_discovery:discover_packages(colcon_meta) check parameters
[0.283s] Level 1:colcon.colcon_core.package_discovery:discover_packages(recursive) check parameters
[0.283s] Level 1:colcon.colcon_core.package_discovery:discover_packages(ignore) check parameters
[0.283s] Level 1:colcon.colcon_core.package_discovery:discover_packages(path) check parameters
[0.283s] Level 1:colcon.colcon_core.package_discovery:discover_packages(colcon_meta) discover
[0.283s] Level 1:colcon.colcon_core.package_discovery:discover_packages(recursive) discover
[0.283s] INFO:colcon.colcon_core.package_discovery:Crawling recursively for packages in '/home/cofallen/Code/ros2/cp3_topic/topic_ws'
[0.283s] Level 1:colcon.colcon_core.package_identification:_identify(.) by extensions ['ignore', 'ignore_ament_install']
[0.283s] Level 1:colcon.colcon_core.package_identification:_identify(.) by extension 'ignore'
[0.283s] Level 1:colcon.colcon_core.package_identification:_identify(.) by extension 'ignore_ament_install'
[0.283s] Level 1:colcon.colcon_core.package_identification:_identify(.) by extensions ['colcon_pkg']
[0.283s] Level 1:colcon.colcon_core.package_identification:_identify(.) by extension 'colcon_pkg'
[0.283s] Level 1:colcon.colcon_core.package_identification:_identify(.) by extensions ['colcon_meta']
[0.283s] Level 1:colcon.colcon_core.package_identification:_identify(.) by extension 'colcon_meta'
[0.283s] Level 1:colcon.colcon_core.package_identification:_identify(.) by extensions ['ros']
[0.283s] Level 1:colcon.colcon_core.package_identification:_identify(.) by extension 'ros'
[0.290s] Level 1:colcon.colcon_core.package_identification:_identify(.) by extensions ['cmake', 'python']
[0.291s] Level 1:colcon.colcon_core.package_identification:_identify(.) by extension 'cmake'
[0.291s] Level 1:colcon.colcon_core.package_identification:_identify(.) by extension 'python'
[0.291s] Level 1:colcon.colcon_core.package_identification:_identify(.) by extensions ['python_setup_py']
[0.291s] Level 1:colcon.colcon_core.package_identification:_identify(.) by extension 'python_setup_py'
[0.291s] Level 1:colcon.colcon_core.package_identification:_identify(build) by extensions ['ignore', 'ignore_ament_install']
[0.291s] Level 1:colcon.colcon_core.package_identification:_identify(build) by extension 'ignore'
[0.291s] Level 1:colcon.colcon_core.package_identification:_identify(build) ignored
[0.291s] Level 1:colcon.colcon_core.package_identification:_identify(install) by extensions ['ignore', 'ignore_ament_install']
[0.291s] Level 1:colcon.colcon_core.package_identification:_identify(install) by extension 'ignore'
[0.291s] Level 1:colcon.colcon_core.package_identification:_identify(install) ignored
[0.291s] Level 1:colcon.colcon_core.package_identification:_identify(log) by extensions ['ignore', 'ignore_ament_install']
[0.291s] Level 1:colcon.colcon_core.package_identification:_identify(log) by extension 'ignore'
[0.291s] Level 1:colcon.colcon_core.package_identification:_identify(log) ignored
[0.291s] Level 1:colcon.colcon_core.package_identification:_identify(src) by extensions ['ignore', 'ignore_ament_install']
[0.291s] Level 1:colcon.colcon_core.package_identification:_identify(src) by extension 'ignore'
[0.291s] Level 1:colcon.colcon_core.package_identification:_identify(src) by extension 'ignore_ament_install'
[0.291s] Level 1:colcon.colcon_core.package_identification:_identify(src) by extensions ['colcon_pkg']
[0.292s] Level 1:colcon.colcon_core.package_identification:_identify(src) by extension 'colcon_pkg'
[0.292s] Level 1:colcon.colcon_core.package_identification:_identify(src) by extensions ['colcon_meta']
[0.292s] Level 1:colcon.colcon_core.package_identification:_identify(src) by extension 'colcon_meta'
[0.292s] Level 1:colcon.colcon_core.package_identification:_identify(src) by extensions ['ros']
[0.292s] Level 1:colcon.colcon_core.package_identification:_identify(src) by extension 'ros'
[0.292s] Level 1:colcon.colcon_core.package_identification:_identify(src) by extensions ['cmake', 'python']
[0.292s] Level 1:colcon.colcon_core.package_identification:_identify(src) by extension 'cmake'
[0.292s] Level 1:colcon.colcon_core.package_identification:_identify(src) by extension 'python'
[0.292s] Level 1:colcon.colcon_core.package_identification:_identify(src) by extensions ['python_setup_py']
[0.292s] Level 1:colcon.colcon_core.package_identification:_identify(src) by extension 'python_setup_py'
[0.292s] Level 1:colcon.colcon_core.package_identification:_identify(src/demo_cpp_topic) by extensions ['ignore', 'ignore_ament_install']
[0.292s] Level 1:colcon.colcon_core.package_identification:_identify(src/demo_cpp_topic) by extension 'ignore'
[0.292s] Level 1:colcon.colcon_core.package_identification:_identify(src/demo_cpp_topic) by extension 'ignore_ament_install'
[0.292s] Level 1:colcon.colcon_core.package_identification:_identify(src/demo_cpp_topic) by extensions ['colcon_pkg']
[0.292s] Level 1:colcon.colcon_core.package_identification:_identify(src/demo_cpp_topic) by extension 'colcon_pkg'
[0.292s] Level 1:colcon.colcon_core.package_identification:_identify(src/demo_cpp_topic) by extensions ['colcon_meta']
[0.292s] Level 1:colcon.colcon_core.package_identification:_identify(src/demo_cpp_topic) by extension 'colcon_meta'
[0.292s] Level 1:colcon.colcon_core.package_identification:_identify(src/demo_cpp_topic) by extensions ['ros']
[0.292s] Level 1:colcon.colcon_core.package_identification:_identify(src/demo_cpp_topic) by extension 'ros'
[0.294s] DEBUG:colcon.colcon_core.package_identification:Package 'src/demo_cpp_topic' with type 'ros.ament_cmake' and name 'demo_cpp_topic'
[0.294s] Level 1:colcon.colcon_core.package_identification:_identify(src/demo_python_topic) by extensions ['ignore', 'ignore_ament_install']
[0.294s] Level 1:colcon.colcon_core.package_identification:_identify(src/demo_python_topic) by extension 'ignore'
[0.294s] Level 1:colcon.colcon_core.package_identification:_identify(src/demo_python_topic) by extension 'ignore_ament_install'
[0.294s] Level 1:colcon.colcon_core.package_identification:_identify(src/demo_python_topic) by extensions ['colcon_pkg']
[0.294s] Level 1:colcon.colcon_core.package_identification:_identify(src/demo_python_topic) by extension 'colcon_pkg'
[0.294s] Level 1:colcon.colcon_core.package_identification:_identify(src/demo_python_topic) by extensions ['colcon_meta']
[0.294s] Level 1:colcon.colcon_core.package_identification:_identify(src/demo_python_topic) by extension 'colcon_meta'
[0.294s] Level 1:colcon.colcon_core.package_identification:_identify(src/demo_python_topic) by extensions ['ros']
[0.294s] Level 1:colcon.colcon_core.package_identification:_identify(src/demo_python_topic) by extension 'ros'
[0.295s] DEBUG:colcon.colcon_core.package_identification:Package 'src/demo_python_topic' with type 'ros.ament_python' and name 'demo_python_topic'
[0.295s] Level 1:colcon.colcon_core.package_discovery:discover_packages(recursive) using defaults
[0.295s] Level 1:colcon.colcon_core.package_discovery:discover_packages(ignore) discover
[0.295s] Level 1:colcon.colcon_core.package_discovery:discover_packages(ignore) using defaults
[0.295s] Level 1:colcon.colcon_core.package_discovery:discover_packages(path) discover
[0.295s] Level 1:colcon.colcon_core.package_discovery:discover_packages(path) using defaults
[0.309s] Level 5:colcon.colcon_core.verb:set package 'demo_cpp_topic' build argument 'cmake_args' from command line to 'None'
[0.309s] Level 5:colcon.colcon_core.verb:set package 'demo_cpp_topic' build argument 'cmake_target' from command line to 'None'
[0.309s] Level 5:colcon.colcon_core.verb:set package 'demo_cpp_topic' build argument 'cmake_target_skip_unavailable' from command line to 'False'
[0.309s] Level 5:colcon.colcon_core.verb:set package 'demo_cpp_topic' build argument 'cmake_clean_cache' from command line to 'False'
[0.309s] Level 5:colcon.colcon_core.verb:set package 'demo_cpp_topic' build argument 'cmake_clean_first' from command line to 'False'
[0.309s] Level 5:colcon.colcon_core.verb:set package 'demo_cpp_topic' build argument 'cmake_force_configure' from command line to 'False'
[0.309s] Level 5:colcon.colcon_core.verb:set package 'demo_cpp_topic' build argument 'ament_cmake_args' from command line to 'None'
[0.309s] Level 5:colcon.colcon_core.verb:set package 'demo_cpp_topic' build argument 'catkin_cmake_args' from command line to 'None'
[0.309s] Level 5:colcon.colcon_core.verb:set package 'demo_cpp_topic' build argument 'catkin_skip_building_tests' from command line to 'False'
[0.309s] DEBUG:colcon.colcon_core.verb:Building package 'demo_cpp_topic' with the following arguments: {'ament_cmake_args': None, 'build_base': '/home/cofallen/Code/ros2/cp3_topic/topic_ws/build/demo_cpp_topic', 'catkin_cmake_args': None, 'catkin_skip_building_tests': False, 'cmake_args': None, 'cmake_clean_cache': False, 'cmake_clean_first': False, 'cmake_force_configure': False, 'cmake_target': None, 'cmake_target_skip_unavailable': False, 'install_base': '/home/cofallen/Code/ros2/cp3_topic/topic_ws/install/demo_cpp_topic', 'merge_install': False, 'path': '/home/cofallen/Code/ros2/cp3_topic/topic_ws/src/demo_cpp_topic', 'symlink_install': False, 'test_result_base': None}
[0.310s] Level 5:colcon.colcon_core.verb:set package 'demo_python_topic' build argument 'cmake_args' from command line to 'None'
[0.310s] Level 5:colcon.colcon_core.verb:set package 'demo_python_topic' build argument 'cmake_target' from command line to 'None'
[0.310s] Level 5:colcon.colcon_core.verb:set package 'demo_python_topic' build argument 'cmake_target_skip_unavailable' from command line to 'False'
[0.310s] Level 5:colcon.colcon_core.verb:set package 'demo_python_topic' build argument 'cmake_clean_cache' from command line to 'False'
[0.310s] Level 5:colcon.colcon_core.verb:set package 'demo_python_topic' build argument 'cmake_clean_first' from command line to 'False'
[0.310s] Level 5:colcon.colcon_core.verb:set package 'demo_python_topic' build argument 'cmake_force_configure' from command line to 'False'
[0.310s] Level 5:colcon.colcon_core.verb:set package 'demo_python_topic' build argument 'ament_cmake_args' from command line to 'None'
[0.310s] Level 5:colcon.colcon_core.verb:set package 'demo_python_topic' build argument 'catkin_cmake_args' from command line to 'None'
[0.310s] Level 5:colcon.colcon_core.verb:set package 'demo_python_topic' build argument 'catkin_skip_building_tests' from command line to 'False'
[0.310s] DEBUG:colcon.colcon_core.verb:Building package 'demo_python_topic' with the following arguments: {'ament_cmake_args': None, 'build_base': '/home/cofallen/Code/ros2/cp3_topic/topic_ws/build/demo_python_topic', 'catkin_cmake_args': None, 'catkin_skip_building_tests': False, 'cmake_args': None, 'cmake_clean_cache': False, 'cmake_clean_first': False, 'cmake_force_configure': False, 'cmake_target': None, 'cmake_target_skip_unavailable': False, 'install_base': '/home/cofallen/Code/ros2/cp3_topic/topic_ws/install/demo_python_topic', 'merge_install': False, 'path': '/home/cofallen/Code/ros2/cp3_topic/topic_ws/src/demo_python_topic', 'symlink_install': False, 'test_result_base': None}
[0.310s] INFO:colcon.colcon_core.executor:Executing jobs using 'parallel' executor
[0.311s] DEBUG:colcon.colcon_parallel_executor.executor.parallel:run_until_complete
[0.311s] INFO:colcon.colcon_ros.task.ament_cmake.build:Building ROS package in '/home/cofallen/Code/ros2/cp3_topic/topic_ws/src/demo_cpp_topic' with build type 'ament_cmake'
[0.311s] INFO:colcon.colcon_cmake.task.cmake.build:Building CMake package in '/home/cofallen/Code/ros2/cp3_topic/topic_ws/src/demo_cpp_topic'
[0.313s] INFO:colcon.colcon_core.plugin_system:Skipping extension 'colcon_core.shell.bat': Not used on non-Windows systems
[0.313s] INFO:colcon.colcon_core.shell:Skip shell extension 'powershell' for command environment: Not usable outside of PowerShell
[0.313s] DEBUG:colcon.colcon_core.shell:Skip shell extension 'dsv' for command environment
[0.316s] INFO:colcon.colcon_ros.task.ament_python.build:Building ROS package in '/home/cofallen/Code/ros2/cp3_topic/topic_ws/src/demo_python_topic' with build type 'ament_python'
[0.316s] Level 1:colcon.colcon_core.shell:create_environment_hook('demo_python_topic', 'ament_prefix_path')
[0.317s] INFO:colcon.colcon_core.shell:Creating environment hook '/home/cofallen/Code/ros2/cp3_topic/topic_ws/install/demo_python_topic/share/demo_python_topic/hook/ament_prefix_path.ps1'
[0.317s] INFO:colcon.colcon_core.shell:Creating environment descriptor '/home/cofallen/Code/ros2/cp3_topic/topic_ws/install/demo_python_topic/share/demo_python_topic/hook/ament_prefix_path.dsv'
[0.317s] INFO:colcon.colcon_core.shell:Creating environment hook '/home/cofallen/Code/ros2/cp3_topic/topic_ws/install/demo_python_topic/share/demo_python_topic/hook/ament_prefix_path.sh'
[0.318s] INFO:colcon.colcon_core.shell:Skip shell extension 'powershell' for command environment: Not usable outside of PowerShell
[0.318s] DEBUG:colcon.colcon_core.shell:Skip shell extension 'dsv' for command environment
[0.324s] DEBUG:colcon.colcon_core.event_handler.log_command:Invoking command in '/home/cofallen/Code/ros2/cp3_topic/topic_ws/build/demo_cpp_topic': CMAKE_PREFIX_PATH=${CMAKE_PREFIX_PATH}:/home/cofallen/Code/ros2/cp3_topic/topic_ws/install/demo_python_topic:/opt/ros/humble /usr/bin/cmake --build /home/cofallen/Code/ros2/cp3_topic/topic_ws/build/demo_cpp_topic -- -j12 -l12
[0.511s] INFO:colcon.colcon_core.task.python.build:Building Python package in '/home/cofallen/Code/ros2/cp3_topic/topic_ws/src/demo_python_topic'
[0.511s] INFO:colcon.colcon_core.shell:Skip shell extension 'powershell' for command environment: Not usable outside of PowerShell
[0.511s] DEBUG:colcon.colcon_core.shell:Skip shell extension 'dsv' for command environment
[0.799s] DEBUG:colcon.colcon_core.event_handler.log_command:Invoking command in '/home/cofallen/Code/ros2/cp3_topic/topic_ws/src/demo_python_topic': PYTHONPATH=/home/cofallen/Code/ros2/cp3_topic/topic_ws/build/demo_python_topic/prefix_override:/home/cofallen/.local/lib/python3.10/site-packages/colcon_core/task/python/colcon_distutils_commands:/home/cofallen/Code/ros2/cp3_topic/topic_ws/install/demo_python_topic/lib/python3.10/site-packages:${PYTHONPATH} /usr/bin/python3 -W ignore:setup.py install is deprecated -W ignore:easy_install command is deprecated setup.py egg_info --egg-base ../../build/demo_python_topic build --build-base /home/cofallen/Code/ros2/cp3_topic/topic_ws/build/demo_python_topic/build install --record /home/cofallen/Code/ros2/cp3_topic/topic_ws/build/demo_python_topic/install.log --single-version-externally-managed install_data
[1.019s] DEBUG:colcon.colcon_core.event_handler.log_command:Invoked command in '/home/cofallen/Code/ros2/cp3_topic/topic_ws/src/demo_python_topic' returned '0': PYTHONPATH=/home/cofallen/Code/ros2/cp3_topic/topic_ws/build/demo_python_topic/prefix_override:/home/cofallen/.local/lib/python3.10/site-packages/colcon_core/task/python/colcon_distutils_commands:/home/cofallen/Code/ros2/cp3_topic/topic_ws/install/demo_python_topic/lib/python3.10/site-packages:${PYTHONPATH} /usr/bin/python3 -W ignore:setup.py install is deprecated -W ignore:easy_install command is deprecated setup.py egg_info --egg-base ../../build/demo_python_topic build --build-base /home/cofallen/Code/ros2/cp3_topic/topic_ws/build/demo_python_topic/build install --record /home/cofallen/Code/ros2/cp3_topic/topic_ws/build/demo_python_topic/install.log --single-version-externally-managed install_data
[1.021s] Level 1:colcon.colcon_core.environment:checking '/home/cofallen/Code/ros2/cp3_topic/topic_ws/install/demo_python_topic' for CMake module files
[1.021s] Level 1:colcon.colcon_core.environment:checking '/home/cofallen/Code/ros2/cp3_topic/topic_ws/install/demo_python_topic' for CMake config files
[1.021s] Level 1:colcon.colcon_core.environment:checking '/home/cofallen/Code/ros2/cp3_topic/topic_ws/install/demo_python_topic/lib'
[1.021s] Level 1:colcon.colcon_core.environment:checking '/home/cofallen/Code/ros2/cp3_topic/topic_ws/install/demo_python_topic/bin'
[1.022s] Level 1:colcon.colcon_core.environment:checking '/home/cofallen/Code/ros2/cp3_topic/topic_ws/install/demo_python_topic/lib/pkgconfig/demo_python_topic.pc'
[1.022s] Level 1:colcon.colcon_core.environment:checking '/home/cofallen/Code/ros2/cp3_topic/topic_ws/install/demo_python_topic/lib/python3.10/site-packages'
[1.022s] Level 1:colcon.colcon_core.shell:create_environment_hook('demo_python_topic', 'pythonpath')
[1.022s] INFO:colcon.colcon_core.shell:Creating environment hook '/home/cofallen/Code/ros2/cp3_topic/topic_ws/install/demo_python_topic/share/demo_python_topic/hook/pythonpath.ps1'
[1.022s] INFO:colcon.colcon_core.shell:Creating environment descriptor '/home/cofallen/Code/ros2/cp3_topic/topic_ws/install/demo_python_topic/share/demo_python_topic/hook/pythonpath.dsv'
[1.022s] INFO:colcon.colcon_core.shell:Creating environment hook '/home/cofallen/Code/ros2/cp3_topic/topic_ws/install/demo_python_topic/share/demo_python_topic/hook/pythonpath.sh'
[1.023s] Level 1:colcon.colcon_core.environment:checking '/home/cofallen/Code/ros2/cp3_topic/topic_ws/install/demo_python_topic/bin'
[1.023s] Level 1:colcon.colcon_core.environment:create_environment_scripts_only(demo_python_topic)
[1.023s] INFO:colcon.colcon_core.shell:Creating package script '/home/cofallen/Code/ros2/cp3_topic/topic_ws/install/demo_python_topic/share/demo_python_topic/package.ps1'
[1.024s] INFO:colcon.colcon_core.shell:Creating package descriptor '/home/cofallen/Code/ros2/cp3_topic/topic_ws/install/demo_python_topic/share/demo_python_topic/package.dsv'
[1.024s] INFO:colcon.colcon_core.shell:Creating package script '/home/cofallen/Code/ros2/cp3_topic/topic_ws/install/demo_python_topic/share/demo_python_topic/package.sh'
[1.024s] INFO:colcon.colcon_core.shell:Creating package script '/home/cofallen/Code/ros2/cp3_topic/topic_ws/install/demo_python_topic/share/demo_python_topic/package.bash'
[1.025s] INFO:colcon.colcon_core.shell:Creating package script '/home/cofallen/Code/ros2/cp3_topic/topic_ws/install/demo_python_topic/share/demo_python_topic/package.zsh'
[1.025s] Level 1:colcon.colcon_core.environment:create_file_with_runtime_dependencies(/home/cofallen/Code/ros2/cp3_topic/topic_ws/install/demo_python_topic/share/colcon-core/packages/demo_python_topic)
[7.083s] DEBUG:colcon.colcon_core.event_handler.log_command:Invoked command in '/home/cofallen/Code/ros2/cp3_topic/topic_ws/build/demo_cpp_topic' returned '0': CMAKE_PREFIX_PATH=${CMAKE_PREFIX_PATH}:/home/cofallen/Code/ros2/cp3_topic/topic_ws/install/demo_python_topic:/opt/ros/humble /usr/bin/cmake --build /home/cofallen/Code/ros2/cp3_topic/topic_ws/build/demo_cpp_topic -- -j12 -l12
[7.093s] DEBUG:colcon.colcon_core.event_handler.log_command:Invoking command in '/home/cofallen/Code/ros2/cp3_topic/topic_ws/build/demo_cpp_topic': CMAKE_PREFIX_PATH=${CMAKE_PREFIX_PATH}:/home/cofallen/Code/ros2/cp3_topic/topic_ws/install/demo_python_topic:/opt/ros/humble /usr/bin/cmake --install /home/cofallen/Code/ros2/cp3_topic/topic_ws/build/demo_cpp_topic
[7.107s] Level 1:colcon.colcon_core.environment:create_environment_scripts_only(demo_cpp_topic)
[7.107s] Level 1:colcon.colcon_core.environment:checking '/home/cofallen/Code/ros2/cp3_topic/topic_ws/install/demo_cpp_topic' for CMake module files
[7.107s] DEBUG:colcon.colcon_core.event_handler.log_command:Invoked command in '/home/cofallen/Code/ros2/cp3_topic/topic_ws/build/demo_cpp_topic' returned '0': CMAKE_PREFIX_PATH=${CMAKE_PREFIX_PATH}:/home/cofallen/Code/ros2/cp3_topic/topic_ws/install/demo_python_topic:/opt/ros/humble /usr/bin/cmake --install /home/cofallen/Code/ros2/cp3_topic/topic_ws/build/demo_cpp_topic
[7.108s] Level 1:colcon.colcon_core.environment:checking '/home/cofallen/Code/ros2/cp3_topic/topic_ws/install/demo_cpp_topic' for CMake config files
[7.108s] Level 1:colcon.colcon_core.shell:create_environment_hook('demo_cpp_topic', 'cmake_prefix_path')
[7.108s] INFO:colcon.colcon_core.shell:Creating environment hook '/home/cofallen/Code/ros2/cp3_topic/topic_ws/install/demo_cpp_topic/share/demo_cpp_topic/hook/cmake_prefix_path.ps1'
[7.108s] INFO:colcon.colcon_core.shell:Creating environment descriptor '/home/cofallen/Code/ros2/cp3_topic/topic_ws/install/demo_cpp_topic/share/demo_cpp_topic/hook/cmake_prefix_path.dsv'
[7.109s] INFO:colcon.colcon_core.shell:Creating environment hook '/home/cofallen/Code/ros2/cp3_topic/topic_ws/install/demo_cpp_topic/share/demo_cpp_topic/hook/cmake_prefix_path.sh'
[7.109s] Level 1:colcon.colcon_core.environment:checking '/home/cofallen/Code/ros2/cp3_topic/topic_ws/install/demo_cpp_topic/lib'
[7.109s] Level 1:colcon.colcon_core.environment:checking '/home/cofallen/Code/ros2/cp3_topic/topic_ws/install/demo_cpp_topic/bin'
[7.109s] Level 1:colcon.colcon_core.environment:checking '/home/cofallen/Code/ros2/cp3_topic/topic_ws/install/demo_cpp_topic/lib/pkgconfig/demo_cpp_topic.pc'
[7.109s] Level 1:colcon.colcon_core.environment:checking '/home/cofallen/Code/ros2/cp3_topic/topic_ws/install/demo_cpp_topic/lib/python3.10/site-packages'
[7.109s] Level 1:colcon.colcon_core.environment:checking '/home/cofallen/Code/ros2/cp3_topic/topic_ws/install/demo_cpp_topic/bin'
[7.110s] INFO:colcon.colcon_core.shell:Creating package script '/home/cofallen/Code/ros2/cp3_topic/topic_ws/install/demo_cpp_topic/share/demo_cpp_topic/package.ps1'
[7.110s] INFO:colcon.colcon_core.shell:Creating package descriptor '/home/cofallen/Code/ros2/cp3_topic/topic_ws/install/demo_cpp_topic/share/demo_cpp_topic/package.dsv'
[7.110s] INFO:colcon.colcon_core.shell:Creating package script '/home/cofallen/Code/ros2/cp3_topic/topic_ws/install/demo_cpp_topic/share/demo_cpp_topic/package.sh'
[7.110s] INFO:colcon.colcon_core.shell:Creating package script '/home/cofallen/Code/ros2/cp3_topic/topic_ws/install/demo_cpp_topic/share/demo_cpp_topic/package.bash'
[7.111s] INFO:colcon.colcon_core.shell:Creating package script '/home/cofallen/Code/ros2/cp3_topic/topic_ws/install/demo_cpp_topic/share/demo_cpp_topic/package.zsh'
[7.111s] Level 1:colcon.colcon_core.environment:create_file_with_runtime_dependencies(/home/cofallen/Code/ros2/cp3_topic/topic_ws/install/demo_cpp_topic/share/colcon-core/packages/demo_cpp_topic)
[7.111s] Level 1:colcon.colcon_core.environment:create_environment_scripts_only(demo_cpp_topic)
[7.112s] Level 1:colcon.colcon_core.environment:checking '/home/cofallen/Code/ros2/cp3_topic/topic_ws/install/demo_cpp_topic' for CMake module files
[7.112s] Level 1:colcon.colcon_core.environment:checking '/home/cofallen/Code/ros2/cp3_topic/topic_ws/install/demo_cpp_topic' for CMake config files
[7.112s] Level 1:colcon.colcon_core.shell:create_environment_hook('demo_cpp_topic', 'cmake_prefix_path')
[7.112s] INFO:colcon.colcon_core.shell:Creating environment hook '/home/cofallen/Code/ros2/cp3_topic/topic_ws/install/demo_cpp_topic/share/demo_cpp_topic/hook/cmake_prefix_path.ps1'
[7.112s] INFO:colcon.colcon_core.shell:Creating environment descriptor '/home/cofallen/Code/ros2/cp3_topic/topic_ws/install/demo_cpp_topic/share/demo_cpp_topic/hook/cmake_prefix_path.dsv'
[7.113s] INFO:colcon.colcon_core.shell:Creating environment hook '/home/cofallen/Code/ros2/cp3_topic/topic_ws/install/demo_cpp_topic/share/demo_cpp_topic/hook/cmake_prefix_path.sh'
[7.113s] Level 1:colcon.colcon_core.environment:checking '/home/cofallen/Code/ros2/cp3_topic/topic_ws/install/demo_cpp_topic/lib'
[7.113s] Level 1:colcon.colcon_core.environment:checking '/home/cofallen/Code/ros2/cp3_topic/topic_ws/install/demo_cpp_topic/bin'
[7.113s] Level 1:colcon.colcon_core.environment:checking '/home/cofallen/Code/ros2/cp3_topic/topic_ws/install/demo_cpp_topic/lib/pkgconfig/demo_cpp_topic.pc'
[7.113s] Level 1:colcon.colcon_core.environment:checking '/home/cofallen/Code/ros2/cp3_topic/topic_ws/install/demo_cpp_topic/lib/python3.10/site-packages'
[7.114s] Level 1:colcon.colcon_core.environment:checking '/home/cofallen/Code/ros2/cp3_topic/topic_ws/install/demo_cpp_topic/bin'
[7.114s] INFO:colcon.colcon_core.shell:Creating package script '/home/cofallen/Code/ros2/cp3_topic/topic_ws/install/demo_cpp_topic/share/demo_cpp_topic/package.ps1'
[7.114s] INFO:colcon.colcon_core.shell:Creating package descriptor '/home/cofallen/Code/ros2/cp3_topic/topic_ws/install/demo_cpp_topic/share/demo_cpp_topic/package.dsv'
[7.114s] INFO:colcon.colcon_core.shell:Creating package script '/home/cofallen/Code/ros2/cp3_topic/topic_ws/install/demo_cpp_topic/share/demo_cpp_topic/package.sh'
[7.115s] INFO:colcon.colcon_core.shell:Creating package script '/home/cofallen/Code/ros2/cp3_topic/topic_ws/install/demo_cpp_topic/share/demo_cpp_topic/package.bash'
[7.115s] INFO:colcon.colcon_core.shell:Creating package script '/home/cofallen/Code/ros2/cp3_topic/topic_ws/install/demo_cpp_topic/share/demo_cpp_topic/package.zsh'
[7.115s] Level 1:colcon.colcon_core.environment:create_file_with_runtime_dependencies(/home/cofallen/Code/ros2/cp3_topic/topic_ws/install/demo_cpp_topic/share/colcon-core/packages/demo_cpp_topic)
[7.115s] DEBUG:colcon.colcon_parallel_executor.executor.parallel:closing loop
[7.116s] DEBUG:colcon.colcon_parallel_executor.executor.parallel:loop closed
[7.116s] DEBUG:colcon.colcon_parallel_executor.executor.parallel:run_until_complete finished with '0'
[7.116s] DEBUG:colcon.colcon_core.event_reactor:joining thread
[7.120s] INFO:colcon.colcon_core.plugin_system:Skipping extension 'colcon_notification.desktop_notification.terminal_notifier': Not used on non-Darwin systems
[7.120s] INFO:colcon.colcon_core.plugin_system:Skipping extension 'colcon_notification.desktop_notification.win32': Not used on non-Windows systems
[7.120s] INFO:colcon.colcon_notification.desktop_notification:Sending desktop notification using 'notify2'
[7.128s] DEBUG:colcon.colcon_core.event_reactor:joined thread
[7.128s] INFO:colcon.colcon_core.shell:Creating prefix script '/home/cofallen/Code/ros2/cp3_topic/topic_ws/install/local_setup.ps1'
[7.129s] INFO:colcon.colcon_core.shell:Creating prefix util module '/home/cofallen/Code/ros2/cp3_topic/topic_ws/install/_local_setup_util_ps1.py'
[7.130s] INFO:colcon.colcon_core.shell:Creating prefix chain script '/home/cofallen/Code/ros2/cp3_topic/topic_ws/install/setup.ps1'
[7.131s] INFO:colcon.colcon_core.shell:Creating prefix script '/home/cofallen/Code/ros2/cp3_topic/topic_ws/install/local_setup.sh'
[7.132s] INFO:colcon.colcon_core.shell:Creating prefix util module '/home/cofallen/Code/ros2/cp3_topic/topic_ws/install/_local_setup_util_sh.py'
[7.132s] INFO:colcon.colcon_core.shell:Creating prefix chain script '/home/cofallen/Code/ros2/cp3_topic/topic_ws/install/setup.sh'
[7.133s] INFO:colcon.colcon_core.shell:Creating prefix script '/home/cofallen/Code/ros2/cp3_topic/topic_ws/install/local_setup.bash'
[7.133s] INFO:colcon.colcon_core.shell:Creating prefix chain script '/home/cofallen/Code/ros2/cp3_topic/topic_ws/install/setup.bash'
[7.134s] INFO:colcon.colcon_core.shell:Creating prefix script '/home/cofallen/Code/ros2/cp3_topic/topic_ws/install/local_setup.zsh'
[7.135s] INFO:colcon.colcon_core.shell:Creating prefix chain script '/home/cofallen/Code/ros2/cp3_topic/topic_ws/install/setup.zsh'
