[0.008s] Invoking command in '/home/cofallen/Code/ros2/cp3_topic/topic_practice_ws/build/status_display': CMAKE_PREFIX_PATH=${CMAKE_PREFIX_PATH}:/home/cofallen/Code/ros2/cp3_topic/topic_practice_ws/install/status_publisher:/opt/ros/humble /usr/bin/cmake /home/cofallen/Code/ros2/cp3_topic/topic_practice_ws/src/status_display -DCMAKE_INSTALL_PREFIX=/home/cofallen/Code/ros2/cp3_topic/topic_practice_ws/install/status_display
[0.018s] -- Found ament_cmake: 1.3.11 (/opt/ros/humble/share/ament_cmake/cmake)
[0.117s] -- Found rclcpp: 16.0.12 (/opt/ros/humble/share/rclcpp/cmake)
[0.138s] -- Found rosidl_generator_c: 3.1.6 (/opt/ros/humble/share/rosidl_generator_c/cmake)
[0.139s] -- Found rosidl_adapter: 3.1.6 (/opt/ros/humble/share/rosidl_adapter/cmake)
[0.144s] -- Found rosidl_generator_cpp: 3.1.6 (/opt/ros/humble/share/rosidl_generator_cpp/cmake)
[0.150s] -- Using all available rosidl_typesupport_c: rosidl_typesupport_fastrtps_c;rosidl_typesupport_introspection_c
[0.159s] -- Using all available rosidl_typesupport_cpp: rosidl_typesupport_fastrtps_cpp;rosidl_typesupport_introspection_cpp
[0.180s] -- Found rmw_implementation_cmake: 6.1.2 (/opt/ros/humble/share/rmw_implementation_cmake/cmake)
[0.181s] -- Found rmw_fastrtps_cpp: 6.2.7 (/opt/ros/humble/share/rmw_fastrtps_cpp/cmake)
[0.268s] -- Using RMW implementation 'rmw_fastrtps_cpp' as default
[0.300s] -- Found status_interfaces: 0.0.0 (/home/cofallen/Code/ros2/cp3_topic/topic_practice_ws/install/status_interfaces/share/status_interfaces/cmake)
[0.313s] -- Found ament_lint_auto: 0.12.12 (/opt/ros/humble/share/ament_lint_auto/cmake)
[0.363s] -- Added test 'cppcheck' to perform static code analysis on C / C++ code
[0.363s] -- Configured cppcheck include dirs: 
[0.363s] -- Configured cppcheck exclude dirs and/or files: 
[0.364s] -- Added test 'lint_cmake' to check CMake code style
[0.364s] -- Added test 'uncrustify' to check C / C++ code style
[0.364s] -- Configured uncrustify additional arguments: 
[0.365s] -- Added test 'xmllint' to check XML markup files
[0.365s] -- Configuring done
[0.373s] -- Generating done
[0.376s] -- Build files have been written to: /home/cofallen/Code/ros2/cp3_topic/topic_practice_ws/build/status_display
[0.383s] Invoked command in '/home/cofallen/Code/ros2/cp3_topic/topic_practice_ws/build/status_display' returned '0': CMAKE_PREFIX_PATH=${CMAKE_PREFIX_PATH}:/home/cofallen/Code/ros2/cp3_topic/topic_practice_ws/install/status_publisher:/opt/ros/humble /usr/bin/cmake /home/cofallen/Code/ros2/cp3_topic/topic_practice_ws/src/status_display -DCMAKE_INSTALL_PREFIX=/home/cofallen/Code/ros2/cp3_topic/topic_practice_ws/install/status_display
[0.384s] Invoking command in '/home/cofallen/Code/ros2/cp3_topic/topic_practice_ws/build/status_display': CMAKE_PREFIX_PATH=${CMAKE_PREFIX_PATH}:/home/cofallen/Code/ros2/cp3_topic/topic_practice_ws/install/status_publisher:/opt/ros/humble /usr/bin/cmake --build /home/cofallen/Code/ros2/cp3_topic/topic_practice_ws/build/status_display -- -j12 -l12
[0.430s] [ 50%] [32mBuilding CXX object CMakeFiles/hello_qt.dir/src/hello_qt.cpp.o[0m
[1.183s] [100%] [32m[1mLinking CXX executable hello_qt[0m
[1.451s] [100%] Built target hello_qt
[1.461s] Invoked command in '/home/cofallen/Code/ros2/cp3_topic/topic_practice_ws/build/status_display' returned '0': CMAKE_PREFIX_PATH=${CMAKE_PREFIX_PATH}:/home/cofallen/Code/ros2/cp3_topic/topic_practice_ws/install/status_publisher:/opt/ros/humble /usr/bin/cmake --build /home/cofallen/Code/ros2/cp3_topic/topic_practice_ws/build/status_display -- -j12 -l12
[1.463s] Invoking command in '/home/cofallen/Code/ros2/cp3_topic/topic_practice_ws/build/status_display': CMAKE_PREFIX_PATH=${CMAKE_PREFIX_PATH}:/home/cofallen/Code/ros2/cp3_topic/topic_practice_ws/install/status_publisher:/opt/ros/humble /usr/bin/cmake --install /home/cofallen/Code/ros2/cp3_topic/topic_practice_ws/build/status_display
[1.470s] -- Install configuration: ""
[1.470s] -- Installing: /home/cofallen/Code/ros2/cp3_topic/topic_practice_ws/install/status_display/lib/status_display/hello_qt
[1.470s] -- Installing: /home/cofallen/Code/ros2/cp3_topic/topic_practice_ws/install/status_display/share/ament_index/resource_index/package_run_dependencies/status_display
[1.471s] -- Installing: /home/cofallen/Code/ros2/cp3_topic/topic_practice_ws/install/status_display/share/ament_index/resource_index/parent_prefix_path/status_display
[1.471s] -- Installing: /home/cofallen/Code/ros2/cp3_topic/topic_practice_ws/install/status_display/share/status_display/environment/ament_prefix_path.sh
[1.471s] -- Installing: /home/cofallen/Code/ros2/cp3_topic/topic_practice_ws/install/status_display/share/status_display/environment/ament_prefix_path.dsv
[1.471s] -- Installing: /home/cofallen/Code/ros2/cp3_topic/topic_practice_ws/install/status_display/share/status_display/environment/path.sh
[1.471s] -- Installing: /home/cofallen/Code/ros2/cp3_topic/topic_practice_ws/install/status_display/share/status_display/environment/path.dsv
[1.471s] -- Installing: /home/cofallen/Code/ros2/cp3_topic/topic_practice_ws/install/status_display/share/status_display/local_setup.bash
[1.472s] -- Installing: /home/cofallen/Code/ros2/cp3_topic/topic_practice_ws/install/status_display/share/status_display/local_setup.sh
[1.472s] -- Installing: /home/cofallen/Code/ros2/cp3_topic/topic_practice_ws/install/status_display/share/status_display/local_setup.zsh
[1.472s] -- Installing: /home/cofallen/Code/ros2/cp3_topic/topic_practice_ws/install/status_display/share/status_display/local_setup.dsv
[1.472s] -- Installing: /home/cofallen/Code/ros2/cp3_topic/topic_practice_ws/install/status_display/share/status_display/package.dsv
[1.472s] -- Installing: /home/cofallen/Code/ros2/cp3_topic/topic_practice_ws/install/status_display/share/ament_index/resource_index/packages/status_display
[1.473s] -- Installing: /home/cofallen/Code/ros2/cp3_topic/topic_practice_ws/install/status_display/share/status_display/cmake/status_displayConfig.cmake
[1.473s] -- Installing: /home/cofallen/Code/ros2/cp3_topic/topic_practice_ws/install/status_display/share/status_display/cmake/status_displayConfig-version.cmake
[1.473s] -- Installing: /home/cofallen/Code/ros2/cp3_topic/topic_practice_ws/install/status_display/share/status_display/package.xml
[1.475s] Invoked command in '/home/cofallen/Code/ros2/cp3_topic/topic_practice_ws/build/status_display' returned '0': CMAKE_PREFIX_PATH=${CMAKE_PREFIX_PATH}:/home/cofallen/Code/ros2/cp3_topic/topic_practice_ws/install/status_publisher:/opt/ros/humble /usr/bin/cmake --install /home/cofallen/Code/ros2/cp3_topic/topic_practice_ws/build/status_display
