[0.009s] Invoking command in '/home/cofallen/Code/ros2/cp4_service/cp4_ws/build/chap4_interface': CMAKE_PREFIX_PATH=/opt/ros/humble /usr/bin/cmake /home/cofallen/Code/ros2/cp4_service/cp4_ws/src/chap4_interface -DCMAKE_INSTALL_PREFIX=/home/cofallen/Code/ros2/cp4_service/cp4_ws/install/chap4_interface
[0.019s] -- Found ament_cmake: 1.3.11 (/opt/ros/humble/share/ament_cmake/cmake)
[0.111s] -- Found sensor_msgs: 4.8.0 (/opt/ros/humble/share/sensor_msgs/cmake)
[0.128s] -- Found rosidl_generator_c: 3.1.6 (/opt/ros/humble/share/rosidl_generator_c/cmake)
[0.130s] -- Found rosidl_adapter: 3.1.6 (/opt/ros/humble/share/rosidl_adapter/cmake)
[0.134s] -- Found rosidl_generator_cpp: 3.1.6 (/opt/ros/humble/share/rosidl_generator_cpp/cmake)
[0.140s] -- Using all available rosidl_typesupport_c: rosidl_typesupport_fastrtps_c;rosidl_typesupport_introspection_c
[0.148s] -- Using all available rosidl_typesupport_cpp: rosidl_typesupport_fastrtps_cpp;rosidl_typesupport_introspection_cpp
[0.185s] -- Found rosidl_default_generators: 1.2.0 (/opt/ros/humble/share/rosidl_default_generators/cmake)
[0.398s] -- Found ament_cmake_ros: 0.10.0 (/opt/ros/humble/share/ament_cmake_ros/cmake)
[0.752s] -- Using all available rosidl_typesupport_c: rosidl_typesupport_fastrtps_c;rosidl_typesupport_introspection_c
[0.886s] -- Using all available rosidl_typesupport_cpp: rosidl_typesupport_fastrtps_cpp;rosidl_typesupport_introspection_cpp
[0.904s] -- Found PythonInterp: /usr/bin/python3 (found suitable version "3.10.12", minimum required is "3.6") 
[0.906s] -- Found python_cmake_module: 0.10.0 (/opt/ros/humble/share/python_cmake_module/cmake)
[0.928s] -- Found PythonLibs: /usr/lib/x86_64-linux-gnu/libpython3.10.so (found suitable version "3.10.12", minimum required is "3.5") 
[0.928s] -- Using PYTHON_EXECUTABLE: /usr/bin/python3
[0.928s] -- Using PYTHON_INCLUDE_DIRS: /usr/include/python3.10
[0.928s] -- Using PYTHON_LIBRARIES: /usr/lib/x86_64-linux-gnu/libpython3.10.so
[0.944s] -- Found PythonExtra: .so  
[0.994s] -- Found ament_lint_auto: 0.12.12 (/opt/ros/humble/share/ament_lint_auto/cmake)
[1.015s] -- Added test 'lint_cmake' to check CMake code style
[1.016s] -- Added test 'xmllint' to check XML markup files
[1.019s] -- Configuring done
[1.048s] -- Generating done
[1.057s] -- Build files have been written to: /home/cofallen/Code/ros2/cp4_service/cp4_ws/build/chap4_interface
[1.063s] Invoked command in '/home/cofallen/Code/ros2/cp4_service/cp4_ws/build/chap4_interface' returned '0': CMAKE_PREFIX_PATH=/opt/ros/humble /usr/bin/cmake /home/cofallen/Code/ros2/cp4_service/cp4_ws/src/chap4_interface -DCMAKE_INSTALL_PREFIX=/home/cofallen/Code/ros2/cp4_service/cp4_ws/install/chap4_interface
[1.064s] Invoking command in '/home/cofallen/Code/ros2/cp4_service/cp4_ws/build/chap4_interface': CMAKE_PREFIX_PATH=/opt/ros/humble /usr/bin/cmake --build /home/cofallen/Code/ros2/cp4_service/cp4_ws/build/chap4_interface -- -j12 -l12
[1.098s] [  3%] [34m[1mGenerating C code for ROS interfaces[0m
[1.107s] [  6%] [34m[1mGenerating C++ code for ROS interfaces[0m
[1.115s] [  6%] Built target ament_cmake_python_copy_chap4_interface
[1.300s] running egg_info
[1.301s] creating chap4_interface.egg-info
[1.301s] writing chap4_interface.egg-info/PKG-INFO
[1.301s] writing dependency_links to chap4_interface.egg-info/dependency_links.txt
[1.301s] writing top-level names to chap4_interface.egg-info/top_level.txt
[1.302s] writing manifest file 'chap4_interface.egg-info/SOURCES.txt'
[1.304s] reading manifest file 'chap4_interface.egg-info/SOURCES.txt'
[1.305s] writing manifest file 'chap4_interface.egg-info/SOURCES.txt'
[1.319s] [  9%] [32mBuilding C object CMakeFiles/chap4_interface__rosidl_generator_c.dir/rosidl_generator_c/chap4_interface/srv/detail/face_detector__functions.c.o[0m
[1.327s] [  9%] Built target chap4_interface__cpp
[1.336s] [ 19%] [34m[1mGenerating C++ type support for eProsima Fast-RTPS[0m
[1.336s] [ 19%] [34m[1mGenerating C++ type support dispatch for ROS interfaces[0m
[1.337s] [ 19%] Built target ament_cmake_python_build_chap4_interface_egg
[1.337s] [ 19%] [34m[1mGenerating C++ introspection for ROS interfaces[0m
[1.401s] [ 22%] [32m[1mLinking C shared library libchap4_interface__rosidl_generator_c.so[0m
[1.436s] [ 22%] Built target chap4_interface__rosidl_generator_c
[1.446s] [ 32%] [34m[1mGenerating C type support for eProsima Fast-RTPS[0m
[1.446s] [ 32%] [34m[1mGenerating C introspection for ROS interfaces[0m
[1.446s] [ 32%] [34m[1mGenerating C type support dispatch for ROS interfaces[0m
[1.531s] [ 35%] [32mBuilding CXX object CMakeFiles/chap4_interface__rosidl_typesupport_cpp.dir/rosidl_typesupport_cpp/chap4_interface/srv/face_detector__type_support.cpp.o[0m
[1.548s] [ 38%] [32mBuilding CXX object CMakeFiles/chap4_interface__rosidl_typesupport_introspection_cpp.dir/rosidl_typesupport_introspection_cpp/chap4_interface/srv/detail/face_detector__type_support.cpp.o[0m
[1.587s] [ 41%] [32mBuilding CXX object CMakeFiles/chap4_interface__rosidl_typesupport_fastrtps_cpp.dir/rosidl_typesupport_fastrtps_cpp/chap4_interface/srv/detail/dds_fastrtps/face_detector__type_support.cpp.o[0m
[1.634s] [ 45%] [32mBuilding CXX object CMakeFiles/chap4_interface__rosidl_typesupport_c.dir/rosidl_typesupport_c/chap4_interface/srv/face_detector__type_support.cpp.o[0m
[1.665s] [ 48%] [32m[1mLinking CXX shared library libchap4_interface__rosidl_typesupport_c.so[0m
[1.666s] [ 51%] [32mBuilding C object CMakeFiles/chap4_interface__rosidl_typesupport_introspection_c.dir/rosidl_typesupport_introspection_c/chap4_interface/srv/detail/face_detector__type_support.c.o[0m
[1.685s] [ 54%] [32mBuilding CXX object CMakeFiles/chap4_interface__rosidl_typesupport_fastrtps_c.dir/rosidl_typesupport_fastrtps_c/chap4_interface/srv/detail/face_detector__type_support_c.cpp.o[0m
[1.706s] [ 58%] [32m[1mLinking C shared library libchap4_interface__rosidl_typesupport_introspection_c.so[0m
[1.706s] [ 58%] Built target chap4_interface__rosidl_typesupport_c
[1.742s] [ 58%] Built target chap4_interface__rosidl_typesupport_introspection_c
[1.770s] [ 61%] [32m[1mLinking CXX shared library libchap4_interface__rosidl_typesupport_cpp.so[0m
[1.812s] [ 61%] Built target chap4_interface__rosidl_typesupport_cpp
[1.903s] [ 64%] [32m[1mLinking CXX shared library libchap4_interface__rosidl_typesupport_introspection_cpp.so[0m
[1.955s] [ 67%] [32m[1mLinking CXX shared library libchap4_interface__rosidl_typesupport_fastrtps_c.so[0m
[1.962s] [ 70%] [32m[1mLinking CXX shared library libchap4_interface__rosidl_typesupport_fastrtps_cpp.so[0m
[1.974s] [ 70%] Built target chap4_interface__rosidl_typesupport_introspection_cpp
[2.023s] [ 70%] Built target chap4_interface__rosidl_typesupport_fastrtps_c
[2.033s] [ 70%] Built target chap4_interface__rosidl_typesupport_fastrtps_cpp
[2.053s] [ 70%] Built target chap4_interface
[2.071s] [ 74%] [34m[1mGenerating Python code for ROS interfaces[0m
[2.345s] [ 74%] Built target chap4_interface__py
[2.365s] [ 77%] [32mBuilding C object CMakeFiles/chap4_interface__rosidl_generator_py.dir/rosidl_generator_py/chap4_interface/srv/_face_detector_s.c.o[0m
[2.488s] [ 80%] [32m[1mLinking C shared library rosidl_generator_py/chap4_interface/libchap4_interface__rosidl_generator_py.so[0m
[2.525s] [ 80%] Built target chap4_interface__rosidl_generator_py
[2.542s] [ 87%] [32mBuilding C object CMakeFiles/chap4_interface__rosidl_typesupport_fastrtps_c__pyext.dir/rosidl_generator_py/chap4_interface/_chap4_interface_s.ep.rosidl_typesupport_fastrtps_c.c.o[0m
[2.542s] [ 87%] [32mBuilding C object CMakeFiles/chap4_interface__rosidl_typesupport_c__pyext.dir/rosidl_generator_py/chap4_interface/_chap4_interface_s.ep.rosidl_typesupport_c.c.o[0m
[2.543s] [ 90%] [32mBuilding C object CMakeFiles/chap4_interface__rosidl_typesupport_introspection_c__pyext.dir/rosidl_generator_py/chap4_interface/_chap4_interface_s.ep.rosidl_typesupport_introspection_c.c.o[0m
[2.620s] [100%] [32m[1mLinking C shared library rosidl_generator_py/chap4_interface/chap4_interface_s__rosidl_typesupport_c.cpython-310-x86_64-linux-gnu.so[0m
[2.620s] [100%] [32m[1mLinking C shared library rosidl_generator_py/chap4_interface/chap4_interface_s__rosidl_typesupport_introspection_c.cpython-310-x86_64-linux-gnu.so[0m
[2.621s] [100%] [32m[1mLinking C shared library rosidl_generator_py/chap4_interface/chap4_interface_s__rosidl_typesupport_fastrtps_c.cpython-310-x86_64-linux-gnu.so[0m
[2.655s] [100%] Built target chap4_interface__rosidl_typesupport_fastrtps_c__pyext
[2.655s] [100%] Built target chap4_interface__rosidl_typesupport_introspection_c__pyext
[2.656s] [100%] Built target chap4_interface__rosidl_typesupport_c__pyext
[2.665s] Invoked command in '/home/cofallen/Code/ros2/cp4_service/cp4_ws/build/chap4_interface' returned '0': CMAKE_PREFIX_PATH=/opt/ros/humble /usr/bin/cmake --build /home/cofallen/Code/ros2/cp4_service/cp4_ws/build/chap4_interface -- -j12 -l12
[2.675s] Invoking command in '/home/cofallen/Code/ros2/cp4_service/cp4_ws/build/chap4_interface': CMAKE_PREFIX_PATH=/opt/ros/humble /usr/bin/cmake --install /home/cofallen/Code/ros2/cp4_service/cp4_ws/build/chap4_interface
[2.684s] -- Install configuration: ""
[2.684s] -- Installing: /home/cofallen/Code/ros2/cp4_service/cp4_ws/install/chap4_interface/share/ament_index/resource_index/rosidl_interfaces/chap4_interface
[2.684s] -- Installing: /home/cofallen/Code/ros2/cp4_service/cp4_ws/install/chap4_interface/include/chap4_interface/chap4_interface
[2.685s] -- Installing: /home/cofallen/Code/ros2/cp4_service/cp4_ws/install/chap4_interface/include/chap4_interface/chap4_interface/srv
[2.685s] -- Installing: /home/cofallen/Code/ros2/cp4_service/cp4_ws/install/chap4_interface/include/chap4_interface/chap4_interface/srv/face_detector.h
[2.685s] -- Installing: /home/cofallen/Code/ros2/cp4_service/cp4_ws/install/chap4_interface/include/chap4_interface/chap4_interface/srv/detail
[2.685s] -- Installing: /home/cofallen/Code/ros2/cp4_service/cp4_ws/install/chap4_interface/include/chap4_interface/chap4_interface/srv/detail/face_detector__struct.h
[2.685s] -- Installing: /home/cofallen/Code/ros2/cp4_service/cp4_ws/install/chap4_interface/include/chap4_interface/chap4_interface/srv/detail/face_detector__type_support.h
[2.685s] -- Installing: /home/cofallen/Code/ros2/cp4_service/cp4_ws/install/chap4_interface/include/chap4_interface/chap4_interface/srv/detail/face_detector__functions.c
[2.685s] -- Installing: /home/cofallen/Code/ros2/cp4_service/cp4_ws/install/chap4_interface/include/chap4_interface/chap4_interface/srv/detail/face_detector__functions.h
[2.685s] -- Installing: /home/cofallen/Code/ros2/cp4_service/cp4_ws/install/chap4_interface/include/chap4_interface/chap4_interface/msg
[2.686s] -- Installing: /home/cofallen/Code/ros2/cp4_service/cp4_ws/install/chap4_interface/include/chap4_interface/chap4_interface/msg/rosidl_generator_c__visibility_control.h
[2.686s] -- Installing: /home/cofallen/Code/ros2/cp4_service/cp4_ws/install/chap4_interface/share/chap4_interface/environment/library_path.sh
[2.686s] -- Installing: /home/cofallen/Code/ros2/cp4_service/cp4_ws/install/chap4_interface/share/chap4_interface/environment/library_path.dsv
[2.686s] -- Installing: /home/cofallen/Code/ros2/cp4_service/cp4_ws/install/chap4_interface/lib/libchap4_interface__rosidl_generator_c.so
[2.686s] -- Set runtime path of "/home/cofallen/Code/ros2/cp4_service/cp4_ws/install/chap4_interface/lib/libchap4_interface__rosidl_generator_c.so" to ""
[2.686s] -- Up-to-date: /home/cofallen/Code/ros2/cp4_service/cp4_ws/install/chap4_interface/include/chap4_interface/chap4_interface
[2.686s] -- Up-to-date: /home/cofallen/Code/ros2/cp4_service/cp4_ws/install/chap4_interface/include/chap4_interface/chap4_interface/srv
[2.686s] -- Up-to-date: /home/cofallen/Code/ros2/cp4_service/cp4_ws/install/chap4_interface/include/chap4_interface/chap4_interface/srv/detail
[2.686s] -- Installing: /home/cofallen/Code/ros2/cp4_service/cp4_ws/install/chap4_interface/include/chap4_interface/chap4_interface/srv/detail/face_detector__rosidl_typesupport_fastrtps_c.h
[2.686s] -- Up-to-date: /home/cofallen/Code/ros2/cp4_service/cp4_ws/install/chap4_interface/include/chap4_interface/chap4_interface/msg
[2.686s] -- Installing: /home/cofallen/Code/ros2/cp4_service/cp4_ws/install/chap4_interface/include/chap4_interface/chap4_interface/msg/rosidl_typesupport_fastrtps_c__visibility_control.h
[2.686s] -- Installing: /home/cofallen/Code/ros2/cp4_service/cp4_ws/install/chap4_interface/lib/libchap4_interface__rosidl_typesupport_fastrtps_c.so
[2.687s] -- Set runtime path of "/home/cofallen/Code/ros2/cp4_service/cp4_ws/install/chap4_interface/lib/libchap4_interface__rosidl_typesupport_fastrtps_c.so" to ""
[2.687s] -- Up-to-date: /home/cofallen/Code/ros2/cp4_service/cp4_ws/install/chap4_interface/include/chap4_interface/chap4_interface
[2.687s] -- Up-to-date: /home/cofallen/Code/ros2/cp4_service/cp4_ws/install/chap4_interface/include/chap4_interface/chap4_interface/srv
[2.687s] -- Installing: /home/cofallen/Code/ros2/cp4_service/cp4_ws/install/chap4_interface/include/chap4_interface/chap4_interface/srv/face_detector.hpp
[2.687s] -- Up-to-date: /home/cofallen/Code/ros2/cp4_service/cp4_ws/install/chap4_interface/include/chap4_interface/chap4_interface/srv/detail
[2.687s] -- Installing: /home/cofallen/Code/ros2/cp4_service/cp4_ws/install/chap4_interface/include/chap4_interface/chap4_interface/srv/detail/face_detector__builder.hpp
[2.687s] -- Installing: /home/cofallen/Code/ros2/cp4_service/cp4_ws/install/chap4_interface/include/chap4_interface/chap4_interface/srv/detail/face_detector__traits.hpp
[2.687s] -- Installing: /home/cofallen/Code/ros2/cp4_service/cp4_ws/install/chap4_interface/include/chap4_interface/chap4_interface/srv/detail/face_detector__type_support.hpp
[2.687s] -- Installing: /home/cofallen/Code/ros2/cp4_service/cp4_ws/install/chap4_interface/include/chap4_interface/chap4_interface/srv/detail/face_detector__struct.hpp
[2.687s] -- Up-to-date: /home/cofallen/Code/ros2/cp4_service/cp4_ws/install/chap4_interface/include/chap4_interface/chap4_interface/msg
[2.687s] -- Installing: /home/cofallen/Code/ros2/cp4_service/cp4_ws/install/chap4_interface/include/chap4_interface/chap4_interface/msg/rosidl_generator_cpp__visibility_control.hpp
[2.687s] -- Up-to-date: /home/cofallen/Code/ros2/cp4_service/cp4_ws/install/chap4_interface/include/chap4_interface/chap4_interface
[2.688s] -- Up-to-date: /home/cofallen/Code/ros2/cp4_service/cp4_ws/install/chap4_interface/include/chap4_interface/chap4_interface/srv
[2.688s] -- Up-to-date: /home/cofallen/Code/ros2/cp4_service/cp4_ws/install/chap4_interface/include/chap4_interface/chap4_interface/srv/detail
[2.688s] -- Installing: /home/cofallen/Code/ros2/cp4_service/cp4_ws/install/chap4_interface/include/chap4_interface/chap4_interface/srv/detail/face_detector__rosidl_typesupport_fastrtps_cpp.hpp
[2.688s] -- Installing: /home/cofallen/Code/ros2/cp4_service/cp4_ws/install/chap4_interface/include/chap4_interface/chap4_interface/srv/detail/dds_fastrtps
[2.688s] -- Up-to-date: /home/cofallen/Code/ros2/cp4_service/cp4_ws/install/chap4_interface/include/chap4_interface/chap4_interface/msg
[2.688s] -- Installing: /home/cofallen/Code/ros2/cp4_service/cp4_ws/install/chap4_interface/include/chap4_interface/chap4_interface/msg/rosidl_typesupport_fastrtps_cpp__visibility_control.h
[2.688s] -- Installing: /home/cofallen/Code/ros2/cp4_service/cp4_ws/install/chap4_interface/lib/libchap4_interface__rosidl_typesupport_fastrtps_cpp.so
[2.688s] -- Set runtime path of "/home/cofallen/Code/ros2/cp4_service/cp4_ws/install/chap4_interface/lib/libchap4_interface__rosidl_typesupport_fastrtps_cpp.so" to ""
[2.688s] -- Up-to-date: /home/cofallen/Code/ros2/cp4_service/cp4_ws/install/chap4_interface/include/chap4_interface/chap4_interface
[2.688s] -- Up-to-date: /home/cofallen/Code/ros2/cp4_service/cp4_ws/install/chap4_interface/include/chap4_interface/chap4_interface/srv
[2.688s] -- Up-to-date: /home/cofallen/Code/ros2/cp4_service/cp4_ws/install/chap4_interface/include/chap4_interface/chap4_interface/srv/detail
[2.688s] -- Installing: /home/cofallen/Code/ros2/cp4_service/cp4_ws/install/chap4_interface/include/chap4_interface/chap4_interface/srv/detail/face_detector__rosidl_typesupport_introspection_c.h
[2.689s] -- Installing: /home/cofallen/Code/ros2/cp4_service/cp4_ws/install/chap4_interface/include/chap4_interface/chap4_interface/srv/detail/face_detector__type_support.c
[2.689s] -- Up-to-date: /home/cofallen/Code/ros2/cp4_service/cp4_ws/install/chap4_interface/include/chap4_interface/chap4_interface/msg
[2.689s] -- Installing: /home/cofallen/Code/ros2/cp4_service/cp4_ws/install/chap4_interface/include/chap4_interface/chap4_interface/msg/rosidl_typesupport_introspection_c__visibility_control.h
[2.689s] -- Installing: /home/cofallen/Code/ros2/cp4_service/cp4_ws/install/chap4_interface/lib/libchap4_interface__rosidl_typesupport_introspection_c.so
[2.689s] -- Set runtime path of "/home/cofallen/Code/ros2/cp4_service/cp4_ws/install/chap4_interface/lib/libchap4_interface__rosidl_typesupport_introspection_c.so" to ""
[2.689s] -- Installing: /home/cofallen/Code/ros2/cp4_service/cp4_ws/install/chap4_interface/lib/libchap4_interface__rosidl_typesupport_c.so
[2.689s] -- Set runtime path of "/home/cofallen/Code/ros2/cp4_service/cp4_ws/install/chap4_interface/lib/libchap4_interface__rosidl_typesupport_c.so" to ""
[2.689s] -- Up-to-date: /home/cofallen/Code/ros2/cp4_service/cp4_ws/install/chap4_interface/include/chap4_interface/chap4_interface
[2.690s] -- Up-to-date: /home/cofallen/Code/ros2/cp4_service/cp4_ws/install/chap4_interface/include/chap4_interface/chap4_interface/srv
[2.690s] -- Up-to-date: /home/cofallen/Code/ros2/cp4_service/cp4_ws/install/chap4_interface/include/chap4_interface/chap4_interface/srv/detail
[2.690s] -- Installing: /home/cofallen/Code/ros2/cp4_service/cp4_ws/install/chap4_interface/include/chap4_interface/chap4_interface/srv/detail/face_detector__rosidl_typesupport_introspection_cpp.hpp
[2.690s] -- Installing: /home/cofallen/Code/ros2/cp4_service/cp4_ws/install/chap4_interface/include/chap4_interface/chap4_interface/srv/detail/face_detector__type_support.cpp
[2.690s] -- Installing: /home/cofallen/Code/ros2/cp4_service/cp4_ws/install/chap4_interface/lib/libchap4_interface__rosidl_typesupport_introspection_cpp.so
[2.690s] -- Set runtime path of "/home/cofallen/Code/ros2/cp4_service/cp4_ws/install/chap4_interface/lib/libchap4_interface__rosidl_typesupport_introspection_cpp.so" to ""
[2.690s] -- Installing: /home/cofallen/Code/ros2/cp4_service/cp4_ws/install/chap4_interface/lib/libchap4_interface__rosidl_typesupport_cpp.so
[2.691s] -- Set runtime path of "/home/cofallen/Code/ros2/cp4_service/cp4_ws/install/chap4_interface/lib/libchap4_interface__rosidl_typesupport_cpp.so" to ""
[2.691s] -- Installing: /home/cofallen/Code/ros2/cp4_service/cp4_ws/install/chap4_interface/share/chap4_interface/environment/pythonpath.sh
[2.691s] -- Installing: /home/cofallen/Code/ros2/cp4_service/cp4_ws/install/chap4_interface/share/chap4_interface/environment/pythonpath.dsv
[2.691s] -- Installing: /home/cofallen/Code/ros2/cp4_service/cp4_ws/install/chap4_interface/local/lib/python3.10/dist-packages/chap4_interface-0.0.0-py3.10.egg-info
[2.691s] -- Installing: /home/cofallen/Code/ros2/cp4_service/cp4_ws/install/chap4_interface/local/lib/python3.10/dist-packages/chap4_interface-0.0.0-py3.10.egg-info/SOURCES.txt
[2.691s] -- Installing: /home/cofallen/Code/ros2/cp4_service/cp4_ws/install/chap4_interface/local/lib/python3.10/dist-packages/chap4_interface-0.0.0-py3.10.egg-info/PKG-INFO
[2.691s] -- Installing: /home/cofallen/Code/ros2/cp4_service/cp4_ws/install/chap4_interface/local/lib/python3.10/dist-packages/chap4_interface-0.0.0-py3.10.egg-info/top_level.txt
[2.691s] -- Installing: /home/cofallen/Code/ros2/cp4_service/cp4_ws/install/chap4_interface/local/lib/python3.10/dist-packages/chap4_interface-0.0.0-py3.10.egg-info/dependency_links.txt
[2.691s] -- Installing: /home/cofallen/Code/ros2/cp4_service/cp4_ws/install/chap4_interface/local/lib/python3.10/dist-packages/chap4_interface
[2.691s] -- Installing: /home/cofallen/Code/ros2/cp4_service/cp4_ws/install/chap4_interface/local/lib/python3.10/dist-packages/chap4_interface/chap4_interface_s__rosidl_typesupport_fastrtps_c.cpython-310-x86_64-linux-gnu.so
[2.692s] -- Installing: /home/cofallen/Code/ros2/cp4_service/cp4_ws/install/chap4_interface/local/lib/python3.10/dist-packages/chap4_interface/_chap4_interface_s.ep.rosidl_typesupport_c.c
[2.692s] -- Installing: /home/cofallen/Code/ros2/cp4_service/cp4_ws/install/chap4_interface/local/lib/python3.10/dist-packages/chap4_interface/_chap4_interface_s.ep.rosidl_typesupport_fastrtps_c.c
[2.692s] -- Installing: /home/cofallen/Code/ros2/cp4_service/cp4_ws/install/chap4_interface/local/lib/python3.10/dist-packages/chap4_interface/srv
[2.692s] -- Installing: /home/cofallen/Code/ros2/cp4_service/cp4_ws/install/chap4_interface/local/lib/python3.10/dist-packages/chap4_interface/srv/_face_detector_s.c
[2.692s] -- Installing: /home/cofallen/Code/ros2/cp4_service/cp4_ws/install/chap4_interface/local/lib/python3.10/dist-packages/chap4_interface/srv/_face_detector.py
[2.692s] -- Installing: /home/cofallen/Code/ros2/cp4_service/cp4_ws/install/chap4_interface/local/lib/python3.10/dist-packages/chap4_interface/srv/__init__.py
[2.692s] -- Installing: /home/cofallen/Code/ros2/cp4_service/cp4_ws/install/chap4_interface/local/lib/python3.10/dist-packages/chap4_interface/_chap4_interface_s.ep.rosidl_typesupport_introspection_c.c
[2.692s] -- Installing: /home/cofallen/Code/ros2/cp4_service/cp4_ws/install/chap4_interface/local/lib/python3.10/dist-packages/chap4_interface/chap4_interface_s__rosidl_typesupport_introspection_c.cpython-310-x86_64-linux-gnu.so
[2.692s] -- Installing: /home/cofallen/Code/ros2/cp4_service/cp4_ws/install/chap4_interface/local/lib/python3.10/dist-packages/chap4_interface/libchap4_interface__rosidl_generator_py.so
[2.693s] -- Installing: /home/cofallen/Code/ros2/cp4_service/cp4_ws/install/chap4_interface/local/lib/python3.10/dist-packages/chap4_interface/__init__.py
[2.693s] -- Installing: /home/cofallen/Code/ros2/cp4_service/cp4_ws/install/chap4_interface/local/lib/python3.10/dist-packages/chap4_interface/chap4_interface_s__rosidl_typesupport_c.cpython-310-x86_64-linux-gnu.so
[2.720s] Listing '/home/cofallen/Code/ros2/cp4_service/cp4_ws/install/chap4_interface/local/lib/python3.10/dist-packages/chap4_interface'...
[2.720s] Compiling '/home/cofallen/Code/ros2/cp4_service/cp4_ws/install/chap4_interface/local/lib/python3.10/dist-packages/chap4_interface/__init__.py'...
[2.720s] Listing '/home/cofallen/Code/ros2/cp4_service/cp4_ws/install/chap4_interface/local/lib/python3.10/dist-packages/chap4_interface/srv'...
[2.720s] Compiling '/home/cofallen/Code/ros2/cp4_service/cp4_ws/install/chap4_interface/local/lib/python3.10/dist-packages/chap4_interface/srv/__init__.py'...
[2.720s] Compiling '/home/cofallen/Code/ros2/cp4_service/cp4_ws/install/chap4_interface/local/lib/python3.10/dist-packages/chap4_interface/srv/_face_detector.py'...
[2.724s] -- Installing: /home/cofallen/Code/ros2/cp4_service/cp4_ws/install/chap4_interface/local/lib/python3.10/dist-packages/chap4_interface/chap4_interface_s__rosidl_typesupport_fastrtps_c.cpython-310-x86_64-linux-gnu.so
[2.724s] -- Set runtime path of "/home/cofallen/Code/ros2/cp4_service/cp4_ws/install/chap4_interface/local/lib/python3.10/dist-packages/chap4_interface/chap4_interface_s__rosidl_typesupport_fastrtps_c.cpython-310-x86_64-linux-gnu.so" to ""
[2.724s] -- Installing: /home/cofallen/Code/ros2/cp4_service/cp4_ws/install/chap4_interface/local/lib/python3.10/dist-packages/chap4_interface/chap4_interface_s__rosidl_typesupport_introspection_c.cpython-310-x86_64-linux-gnu.so
[2.725s] -- Set runtime path of "/home/cofallen/Code/ros2/cp4_service/cp4_ws/install/chap4_interface/local/lib/python3.10/dist-packages/chap4_interface/chap4_interface_s__rosidl_typesupport_introspection_c.cpython-310-x86_64-linux-gnu.so" to ""
[2.725s] -- Installing: /home/cofallen/Code/ros2/cp4_service/cp4_ws/install/chap4_interface/local/lib/python3.10/dist-packages/chap4_interface/chap4_interface_s__rosidl_typesupport_c.cpython-310-x86_64-linux-gnu.so
[2.725s] -- Set runtime path of "/home/cofallen/Code/ros2/cp4_service/cp4_ws/install/chap4_interface/local/lib/python3.10/dist-packages/chap4_interface/chap4_interface_s__rosidl_typesupport_c.cpython-310-x86_64-linux-gnu.so" to ""
[2.725s] -- Installing: /home/cofallen/Code/ros2/cp4_service/cp4_ws/install/chap4_interface/lib/libchap4_interface__rosidl_generator_py.so
[2.726s] -- Set runtime path of "/home/cofallen/Code/ros2/cp4_service/cp4_ws/install/chap4_interface/lib/libchap4_interface__rosidl_generator_py.so" to ""
[2.726s] -- Installing: /home/cofallen/Code/ros2/cp4_service/cp4_ws/install/chap4_interface/share/chap4_interface/srv/FaceDetector.idl
[2.726s] -- Installing: /home/cofallen/Code/ros2/cp4_service/cp4_ws/install/chap4_interface/share/chap4_interface/srv/FaceDetector.srv
[2.726s] -- Installing: /home/cofallen/Code/ros2/cp4_service/cp4_ws/install/chap4_interface/share/chap4_interface/srv/FaceDetector_Request.msg
[2.726s] -- Installing: /home/cofallen/Code/ros2/cp4_service/cp4_ws/install/chap4_interface/share/chap4_interface/srv/FaceDetector_Response.msg
[2.726s] -- Installing: /home/cofallen/Code/ros2/cp4_service/cp4_ws/install/chap4_interface/share/ament_index/resource_index/package_run_dependencies/chap4_interface
[2.726s] -- Installing: /home/cofallen/Code/ros2/cp4_service/cp4_ws/install/chap4_interface/share/ament_index/resource_index/parent_prefix_path/chap4_interface
[2.726s] -- Installing: /home/cofallen/Code/ros2/cp4_service/cp4_ws/install/chap4_interface/share/chap4_interface/environment/ament_prefix_path.sh
[2.727s] -- Installing: /home/cofallen/Code/ros2/cp4_service/cp4_ws/install/chap4_interface/share/chap4_interface/environment/ament_prefix_path.dsv
[2.727s] -- Installing: /home/cofallen/Code/ros2/cp4_service/cp4_ws/install/chap4_interface/share/chap4_interface/environment/path.sh
[2.727s] -- Installing: /home/cofallen/Code/ros2/cp4_service/cp4_ws/install/chap4_interface/share/chap4_interface/environment/path.dsv
[2.727s] -- Installing: /home/cofallen/Code/ros2/cp4_service/cp4_ws/install/chap4_interface/share/chap4_interface/local_setup.bash
[2.727s] -- Installing: /home/cofallen/Code/ros2/cp4_service/cp4_ws/install/chap4_interface/share/chap4_interface/local_setup.sh
[2.727s] -- Installing: /home/cofallen/Code/ros2/cp4_service/cp4_ws/install/chap4_interface/share/chap4_interface/local_setup.zsh
[2.727s] -- Installing: /home/cofallen/Code/ros2/cp4_service/cp4_ws/install/chap4_interface/share/chap4_interface/local_setup.dsv
[2.727s] -- Installing: /home/cofallen/Code/ros2/cp4_service/cp4_ws/install/chap4_interface/share/chap4_interface/package.dsv
[2.728s] -- Installing: /home/cofallen/Code/ros2/cp4_service/cp4_ws/install/chap4_interface/share/ament_index/resource_index/packages/chap4_interface
[2.728s] -- Installing: /home/cofallen/Code/ros2/cp4_service/cp4_ws/install/chap4_interface/share/chap4_interface/cmake/export_chap4_interface__rosidl_generator_cExport.cmake
[2.728s] -- Installing: /home/cofallen/Code/ros2/cp4_service/cp4_ws/install/chap4_interface/share/chap4_interface/cmake/export_chap4_interface__rosidl_generator_cExport-noconfig.cmake
[2.728s] -- Installing: /home/cofallen/Code/ros2/cp4_service/cp4_ws/install/chap4_interface/share/chap4_interface/cmake/export_chap4_interface__rosidl_typesupport_fastrtps_cExport.cmake
[2.728s] -- Installing: /home/cofallen/Code/ros2/cp4_service/cp4_ws/install/chap4_interface/share/chap4_interface/cmake/export_chap4_interface__rosidl_typesupport_fastrtps_cExport-noconfig.cmake
[2.728s] -- Installing: /home/cofallen/Code/ros2/cp4_service/cp4_ws/install/chap4_interface/share/chap4_interface/cmake/export_chap4_interface__rosidl_generator_cppExport.cmake
[2.728s] -- Installing: /home/cofallen/Code/ros2/cp4_service/cp4_ws/install/chap4_interface/share/chap4_interface/cmake/export_chap4_interface__rosidl_typesupport_fastrtps_cppExport.cmake
[2.729s] -- Installing: /home/cofallen/Code/ros2/cp4_service/cp4_ws/install/chap4_interface/share/chap4_interface/cmake/export_chap4_interface__rosidl_typesupport_fastrtps_cppExport-noconfig.cmake
[2.729s] -- Installing: /home/cofallen/Code/ros2/cp4_service/cp4_ws/install/chap4_interface/share/chap4_interface/cmake/chap4_interface__rosidl_typesupport_introspection_cExport.cmake
[2.729s] -- Installing: /home/cofallen/Code/ros2/cp4_service/cp4_ws/install/chap4_interface/share/chap4_interface/cmake/chap4_interface__rosidl_typesupport_introspection_cExport-noconfig.cmake
[2.729s] -- Installing: /home/cofallen/Code/ros2/cp4_service/cp4_ws/install/chap4_interface/share/chap4_interface/cmake/chap4_interface__rosidl_typesupport_cExport.cmake
[2.729s] -- Installing: /home/cofallen/Code/ros2/cp4_service/cp4_ws/install/chap4_interface/share/chap4_interface/cmake/chap4_interface__rosidl_typesupport_cExport-noconfig.cmake
[2.729s] -- Installing: /home/cofallen/Code/ros2/cp4_service/cp4_ws/install/chap4_interface/share/chap4_interface/cmake/chap4_interface__rosidl_typesupport_introspection_cppExport.cmake
[2.729s] -- Installing: /home/cofallen/Code/ros2/cp4_service/cp4_ws/install/chap4_interface/share/chap4_interface/cmake/chap4_interface__rosidl_typesupport_introspection_cppExport-noconfig.cmake
[2.730s] -- Installing: /home/cofallen/Code/ros2/cp4_service/cp4_ws/install/chap4_interface/share/chap4_interface/cmake/chap4_interface__rosidl_typesupport_cppExport.cmake
[2.730s] -- Installing: /home/cofallen/Code/ros2/cp4_service/cp4_ws/install/chap4_interface/share/chap4_interface/cmake/chap4_interface__rosidl_typesupport_cppExport-noconfig.cmake
[2.730s] -- Installing: /home/cofallen/Code/ros2/cp4_service/cp4_ws/install/chap4_interface/share/chap4_interface/cmake/export_chap4_interface__rosidl_generator_pyExport.cmake
[2.730s] -- Installing: /home/cofallen/Code/ros2/cp4_service/cp4_ws/install/chap4_interface/share/chap4_interface/cmake/export_chap4_interface__rosidl_generator_pyExport-noconfig.cmake
[2.730s] -- Installing: /home/cofallen/Code/ros2/cp4_service/cp4_ws/install/chap4_interface/share/chap4_interface/cmake/rosidl_cmake-extras.cmake
[2.730s] -- Installing: /home/cofallen/Code/ros2/cp4_service/cp4_ws/install/chap4_interface/share/chap4_interface/cmake/ament_cmake_export_dependencies-extras.cmake
[2.730s] -- Installing: /home/cofallen/Code/ros2/cp4_service/cp4_ws/install/chap4_interface/share/chap4_interface/cmake/ament_cmake_export_include_directories-extras.cmake
[2.731s] -- Installing: /home/cofallen/Code/ros2/cp4_service/cp4_ws/install/chap4_interface/share/chap4_interface/cmake/ament_cmake_export_libraries-extras.cmake
[2.731s] -- Installing: /home/cofallen/Code/ros2/cp4_service/cp4_ws/install/chap4_interface/share/chap4_interface/cmake/ament_cmake_export_targets-extras.cmake
[2.731s] -- Installing: /home/cofallen/Code/ros2/cp4_service/cp4_ws/install/chap4_interface/share/chap4_interface/cmake/rosidl_cmake_export_typesupport_targets-extras.cmake
[2.731s] -- Installing: /home/cofallen/Code/ros2/cp4_service/cp4_ws/install/chap4_interface/share/chap4_interface/cmake/rosidl_cmake_export_typesupport_libraries-extras.cmake
[2.731s] -- Installing: /home/cofallen/Code/ros2/cp4_service/cp4_ws/install/chap4_interface/share/chap4_interface/cmake/chap4_interfaceConfig.cmake
[2.731s] -- Installing: /home/cofallen/Code/ros2/cp4_service/cp4_ws/install/chap4_interface/share/chap4_interface/cmake/chap4_interfaceConfig-version.cmake
[2.731s] -- Installing: /home/cofallen/Code/ros2/cp4_service/cp4_ws/install/chap4_interface/share/chap4_interface/package.xml
[2.734s] Invoked command in '/home/cofallen/Code/ros2/cp4_service/cp4_ws/build/chap4_interface' returned '0': CMAKE_PREFIX_PATH=/opt/ros/humble /usr/bin/cmake --install /home/cofallen/Code/ros2/cp4_service/cp4_ws/build/chap4_interface
