[0.482s] Invoking command in '/home/cofallen/Code/ros2/cp3_topic/topic_ws/src/demo_python_topic': PYTHONPATH=/home/cofallen/Code/ros2/cp3_topic/topic_ws/build/demo_python_topic/prefix_override:/home/cofallen/.local/lib/python3.10/site-packages/colcon_core/task/python/colcon_distutils_commands:/home/cofallen/Code/ros2/cp3_topic/topic_ws/install/demo_python_topic/lib/python3.10/site-packages:${PYTHONPATH} /usr/bin/python3 -W ignore:setup.py install is deprecated -W ignore:easy_install command is deprecated setup.py egg_info --egg-base ../../build/demo_python_topic build --build-base /home/cofallen/Code/ros2/cp3_topic/topic_ws/build/demo_python_topic/build install --record /home/cofallen/Code/ros2/cp3_topic/topic_ws/build/demo_python_topic/install.log --single-version-externally-managed install_data
[0.656s] running egg_info
[0.657s] writing ../../build/demo_python_topic/demo_python_topic.egg-info/PKG-INFO
[0.657s] writing dependency_links to ../../build/demo_python_topic/demo_python_topic.egg-info/dependency_links.txt
[0.657s] writing entry points to ../../build/demo_python_topic/demo_python_topic.egg-info/entry_points.txt
[0.657s] writing requirements to ../../build/demo_python_topic/demo_python_topic.egg-info/requires.txt
[0.657s] writing top-level names to ../../build/demo_python_topic/demo_python_topic.egg-info/top_level.txt
[0.659s] reading manifest file '../../build/demo_python_topic/demo_python_topic.egg-info/SOURCES.txt'
[0.659s] adding license file 'LICENSE'
[0.660s] writing manifest file '../../build/demo_python_topic/demo_python_topic.egg-info/SOURCES.txt'
[0.660s] running build
[0.660s] running build_py
[0.661s] running install
[0.661s] running install_lib
[0.662s] running install_data
[0.662s] running install_egg_info
[0.663s] removing '/home/cofallen/Code/ros2/cp3_topic/topic_ws/install/demo_python_topic/lib/python3.10/site-packages/demo_python_topic-0.0.0-py3.10.egg-info' (and everything under it)
[0.664s] Copying ../../build/demo_python_topic/demo_python_topic.egg-info to /home/cofallen/Code/ros2/cp3_topic/topic_ws/install/demo_python_topic/lib/python3.10/site-packages/demo_python_topic-0.0.0-py3.10.egg-info
[0.664s] running install_scripts
[0.680s] Installing novel_pub_node script to /home/cofallen/Code/ros2/cp3_topic/topic_ws/install/demo_python_topic/lib/demo_python_topic
[0.680s] Installing novel_sub_node script to /home/cofallen/Code/ros2/cp3_topic/topic_ws/install/demo_python_topic/lib/demo_python_topic
[0.680s] writing list of installed files to '/home/cofallen/Code/ros2/cp3_topic/topic_ws/build/demo_python_topic/install.log'
[0.702s] Invoked command in '/home/cofallen/Code/ros2/cp3_topic/topic_ws/src/demo_python_topic' returned '0': PYTHONPATH=/home/cofallen/Code/ros2/cp3_topic/topic_ws/build/demo_python_topic/prefix_override:/home/cofallen/.local/lib/python3.10/site-packages/colcon_core/task/python/colcon_distutils_commands:/home/cofallen/Code/ros2/cp3_topic/topic_ws/install/demo_python_topic/lib/python3.10/site-packages:${PYTHONPATH} /usr/bin/python3 -W ignore:setup.py install is deprecated -W ignore:easy_install command is deprecated setup.py egg_info --egg-base ../../build/demo_python_topic build --build-base /home/cofallen/Code/ros2/cp3_topic/topic_ws/build/demo_python_topic/build install --record /home/cofallen/Code/ros2/cp3_topic/topic_ws/build/demo_python_topic/install.log --single-version-externally-managed install_data
