[0.018s] Invoking command in '/home/cofallen/Code/ros2/cp2_node/cp2_ws/build/demo_cpp_pkg': CMAKE_PREFIX_PATH=/home/cofallen/Code/ros2/cp2_node/py/install/demo_python_pkg:/opt/ros/humble /usr/bin/cmake /home/cofallen/Code/ros2/cp2_node/cp2_ws/src/demo_cpp_pkg -DCMAKE_INSTALL_PREFIX=/home/cofallen/Code/ros2/cp2_node/cp2_ws/install/demo_cpp_pkg
[0.077s] -- The C compiler identification is GNU 11.4.0
[0.125s] -- The CXX compiler identification is GNU 11.4.0
[0.132s] -- Detecting C compiler ABI info
[0.194s] -- Detecting C compiler ABI info - done
[0.199s] -- Check for working C compiler: /usr/bin/cc - skipped
[0.199s] -- Detecting C compile features
[0.200s] -- Detecting C compile features - done
[0.202s] -- Detecting CXX compiler ABI info
[0.273s] -- Detecting CXX compiler ABI info - done
[0.279s] -- Check for working CXX compiler: /usr/bin/c++ - skipped
[0.279s] -- Detecting CXX compile features
[0.279s] -- Detecting CXX compile features - done
[0.281s] -- Found ament_cmake: 1.3.11 (/opt/ros/humble/share/ament_cmake/cmake)
[0.401s] -- Found Python3: /usr/bin/python3 (found version "3.10.12") found components: Interpreter 
[0.473s] -- Found rclcpp: 16.0.12 (/opt/ros/humble/share/rclcpp/cmake)
[0.507s] -- Found rosidl_generator_c: 3.1.6 (/opt/ros/humble/share/rosidl_generator_c/cmake)
[0.510s] -- Found rosidl_adapter: 3.1.6 (/opt/ros/humble/share/rosidl_adapter/cmake)
[0.516s] -- Found rosidl_generator_cpp: 3.1.6 (/opt/ros/humble/share/rosidl_generator_cpp/cmake)
[0.524s] -- Using all available rosidl_typesupport_c: rosidl_typesupport_fastrtps_c;rosidl_typesupport_introspection_c
[0.535s] -- Using all available rosidl_typesupport_cpp: rosidl_typesupport_fastrtps_cpp;rosidl_typesupport_introspection_cpp
[0.563s] -- Found rmw_implementation_cmake: 6.1.2 (/opt/ros/humble/share/rmw_implementation_cmake/cmake)
[0.564s] -- Found rmw_fastrtps_cpp: 6.2.7 (/opt/ros/humble/share/rmw_fastrtps_cpp/cmake)
[0.638s] -- Found OpenSSL: /usr/lib/x86_64-linux-gnu/libcrypto.so (found version "3.0.2")  
[0.664s] -- Found FastRTPS: /opt/ros/humble/include  
[0.704s] -- Using RMW implementation 'rmw_fastrtps_cpp' as default
[0.711s] -- Looking for pthread.h
[0.784s] -- Looking for pthread.h - found
[0.785s] -- Performing Test CMAKE_HAVE_LIBC_PTHREAD
[0.852s] -- Performing Test CMAKE_HAVE_LIBC_PTHREAD - Success
[0.853s] -- Found Threads: TRUE  
[0.887s] -- Found ament_lint_auto: 0.12.12 (/opt/ros/humble/share/ament_lint_auto/cmake)
[0.948s] -- Added test 'cppcheck' to perform static code analysis on C / C++ code
[0.948s] -- Configured cppcheck include dirs: 
[0.948s] -- Configured cppcheck exclude dirs and/or files: 
[0.950s] -- Added test 'lint_cmake' to check CMake code style
[0.955s] -- Added test 'uncrustify' to check C / C++ code style
[0.955s] -- Configured uncrustify additional arguments: 
[0.956s] -- Added test 'xmllint' to check XML markup files
[0.957s] -- Configuring done
[0.964s] -- Generating done
[0.966s] -- Build files have been written to: /home/cofallen/Code/ros2/cp2_node/cp2_ws/build/demo_cpp_pkg
[0.974s] Invoked command in '/home/cofallen/Code/ros2/cp2_node/cp2_ws/build/demo_cpp_pkg' returned '0': CMAKE_PREFIX_PATH=/home/cofallen/Code/ros2/cp2_node/py/install/demo_python_pkg:/opt/ros/humble /usr/bin/cmake /home/cofallen/Code/ros2/cp2_node/cp2_ws/src/demo_cpp_pkg -DCMAKE_INSTALL_PREFIX=/home/cofallen/Code/ros2/cp2_node/cp2_ws/install/demo_cpp_pkg
[0.976s] Invoking command in '/home/cofallen/Code/ros2/cp2_node/cp2_ws/build/demo_cpp_pkg': CMAKE_PREFIX_PATH=/home/cofallen/Code/ros2/cp2_node/py/install/demo_python_pkg:/opt/ros/humble /usr/bin/cmake --build /home/cofallen/Code/ros2/cp2_node/cp2_ws/build/demo_cpp_pkg -- -j12 -l12
[1.024s] [ 50%] [32mBuilding CXX object CMakeFiles/cpp_node.dir/src/cpp_node.cpp.o[0m
[3.124s] [100%] [32m[1mLinking CXX executable cpp_node[0m
[3.205s] [100%] Built target cpp_node
[3.216s] Invoked command in '/home/cofallen/Code/ros2/cp2_node/cp2_ws/build/demo_cpp_pkg' returned '0': CMAKE_PREFIX_PATH=/home/cofallen/Code/ros2/cp2_node/py/install/demo_python_pkg:/opt/ros/humble /usr/bin/cmake --build /home/cofallen/Code/ros2/cp2_node/cp2_ws/build/demo_cpp_pkg -- -j12 -l12
[3.226s] Invoking command in '/home/cofallen/Code/ros2/cp2_node/cp2_ws/build/demo_cpp_pkg': CMAKE_PREFIX_PATH=/home/cofallen/Code/ros2/cp2_node/py/install/demo_python_pkg:/opt/ros/humble /usr/bin/cmake --install /home/cofallen/Code/ros2/cp2_node/cp2_ws/build/demo_cpp_pkg
[3.233s] -- Install configuration: ""
[3.233s] -- Installing: /home/cofallen/Code/ros2/cp2_node/cp2_ws/install/demo_cpp_pkg/lib/demo_cpp_pkg/cpp_node
[3.233s] -- Set runtime path of "/home/cofallen/Code/ros2/cp2_node/cp2_ws/install/demo_cpp_pkg/lib/demo_cpp_pkg/cpp_node" to ""
[3.233s] -- Installing: /home/cofallen/Code/ros2/cp2_node/cp2_ws/install/demo_cpp_pkg/share/ament_index/resource_index/package_run_dependencies/demo_cpp_pkg
[3.234s] -- Installing: /home/cofallen/Code/ros2/cp2_node/cp2_ws/install/demo_cpp_pkg/share/ament_index/resource_index/parent_prefix_path/demo_cpp_pkg
[3.234s] -- Installing: /home/cofallen/Code/ros2/cp2_node/cp2_ws/install/demo_cpp_pkg/share/demo_cpp_pkg/environment/ament_prefix_path.sh
[3.234s] -- Installing: /home/cofallen/Code/ros2/cp2_node/cp2_ws/install/demo_cpp_pkg/share/demo_cpp_pkg/environment/ament_prefix_path.dsv
[3.234s] -- Installing: /home/cofallen/Code/ros2/cp2_node/cp2_ws/install/demo_cpp_pkg/share/demo_cpp_pkg/environment/path.sh
[3.234s] -- Installing: /home/cofallen/Code/ros2/cp2_node/cp2_ws/install/demo_cpp_pkg/share/demo_cpp_pkg/environment/path.dsv
[3.234s] -- Installing: /home/cofallen/Code/ros2/cp2_node/cp2_ws/install/demo_cpp_pkg/share/demo_cpp_pkg/local_setup.bash
[3.234s] -- Installing: /home/cofallen/Code/ros2/cp2_node/cp2_ws/install/demo_cpp_pkg/share/demo_cpp_pkg/local_setup.sh
[3.235s] -- Installing: /home/cofallen/Code/ros2/cp2_node/cp2_ws/install/demo_cpp_pkg/share/demo_cpp_pkg/local_setup.zsh
[3.235s] -- Installing: /home/cofallen/Code/ros2/cp2_node/cp2_ws/install/demo_cpp_pkg/share/demo_cpp_pkg/local_setup.dsv
[3.235s] -- Installing: /home/cofallen/Code/ros2/cp2_node/cp2_ws/install/demo_cpp_pkg/share/demo_cpp_pkg/package.dsv
[3.235s] -- Installing: /home/cofallen/Code/ros2/cp2_node/cp2_ws/install/demo_cpp_pkg/share/ament_index/resource_index/packages/demo_cpp_pkg
[3.235s] -- Installing: /home/cofallen/Code/ros2/cp2_node/cp2_ws/install/demo_cpp_pkg/share/demo_cpp_pkg/cmake/demo_cpp_pkgConfig.cmake
[3.235s] -- Installing: /home/cofallen/Code/ros2/cp2_node/cp2_ws/install/demo_cpp_pkg/share/demo_cpp_pkg/cmake/demo_cpp_pkgConfig-version.cmake
[3.235s] -- Installing: /home/cofallen/Code/ros2/cp2_node/cp2_ws/install/demo_cpp_pkg/share/demo_cpp_pkg/package.xml
[3.238s] Invoked command in '/home/cofallen/Code/ros2/cp2_node/cp2_ws/build/demo_cpp_pkg' returned '0': CMAKE_PREFIX_PATH=/home/cofallen/Code/ros2/cp2_node/py/install/demo_python_pkg:/opt/ros/humble /usr/bin/cmake --install /home/cofallen/Code/ros2/cp2_node/cp2_ws/build/demo_cpp_pkg
